15:49:57.091 [main] INFO  com.ntu.client2.Node2ClientApplication - Starting Node2ClientApplication on LAPTOP-6SA701DM with PID 3704 (C:\Users\Lenovo\Desktop\datasync\datasync_node2_client\target\classes started by Lenovo in C:\Users\Lenovo\Desktop\datasync)
15:49:57.100 [main] INFO  com.ntu.client2.Node2ClientApplication - No active profile set, falling back to default profiles: default
15:49:59.465 [main] INFO  org.springframework.boot.web.embedded.tomcat.TomcatWebServer - Tomcat initialized with port(s): 8084 (http)
15:49:59.479 [main] INFO  org.apache.coyote.http11.Http11NioProtocol - Initializing ProtocolHandler ["http-nio-8084"]
15:49:59.481 [main] INFO  org.apache.catalina.core.StandardService - Starting service [Tomcat]
15:49:59.481 [main] INFO  org.apache.catalina.core.StandardEngine - Starting Servlet engine: [Apache Tomcat/9.0.33]
15:49:59.685 [main] INFO  org.apache.catalina.core.ContainerBase.[Tomcat].[localhost].[/] - Initializing Spring embedded WebApplicationContext
15:49:59.685 [main] INFO  org.springframework.web.context.ContextLoader - Root WebApplicationContext: initialization completed in 2465 ms
15:50:00.613 [main] INFO  org.springframework.scheduling.concurrent.ThreadPoolTaskExecutor - Initializing ExecutorService 'applicationTaskExecutor'
15:50:01.081 [main] INFO  com.ntu.common.client.EMQTTClient - connecting to server: ssl://127.0.0.1:8883
15:50:07.565 [main] INFO  com.ntu.client2.ClientStart - 团结河节点成功连接至MQTT服务器.........
15:50:07.569 [main] INFO  org.apache.coyote.http11.Http11NioProtocol - Starting ProtocolHandler ["http-nio-8084"]
15:50:07.607 [main] INFO  org.springframework.boot.web.embedded.tomcat.TomcatWebServer - Tomcat started on port(s): 8084 (http) with context path ''
15:50:07.612 [main] INFO  com.ntu.client2.Node2ClientApplication - Started Node2ClientApplication in 11.794 seconds (JVM running for 15.494)
15:50:17.653 [node2] INFO  com.zaxxer.hikari.HikariDataSource - HikariPool-1 - Starting...
15:50:17.925 [node2] INFO  com.zaxxer.hikari.HikariDataSource - HikariPool-1 - Start completed.
15:51:08.027 [node2] INFO  com.ntu.client2.sync.SendThread - DataSync(infoId=439, infoType=B, syncType=1, syncStatus=1, successTime=null, failTime=null, failCount=0, syncMsg=未开始数据同步, infoNode=null)
15:51:08.517 [node2] INFO  com.ntu.client2.sync.SendThread - 发送消息:BoxSensor(infoId=439, areaId=435, spotId=435, nodeId=435, dataTime=Tue May 19 15:50:59 CST 2020, conductivity=435.0, temperature=546.0, pressure=54.0, salinity=34.0, dissolvedoxygen=32.0, spad=null, turbidity=null, andan=null, yaxiaodan=null, linsuanyan=null, orp=null, infoNode=null)
15:51:18.520 [node2] INFO  com.ntu.client2.sync.SendThread - DataSync(infoId=439, infoType=B, syncType=1, syncStatus=1, successTime=null, failTime=null, failCount=0, syncMsg=未开始数据同步, infoNode=null)
15:51:19.522 [node2] INFO  com.ntu.client2.sync.SendThread - 发送消息:BoxSensor(infoId=439, areaId=435, spotId=435, nodeId=435, dataTime=Tue May 19 15:50:59 CST 2020, conductivity=435.0, temperature=546.0, pressure=54.0, salinity=34.0, dissolvedoxygen=32.0, spad=null, turbidity=null, andan=null, yaxiaodan=null, linsuanyan=null, orp=null, infoNode=null)
15:51:29.526 [node2] INFO  com.ntu.client2.sync.SendThread - DataSync(infoId=439, infoType=B, syncType=1, syncStatus=1, successTime=null, failTime=null, failCount=0, syncMsg=未开始数据同步, infoNode=null)
15:51:30.530 [node2] INFO  com.ntu.client2.sync.SendThread - 发送消息:BoxSensor(infoId=439, areaId=435, spotId=435, nodeId=435, dataTime=Tue May 19 15:50:59 CST 2020, conductivity=435.0, temperature=546.0, pressure=54.0, salinity=34.0, dissolvedoxygen=32.0, spad=null, turbidity=null, andan=null, yaxiaodan=null, linsuanyan=null, orp=null, infoNode=null)
15:51:40.533 [node2] INFO  com.ntu.client2.sync.SendThread - DataSync(infoId=439, infoType=B, syncType=1, syncStatus=1, successTime=null, failTime=null, failCount=0, syncMsg=未开始数据同步, infoNode=null)
15:51:41.535 [node2] INFO  com.ntu.client2.sync.SendThread - 发送消息:BoxSensor(infoId=439, areaId=435, spotId=435, nodeId=435, dataTime=Tue May 19 15:50:59 CST 2020, conductivity=435.0, temperature=546.0, pressure=54.0, salinity=34.0, dissolvedoxygen=32.0, spad=null, turbidity=null, andan=null, yaxiaodan=null, linsuanyan=null, orp=null, infoNode=null)
15:51:51.539 [node2] INFO  com.ntu.client2.sync.SendThread - DataSync(infoId=439, infoType=B, syncType=1, syncStatus=1, successTime=null, failTime=null, failCount=0, syncMsg=未开始数据同步, infoNode=null)
15:51:52.541 [node2] INFO  com.ntu.client2.sync.SendThread - 发送消息:BoxSensor(infoId=439, areaId=435, spotId=435, nodeId=435, dataTime=Tue May 19 15:50:59 CST 2020, conductivity=435.0, temperature=546.0, pressure=54.0, salinity=34.0, dissolvedoxygen=32.0, spad=null, turbidity=null, andan=null, yaxiaodan=null, linsuanyan=null, orp=null, infoNode=null)
15:52:02.549 [node2] INFO  com.ntu.client2.sync.SendThread - DataSync(infoId=439, infoType=B, syncType=1, syncStatus=1, successTime=null, failTime=null, failCount=0, syncMsg=未开始数据同步, infoNode=null)
15:52:03.548 [node2] INFO  com.ntu.client2.sync.SendThread - 发送消息:BoxSensor(infoId=439, areaId=435, spotId=435, nodeId=435, dataTime=Tue May 19 15:50:59 CST 2020, conductivity=435.0, temperature=546.0, pressure=54.0, salinity=34.0, dissolvedoxygen=32.0, spad=null, turbidity=null, andan=null, yaxiaodan=null, linsuanyan=null, orp=null, infoNode=null)
15:52:13.660 [node2] INFO  com.ntu.client2.sync.SendThread - DataSync(infoId=439, infoType=B, syncType=1, syncStatus=1, successTime=null, failTime=null, failCount=0, syncMsg=未开始数据同步, infoNode=null)
15:52:14.554 [node2] INFO  com.ntu.client2.sync.SendThread - 发送消息:BoxSensor(infoId=439, areaId=435, spotId=435, nodeId=435, dataTime=Tue May 19 15:50:59 CST 2020, conductivity=435.0, temperature=546.0, pressure=54.0, salinity=34.0, dissolvedoxygen=32.0, spad=null, turbidity=null, andan=null, yaxiaodan=null, linsuanyan=null, orp=null, infoNode=null)
15:52:24.558 [node2] INFO  com.ntu.client2.sync.SendThread - DataSync(infoId=439, infoType=B, syncType=1, syncStatus=1, successTime=null, failTime=null, failCount=0, syncMsg=未开始数据同步, infoNode=null)
15:52:25.558 [node2] INFO  com.ntu.client2.sync.SendThread - 发送消息:BoxSensor(infoId=439, areaId=435, spotId=435, nodeId=435, dataTime=Tue May 19 15:50:59 CST 2020, conductivity=435.0, temperature=546.0, pressure=54.0, salinity=34.0, dissolvedoxygen=32.0, spad=null, turbidity=null, andan=null, yaxiaodan=null, linsuanyan=null, orp=null, infoNode=null)
15:52:35.561 [node2] INFO  com.ntu.client2.sync.SendThread - DataSync(infoId=439, infoType=B, syncType=1, syncStatus=1, successTime=null, failTime=null, failCount=0, syncMsg=未开始数据同步, infoNode=null)
15:52:36.568 [node2] INFO  com.ntu.client2.sync.SendThread - 发送消息:BoxSensor(infoId=439, areaId=435, spotId=435, nodeId=435, dataTime=Tue May 19 15:50:59 CST 2020, conductivity=435.0, temperature=546.0, pressure=54.0, salinity=34.0, dissolvedoxygen=32.0, spad=null, turbidity=null, andan=null, yaxiaodan=null, linsuanyan=null, orp=null, infoNode=null)
15:52:46.571 [node2] INFO  com.ntu.client2.sync.SendThread - DataSync(infoId=439, infoType=B, syncType=1, syncStatus=1, successTime=null, failTime=null, failCount=0, syncMsg=未开始数据同步, infoNode=null)
15:52:47.574 [node2] INFO  com.ntu.client2.sync.SendThread - 发送消息:BoxSensor(infoId=439, areaId=435, spotId=435, nodeId=435, dataTime=Tue May 19 15:50:59 CST 2020, conductivity=435.0, temperature=546.0, pressure=54.0, salinity=34.0, dissolvedoxygen=32.0, spad=null, turbidity=null, andan=null, yaxiaodan=null, linsuanyan=null, orp=null, infoNode=null)
15:52:57.576 [node2] INFO  com.ntu.client2.sync.SendThread - DataSync(infoId=439, infoType=B, syncType=1, syncStatus=1, successTime=null, failTime=null, failCount=0, syncMsg=未开始数据同步, infoNode=null)
15:52:58.580 [node2] INFO  com.ntu.client2.sync.SendThread - 发送消息:BoxSensor(infoId=439, areaId=435, spotId=435, nodeId=435, dataTime=Tue May 19 15:50:59 CST 2020, conductivity=435.0, temperature=546.0, pressure=54.0, salinity=34.0, dissolvedoxygen=32.0, spad=null, turbidity=null, andan=null, yaxiaodan=null, linsuanyan=null, orp=null, infoNode=null)
15:53:08.603 [node2] INFO  com.ntu.client2.sync.SendThread - DataSync(infoId=439, infoType=B, syncType=1, syncStatus=1, successTime=null, failTime=null, failCount=0, syncMsg=未开始数据同步, infoNode=null)
15:53:09.590 [node2] INFO  com.ntu.client2.sync.SendThread - 发送消息:BoxSensor(infoId=439, areaId=435, spotId=435, nodeId=435, dataTime=Tue May 19 15:50:59 CST 2020, conductivity=435.0, temperature=546.0, pressure=54.0, salinity=34.0, dissolvedoxygen=32.0, spad=null, turbidity=null, andan=null, yaxiaodan=null, linsuanyan=null, orp=null, infoNode=null)
15:53:19.592 [node2] INFO  com.ntu.client2.sync.SendThread - DataSync(infoId=439, infoType=B, syncType=1, syncStatus=1, successTime=null, failTime=null, failCount=0, syncMsg=未开始数据同步, infoNode=null)
15:53:20.593 [node2] INFO  com.ntu.client2.sync.SendThread - 发送消息:BoxSensor(infoId=439, areaId=435, spotId=435, nodeId=435, dataTime=Tue May 19 15:50:59 CST 2020, conductivity=435.0, temperature=546.0, pressure=54.0, salinity=34.0, dissolvedoxygen=32.0, spad=null, turbidity=null, andan=null, yaxiaodan=null, linsuanyan=null, orp=null, infoNode=null)
15:53:30.597 [node2] INFO  com.ntu.client2.sync.SendThread - DataSync(infoId=439, infoType=B, syncType=1, syncStatus=1, successTime=null, failTime=null, failCount=0, syncMsg=未开始数据同步, infoNode=null)
15:53:31.601 [node2] INFO  com.ntu.client2.sync.SendThread - 发送消息:BoxSensor(infoId=439, areaId=435, spotId=435, nodeId=435, dataTime=Tue May 19 15:50:59 CST 2020, conductivity=435.0, temperature=546.0, pressure=54.0, salinity=34.0, dissolvedoxygen=32.0, spad=null, turbidity=null, andan=null, yaxiaodan=null, linsuanyan=null, orp=null, infoNode=null)
15:53:41.604 [node2] INFO  com.ntu.client2.sync.SendThread - DataSync(infoId=439, infoType=B, syncType=1, syncStatus=1, successTime=null, failTime=null, failCount=0, syncMsg=未开始数据同步, infoNode=null)
15:53:42.606 [node2] INFO  com.ntu.client2.sync.SendThread - 发送消息:BoxSensor(infoId=439, areaId=435, spotId=435, nodeId=435, dataTime=Tue May 19 15:50:59 CST 2020, conductivity=435.0, temperature=546.0, pressure=54.0, salinity=34.0, dissolvedoxygen=32.0, spad=null, turbidity=null, andan=null, yaxiaodan=null, linsuanyan=null, orp=null, infoNode=null)
15:53:52.612 [node2] INFO  com.ntu.client2.sync.SendThread - DataSync(infoId=439, infoType=B, syncType=1, syncStatus=1, successTime=null, failTime=null, failCount=0, syncMsg=未开始数据同步, infoNode=null)
15:53:53.615 [node2] INFO  com.ntu.client2.sync.SendThread - 发送消息:BoxSensor(infoId=439, areaId=435, spotId=435, nodeId=435, dataTime=Tue May 19 15:50:59 CST 2020, conductivity=435.0, temperature=546.0, pressure=54.0, salinity=34.0, dissolvedoxygen=32.0, spad=null, turbidity=null, andan=null, yaxiaodan=null, linsuanyan=null, orp=null, infoNode=null)
15:54:03.617 [node2] INFO  com.ntu.client2.sync.SendThread - DataSync(infoId=439, infoType=B, syncType=1, syncStatus=1, successTime=null, failTime=null, failCount=0, syncMsg=未开始数据同步, infoNode=null)
15:54:04.619 [node2] INFO  com.ntu.client2.sync.SendThread - 发送消息:BoxSensor(infoId=439, areaId=435, spotId=435, nodeId=435, dataTime=Tue May 19 15:50:59 CST 2020, conductivity=435.0, temperature=546.0, pressure=54.0, salinity=34.0, dissolvedoxygen=32.0, spad=null, turbidity=null, andan=null, yaxiaodan=null, linsuanyan=null, orp=null, infoNode=null)
15:54:14.621 [node2] INFO  com.ntu.client2.sync.SendThread - DataSync(infoId=439, infoType=B, syncType=1, syncStatus=1, successTime=null, failTime=null, failCount=0, syncMsg=未开始数据同步, infoNode=null)
15:54:15.628 [node2] INFO  com.ntu.client2.sync.SendThread - 发送消息:BoxSensor(infoId=439, areaId=435, spotId=435, nodeId=435, dataTime=Tue May 19 15:50:59 CST 2020, conductivity=435.0, temperature=546.0, pressure=54.0, salinity=34.0, dissolvedoxygen=32.0, spad=null, turbidity=null, andan=null, yaxiaodan=null, linsuanyan=null, orp=null, infoNode=null)
15:54:25.630 [node2] INFO  com.ntu.client2.sync.SendThread - DataSync(infoId=439, infoType=B, syncType=1, syncStatus=1, successTime=null, failTime=null, failCount=0, syncMsg=未开始数据同步, infoNode=null)
15:54:26.638 [node2] INFO  com.ntu.client2.sync.SendThread - 发送消息:BoxSensor(infoId=439, areaId=435, spotId=435, nodeId=435, dataTime=Tue May 19 15:50:59 CST 2020, conductivity=435.0, temperature=546.0, pressure=54.0, salinity=34.0, dissolvedoxygen=32.0, spad=null, turbidity=null, andan=null, yaxiaodan=null, linsuanyan=null, orp=null, infoNode=null)
15:54:36.641 [node2] INFO  com.ntu.client2.sync.SendThread - DataSync(infoId=439, infoType=B, syncType=1, syncStatus=1, successTime=null, failTime=null, failCount=0, syncMsg=未开始数据同步, infoNode=null)
15:54:37.660 [node2] INFO  com.ntu.client2.sync.SendThread - 发送消息:BoxSensor(infoId=439, areaId=435, spotId=435, nodeId=435, dataTime=Tue May 19 15:50:59 CST 2020, conductivity=435.0, temperature=546.0, pressure=54.0, salinity=34.0, dissolvedoxygen=32.0, spad=null, turbidity=null, andan=null, yaxiaodan=null, linsuanyan=null, orp=null, infoNode=null)
15:54:47.713 [node2] INFO  com.ntu.client2.sync.SendThread - DataSync(infoId=439, infoType=B, syncType=1, syncStatus=1, successTime=null, failTime=null, failCount=0, syncMsg=未开始数据同步, infoNode=null)
15:54:48.650 [node2] INFO  com.ntu.client2.sync.SendThread - 发送消息:BoxSensor(infoId=439, areaId=435, spotId=435, nodeId=435, dataTime=Tue May 19 15:50:59 CST 2020, conductivity=435.0, temperature=546.0, pressure=54.0, salinity=34.0, dissolvedoxygen=32.0, spad=null, turbidity=null, andan=null, yaxiaodan=null, linsuanyan=null, orp=null, infoNode=null)
15:54:58.653 [node2] INFO  com.ntu.client2.sync.SendThread - DataSync(infoId=439, infoType=B, syncType=1, syncStatus=1, successTime=null, failTime=null, failCount=0, syncMsg=未开始数据同步, infoNode=null)
15:54:59.657 [node2] INFO  com.ntu.client2.sync.SendThread - 发送消息:BoxSensor(infoId=439, areaId=435, spotId=435, nodeId=435, dataTime=Tue May 19 15:50:59 CST 2020, conductivity=435.0, temperature=546.0, pressure=54.0, salinity=34.0, dissolvedoxygen=32.0, spad=null, turbidity=null, andan=null, yaxiaodan=null, linsuanyan=null, orp=null, infoNode=null)
15:55:09.659 [node2] INFO  com.ntu.client2.sync.SendThread - DataSync(infoId=439, infoType=B, syncType=1, syncStatus=1, successTime=null, failTime=null, failCount=0, syncMsg=未开始数据同步, infoNode=null)
15:55:10.663 [node2] INFO  com.ntu.client2.sync.SendThread - 发送消息:BoxSensor(infoId=439, areaId=435, spotId=435, nodeId=435, dataTime=Tue May 19 15:50:59 CST 2020, conductivity=435.0, temperature=546.0, pressure=54.0, salinity=34.0, dissolvedoxygen=32.0, spad=null, turbidity=null, andan=null, yaxiaodan=null, linsuanyan=null, orp=null, infoNode=null)
15:55:20.665 [node2] INFO  com.ntu.client2.sync.SendThread - DataSync(infoId=439, infoType=B, syncType=1, syncStatus=1, successTime=null, failTime=null, failCount=0, syncMsg=未开始数据同步, infoNode=null)
15:55:21.669 [node2] INFO  com.ntu.client2.sync.SendThread - 发送消息:BoxSensor(infoId=439, areaId=435, spotId=435, nodeId=435, dataTime=Tue May 19 15:50:59 CST 2020, conductivity=435.0, temperature=546.0, pressure=54.0, salinity=34.0, dissolvedoxygen=32.0, spad=null, turbidity=null, andan=null, yaxiaodan=null, linsuanyan=null, orp=null, infoNode=null)
15:55:31.672 [node2] INFO  com.ntu.client2.sync.SendThread - DataSync(infoId=439, infoType=B, syncType=1, syncStatus=1, successTime=null, failTime=null, failCount=0, syncMsg=未开始数据同步, infoNode=null)
15:55:32.678 [node2] INFO  com.ntu.client2.sync.SendThread - 发送消息:BoxSensor(infoId=439, areaId=435, spotId=435, nodeId=435, dataTime=Tue May 19 15:50:59 CST 2020, conductivity=435.0, temperature=546.0, pressure=54.0, salinity=34.0, dissolvedoxygen=32.0, spad=null, turbidity=null, andan=null, yaxiaodan=null, linsuanyan=null, orp=null, infoNode=null)
15:55:42.682 [node2] INFO  com.ntu.client2.sync.SendThread - DataSync(infoId=439, infoType=B, syncType=1, syncStatus=1, successTime=null, failTime=null, failCount=0, syncMsg=未开始数据同步, infoNode=null)
15:55:43.697 [node2] INFO  com.ntu.client2.sync.SendThread - 发送消息:BoxSensor(infoId=439, areaId=435, spotId=435, nodeId=435, dataTime=Tue May 19 15:50:59 CST 2020, conductivity=435.0, temperature=546.0, pressure=54.0, salinity=34.0, dissolvedoxygen=32.0, spad=null, turbidity=null, andan=null, yaxiaodan=null, linsuanyan=null, orp=null, infoNode=null)
15:55:53.700 [node2] INFO  com.ntu.client2.sync.SendThread - DataSync(infoId=439, infoType=B, syncType=1, syncStatus=1, successTime=null, failTime=null, failCount=0, syncMsg=未开始数据同步, infoNode=null)
15:55:54.693 [node2] INFO  com.ntu.client2.sync.SendThread - 发送消息:BoxSensor(infoId=439, areaId=435, spotId=435, nodeId=435, dataTime=Tue May 19 15:50:59 CST 2020, conductivity=435.0, temperature=546.0, pressure=54.0, salinity=34.0, dissolvedoxygen=32.0, spad=null, turbidity=null, andan=null, yaxiaodan=null, linsuanyan=null, orp=null, infoNode=null)
15:56:04.698 [node2] INFO  com.ntu.client2.sync.SendThread - DataSync(infoId=439, infoType=B, syncType=1, syncStatus=1, successTime=null, failTime=null, failCount=0, syncMsg=未开始数据同步, infoNode=null)
15:56:05.700 [node2] INFO  com.ntu.client2.sync.SendThread - 发送消息:BoxSensor(infoId=439, areaId=435, spotId=435, nodeId=435, dataTime=Tue May 19 15:50:59 CST 2020, conductivity=435.0, temperature=546.0, pressure=54.0, salinity=34.0, dissolvedoxygen=32.0, spad=null, turbidity=null, andan=null, yaxiaodan=null, linsuanyan=null, orp=null, infoNode=null)
15:56:15.703 [node2] INFO  com.ntu.client2.sync.SendThread - DataSync(infoId=439, infoType=B, syncType=1, syncStatus=1, successTime=null, failTime=null, failCount=0, syncMsg=未开始数据同步, infoNode=null)
15:56:16.704 [node2] INFO  com.ntu.client2.sync.SendThread - 发送消息:BoxSensor(infoId=439, areaId=435, spotId=435, nodeId=435, dataTime=Tue May 19 15:50:59 CST 2020, conductivity=435.0, temperature=546.0, pressure=54.0, salinity=34.0, dissolvedoxygen=32.0, spad=null, turbidity=null, andan=null, yaxiaodan=null, linsuanyan=null, orp=null, infoNode=null)
15:56:26.707 [node2] INFO  com.ntu.client2.sync.SendThread - DataSync(infoId=439, infoType=B, syncType=1, syncStatus=1, successTime=null, failTime=null, failCount=0, syncMsg=未开始数据同步, infoNode=null)
15:56:27.710 [node2] INFO  com.ntu.client2.sync.SendThread - 发送消息:BoxSensor(infoId=439, areaId=435, spotId=435, nodeId=435, dataTime=Tue May 19 15:50:59 CST 2020, conductivity=435.0, temperature=546.0, pressure=54.0, salinity=34.0, dissolvedoxygen=32.0, spad=null, turbidity=null, andan=null, yaxiaodan=null, linsuanyan=null, orp=null, infoNode=null)
15:56:37.712 [node2] INFO  com.ntu.client2.sync.SendThread - DataSync(infoId=439, infoType=B, syncType=1, syncStatus=1, successTime=null, failTime=null, failCount=0, syncMsg=未开始数据同步, infoNode=null)
15:56:38.715 [node2] INFO  com.ntu.client2.sync.SendThread - 发送消息:BoxSensor(infoId=439, areaId=435, spotId=435, nodeId=435, dataTime=Tue May 19 15:50:59 CST 2020, conductivity=435.0, temperature=546.0, pressure=54.0, salinity=34.0, dissolvedoxygen=32.0, spad=null, turbidity=null, andan=null, yaxiaodan=null, linsuanyan=null, orp=null, infoNode=null)
15:56:48.717 [node2] INFO  com.ntu.client2.sync.SendThread - DataSync(infoId=439, infoType=B, syncType=1, syncStatus=1, successTime=null, failTime=null, failCount=0, syncMsg=未开始数据同步, infoNode=null)
15:56:49.722 [node2] INFO  com.ntu.client2.sync.SendThread - 发送消息:BoxSensor(infoId=439, areaId=435, spotId=435, nodeId=435, dataTime=Tue May 19 15:50:59 CST 2020, conductivity=435.0, temperature=546.0, pressure=54.0, salinity=34.0, dissolvedoxygen=32.0, spad=null, turbidity=null, andan=null, yaxiaodan=null, linsuanyan=null, orp=null, infoNode=null)
15:56:59.724 [node2] INFO  com.ntu.client2.sync.SendThread - DataSync(infoId=439, infoType=B, syncType=1, syncStatus=1, successTime=null, failTime=null, failCount=0, syncMsg=未开始数据同步, infoNode=null)
15:57:00.726 [node2] INFO  com.ntu.client2.sync.SendThread - 发送消息:BoxSensor(infoId=439, areaId=435, spotId=435, nodeId=435, dataTime=Tue May 19 15:50:59 CST 2020, conductivity=435.0, temperature=546.0, pressure=54.0, salinity=34.0, dissolvedoxygen=32.0, spad=null, turbidity=null, andan=null, yaxiaodan=null, linsuanyan=null, orp=null, infoNode=null)
15:57:10.728 [node2] INFO  com.ntu.client2.sync.SendThread - DataSync(infoId=439, infoType=B, syncType=1, syncStatus=1, successTime=null, failTime=null, failCount=0, syncMsg=未开始数据同步, infoNode=null)
15:57:11.731 [node2] INFO  com.ntu.client2.sync.SendThread - 发送消息:BoxSensor(infoId=439, areaId=435, spotId=435, nodeId=435, dataTime=Tue May 19 15:50:59 CST 2020, conductivity=435.0, temperature=546.0, pressure=54.0, salinity=34.0, dissolvedoxygen=32.0, spad=null, turbidity=null, andan=null, yaxiaodan=null, linsuanyan=null, orp=null, infoNode=null)
15:57:21.734 [node2] INFO  com.ntu.client2.sync.SendThread - DataSync(infoId=439, infoType=B, syncType=1, syncStatus=1, successTime=null, failTime=null, failCount=0, syncMsg=未开始数据同步, infoNode=null)
15:57:22.739 [node2] INFO  com.ntu.client2.sync.SendThread - 发送消息:BoxSensor(infoId=439, areaId=435, spotId=435, nodeId=435, dataTime=Tue May 19 15:50:59 CST 2020, conductivity=435.0, temperature=546.0, pressure=54.0, salinity=34.0, dissolvedoxygen=32.0, spad=null, turbidity=null, andan=null, yaxiaodan=null, linsuanyan=null, orp=null, infoNode=null)
15:57:32.742 [node2] INFO  com.ntu.client2.sync.SendThread - DataSync(infoId=439, infoType=B, syncType=1, syncStatus=1, successTime=null, failTime=null, failCount=0, syncMsg=未开始数据同步, infoNode=null)
15:57:33.747 [node2] INFO  com.ntu.client2.sync.SendThread - 发送消息:BoxSensor(infoId=439, areaId=435, spotId=435, nodeId=435, dataTime=Tue May 19 15:50:59 CST 2020, conductivity=435.0, temperature=546.0, pressure=54.0, salinity=34.0, dissolvedoxygen=32.0, spad=null, turbidity=null, andan=null, yaxiaodan=null, linsuanyan=null, orp=null, infoNode=null)
15:57:43.749 [node2] INFO  com.ntu.client2.sync.SendThread - DataSync(infoId=439, infoType=B, syncType=1, syncStatus=1, successTime=null, failTime=null, failCount=0, syncMsg=未开始数据同步, infoNode=null)
15:57:44.753 [node2] INFO  com.ntu.client2.sync.SendThread - 发送消息:BoxSensor(infoId=439, areaId=435, spotId=435, nodeId=435, dataTime=Tue May 19 15:50:59 CST 2020, conductivity=435.0, temperature=546.0, pressure=54.0, salinity=34.0, dissolvedoxygen=32.0, spad=null, turbidity=null, andan=null, yaxiaodan=null, linsuanyan=null, orp=null, infoNode=null)
15:57:54.756 [node2] INFO  com.ntu.client2.sync.SendThread - DataSync(infoId=439, infoType=B, syncType=1, syncStatus=1, successTime=null, failTime=null, failCount=0, syncMsg=未开始数据同步, infoNode=null)
15:57:55.761 [node2] INFO  com.ntu.client2.sync.SendThread - 发送消息:BoxSensor(infoId=439, areaId=435, spotId=435, nodeId=435, dataTime=Tue May 19 15:50:59 CST 2020, conductivity=435.0, temperature=546.0, pressure=54.0, salinity=34.0, dissolvedoxygen=32.0, spad=null, turbidity=null, andan=null, yaxiaodan=null, linsuanyan=null, orp=null, infoNode=null)
15:58:05.765 [node2] INFO  com.ntu.client2.sync.SendThread - DataSync(infoId=439, infoType=B, syncType=1, syncStatus=1, successTime=null, failTime=null, failCount=0, syncMsg=未开始数据同步, infoNode=null)
15:58:06.768 [node2] INFO  com.ntu.client2.sync.SendThread - 发送消息:BoxSensor(infoId=439, areaId=435, spotId=435, nodeId=435, dataTime=Tue May 19 15:50:59 CST 2020, conductivity=435.0, temperature=546.0, pressure=54.0, salinity=34.0, dissolvedoxygen=32.0, spad=null, turbidity=null, andan=null, yaxiaodan=null, linsuanyan=null, orp=null, infoNode=null)
15:58:16.771 [node2] INFO  com.ntu.client2.sync.SendThread - DataSync(infoId=439, infoType=B, syncType=1, syncStatus=1, successTime=null, failTime=null, failCount=0, syncMsg=未开始数据同步, infoNode=null)
15:58:17.773 [node2] INFO  com.ntu.client2.sync.SendThread - 发送消息:BoxSensor(infoId=439, areaId=435, spotId=435, nodeId=435, dataTime=Tue May 19 15:50:59 CST 2020, conductivity=435.0, temperature=546.0, pressure=54.0, salinity=34.0, dissolvedoxygen=32.0, spad=null, turbidity=null, andan=null, yaxiaodan=null, linsuanyan=null, orp=null, infoNode=null)
15:58:27.775 [node2] INFO  com.ntu.client2.sync.SendThread - DataSync(infoId=439, infoType=B, syncType=1, syncStatus=1, successTime=null, failTime=null, failCount=0, syncMsg=未开始数据同步, infoNode=null)
15:58:28.780 [node2] INFO  com.ntu.client2.sync.SendThread - 发送消息:BoxSensor(infoId=439, areaId=435, spotId=435, nodeId=435, dataTime=Tue May 19 15:50:59 CST 2020, conductivity=435.0, temperature=546.0, pressure=54.0, salinity=34.0, dissolvedoxygen=32.0, spad=null, turbidity=null, andan=null, yaxiaodan=null, linsuanyan=null, orp=null, infoNode=null)
15:58:38.783 [node2] INFO  com.ntu.client2.sync.SendThread - DataSync(infoId=439, infoType=B, syncType=1, syncStatus=1, successTime=null, failTime=null, failCount=0, syncMsg=未开始数据同步, infoNode=null)
15:58:39.784 [node2] INFO  com.ntu.client2.sync.SendThread - 发送消息:BoxSensor(infoId=439, areaId=435, spotId=435, nodeId=435, dataTime=Tue May 19 15:50:59 CST 2020, conductivity=435.0, temperature=546.0, pressure=54.0, salinity=34.0, dissolvedoxygen=32.0, spad=null, turbidity=null, andan=null, yaxiaodan=null, linsuanyan=null, orp=null, infoNode=null)
15:58:49.786 [node2] INFO  com.ntu.client2.sync.SendThread - DataSync(infoId=439, infoType=B, syncType=1, syncStatus=1, successTime=null, failTime=null, failCount=0, syncMsg=未开始数据同步, infoNode=null)
15:58:50.790 [node2] INFO  com.ntu.client2.sync.SendThread - 发送消息:BoxSensor(infoId=439, areaId=435, spotId=435, nodeId=435, dataTime=Tue May 19 15:50:59 CST 2020, conductivity=435.0, temperature=546.0, pressure=54.0, salinity=34.0, dissolvedoxygen=32.0, spad=null, turbidity=null, andan=null, yaxiaodan=null, linsuanyan=null, orp=null, infoNode=null)
15:59:00.801 [node2] INFO  com.ntu.client2.sync.SendThread - DataSync(infoId=439, infoType=B, syncType=1, syncStatus=1, successTime=null, failTime=null, failCount=0, syncMsg=未开始数据同步, infoNode=null)
15:59:02.122 [node2] INFO  com.ntu.client2.sync.SendThread - 发送消息:BoxSensor(infoId=439, areaId=435, spotId=435, nodeId=435, dataTime=Tue May 19 15:50:59 CST 2020, conductivity=435.0, temperature=546.0, pressure=54.0, salinity=34.0, dissolvedoxygen=32.0, spad=null, turbidity=null, andan=null, yaxiaodan=null, linsuanyan=null, orp=null, infoNode=null)
15:59:12.125 [node2] INFO  com.ntu.client2.sync.SendThread - DataSync(infoId=439, infoType=B, syncType=1, syncStatus=1, successTime=null, failTime=null, failCount=0, syncMsg=未开始数据同步, infoNode=null)
15:59:12.801 [node2] INFO  com.ntu.client2.sync.SendThread - 发送消息:BoxSensor(infoId=439, areaId=435, spotId=435, nodeId=435, dataTime=Tue May 19 15:50:59 CST 2020, conductivity=435.0, temperature=546.0, pressure=54.0, salinity=34.0, dissolvedoxygen=32.0, spad=null, turbidity=null, andan=null, yaxiaodan=null, linsuanyan=null, orp=null, infoNode=null)
15:59:22.803 [node2] INFO  com.ntu.client2.sync.SendThread - DataSync(infoId=439, infoType=B, syncType=1, syncStatus=1, successTime=null, failTime=null, failCount=0, syncMsg=未开始数据同步, infoNode=null)
15:59:23.810 [node2] INFO  com.ntu.client2.sync.SendThread - 发送消息:BoxSensor(infoId=439, areaId=435, spotId=435, nodeId=435, dataTime=Tue May 19 15:50:59 CST 2020, conductivity=435.0, temperature=546.0, pressure=54.0, salinity=34.0, dissolvedoxygen=32.0, spad=null, turbidity=null, andan=null, yaxiaodan=null, linsuanyan=null, orp=null, infoNode=null)
15:59:33.813 [node2] INFO  com.ntu.client2.sync.SendThread - DataSync(infoId=439, infoType=B, syncType=1, syncStatus=1, successTime=null, failTime=null, failCount=0, syncMsg=未开始数据同步, infoNode=null)
15:59:34.818 [node2] INFO  com.ntu.client2.sync.SendThread - 发送消息:BoxSensor(infoId=439, areaId=435, spotId=435, nodeId=435, dataTime=Tue May 19 15:50:59 CST 2020, conductivity=435.0, temperature=546.0, pressure=54.0, salinity=34.0, dissolvedoxygen=32.0, spad=null, turbidity=null, andan=null, yaxiaodan=null, linsuanyan=null, orp=null, infoNode=null)
15:59:44.820 [node2] INFO  com.ntu.client2.sync.SendThread - DataSync(infoId=439, infoType=B, syncType=1, syncStatus=1, successTime=null, failTime=null, failCount=0, syncMsg=未开始数据同步, infoNode=null)
15:59:45.825 [node2] INFO  com.ntu.client2.sync.SendThread - 发送消息:BoxSensor(infoId=439, areaId=435, spotId=435, nodeId=435, dataTime=Tue May 19 15:50:59 CST 2020, conductivity=435.0, temperature=546.0, pressure=54.0, salinity=34.0, dissolvedoxygen=32.0, spad=null, turbidity=null, andan=null, yaxiaodan=null, linsuanyan=null, orp=null, infoNode=null)
15:59:55.828 [node2] INFO  com.ntu.client2.sync.SendThread - DataSync(infoId=439, infoType=B, syncType=1, syncStatus=1, successTime=null, failTime=null, failCount=0, syncMsg=未开始数据同步, infoNode=null)
15:59:56.829 [node2] INFO  com.ntu.client2.sync.SendThread - 发送消息:BoxSensor(infoId=439, areaId=435, spotId=435, nodeId=435, dataTime=Tue May 19 15:50:59 CST 2020, conductivity=435.0, temperature=546.0, pressure=54.0, salinity=34.0, dissolvedoxygen=32.0, spad=null, turbidity=null, andan=null, yaxiaodan=null, linsuanyan=null, orp=null, infoNode=null)
16:00:06.832 [node2] INFO  com.ntu.client2.sync.SendThread - DataSync(infoId=439, infoType=B, syncType=1, syncStatus=1, successTime=null, failTime=null, failCount=0, syncMsg=未开始数据同步, infoNode=null)
16:00:07.843 [node2] INFO  com.ntu.client2.sync.SendThread - 发送消息:BoxSensor(infoId=439, areaId=435, spotId=435, nodeId=435, dataTime=Tue May 19 15:50:59 CST 2020, conductivity=435.0, temperature=546.0, pressure=54.0, salinity=34.0, dissolvedoxygen=32.0, spad=null, turbidity=null, andan=null, yaxiaodan=null, linsuanyan=null, orp=null, infoNode=null)
16:00:17.845 [node2] INFO  com.ntu.client2.sync.SendThread - DataSync(infoId=439, infoType=B, syncType=1, syncStatus=1, successTime=null, failTime=null, failCount=0, syncMsg=未开始数据同步, infoNode=null)
16:00:18.843 [node2] INFO  com.ntu.client2.sync.SendThread - 发送消息:BoxSensor(infoId=439, areaId=435, spotId=435, nodeId=435, dataTime=Tue May 19 15:50:59 CST 2020, conductivity=435.0, temperature=546.0, pressure=54.0, salinity=34.0, dissolvedoxygen=32.0, spad=null, turbidity=null, andan=null, yaxiaodan=null, linsuanyan=null, orp=null, infoNode=null)
16:00:28.846 [node2] INFO  com.ntu.client2.sync.SendThread - DataSync(infoId=439, infoType=B, syncType=1, syncStatus=1, successTime=null, failTime=null, failCount=0, syncMsg=未开始数据同步, infoNode=null)
16:00:29.854 [node2] INFO  com.ntu.client2.sync.SendThread - 发送消息:BoxSensor(infoId=439, areaId=435, spotId=435, nodeId=435, dataTime=Tue May 19 15:50:59 CST 2020, conductivity=435.0, temperature=546.0, pressure=54.0, salinity=34.0, dissolvedoxygen=32.0, spad=null, turbidity=null, andan=null, yaxiaodan=null, linsuanyan=null, orp=null, infoNode=null)
16:00:53.149 [main] INFO  com.ntu.client2.Node2ClientApplication - Starting Node2ClientApplication on LAPTOP-6SA701DM with PID 8560 (C:\Users\Lenovo\Desktop\datasync\datasync_node2_client\target\classes started by Lenovo in C:\Users\Lenovo\Desktop\datasync)
16:00:53.163 [main] INFO  com.ntu.client2.Node2ClientApplication - No active profile set, falling back to default profiles: default
16:00:55.657 [main] INFO  org.springframework.boot.web.embedded.tomcat.TomcatWebServer - Tomcat initialized with port(s): 8084 (http)
16:00:55.671 [main] INFO  org.apache.coyote.http11.Http11NioProtocol - Initializing ProtocolHandler ["http-nio-8084"]
16:00:55.672 [main] INFO  org.apache.catalina.core.StandardService - Starting service [Tomcat]
16:00:55.673 [main] INFO  org.apache.catalina.core.StandardEngine - Starting Servlet engine: [Apache Tomcat/9.0.33]
16:00:55.886 [main] INFO  org.apache.catalina.core.ContainerBase.[Tomcat].[localhost].[/] - Initializing Spring embedded WebApplicationContext
16:00:55.886 [main] INFO  org.springframework.web.context.ContextLoader - Root WebApplicationContext: initialization completed in 2482 ms
16:00:56.648 [main] INFO  org.springframework.scheduling.concurrent.ThreadPoolTaskExecutor - Initializing ExecutorService 'applicationTaskExecutor'
16:00:57.123 [main] INFO  com.ntu.common.client.EMQTTClient - connecting to server: ssl://127.0.0.1:8883
16:01:03.594 [main] INFO  com.ntu.client2.ClientStart - 团结河节点成功连接至MQTT服务器.........
16:01:03.598 [main] INFO  org.apache.coyote.http11.Http11NioProtocol - Starting ProtocolHandler ["http-nio-8084"]
16:01:03.640 [main] INFO  org.springframework.boot.web.embedded.tomcat.TomcatWebServer - Tomcat started on port(s): 8084 (http) with context path ''
16:01:03.645 [main] INFO  com.ntu.client2.Node2ClientApplication - Started Node2ClientApplication in 11.906 seconds (JVM running for 15.723)
16:01:13.622 [node2] INFO  com.zaxxer.hikari.HikariDataSource - HikariPool-1 - Starting...
16:01:13.810 [node2] INFO  com.zaxxer.hikari.HikariDataSource - HikariPool-1 - Start completed.
16:01:13.890 [node2] INFO  com.ntu.client2.sync.SendThread - DataSync(infoId=439, infoType=B, syncType=1, syncStatus=1, successTime=null, failTime=null, failCount=0, syncMsg=未开始数据同步, infoNode=null)
16:01:14.485 [node2] INFO  com.ntu.client2.sync.SendThread - 发送消息:BoxSensor(infoId=439, areaId=435, spotId=435, nodeId=435, dataTime=Tue May 19 15:50:59 CST 2020, conductivity=435.0, temperature=546.0, pressure=54.0, salinity=34.0, dissolvedoxygen=32.0, spad=null, turbidity=null, andan=null, yaxiaodan=null, linsuanyan=null, orp=null, infoNode=null)
16:01:24.490 [node2] INFO  com.ntu.client2.sync.SendThread - DataSync(infoId=439, infoType=B, syncType=1, syncStatus=1, successTime=null, failTime=null, failCount=0, syncMsg=未开始数据同步, infoNode=null)
16:01:25.489 [node2] INFO  com.ntu.client2.sync.SendThread - 发送消息:BoxSensor(infoId=439, areaId=435, spotId=435, nodeId=435, dataTime=Tue May 19 15:50:59 CST 2020, conductivity=435.0, temperature=546.0, pressure=54.0, salinity=34.0, dissolvedoxygen=32.0, spad=null, turbidity=null, andan=null, yaxiaodan=null, linsuanyan=null, orp=null, infoNode=null)
16:01:35.513 [node2] INFO  com.ntu.client2.sync.SendThread - DataSync(infoId=439, infoType=B, syncType=1, syncStatus=1, successTime=null, failTime=null, failCount=0, syncMsg=未开始数据同步, infoNode=null)
16:01:36.498 [node2] INFO  com.ntu.client2.sync.SendThread - 发送消息:BoxSensor(infoId=439, areaId=435, spotId=435, nodeId=435, dataTime=Tue May 19 15:50:59 CST 2020, conductivity=435.0, temperature=546.0, pressure=54.0, salinity=34.0, dissolvedoxygen=32.0, spad=null, turbidity=null, andan=null, yaxiaodan=null, linsuanyan=null, orp=null, infoNode=null)
16:01:46.502 [node2] INFO  com.ntu.client2.sync.SendThread - DataSync(infoId=439, infoType=B, syncType=1, syncStatus=1, successTime=null, failTime=null, failCount=0, syncMsg=未开始数据同步, infoNode=null)
16:01:47.504 [node2] INFO  com.ntu.client2.sync.SendThread - 发送消息:BoxSensor(infoId=439, areaId=435, spotId=435, nodeId=435, dataTime=Tue May 19 15:50:59 CST 2020, conductivity=435.0, temperature=546.0, pressure=54.0, salinity=34.0, dissolvedoxygen=32.0, spad=null, turbidity=null, andan=null, yaxiaodan=null, linsuanyan=null, orp=null, infoNode=null)
16:01:57.576 [node2] INFO  com.ntu.client2.sync.SendThread - DataSync(infoId=439, infoType=B, syncType=1, syncStatus=1, successTime=null, failTime=null, failCount=0, syncMsg=未开始数据同步, infoNode=null)
16:01:58.525 [node2] INFO  com.ntu.client2.sync.SendThread - 发送消息:BoxSensor(infoId=439, areaId=435, spotId=435, nodeId=435, dataTime=Tue May 19 15:50:59 CST 2020, conductivity=435.0, temperature=546.0, pressure=54.0, salinity=34.0, dissolvedoxygen=32.0, spad=null, turbidity=null, andan=null, yaxiaodan=null, linsuanyan=null, orp=null, infoNode=null)
16:02:08.533 [node2] INFO  com.ntu.client2.sync.SendThread - DataSync(infoId=439, infoType=B, syncType=1, syncStatus=1, successTime=null, failTime=null, failCount=0, syncMsg=未开始数据同步, infoNode=null)
16:02:09.517 [node2] INFO  com.ntu.client2.sync.SendThread - 发送消息:BoxSensor(infoId=439, areaId=435, spotId=435, nodeId=435, dataTime=Tue May 19 15:50:59 CST 2020, conductivity=435.0, temperature=546.0, pressure=54.0, salinity=34.0, dissolvedoxygen=32.0, spad=null, turbidity=null, andan=null, yaxiaodan=null, linsuanyan=null, orp=null, infoNode=null)
16:02:19.546 [node2] INFO  com.ntu.client2.sync.SendThread - DataSync(infoId=439, infoType=B, syncType=1, syncStatus=1, successTime=null, failTime=null, failCount=0, syncMsg=未开始数据同步, infoNode=null)
16:02:20.590 [node2] INFO  com.ntu.client2.sync.SendThread - 发送消息:BoxSensor(infoId=439, areaId=435, spotId=435, nodeId=435, dataTime=Tue May 19 15:50:59 CST 2020, conductivity=435.0, temperature=546.0, pressure=54.0, salinity=34.0, dissolvedoxygen=32.0, spad=null, turbidity=null, andan=null, yaxiaodan=null, linsuanyan=null, orp=null, infoNode=null)
16:02:30.610 [node2] INFO  com.ntu.client2.sync.SendThread - DataSync(infoId=439, infoType=B, syncType=1, syncStatus=1, successTime=null, failTime=null, failCount=0, syncMsg=未开始数据同步, infoNode=null)
16:02:31.533 [node2] INFO  com.ntu.client2.sync.SendThread - 发送消息:BoxSensor(infoId=439, areaId=435, spotId=435, nodeId=435, dataTime=Tue May 19 15:50:59 CST 2020, conductivity=435.0, temperature=546.0, pressure=54.0, salinity=34.0, dissolvedoxygen=32.0, spad=null, turbidity=null, andan=null, yaxiaodan=null, linsuanyan=null, orp=null, infoNode=null)
16:02:41.537 [node2] INFO  com.ntu.client2.sync.SendThread - DataSync(infoId=439, infoType=B, syncType=1, syncStatus=1, successTime=null, failTime=null, failCount=0, syncMsg=未开始数据同步, infoNode=null)
16:02:42.540 [node2] INFO  com.ntu.client2.sync.SendThread - 发送消息:BoxSensor(infoId=439, areaId=435, spotId=435, nodeId=435, dataTime=Tue May 19 15:50:59 CST 2020, conductivity=435.0, temperature=546.0, pressure=54.0, salinity=34.0, dissolvedoxygen=32.0, spad=null, turbidity=null, andan=null, yaxiaodan=null, linsuanyan=null, orp=null, infoNode=null)
16:02:52.543 [node2] INFO  com.ntu.client2.sync.SendThread - DataSync(infoId=439, infoType=B, syncType=1, syncStatus=1, successTime=null, failTime=null, failCount=0, syncMsg=未开始数据同步, infoNode=null)
16:02:53.545 [node2] INFO  com.ntu.client2.sync.SendThread - 发送消息:BoxSensor(infoId=439, areaId=435, spotId=435, nodeId=435, dataTime=Tue May 19 15:50:59 CST 2020, conductivity=435.0, temperature=546.0, pressure=54.0, salinity=34.0, dissolvedoxygen=32.0, spad=null, turbidity=null, andan=null, yaxiaodan=null, linsuanyan=null, orp=null, infoNode=null)
16:02:54.551 [MQTT Call: tjh_node] INFO  com.ntu.client2.sync.NodeDataReceiver - 收到确认消息.....
18:04:40.783 [main] INFO  com.ntu.client2.Node2ClientApplication - Starting Node2ClientApplication on LAPTOP-6SA701DM with PID 13292 (C:\Users\Lenovo\Desktop\datasync\datasync_node2_client\target\classes started by Lenovo in C:\Users\Lenovo\Desktop\datasync)
18:04:40.800 [main] INFO  com.ntu.client2.Node2ClientApplication - No active profile set, falling back to default profiles: default
18:04:44.024 [main] INFO  org.springframework.boot.web.embedded.tomcat.TomcatWebServer - Tomcat initialized with port(s): 8084 (http)
18:04:44.038 [main] INFO  org.apache.coyote.http11.Http11NioProtocol - Initializing ProtocolHandler ["http-nio-8084"]
18:04:44.039 [main] INFO  org.apache.catalina.core.StandardService - Starting service [Tomcat]
18:04:44.039 [main] INFO  org.apache.catalina.core.StandardEngine - Starting Servlet engine: [Apache Tomcat/9.0.33]
18:04:44.281 [main] INFO  org.apache.catalina.core.ContainerBase.[Tomcat].[localhost].[/] - Initializing Spring embedded WebApplicationContext
18:04:44.282 [main] INFO  org.springframework.web.context.ContextLoader - Root WebApplicationContext: initialization completed in 3301 ms
18:04:45.533 [main] INFO  org.springframework.scheduling.concurrent.ThreadPoolTaskExecutor - Initializing ExecutorService 'applicationTaskExecutor'
18:04:46.525 [main] INFO  com.ntu.common.client.EMQTTClient - connecting to server: ssl://127.0.0.1:8883
18:04:53.214 [main] INFO  com.ntu.client2.ClientStart - 团结河节点成功连接至MQTT服务器.........
18:04:53.218 [main] INFO  org.apache.coyote.http11.Http11NioProtocol - Starting ProtocolHandler ["http-nio-8084"]
18:04:53.257 [main] INFO  org.springframework.boot.web.embedded.tomcat.TomcatWebServer - Tomcat started on port(s): 8084 (http) with context path ''
18:04:53.262 [main] INFO  com.ntu.client2.Node2ClientApplication - Started Node2ClientApplication in 14.298 seconds (JVM running for 18.803)
18:05:03.371 [node2] INFO  com.zaxxer.hikari.HikariDataSource - HikariPool-1 - Starting...
18:05:03.584 [node2] INFO  com.zaxxer.hikari.HikariDataSource - HikariPool-1 - Start completed.
19:05:15.555 [main] INFO  com.ntu.client2.Node2ClientApplication - Starting Node2ClientApplication on LAPTOP-6SA701DM with PID 16084 (C:\Users\Lenovo\Desktop\datasync\datasync_node2_client\target\classes started by Lenovo in C:\Users\Lenovo\Desktop\datasync)
19:05:15.648 [main] INFO  com.ntu.client2.Node2ClientApplication - No active profile set, falling back to default profiles: default
19:05:17.944 [main] INFO  org.springframework.boot.web.embedded.tomcat.TomcatWebServer - Tomcat initialized with port(s): 8084 (http)
19:05:17.958 [main] INFO  org.apache.coyote.http11.Http11NioProtocol - Initializing ProtocolHandler ["http-nio-8084"]
19:05:17.959 [main] INFO  org.apache.catalina.core.StandardService - Starting service [Tomcat]
19:05:17.960 [main] INFO  org.apache.catalina.core.StandardEngine - Starting Servlet engine: [Apache Tomcat/9.0.33]
19:05:18.192 [main] INFO  org.apache.catalina.core.ContainerBase.[Tomcat].[localhost].[/] - Initializing Spring embedded WebApplicationContext
19:05:18.192 [main] INFO  org.springframework.web.context.ContextLoader - Root WebApplicationContext: initialization completed in 2324 ms
19:05:19.330 [main] INFO  org.springframework.scheduling.concurrent.ThreadPoolTaskExecutor - Initializing ExecutorService 'applicationTaskExecutor'
19:05:19.709 [main] INFO  com.ntu.common.client.EMQTTClient - connecting to server: ssl://127.0.0.1:8883
19:05:26.211 [main] INFO  com.ntu.client2.ClientStart - 团结河节点成功连接至MQTT服务器.........
19:05:26.214 [main] INFO  org.apache.coyote.http11.Http11NioProtocol - Starting ProtocolHandler ["http-nio-8084"]
19:05:26.251 [main] INFO  org.springframework.boot.web.embedded.tomcat.TomcatWebServer - Tomcat started on port(s): 8084 (http) with context path ''
19:05:26.256 [main] INFO  com.ntu.client2.Node2ClientApplication - Started Node2ClientApplication in 12.028 seconds (JVM running for 15.564)
