19:42:31.451 [main] INFO  com.ntu.client2.Node2ClientApplication - Starting Node2ClientApplication on LAPTOP-6SA701DM with PID 11188 (C:\Users\Lenovo\Desktop\datasync\datasync_node2_client\target\classes started by Lenovo in C:\Users\Lenovo\Desktop\datasync)
19:42:31.459 [main] INFO  com.ntu.client2.Node2ClientApplication - No active profile set, falling back to default profiles: default
19:42:33.697 [main] INFO  org.springframework.boot.web.embedded.tomcat.TomcatWebServer - Tomcat initialized with port(s): 8084 (http)
19:42:33.711 [main] INFO  org.apache.coyote.http11.Http11NioProtocol - Initializing ProtocolHandler ["http-nio-8084"]
19:42:33.712 [main] INFO  org.apache.catalina.core.StandardService - Starting service [Tomcat]
19:42:33.713 [main] INFO  org.apache.catalina.core.StandardEngine - Starting Servlet engine: [Apache Tomcat/9.0.33]
19:42:33.925 [main] INFO  org.apache.catalina.core.ContainerBase.[Tomcat].[localhost].[/] - Initializing Spring embedded WebApplicationContext
19:42:33.926 [main] INFO  org.springframework.web.context.ContextLoader - Root WebApplicationContext: initialization completed in 2259 ms
19:42:34.220 [main] INFO  org.springframework.scheduling.concurrent.ThreadPoolTaskExecutor - Initializing ExecutorService 'applicationTaskExecutor'
19:42:35.253 [main] INFO  com.ntu.common.client.EMQTTClient - connecting to server: ssl://127.0.0.1:8883
19:42:41.734 [main] INFO  com.ntu.client2.ClientStart - 团结河结点成功连接至MQTT服务器.........
19:42:41.737 [main] INFO  org.apache.coyote.http11.Http11NioProtocol - Starting ProtocolHandler ["http-nio-8084"]
19:42:41.777 [main] INFO  org.springframework.boot.web.embedded.tomcat.TomcatWebServer - Tomcat started on port(s): 8084 (http) with context path ''
19:42:41.782 [main] INFO  com.ntu.client2.Node2ClientApplication - Started Node2ClientApplication in 11.538 seconds (JVM running for 14.969)
19:42:51.799 [node2] INFO  com.zaxxer.hikari.HikariDataSource - HikariPool-1 - Starting...
19:42:52.379 [node2] INFO  com.zaxxer.hikari.HikariDataSource - HikariPool-1 - Start completed.
20:47:03.632 [main] INFO  com.ntu.client2.Node2ClientApplication - Starting Node2ClientApplication on LAPTOP-6SA701DM with PID 13644 (C:\Users\Lenovo\Desktop\datasync\datasync_node2_client\target\classes started by Lenovo in C:\Users\Lenovo\Desktop\datasync)
20:47:03.641 [main] INFO  com.ntu.client2.Node2ClientApplication - No active profile set, falling back to default profiles: default
20:47:07.284 [main] INFO  org.springframework.boot.web.embedded.tomcat.TomcatWebServer - Tomcat initialized with port(s): 8084 (http)
20:47:07.310 [main] INFO  org.apache.coyote.http11.Http11NioProtocol - Initializing ProtocolHandler ["http-nio-8084"]
20:47:07.311 [main] INFO  org.apache.catalina.core.StandardService - Starting service [Tomcat]
20:47:07.312 [main] INFO  org.apache.catalina.core.StandardEngine - Starting Servlet engine: [Apache Tomcat/9.0.33]
20:47:07.660 [main] INFO  org.apache.catalina.core.ContainerBase.[Tomcat].[localhost].[/] - Initializing Spring embedded WebApplicationContext
20:47:07.660 [main] INFO  org.springframework.web.context.ContextLoader - Root WebApplicationContext: initialization completed in 3902 ms
20:47:09.008 [main] INFO  org.springframework.scheduling.concurrent.ThreadPoolTaskExecutor - Initializing ExecutorService 'applicationTaskExecutor'
20:47:09.741 [main] INFO  com.ntu.common.client.EMQTTClient - connecting to server: ssl://127.0.0.1:8883
20:47:21.026 [main] INFO  com.ntu.client2.ClientStart - 团结河结点成功连接至MQTT服务器.........
20:47:21.031 [main] INFO  org.apache.coyote.http11.Http11NioProtocol - Starting ProtocolHandler ["http-nio-8084"]
20:47:21.095 [main] INFO  org.springframework.boot.web.embedded.tomcat.TomcatWebServer - Tomcat started on port(s): 8084 (http) with context path ''
20:47:21.105 [main] INFO  com.ntu.client2.Node2ClientApplication - Started Node2ClientApplication in 19.196 seconds (JVM running for 23.67)
20:47:31.057 [node2] INFO  com.zaxxer.hikari.HikariDataSource - HikariPool-1 - Starting...
20:47:31.288 [node2] INFO  com.zaxxer.hikari.HikariDataSource - HikariPool-1 - Start completed.
20:48:12.506 [node2] INFO  com.ntu.client2.sync.SendThread - 发送消息:TuanJieHeBuoyDianYa(infoId=1, areaId=sd, spotId=asd, nodeId=asd, dataTime=Tue May 05 04:48:02 CST 2020, dianya=234, dianliust=324, state=234)
20:48:23.515 [node2] INFO  com.ntu.client2.sync.SendThread - 发送消息:TuanJieHeBuoyDianYa(infoId=1, areaId=sd, spotId=asd, nodeId=asd, dataTime=Tue May 05 04:48:02 CST 2020, dianya=234, dianliust=324, state=234)
20:48:34.536 [node2] INFO  com.ntu.client2.sync.SendThread - 发送消息:TuanJieHeBuoyDianYa(infoId=1, areaId=sd, spotId=asd, nodeId=asd, dataTime=Tue May 05 04:48:02 CST 2020, dianya=234, dianliust=324, state=234)
20:48:45.543 [node2] INFO  com.ntu.client2.sync.SendThread - 发送消息:TuanJieHeBuoyDianYa(infoId=1, areaId=sd, spotId=asd, nodeId=asd, dataTime=Tue May 05 04:48:02 CST 2020, dianya=234, dianliust=324, state=234)
20:48:56.549 [node2] INFO  com.ntu.client2.sync.SendThread - 发送消息:TuanJieHeBuoyDianYa(infoId=1, areaId=sd, spotId=asd, nodeId=asd, dataTime=Tue May 05 04:48:02 CST 2020, dianya=234, dianliust=324, state=234)
20:49:07.555 [node2] INFO  com.ntu.client2.sync.SendThread - 发送消息:TuanJieHeBuoyDianYa(infoId=1, areaId=sd, spotId=asd, nodeId=asd, dataTime=Tue May 05 04:48:02 CST 2020, dianya=234, dianliust=324, state=234)
20:49:18.562 [node2] INFO  com.ntu.client2.sync.SendThread - 发送消息:TuanJieHeBuoyDianYa(infoId=1, areaId=sd, spotId=asd, nodeId=asd, dataTime=Tue May 05 04:48:02 CST 2020, dianya=234, dianliust=324, state=234)
20:49:29.570 [node2] INFO  com.ntu.client2.sync.SendThread - 发送消息:TuanJieHeBuoyDianYa(infoId=1, areaId=sd, spotId=asd, nodeId=asd, dataTime=Tue May 05 04:48:02 CST 2020, dianya=234, dianliust=324, state=234)
20:49:40.574 [node2] INFO  com.ntu.client2.sync.SendThread - 发送消息:TuanJieHeBuoyDianYa(infoId=1, areaId=sd, spotId=asd, nodeId=asd, dataTime=Tue May 05 04:48:02 CST 2020, dianya=234, dianliust=324, state=234)
20:49:41.596 [MQTT Call: tjh_node] INFO  com.ntu.client2.sync.NodeDataReceiver - 收到确认消息.....
20:49:41.597 [MQTT Call: tjh_node] INFO  com.ntu.client2.sync.NodeDataReceiver - TUANJIEHE_BUOY_DIANYA表中 1 号数据同步成功....
20:57:09.022 [main] INFO  com.ntu.client2.Node2ClientApplication - Starting Node2ClientApplication on LAPTOP-6SA701DM with PID 2224 (C:\Users\Lenovo\Desktop\datasync\datasync_node2_client\target\classes started by Lenovo in C:\Users\Lenovo\Desktop\datasync)
20:57:09.026 [main] INFO  com.ntu.client2.Node2ClientApplication - No active profile set, falling back to default profiles: default
20:57:11.005 [main] INFO  org.springframework.boot.web.embedded.tomcat.TomcatWebServer - Tomcat initialized with port(s): 8084 (http)
20:57:11.019 [main] INFO  org.apache.coyote.http11.Http11NioProtocol - Initializing ProtocolHandler ["http-nio-8084"]
20:57:11.020 [main] INFO  org.apache.catalina.core.StandardService - Starting service [Tomcat]
20:57:11.021 [main] INFO  org.apache.catalina.core.StandardEngine - Starting Servlet engine: [Apache Tomcat/9.0.33]
20:57:11.281 [main] INFO  org.apache.catalina.core.ContainerBase.[Tomcat].[localhost].[/] - Initializing Spring embedded WebApplicationContext
20:57:11.282 [main] INFO  org.springframework.web.context.ContextLoader - Root WebApplicationContext: initialization completed in 2090 ms
20:57:12.014 [main] INFO  org.springframework.scheduling.concurrent.ThreadPoolTaskExecutor - Initializing ExecutorService 'applicationTaskExecutor'
20:57:12.552 [main] INFO  com.ntu.common.client.EMQTTClient - connecting to server: ssl://127.0.0.1:8883
20:57:19.052 [main] INFO  com.ntu.client2.ClientStart - 团结河结点成功连接至MQTT服务器.........
20:57:19.055 [main] INFO  org.apache.coyote.http11.Http11NioProtocol - Starting ProtocolHandler ["http-nio-8084"]
20:57:19.092 [main] INFO  org.springframework.boot.web.embedded.tomcat.TomcatWebServer - Tomcat started on port(s): 8084 (http) with context path ''
20:57:19.097 [main] INFO  com.ntu.client2.Node2ClientApplication - Started Node2ClientApplication in 11.655 seconds (JVM running for 15.132)
20:57:29.140 [node2] INFO  com.zaxxer.hikari.HikariDataSource - HikariPool-1 - Starting...
20:57:29.417 [node2] INFO  com.zaxxer.hikari.HikariDataSource - HikariPool-1 - Start completed.
20:59:17.453 [main] INFO  com.ntu.client2.Node2ClientApplication - Starting Node2ClientApplication on LAPTOP-6SA701DM with PID 7932 (C:\Users\Lenovo\Desktop\datasync\datasync_node2_client\target\classes started by Lenovo in C:\Users\Lenovo\Desktop\datasync)
20:59:17.467 [main] INFO  com.ntu.client2.Node2ClientApplication - No active profile set, falling back to default profiles: default
20:59:20.442 [main] INFO  org.springframework.boot.web.embedded.tomcat.TomcatWebServer - Tomcat initialized with port(s): 8084 (http)
20:59:20.460 [main] INFO  org.apache.coyote.http11.Http11NioProtocol - Initializing ProtocolHandler ["http-nio-8084"]
20:59:20.461 [main] INFO  org.apache.catalina.core.StandardService - Starting service [Tomcat]
20:59:20.462 [main] INFO  org.apache.catalina.core.StandardEngine - Starting Servlet engine: [Apache Tomcat/9.0.33]
20:59:20.793 [main] INFO  org.apache.catalina.core.ContainerBase.[Tomcat].[localhost].[/] - Initializing Spring embedded WebApplicationContext
20:59:20.793 [main] INFO  org.springframework.web.context.ContextLoader - Root WebApplicationContext: initialization completed in 3157 ms
20:59:21.727 [main] INFO  org.springframework.scheduling.concurrent.ThreadPoolTaskExecutor - Initializing ExecutorService 'applicationTaskExecutor'
20:59:22.287 [main] INFO  com.ntu.common.client.EMQTTClient - connecting to server: ssl://127.0.0.1:8883
20:59:28.771 [main] INFO  com.ntu.client2.ClientStart - 团结河结点成功连接至MQTT服务器.........
20:59:28.774 [main] INFO  org.apache.coyote.http11.Http11NioProtocol - Starting ProtocolHandler ["http-nio-8084"]
20:59:28.812 [main] INFO  org.springframework.boot.web.embedded.tomcat.TomcatWebServer - Tomcat started on port(s): 8084 (http) with context path ''
20:59:28.817 [main] INFO  com.ntu.client2.Node2ClientApplication - Started Node2ClientApplication in 12.853 seconds (JVM running for 16.785)
20:59:38.802 [node2] INFO  com.zaxxer.hikari.HikariDataSource - HikariPool-1 - Starting...
20:59:38.997 [node2] INFO  com.zaxxer.hikari.HikariDataSource - HikariPool-1 - Start completed.
22:07:51.889 [main] INFO  com.ntu.client2.Node2ClientApplication - Starting Node2ClientApplication on LAPTOP-6SA701DM with PID 2212 (C:\Users\Lenovo\Desktop\datasync\datasync_node2_client\target\classes started by Lenovo in C:\Users\Lenovo\Desktop\datasync)
22:07:51.892 [main] INFO  com.ntu.client2.Node2ClientApplication - No active profile set, falling back to default profiles: default
22:07:54.572 [main] INFO  org.springframework.boot.web.embedded.tomcat.TomcatWebServer - Tomcat initialized with port(s): 8084 (http)
22:07:54.593 [main] INFO  org.apache.coyote.http11.Http11NioProtocol - Initializing ProtocolHandler ["http-nio-8084"]
22:07:54.594 [main] INFO  org.apache.catalina.core.StandardService - Starting service [Tomcat]
22:07:54.594 [main] INFO  org.apache.catalina.core.StandardEngine - Starting Servlet engine: [Apache Tomcat/9.0.33]
22:07:54.846 [main] INFO  org.apache.catalina.core.ContainerBase.[Tomcat].[localhost].[/] - Initializing Spring embedded WebApplicationContext
22:07:54.846 [main] INFO  org.springframework.web.context.ContextLoader - Root WebApplicationContext: initialization completed in 2823 ms
22:07:55.749 [main] INFO  org.springframework.scheduling.concurrent.ThreadPoolTaskExecutor - Initializing ExecutorService 'applicationTaskExecutor'
22:07:56.468 [main] INFO  com.ntu.common.client.EMQTTClient - connecting to server: ssl://127.0.0.1:8883
22:08:03.046 [main] INFO  com.ntu.client2.ClientStart - 团结河结点成功连接至MQTT服务器.........
22:08:03.049 [main] INFO  org.apache.coyote.http11.Http11NioProtocol - Starting ProtocolHandler ["http-nio-8084"]
22:08:03.085 [main] INFO  org.springframework.boot.web.embedded.tomcat.TomcatWebServer - Tomcat started on port(s): 8084 (http) with context path ''
22:08:03.090 [main] INFO  com.ntu.client2.Node2ClientApplication - Started Node2ClientApplication in 12.608 seconds (JVM running for 16.805)
22:08:13.093 [node2] INFO  com.zaxxer.hikari.HikariDataSource - HikariPool-1 - Starting...
22:08:13.315 [node2] INFO  com.zaxxer.hikari.HikariDataSource - HikariPool-1 - Start completed.
22:08:24.073 [main] INFO  com.ntu.client2.Node2ClientApplication - Starting Node2ClientApplication on LAPTOP-6SA701DM with PID 11436 (C:\Users\Lenovo\Desktop\datasync\datasync_node2_client\target\classes started by Lenovo in C:\Users\Lenovo\Desktop\datasync)
22:08:24.081 [main] INFO  com.ntu.client2.Node2ClientApplication - No active profile set, falling back to default profiles: default
22:08:26.421 [main] INFO  org.springframework.boot.web.embedded.tomcat.TomcatWebServer - Tomcat initialized with port(s): 8084 (http)
22:08:26.435 [main] INFO  org.apache.coyote.http11.Http11NioProtocol - Initializing ProtocolHandler ["http-nio-8084"]
22:08:26.436 [main] INFO  org.apache.catalina.core.StandardService - Starting service [Tomcat]
22:08:26.437 [main] INFO  org.apache.catalina.core.StandardEngine - Starting Servlet engine: [Apache Tomcat/9.0.33]
22:08:26.650 [main] INFO  org.apache.catalina.core.ContainerBase.[Tomcat].[localhost].[/] - Initializing Spring embedded WebApplicationContext
22:08:26.651 [main] INFO  org.springframework.web.context.ContextLoader - Root WebApplicationContext: initialization completed in 2413 ms
22:08:27.402 [main] INFO  org.springframework.scheduling.concurrent.ThreadPoolTaskExecutor - Initializing ExecutorService 'applicationTaskExecutor'
22:08:27.872 [main] INFO  com.ntu.common.client.EMQTTClient - connecting to server: ssl://127.0.0.1:8883
22:08:34.369 [main] INFO  com.ntu.client2.ClientStart - 团结河结点成功连接至MQTT服务器.........
22:08:34.372 [main] INFO  org.apache.coyote.http11.Http11NioProtocol - Starting ProtocolHandler ["http-nio-8084"]
22:08:34.410 [main] INFO  org.springframework.boot.web.embedded.tomcat.TomcatWebServer - Tomcat started on port(s): 8084 (http) with context path ''
22:08:34.417 [main] INFO  com.ntu.client2.Node2ClientApplication - Started Node2ClientApplication in 12.175 seconds (JVM running for 15.684)
22:08:44.397 [node2] INFO  com.zaxxer.hikari.HikariDataSource - HikariPool-1 - Starting...
22:08:44.595 [node2] INFO  com.zaxxer.hikari.HikariDataSource - HikariPool-1 - Start completed.
22:13:21.484 [main] INFO  com.ntu.client2.Node2ClientApplication - Starting Node2ClientApplication on LAPTOP-6SA701DM with PID 14004 (C:\Users\Lenovo\Desktop\datasync\datasync_node2_client\target\classes started by Lenovo in C:\Users\Lenovo\Desktop\datasync)
22:13:21.498 [main] INFO  com.ntu.client2.Node2ClientApplication - No active profile set, falling back to default profiles: default
22:13:25.052 [main] INFO  org.springframework.boot.web.embedded.tomcat.TomcatWebServer - Tomcat initialized with port(s): 8084 (http)
22:13:25.077 [main] INFO  org.apache.coyote.http11.Http11NioProtocol - Initializing ProtocolHandler ["http-nio-8084"]
22:13:25.078 [main] INFO  org.apache.catalina.core.StandardService - Starting service [Tomcat]
22:13:25.078 [main] INFO  org.apache.catalina.core.StandardEngine - Starting Servlet engine: [Apache Tomcat/9.0.33]
22:13:25.516 [main] INFO  org.apache.catalina.core.ContainerBase.[Tomcat].[localhost].[/] - Initializing Spring embedded WebApplicationContext
22:13:25.516 [main] INFO  org.springframework.web.context.ContextLoader - Root WebApplicationContext: initialization completed in 3890 ms
22:13:26.778 [main] INFO  org.springframework.scheduling.concurrent.ThreadPoolTaskExecutor - Initializing ExecutorService 'applicationTaskExecutor'
22:13:27.454 [main] INFO  com.ntu.common.client.EMQTTClient - connecting to server: ssl://127.0.0.1:8883
22:13:37.782 [main] INFO  com.ntu.client2.ClientStart - 团结河结点成功连接至MQTT服务器.........
22:13:37.789 [main] INFO  org.apache.coyote.http11.Http11NioProtocol - Starting ProtocolHandler ["http-nio-8084"]
22:13:38.024 [main] INFO  org.springframework.boot.web.embedded.tomcat.TomcatWebServer - Tomcat started on port(s): 8084 (http) with context path ''
22:13:38.057 [main] INFO  com.ntu.client2.Node2ClientApplication - Started Node2ClientApplication in 17.815 seconds (JVM running for 22.615)
22:13:47.900 [node2] INFO  com.zaxxer.hikari.HikariDataSource - HikariPool-1 - Starting...
22:13:48.219 [node2] INFO  com.zaxxer.hikari.HikariDataSource - HikariPool-1 - Start completed.
22:13:48.442 [node2] INFO  com.ntu.client2.sync.SendThread - 发送消息:TuanJieHeBuoyGongZuoWenDu(infoId=null, areaId=32, spotId=213, nodeId=213, dataTime=Wed May 13 06:12:01 CST 2020, num=234, numQuest=43, state=32, errornum=324, tem1hratur=23.0, tem2Xical=234.0)
22:13:59.448 [node2] INFO  com.ntu.client2.sync.SendThread - 发送消息:TuanJieHeBuoyGongZuoWenDu(infoId=null, areaId=32, spotId=213, nodeId=213, dataTime=Wed May 13 06:12:01 CST 2020, num=234, numQuest=43, state=32, errornum=324, tem1hratur=23.0, tem2Xical=234.0)
22:14:00.454 [MQTT Call: tjh_node] INFO  com.ntu.client2.sync.NodeDataReceiver - 收到确认消息.....
22:14:00.455 [MQTT Call: tjh_node] INFO  com.ntu.client2.sync.NodeDataReceiver - TUANJIEHE_BUOY_GONGZUOWENDU表中 2 号数据同步成功....
22:26:01.418 [main] INFO  com.ntu.client2.Node2ClientApplication - Starting Node2ClientApplication on LAPTOP-6SA701DM with PID 11460 (C:\Users\Lenovo\Desktop\datasync\datasync_node2_client\target\classes started by Lenovo in C:\Users\Lenovo\Desktop\datasync)
22:26:01.428 [main] INFO  com.ntu.client2.Node2ClientApplication - No active profile set, falling back to default profiles: default
22:26:03.750 [main] INFO  org.springframework.boot.web.embedded.tomcat.TomcatWebServer - Tomcat initialized with port(s): 8084 (http)
22:26:03.767 [main] INFO  org.apache.coyote.http11.Http11NioProtocol - Initializing ProtocolHandler ["http-nio-8084"]
22:26:03.768 [main] INFO  org.apache.catalina.core.StandardService - Starting service [Tomcat]
22:26:03.769 [main] INFO  org.apache.catalina.core.StandardEngine - Starting Servlet engine: [Apache Tomcat/9.0.33]
22:26:04.020 [main] INFO  org.apache.catalina.core.ContainerBase.[Tomcat].[localhost].[/] - Initializing Spring embedded WebApplicationContext
22:26:04.021 [main] INFO  org.springframework.web.context.ContextLoader - Root WebApplicationContext: initialization completed in 2427 ms
22:26:04.786 [main] INFO  org.springframework.scheduling.concurrent.ThreadPoolTaskExecutor - Initializing ExecutorService 'applicationTaskExecutor'
22:26:05.288 [main] INFO  com.ntu.common.client.EMQTTClient - connecting to server: ssl://127.0.0.1:8883
22:26:11.853 [main] INFO  com.ntu.client2.ClientStart - 团结河节点成功连接至MQTT服务器.........
22:26:11.858 [main] INFO  org.apache.coyote.http11.Http11NioProtocol - Starting ProtocolHandler ["http-nio-8084"]
22:26:11.896 [main] INFO  org.springframework.boot.web.embedded.tomcat.TomcatWebServer - Tomcat started on port(s): 8084 (http) with context path ''
22:26:11.901 [main] INFO  com.ntu.client2.Node2ClientApplication - Started Node2ClientApplication in 12.057 seconds (JVM running for 15.817)
22:26:21.884 [node2] INFO  com.zaxxer.hikari.HikariDataSource - HikariPool-1 - Starting...
22:26:22.106 [node2] INFO  com.zaxxer.hikari.HikariDataSource - HikariPool-1 - Start completed.
22:40:58.440 [main] INFO  com.ntu.client2.Node2ClientApplication - Starting Node2ClientApplication on LAPTOP-6SA701DM with PID 7056 (C:\Users\Lenovo\Desktop\datasync\datasync_node2_client\target\classes started by Lenovo in C:\Users\Lenovo\Desktop\datasync)
22:40:58.568 [main] INFO  com.ntu.client2.Node2ClientApplication - No active profile set, falling back to default profiles: default
22:42:59.769 [main] INFO  com.ntu.client2.Node2ClientApplication - Starting Node2ClientApplication on LAPTOP-6SA701DM with PID 12548 (C:\Users\Lenovo\Desktop\datasync\datasync_node2_client\target\classes started by Lenovo in C:\Users\Lenovo\Desktop\datasync)
22:42:59.777 [main] INFO  com.ntu.client2.Node2ClientApplication - No active profile set, falling back to default profiles: default
22:43:01.673 [main] INFO  org.springframework.boot.web.embedded.tomcat.TomcatWebServer - Tomcat initialized with port(s): 8084 (http)
22:43:01.687 [main] INFO  org.apache.coyote.http11.Http11NioProtocol - Initializing ProtocolHandler ["http-nio-8084"]
22:43:01.688 [main] INFO  org.apache.catalina.core.StandardService - Starting service [Tomcat]
22:43:01.689 [main] INFO  org.apache.catalina.core.StandardEngine - Starting Servlet engine: [Apache Tomcat/9.0.33]
22:43:01.895 [main] INFO  org.apache.catalina.core.ContainerBase.[Tomcat].[localhost].[/] - Initializing Spring embedded WebApplicationContext
22:43:01.895 [main] INFO  org.springframework.web.context.ContextLoader - Root WebApplicationContext: initialization completed in 2026 ms
22:43:02.647 [main] INFO  org.springframework.scheduling.concurrent.ThreadPoolTaskExecutor - Initializing ExecutorService 'applicationTaskExecutor'
22:43:03.116 [main] INFO  com.ntu.common.client.EMQTTClient - connecting to server: ssl://127.0.0.1:8883
22:43:09.913 [main] INFO  com.ntu.client2.ClientStart - 团结河节点成功连接至MQTT服务器.........
22:43:09.918 [main] INFO  org.apache.coyote.http11.Http11NioProtocol - Starting ProtocolHandler ["http-nio-8084"]
22:43:09.956 [main] INFO  org.springframework.boot.web.embedded.tomcat.TomcatWebServer - Tomcat started on port(s): 8084 (http) with context path ''
22:43:09.961 [main] INFO  com.ntu.client2.Node2ClientApplication - Started Node2ClientApplication in 11.813 seconds (JVM running for 15.859)
22:43:19.942 [node2] INFO  com.zaxxer.hikari.HikariDataSource - HikariPool-1 - Starting...
22:43:20.134 [node2] INFO  com.zaxxer.hikari.HikariDataSource - HikariPool-1 - Start completed.
22:43:50.558 [node2] INFO  com.ntu.client2.sync.SendThread - 发送消息:TuanJieHeBuoyGongZuoWenDu(infoId=null, areaId=tuanjiehe, spotId=we, nodeId=ew, dataTime=Wed May 13 06:43:37 CST 2020, num=ewr, numQuest=re, state=34, errornum=34, tem1hratur=323.0, tem2Xical=234.0)
22:44:01.570 [node2] INFO  com.ntu.client2.sync.SendThread - 发送消息:TuanJieHeBuoyGongZuoWenDu(infoId=null, areaId=tuanjiehe, spotId=we, nodeId=ew, dataTime=Wed May 13 06:43:37 CST 2020, num=ewr, numQuest=re, state=34, errornum=34, tem1hratur=323.0, tem2Xical=234.0)
22:44:12.568 [node2] INFO  com.ntu.client2.sync.SendThread - 发送消息:TuanJieHeBuoyGongZuoWenDu(infoId=null, areaId=tuanjiehe, spotId=we, nodeId=ew, dataTime=Wed May 13 06:43:37 CST 2020, num=ewr, numQuest=re, state=34, errornum=34, tem1hratur=323.0, tem2Xical=234.0)
22:44:23.575 [node2] INFO  com.ntu.client2.sync.SendThread - 发送消息:TuanJieHeBuoyGongZuoWenDu(infoId=null, areaId=tuanjiehe, spotId=we, nodeId=ew, dataTime=Wed May 13 06:43:37 CST 2020, num=ewr, numQuest=re, state=34, errornum=34, tem1hratur=323.0, tem2Xical=234.0)
22:44:34.582 [node2] INFO  com.ntu.client2.sync.SendThread - 发送消息:TuanJieHeBuoyGongZuoWenDu(infoId=null, areaId=tuanjiehe, spotId=we, nodeId=ew, dataTime=Wed May 13 06:43:37 CST 2020, num=ewr, numQuest=re, state=34, errornum=34, tem1hratur=323.0, tem2Xical=234.0)
22:44:45.587 [node2] INFO  com.ntu.client2.sync.SendThread - 发送消息:TuanJieHeBuoyGongZuoWenDu(infoId=null, areaId=tuanjiehe, spotId=we, nodeId=ew, dataTime=Wed May 13 06:43:37 CST 2020, num=ewr, numQuest=re, state=34, errornum=34, tem1hratur=323.0, tem2Xical=234.0)
22:44:56.593 [node2] INFO  com.ntu.client2.sync.SendThread - 发送消息:TuanJieHeBuoyGongZuoWenDu(infoId=null, areaId=tuanjiehe, spotId=we, nodeId=ew, dataTime=Wed May 13 06:43:37 CST 2020, num=ewr, numQuest=re, state=34, errornum=34, tem1hratur=323.0, tem2Xical=234.0)
22:45:07.601 [node2] INFO  com.ntu.client2.sync.SendThread - 发送消息:TuanJieHeBuoyGongZuoWenDu(infoId=null, areaId=tuanjiehe, spotId=we, nodeId=ew, dataTime=Wed May 13 06:43:37 CST 2020, num=ewr, numQuest=re, state=34, errornum=34, tem1hratur=323.0, tem2Xical=234.0)
22:45:18.604 [node2] INFO  com.ntu.client2.sync.SendThread - 发送消息:TuanJieHeBuoyGongZuoWenDu(infoId=null, areaId=tuanjiehe, spotId=we, nodeId=ew, dataTime=Wed May 13 06:43:37 CST 2020, num=ewr, numQuest=re, state=34, errornum=34, tem1hratur=323.0, tem2Xical=234.0)
22:45:29.612 [node2] INFO  com.ntu.client2.sync.SendThread - 发送消息:TuanJieHeBuoyGongZuoWenDu(infoId=null, areaId=tuanjiehe, spotId=we, nodeId=ew, dataTime=Wed May 13 06:43:37 CST 2020, num=ewr, numQuest=re, state=34, errornum=34, tem1hratur=323.0, tem2Xical=234.0)
22:45:40.617 [node2] INFO  com.ntu.client2.sync.SendThread - 发送消息:TuanJieHeBuoyGongZuoWenDu(infoId=null, areaId=tuanjiehe, spotId=we, nodeId=ew, dataTime=Wed May 13 06:43:37 CST 2020, num=ewr, numQuest=re, state=34, errornum=34, tem1hratur=323.0, tem2Xical=234.0)
22:45:51.625 [node2] INFO  com.ntu.client2.sync.SendThread - 发送消息:TuanJieHeBuoyGongZuoWenDu(infoId=null, areaId=tuanjiehe, spotId=we, nodeId=ew, dataTime=Wed May 13 06:43:37 CST 2020, num=ewr, numQuest=re, state=34, errornum=34, tem1hratur=323.0, tem2Xical=234.0)
22:46:02.631 [node2] INFO  com.ntu.client2.sync.SendThread - 发送消息:TuanJieHeBuoyGongZuoWenDu(infoId=null, areaId=tuanjiehe, spotId=we, nodeId=ew, dataTime=Wed May 13 06:43:37 CST 2020, num=ewr, numQuest=re, state=34, errornum=34, tem1hratur=323.0, tem2Xical=234.0)
22:46:13.641 [node2] INFO  com.ntu.client2.sync.SendThread - 发送消息:TuanJieHeBuoyGongZuoWenDu(infoId=null, areaId=tuanjiehe, spotId=we, nodeId=ew, dataTime=Wed May 13 06:43:37 CST 2020, num=ewr, numQuest=re, state=34, errornum=34, tem1hratur=323.0, tem2Xical=234.0)
22:46:24.646 [node2] INFO  com.ntu.client2.sync.SendThread - 发送消息:TuanJieHeBuoyGongZuoWenDu(infoId=null, areaId=tuanjiehe, spotId=we, nodeId=ew, dataTime=Wed May 13 06:43:37 CST 2020, num=ewr, numQuest=re, state=34, errornum=34, tem1hratur=323.0, tem2Xical=234.0)
22:46:35.653 [node2] INFO  com.ntu.client2.sync.SendThread - 发送消息:TuanJieHeBuoyGongZuoWenDu(infoId=null, areaId=tuanjiehe, spotId=we, nodeId=ew, dataTime=Wed May 13 06:43:37 CST 2020, num=ewr, numQuest=re, state=34, errornum=34, tem1hratur=323.0, tem2Xical=234.0)
22:46:46.659 [node2] INFO  com.ntu.client2.sync.SendThread - 发送消息:TuanJieHeBuoyGongZuoWenDu(infoId=null, areaId=tuanjiehe, spotId=we, nodeId=ew, dataTime=Wed May 13 06:43:37 CST 2020, num=ewr, numQuest=re, state=34, errornum=34, tem1hratur=323.0, tem2Xical=234.0)
22:46:57.665 [node2] INFO  com.ntu.client2.sync.SendThread - 发送消息:TuanJieHeBuoyGongZuoWenDu(infoId=null, areaId=tuanjiehe, spotId=we, nodeId=ew, dataTime=Wed May 13 06:43:37 CST 2020, num=ewr, numQuest=re, state=34, errornum=34, tem1hratur=323.0, tem2Xical=234.0)
22:47:08.671 [node2] INFO  com.ntu.client2.sync.SendThread - 发送消息:TuanJieHeBuoyGongZuoWenDu(infoId=null, areaId=tuanjiehe, spotId=we, nodeId=ew, dataTime=Wed May 13 06:43:37 CST 2020, num=ewr, numQuest=re, state=34, errornum=34, tem1hratur=323.0, tem2Xical=234.0)
22:47:19.677 [node2] INFO  com.ntu.client2.sync.SendThread - 发送消息:TuanJieHeBuoyGongZuoWenDu(infoId=null, areaId=tuanjiehe, spotId=we, nodeId=ew, dataTime=Wed May 13 06:43:37 CST 2020, num=ewr, numQuest=re, state=34, errornum=34, tem1hratur=323.0, tem2Xical=234.0)
22:47:30.684 [node2] INFO  com.ntu.client2.sync.SendThread - 发送消息:TuanJieHeBuoyGongZuoWenDu(infoId=null, areaId=tuanjiehe, spotId=we, nodeId=ew, dataTime=Wed May 13 06:43:37 CST 2020, num=ewr, numQuest=re, state=34, errornum=34, tem1hratur=323.0, tem2Xical=234.0)
22:47:41.692 [node2] INFO  com.ntu.client2.sync.SendThread - 发送消息:TuanJieHeBuoyGongZuoWenDu(infoId=null, areaId=tuanjiehe, spotId=we, nodeId=ew, dataTime=Wed May 13 06:43:37 CST 2020, num=ewr, numQuest=re, state=34, errornum=34, tem1hratur=323.0, tem2Xical=234.0)
22:47:52.698 [node2] INFO  com.ntu.client2.sync.SendThread - 发送消息:TuanJieHeBuoyGongZuoWenDu(infoId=null, areaId=tuanjiehe, spotId=we, nodeId=ew, dataTime=Wed May 13 06:43:37 CST 2020, num=ewr, numQuest=re, state=34, errornum=34, tem1hratur=323.0, tem2Xical=234.0)
22:48:03.749 [node2] INFO  com.ntu.client2.sync.SendThread - 发送消息:TuanJieHeBuoyGongZuoWenDu(infoId=null, areaId=tuanjiehe, spotId=we, nodeId=ew, dataTime=Wed May 13 06:43:37 CST 2020, num=ewr, numQuest=re, state=34, errornum=34, tem1hratur=323.0, tem2Xical=234.0)
22:48:14.706 [node2] INFO  com.ntu.client2.sync.SendThread - 发送消息:TuanJieHeBuoyGongZuoWenDu(infoId=null, areaId=tuanjiehe, spotId=we, nodeId=ew, dataTime=Wed May 13 06:43:37 CST 2020, num=ewr, numQuest=re, state=34, errornum=34, tem1hratur=323.0, tem2Xical=234.0)
22:48:25.714 [node2] INFO  com.ntu.client2.sync.SendThread - 发送消息:TuanJieHeBuoyGongZuoWenDu(infoId=null, areaId=tuanjiehe, spotId=we, nodeId=ew, dataTime=Wed May 13 06:43:37 CST 2020, num=ewr, numQuest=re, state=34, errornum=34, tem1hratur=323.0, tem2Xical=234.0)
22:48:36.722 [node2] INFO  com.ntu.client2.sync.SendThread - 发送消息:TuanJieHeBuoyGongZuoWenDu(infoId=null, areaId=tuanjiehe, spotId=we, nodeId=ew, dataTime=Wed May 13 06:43:37 CST 2020, num=ewr, numQuest=re, state=34, errornum=34, tem1hratur=323.0, tem2Xical=234.0)
22:48:47.727 [node2] INFO  com.ntu.client2.sync.SendThread - 发送消息:TuanJieHeBuoyGongZuoWenDu(infoId=null, areaId=tuanjiehe, spotId=we, nodeId=ew, dataTime=Wed May 13 06:43:37 CST 2020, num=ewr, numQuest=re, state=34, errornum=34, tem1hratur=323.0, tem2Xical=234.0)
22:48:58.732 [node2] INFO  com.ntu.client2.sync.SendThread - 发送消息:TuanJieHeBuoyGongZuoWenDu(infoId=null, areaId=tuanjiehe, spotId=we, nodeId=ew, dataTime=Wed May 13 06:43:37 CST 2020, num=ewr, numQuest=re, state=34, errornum=34, tem1hratur=323.0, tem2Xical=234.0)
22:49:09.738 [node2] INFO  com.ntu.client2.sync.SendThread - 发送消息:TuanJieHeBuoyGongZuoWenDu(infoId=null, areaId=tuanjiehe, spotId=we, nodeId=ew, dataTime=Wed May 13 06:43:37 CST 2020, num=ewr, numQuest=re, state=34, errornum=34, tem1hratur=323.0, tem2Xical=234.0)
22:49:20.746 [node2] INFO  com.ntu.client2.sync.SendThread - 发送消息:TuanJieHeBuoyGongZuoWenDu(infoId=null, areaId=tuanjiehe, spotId=we, nodeId=ew, dataTime=Wed May 13 06:43:37 CST 2020, num=ewr, numQuest=re, state=34, errornum=34, tem1hratur=323.0, tem2Xical=234.0)
22:49:31.755 [node2] INFO  com.ntu.client2.sync.SendThread - 发送消息:TuanJieHeBuoyGongZuoWenDu(infoId=null, areaId=tuanjiehe, spotId=we, nodeId=ew, dataTime=Wed May 13 06:43:37 CST 2020, num=ewr, numQuest=re, state=34, errornum=34, tem1hratur=323.0, tem2Xical=234.0)
22:49:42.760 [node2] INFO  com.ntu.client2.sync.SendThread - 发送消息:TuanJieHeBuoyGongZuoWenDu(infoId=null, areaId=tuanjiehe, spotId=we, nodeId=ew, dataTime=Wed May 13 06:43:37 CST 2020, num=ewr, numQuest=re, state=34, errornum=34, tem1hratur=323.0, tem2Xical=234.0)
22:49:53.767 [node2] INFO  com.ntu.client2.sync.SendThread - 发送消息:TuanJieHeBuoyGongZuoWenDu(infoId=null, areaId=tuanjiehe, spotId=we, nodeId=ew, dataTime=Wed May 13 06:43:37 CST 2020, num=ewr, numQuest=re, state=34, errornum=34, tem1hratur=323.0, tem2Xical=234.0)
22:50:04.773 [node2] INFO  com.ntu.client2.sync.SendThread - 发送消息:TuanJieHeBuoyGongZuoWenDu(infoId=null, areaId=tuanjiehe, spotId=we, nodeId=ew, dataTime=Wed May 13 06:43:37 CST 2020, num=ewr, numQuest=re, state=34, errornum=34, tem1hratur=323.0, tem2Xical=234.0)
22:50:15.779 [node2] INFO  com.ntu.client2.sync.SendThread - 发送消息:TuanJieHeBuoyGongZuoWenDu(infoId=null, areaId=tuanjiehe, spotId=we, nodeId=ew, dataTime=Wed May 13 06:43:37 CST 2020, num=ewr, numQuest=re, state=34, errornum=34, tem1hratur=323.0, tem2Xical=234.0)
22:50:26.787 [node2] INFO  com.ntu.client2.sync.SendThread - 发送消息:TuanJieHeBuoyGongZuoWenDu(infoId=null, areaId=tuanjiehe, spotId=we, nodeId=ew, dataTime=Wed May 13 06:43:37 CST 2020, num=ewr, numQuest=re, state=34, errornum=34, tem1hratur=323.0, tem2Xical=234.0)
22:50:37.793 [node2] INFO  com.ntu.client2.sync.SendThread - 发送消息:TuanJieHeBuoyGongZuoWenDu(infoId=null, areaId=tuanjiehe, spotId=we, nodeId=ew, dataTime=Wed May 13 06:43:37 CST 2020, num=ewr, numQuest=re, state=34, errornum=34, tem1hratur=323.0, tem2Xical=234.0)
22:50:48.798 [node2] INFO  com.ntu.client2.sync.SendThread - 发送消息:TuanJieHeBuoyGongZuoWenDu(infoId=null, areaId=tuanjiehe, spotId=we, nodeId=ew, dataTime=Wed May 13 06:43:37 CST 2020, num=ewr, numQuest=re, state=34, errornum=34, tem1hratur=323.0, tem2Xical=234.0)
22:50:59.807 [node2] INFO  com.ntu.client2.sync.SendThread - 发送消息:TuanJieHeBuoyGongZuoWenDu(infoId=null, areaId=tuanjiehe, spotId=we, nodeId=ew, dataTime=Wed May 13 06:43:37 CST 2020, num=ewr, numQuest=re, state=34, errornum=34, tem1hratur=323.0, tem2Xical=234.0)
22:51:10.812 [node2] INFO  com.ntu.client2.sync.SendThread - 发送消息:TuanJieHeBuoyGongZuoWenDu(infoId=null, areaId=tuanjiehe, spotId=we, nodeId=ew, dataTime=Wed May 13 06:43:37 CST 2020, num=ewr, numQuest=re, state=34, errornum=34, tem1hratur=323.0, tem2Xical=234.0)
22:51:21.821 [node2] INFO  com.ntu.client2.sync.SendThread - 发送消息:TuanJieHeBuoyGongZuoWenDu(infoId=null, areaId=tuanjiehe, spotId=we, nodeId=ew, dataTime=Wed May 13 06:43:37 CST 2020, num=ewr, numQuest=re, state=34, errornum=34, tem1hratur=323.0, tem2Xical=234.0)
22:51:32.827 [node2] INFO  com.ntu.client2.sync.SendThread - 发送消息:TuanJieHeBuoyGongZuoWenDu(infoId=null, areaId=tuanjiehe, spotId=we, nodeId=ew, dataTime=Wed May 13 06:43:37 CST 2020, num=ewr, numQuest=re, state=34, errornum=34, tem1hratur=323.0, tem2Xical=234.0)
22:51:43.833 [node2] INFO  com.ntu.client2.sync.SendThread - 发送消息:TuanJieHeBuoyGongZuoWenDu(infoId=null, areaId=tuanjiehe, spotId=we, nodeId=ew, dataTime=Wed May 13 06:43:37 CST 2020, num=ewr, numQuest=re, state=34, errornum=34, tem1hratur=323.0, tem2Xical=234.0)
22:51:54.840 [node2] INFO  com.ntu.client2.sync.SendThread - 发送消息:TuanJieHeBuoyGongZuoWenDu(infoId=null, areaId=tuanjiehe, spotId=we, nodeId=ew, dataTime=Wed May 13 06:43:37 CST 2020, num=ewr, numQuest=re, state=34, errornum=34, tem1hratur=323.0, tem2Xical=234.0)
22:52:05.846 [node2] INFO  com.ntu.client2.sync.SendThread - 发送消息:TuanJieHeBuoyGongZuoWenDu(infoId=null, areaId=tuanjiehe, spotId=we, nodeId=ew, dataTime=Wed May 13 06:43:37 CST 2020, num=ewr, numQuest=re, state=34, errornum=34, tem1hratur=323.0, tem2Xical=234.0)
22:52:16.852 [node2] INFO  com.ntu.client2.sync.SendThread - 发送消息:TuanJieHeBuoyGongZuoWenDu(infoId=null, areaId=tuanjiehe, spotId=we, nodeId=ew, dataTime=Wed May 13 06:43:37 CST 2020, num=ewr, numQuest=re, state=34, errornum=34, tem1hratur=323.0, tem2Xical=234.0)
22:52:27.855 [node2] INFO  com.ntu.client2.sync.SendThread - 发送消息:TuanJieHeBuoyGongZuoWenDu(infoId=null, areaId=tuanjiehe, spotId=we, nodeId=ew, dataTime=Wed May 13 06:43:37 CST 2020, num=ewr, numQuest=re, state=34, errornum=34, tem1hratur=323.0, tem2Xical=234.0)
22:52:38.860 [node2] INFO  com.ntu.client2.sync.SendThread - 发送消息:TuanJieHeBuoyGongZuoWenDu(infoId=null, areaId=tuanjiehe, spotId=we, nodeId=ew, dataTime=Wed May 13 06:43:37 CST 2020, num=ewr, numQuest=re, state=34, errornum=34, tem1hratur=323.0, tem2Xical=234.0)
22:52:49.868 [node2] INFO  com.ntu.client2.sync.SendThread - 发送消息:TuanJieHeBuoyGongZuoWenDu(infoId=null, areaId=tuanjiehe, spotId=we, nodeId=ew, dataTime=Wed May 13 06:43:37 CST 2020, num=ewr, numQuest=re, state=34, errornum=34, tem1hratur=323.0, tem2Xical=234.0)
22:53:00.874 [node2] INFO  com.ntu.client2.sync.SendThread - 发送消息:TuanJieHeBuoyGongZuoWenDu(infoId=null, areaId=tuanjiehe, spotId=we, nodeId=ew, dataTime=Wed May 13 06:43:37 CST 2020, num=ewr, numQuest=re, state=34, errornum=34, tem1hratur=323.0, tem2Xical=234.0)
22:53:11.880 [node2] INFO  com.ntu.client2.sync.SendThread - 发送消息:TuanJieHeBuoyGongZuoWenDu(infoId=null, areaId=tuanjiehe, spotId=we, nodeId=ew, dataTime=Wed May 13 06:43:37 CST 2020, num=ewr, numQuest=re, state=34, errornum=34, tem1hratur=323.0, tem2Xical=234.0)
22:53:22.890 [node2] INFO  com.ntu.client2.sync.SendThread - 发送消息:TuanJieHeBuoyGongZuoWenDu(infoId=null, areaId=tuanjiehe, spotId=we, nodeId=ew, dataTime=Wed May 13 06:43:37 CST 2020, num=ewr, numQuest=re, state=34, errornum=34, tem1hratur=323.0, tem2Xical=234.0)
22:53:33.898 [node2] INFO  com.ntu.client2.sync.SendThread - 发送消息:TuanJieHeBuoyGongZuoWenDu(infoId=null, areaId=tuanjiehe, spotId=we, nodeId=ew, dataTime=Wed May 13 06:43:37 CST 2020, num=ewr, numQuest=re, state=34, errornum=34, tem1hratur=323.0, tem2Xical=234.0)
22:53:44.907 [node2] INFO  com.ntu.client2.sync.SendThread - 发送消息:TuanJieHeBuoyGongZuoWenDu(infoId=null, areaId=tuanjiehe, spotId=we, nodeId=ew, dataTime=Wed May 13 06:43:37 CST 2020, num=ewr, numQuest=re, state=34, errornum=34, tem1hratur=323.0, tem2Xical=234.0)
22:54:04.273 [main] INFO  com.ntu.client2.Node2ClientApplication - Starting Node2ClientApplication on LAPTOP-6SA701DM with PID 15484 (C:\Users\Lenovo\Desktop\datasync\datasync_node2_client\target\classes started by Lenovo in C:\Users\Lenovo\Desktop\datasync)
22:54:04.284 [main] INFO  com.ntu.client2.Node2ClientApplication - No active profile set, falling back to default profiles: default
22:54:07.191 [main] INFO  org.springframework.boot.web.embedded.tomcat.TomcatWebServer - Tomcat initialized with port(s): 8084 (http)
22:54:07.207 [main] INFO  org.apache.coyote.http11.Http11NioProtocol - Initializing ProtocolHandler ["http-nio-8084"]
22:54:07.208 [main] INFO  org.apache.catalina.core.StandardService - Starting service [Tomcat]
22:54:07.208 [main] INFO  org.apache.catalina.core.StandardEngine - Starting Servlet engine: [Apache Tomcat/9.0.33]
22:54:07.516 [main] INFO  org.apache.catalina.core.ContainerBase.[Tomcat].[localhost].[/] - Initializing Spring embedded WebApplicationContext
22:54:07.517 [main] INFO  org.springframework.web.context.ContextLoader - Root WebApplicationContext: initialization completed in 2916 ms
22:54:08.458 [main] INFO  org.springframework.scheduling.concurrent.ThreadPoolTaskExecutor - Initializing ExecutorService 'applicationTaskExecutor'
22:54:09.082 [main] INFO  com.ntu.common.client.EMQTTClient - connecting to server: ssl://127.0.0.1:8883
22:54:17.440 [main] INFO  com.ntu.client2.ClientStart - 团结河节点成功连接至MQTT服务器.........
22:54:17.447 [main] INFO  org.apache.coyote.http11.Http11NioProtocol - Starting ProtocolHandler ["http-nio-8084"]
22:54:17.545 [main] INFO  org.springframework.boot.web.embedded.tomcat.TomcatWebServer - Tomcat started on port(s): 8084 (http) with context path ''
22:54:17.561 [main] INFO  com.ntu.client2.Node2ClientApplication - Started Node2ClientApplication in 14.874 seconds (JVM running for 18.509)
22:54:27.579 [node2] INFO  com.zaxxer.hikari.HikariDataSource - HikariPool-1 - Starting...
22:54:27.827 [node2] INFO  com.zaxxer.hikari.HikariDataSource - HikariPool-1 - Start completed.
22:54:28.272 [node2] INFO  com.ntu.client2.sync.SendThread - 发送消息:TuanJieHeBuoyGongZuoWenDu(infoId=null, areaId=tuanjiehe, spotId=we, nodeId=ew, dataTime=Wed May 13 06:43:37 CST 2020, num=ewr, numQuest=re, state=34, errornum=34, tem1hratur=323.0, tem2Xical=234.0)
22:54:39.288 [node2] INFO  com.ntu.client2.sync.SendThread - 发送消息:TuanJieHeBuoyGongZuoWenDu(infoId=null, areaId=tuanjiehe, spotId=we, nodeId=ew, dataTime=Wed May 13 06:43:37 CST 2020, num=ewr, numQuest=re, state=34, errornum=34, tem1hratur=323.0, tem2Xical=234.0)
22:54:40.289 [MQTT Call: tjh_node] INFO  com.ntu.client2.sync.NodeDataReceiver - 收到确认消息.....
22:54:40.289 [MQTT Call: tjh_node] INFO  com.ntu.client2.sync.NodeDataReceiver - TUANJIEHE_BUOY_GONGZUOWENDU表中 3 号数据同步成功....
22:58:46.619 [main] INFO  com.ntu.client2.Node2ClientApplication - Starting Node2ClientApplication on LAPTOP-6SA701DM with PID 15504 (C:\Users\Lenovo\Desktop\datasync\datasync_node2_client\target\classes started by Lenovo in C:\Users\Lenovo\Desktop\datasync)
22:58:46.629 [main] INFO  com.ntu.client2.Node2ClientApplication - No active profile set, falling back to default profiles: default
22:58:48.858 [main] INFO  org.springframework.boot.web.embedded.tomcat.TomcatWebServer - Tomcat initialized with port(s): 8084 (http)
22:58:48.873 [main] INFO  org.apache.coyote.http11.Http11NioProtocol - Initializing ProtocolHandler ["http-nio-8084"]
22:58:48.874 [main] INFO  org.apache.catalina.core.StandardService - Starting service [Tomcat]
22:58:48.874 [main] INFO  org.apache.catalina.core.StandardEngine - Starting Servlet engine: [Apache Tomcat/9.0.33]
22:58:49.084 [main] INFO  org.apache.catalina.core.ContainerBase.[Tomcat].[localhost].[/] - Initializing Spring embedded WebApplicationContext
22:58:49.084 [main] INFO  org.springframework.web.context.ContextLoader - Root WebApplicationContext: initialization completed in 2272 ms
22:58:49.821 [main] INFO  org.springframework.scheduling.concurrent.ThreadPoolTaskExecutor - Initializing ExecutorService 'applicationTaskExecutor'
22:58:50.306 [main] INFO  com.ntu.common.client.EMQTTClient - connecting to server: ssl://127.0.0.1:8883
22:58:57.144 [main] INFO  com.ntu.client2.ClientStart - 团结河节点成功连接至MQTT服务器.........
22:58:57.150 [main] INFO  org.apache.coyote.http11.Http11NioProtocol - Starting ProtocolHandler ["http-nio-8084"]
22:58:57.220 [main] INFO  org.springframework.boot.web.embedded.tomcat.TomcatWebServer - Tomcat started on port(s): 8084 (http) with context path ''
22:58:57.226 [main] INFO  com.ntu.client2.Node2ClientApplication - Started Node2ClientApplication in 11.99 seconds (JVM running for 15.653)
22:59:07.195 [node2] INFO  com.zaxxer.hikari.HikariDataSource - HikariPool-1 - Starting...
22:59:07.466 [node2] INFO  com.zaxxer.hikari.HikariDataSource - HikariPool-1 - Start completed.
22:59:28.005 [node2] INFO  com.ntu.client2.sync.SendThread - 发送消息:TuanJieHeBuoyGongZuoWenDu(infoId=null, areaId=tuanjiehe, spotId=ss, nodeId=ss, dataTime=Thu May 14 06:59:16 CST 2020, num=546, numQuest=56, state=879, errornum=58, tem1hratur=65.0, tem2Xical=3.0)
22:59:29.010 [MQTT Call: tjh_node] INFO  com.ntu.client2.sync.NodeDataReceiver - 收到确认消息.....
22:59:29.010 [MQTT Call: tjh_node] INFO  com.ntu.client2.sync.NodeDataReceiver - TUANJIEHE_BUOY_GONGZUOWENDU表中 4 号数据同步成功....
23:03:49.157 [node2] INFO  com.ntu.client2.sync.SendThread - 发送消息:TuanJieHeBuoyDianYa(infoId=2, areaId=tuanjiehe, spotId=34, nodeId=32, dataTime=Wed May 06 07:03:42 CST 2020, dianya=435, dianliust=345, state=45)
23:03:50.161 [MQTT Call: tjh_node] INFO  com.ntu.client2.sync.NodeDataReceiver - 收到确认消息.....
23:03:50.161 [MQTT Call: tjh_node] INFO  com.ntu.client2.sync.NodeDataReceiver - TUANJIEHE_BUOY_DIANYA 表中的 2 号数据同步失败
23:04:00.164 [node2] INFO  com.ntu.client2.sync.SendThread - 发送消息:TuanJieHeBuoyDianYa(infoId=2, areaId=tuanjiehe, spotId=34, nodeId=32, dataTime=Wed May 06 07:03:42 CST 2020, dianya=435, dianliust=345, state=45)
23:04:00.172 [MQTT Call: tjh_node] INFO  com.ntu.client2.sync.NodeDataReceiver - 收到确认消息.....
23:04:11.170 [node2] INFO  com.ntu.client2.sync.SendThread - 发送消息:TuanJieHeBuoyDianYa(infoId=2, areaId=tuanjiehe, spotId=34, nodeId=32, dataTime=Wed May 06 07:03:42 CST 2020, dianya=435, dianliust=345, state=45)
23:04:11.178 [MQTT Call: tjh_node] INFO  com.ntu.client2.sync.NodeDataReceiver - 收到确认消息.....
23:04:22.180 [node2] INFO  com.ntu.client2.sync.SendThread - 发送消息:TuanJieHeBuoyDianYa(infoId=2, areaId=tuanjiehe, spotId=34, nodeId=32, dataTime=Wed May 06 07:03:42 CST 2020, dianya=435, dianliust=345, state=45)
23:04:22.191 [MQTT Call: tjh_node] INFO  com.ntu.client2.sync.NodeDataReceiver - 收到确认消息.....
23:04:33.188 [node2] INFO  com.ntu.client2.sync.SendThread - 发送消息:TuanJieHeBuoyDianYa(infoId=2, areaId=tuanjiehe, spotId=34, nodeId=32, dataTime=Wed May 06 07:03:42 CST 2020, dianya=435, dianliust=345, state=45)
23:04:33.200 [MQTT Call: tjh_node] INFO  com.ntu.client2.sync.NodeDataReceiver - 收到确认消息.....
23:04:44.193 [node2] INFO  com.ntu.client2.sync.SendThread - 发送消息:TuanJieHeBuoyDianYa(infoId=2, areaId=tuanjiehe, spotId=34, nodeId=32, dataTime=Wed May 06 07:03:42 CST 2020, dianya=435, dianliust=345, state=45)
23:04:44.200 [MQTT Call: tjh_node] INFO  com.ntu.client2.sync.NodeDataReceiver - 收到确认消息.....
23:12:54.475 [node2] INFO  com.ntu.client2.sync.SendThread - 发送消息:TuanJieHeBuoyDianYa(infoId=2, areaId=tuanjiehe, spotId=34, nodeId=32, dataTime=Wed May 06 07:03:42 CST 2020, dianya=435, dianliust=345, state=45)
23:12:56.481 [MQTT Call: tjh_node] INFO  com.ntu.client2.sync.NodeDataReceiver - 收到确认消息.....
23:12:56.481 [MQTT Call: tjh_node] INFO  com.ntu.client2.sync.NodeDataReceiver - TUANJIEHE_BUOY_DIANYA 表中的 2 号数据同步失败
23:13:05.484 [node2] INFO  com.ntu.client2.sync.SendThread - 发送消息:TuanJieHeBuoyDianYa(infoId=2, areaId=tuanjiehe, spotId=34, nodeId=32, dataTime=Wed May 06 07:03:42 CST 2020, dianya=435, dianliust=345, state=45)
23:13:05.491 [MQTT Call: tjh_node] INFO  com.ntu.client2.sync.NodeDataReceiver - 收到确认消息.....
23:13:05.491 [MQTT Call: tjh_node] INFO  com.ntu.client2.sync.NodeDataReceiver - TUANJIEHE_BUOY_DIANYA 表中的 2 号数据同步失败
23:13:16.491 [node2] INFO  com.ntu.client2.sync.SendThread - 发送消息:TuanJieHeBuoyDianYa(infoId=2, areaId=tuanjiehe, spotId=34, nodeId=32, dataTime=Wed May 06 07:03:42 CST 2020, dianya=435, dianliust=345, state=45)
23:13:16.496 [MQTT Call: tjh_node] INFO  com.ntu.client2.sync.NodeDataReceiver - 收到确认消息.....
23:13:16.496 [MQTT Call: tjh_node] INFO  com.ntu.client2.sync.NodeDataReceiver - TUANJIEHE_BUOY_DIANYA 表中的 2 号数据同步失败
23:13:27.497 [node2] INFO  com.ntu.client2.sync.SendThread - 发送消息:TuanJieHeBuoyDianYa(infoId=2, areaId=tuanjiehe, spotId=34, nodeId=32, dataTime=Wed May 06 07:03:42 CST 2020, dianya=435, dianliust=345, state=45)
23:13:27.503 [MQTT Call: tjh_node] INFO  com.ntu.client2.sync.NodeDataReceiver - 收到确认消息.....
23:13:27.504 [MQTT Call: tjh_node] INFO  com.ntu.client2.sync.NodeDataReceiver - TUANJIEHE_BUOY_DIANYA 表中的 2 号数据同步失败
23:13:38.506 [node2] INFO  com.ntu.client2.sync.SendThread - 发送消息:TuanJieHeBuoyDianYa(infoId=2, areaId=tuanjiehe, spotId=34, nodeId=32, dataTime=Wed May 06 07:03:42 CST 2020, dianya=435, dianliust=345, state=45)
23:13:38.518 [MQTT Call: tjh_node] INFO  com.ntu.client2.sync.NodeDataReceiver - 收到确认消息.....
23:13:38.518 [MQTT Call: tjh_node] INFO  com.ntu.client2.sync.NodeDataReceiver - TUANJIEHE_BUOY_DIANYA 表中的 2 号数据同步失败
23:13:49.517 [node2] INFO  com.ntu.client2.sync.SendThread - 发送消息:TuanJieHeBuoyDianYa(infoId=2, areaId=tuanjiehe, spotId=34, nodeId=32, dataTime=Wed May 06 07:03:42 CST 2020, dianya=435, dianliust=345, state=45)
23:13:49.523 [MQTT Call: tjh_node] INFO  com.ntu.client2.sync.NodeDataReceiver - 收到确认消息.....
23:13:49.524 [MQTT Call: tjh_node] INFO  com.ntu.client2.sync.NodeDataReceiver - TUANJIEHE_BUOY_DIANYA 表中的 2 号数据同步失败
23:14:00.519 [node2] INFO  com.ntu.client2.sync.SendThread - 发送消息:TuanJieHeBuoyDianYa(infoId=2, areaId=tuanjiehe, spotId=34, nodeId=32, dataTime=Wed May 06 07:03:42 CST 2020, dianya=435, dianliust=345, state=45)
23:14:00.524 [MQTT Call: tjh_node] INFO  com.ntu.client2.sync.NodeDataReceiver - 收到确认消息.....
23:14:00.524 [MQTT Call: tjh_node] INFO  com.ntu.client2.sync.NodeDataReceiver - TUANJIEHE_BUOY_DIANYA 表中的 2 号数据同步失败
23:14:11.526 [node2] INFO  com.ntu.client2.sync.SendThread - 发送消息:TuanJieHeBuoyDianYa(infoId=2, areaId=tuanjiehe, spotId=34, nodeId=32, dataTime=Wed May 06 07:03:42 CST 2020, dianya=435, dianliust=345, state=45)
23:14:11.533 [MQTT Call: tjh_node] INFO  com.ntu.client2.sync.NodeDataReceiver - 收到确认消息.....
23:14:11.533 [MQTT Call: tjh_node] INFO  com.ntu.client2.sync.NodeDataReceiver - TUANJIEHE_BUOY_DIANYA 表中的 2 号数据同步失败
23:14:22.532 [node2] INFO  com.ntu.client2.sync.SendThread - 发送消息:TuanJieHeBuoyDianYa(infoId=2, areaId=tuanjiehe, spotId=34, nodeId=32, dataTime=Wed May 06 07:03:42 CST 2020, dianya=435, dianliust=345, state=45)
23:14:22.540 [MQTT Call: tjh_node] INFO  com.ntu.client2.sync.NodeDataReceiver - 收到确认消息.....
23:14:22.541 [MQTT Call: tjh_node] INFO  com.ntu.client2.sync.NodeDataReceiver - TUANJIEHE_BUOY_DIANYA 表中的 2 号数据同步失败
23:14:33.538 [node2] INFO  com.ntu.client2.sync.SendThread - 发送消息:TuanJieHeBuoyDianYa(infoId=2, areaId=tuanjiehe, spotId=34, nodeId=32, dataTime=Wed May 06 07:03:42 CST 2020, dianya=435, dianliust=345, state=45)
23:14:33.546 [MQTT Call: tjh_node] INFO  com.ntu.client2.sync.NodeDataReceiver - 收到确认消息.....
23:14:33.546 [MQTT Call: tjh_node] INFO  com.ntu.client2.sync.NodeDataReceiver - TUANJIEHE_BUOY_DIANYA 表中的 2 号数据同步失败
23:14:44.546 [node2] INFO  com.ntu.client2.sync.SendThread - 发送消息:TuanJieHeBuoyDianYa(infoId=2, areaId=tuanjiehe, spotId=34, nodeId=32, dataTime=Wed May 06 07:03:42 CST 2020, dianya=435, dianliust=345, state=45)
23:14:44.606 [MQTT Call: tjh_node] INFO  com.ntu.client2.sync.NodeDataReceiver - 收到确认消息.....
23:14:44.606 [MQTT Call: tjh_node] INFO  com.ntu.client2.sync.NodeDataReceiver - TUANJIEHE_BUOY_DIANYA 表中的 2 号数据同步失败
23:14:55.553 [node2] INFO  com.ntu.client2.sync.SendThread - 发送消息:TuanJieHeBuoyDianYa(infoId=2, areaId=tuanjiehe, spotId=34, nodeId=32, dataTime=Wed May 06 07:03:42 CST 2020, dianya=435, dianliust=345, state=45)
23:14:55.560 [MQTT Call: tjh_node] INFO  com.ntu.client2.sync.NodeDataReceiver - 收到确认消息.....
23:14:55.561 [MQTT Call: tjh_node] INFO  com.ntu.client2.sync.NodeDataReceiver - TUANJIEHE_BUOY_DIANYA 表中的 2 号数据同步失败
23:15:06.562 [node2] INFO  com.ntu.client2.sync.SendThread - 发送消息:TuanJieHeBuoyDianYa(infoId=2, areaId=tuanjiehe, spotId=34, nodeId=32, dataTime=Wed May 06 07:03:42 CST 2020, dianya=435, dianliust=345, state=45)
23:15:06.568 [MQTT Call: tjh_node] INFO  com.ntu.client2.sync.NodeDataReceiver - 收到确认消息.....
23:15:06.568 [MQTT Call: tjh_node] INFO  com.ntu.client2.sync.NodeDataReceiver - TUANJIEHE_BUOY_DIANYA 表中的 2 号数据同步失败
23:15:17.568 [node2] INFO  com.ntu.client2.sync.SendThread - 发送消息:TuanJieHeBuoyDianYa(infoId=2, areaId=tuanjiehe, spotId=34, nodeId=32, dataTime=Wed May 06 07:03:42 CST 2020, dianya=435, dianliust=345, state=45)
23:15:17.578 [MQTT Call: tjh_node] INFO  com.ntu.client2.sync.NodeDataReceiver - 收到确认消息.....
23:15:17.578 [MQTT Call: tjh_node] INFO  com.ntu.client2.sync.NodeDataReceiver - TUANJIEHE_BUOY_DIANYA 表中的 2 号数据同步失败
23:15:28.574 [node2] INFO  com.ntu.client2.sync.SendThread - 发送消息:TuanJieHeBuoyDianYa(infoId=2, areaId=tuanjiehe, spotId=34, nodeId=32, dataTime=Wed May 06 07:03:42 CST 2020, dianya=435, dianliust=345, state=45)
23:15:28.579 [MQTT Call: tjh_node] INFO  com.ntu.client2.sync.NodeDataReceiver - 收到确认消息.....
23:15:28.579 [MQTT Call: tjh_node] INFO  com.ntu.client2.sync.NodeDataReceiver - TUANJIEHE_BUOY_DIANYA 表中的 2 号数据同步失败
23:15:39.581 [node2] INFO  com.ntu.client2.sync.SendThread - 发送消息:TuanJieHeBuoyDianYa(infoId=2, areaId=tuanjiehe, spotId=34, nodeId=32, dataTime=Wed May 06 07:03:42 CST 2020, dianya=435, dianliust=345, state=45)
23:15:39.587 [MQTT Call: tjh_node] INFO  com.ntu.client2.sync.NodeDataReceiver - 收到确认消息.....
23:15:39.587 [MQTT Call: tjh_node] INFO  com.ntu.client2.sync.NodeDataReceiver - TUANJIEHE_BUOY_DIANYA 表中的 2 号数据同步失败
23:15:50.587 [node2] INFO  com.ntu.client2.sync.SendThread - 发送消息:TuanJieHeBuoyDianYa(infoId=2, areaId=tuanjiehe, spotId=34, nodeId=32, dataTime=Wed May 06 07:03:42 CST 2020, dianya=435, dianliust=345, state=45)
23:15:50.593 [MQTT Call: tjh_node] INFO  com.ntu.client2.sync.NodeDataReceiver - 收到确认消息.....
23:15:50.593 [MQTT Call: tjh_node] INFO  com.ntu.client2.sync.NodeDataReceiver - TUANJIEHE_BUOY_DIANYA 表中的 2 号数据同步失败
23:16:08.246 [main] INFO  com.ntu.client2.Node2ClientApplication - Starting Node2ClientApplication on LAPTOP-6SA701DM with PID 10600 (C:\Users\Lenovo\Desktop\datasync\datasync_node2_client\target\classes started by Lenovo in C:\Users\Lenovo\Desktop\datasync)
23:16:08.255 [main] INFO  com.ntu.client2.Node2ClientApplication - No active profile set, falling back to default profiles: default
23:16:11.044 [main] INFO  org.springframework.boot.web.embedded.tomcat.TomcatWebServer - Tomcat initialized with port(s): 8084 (http)
23:16:11.058 [main] INFO  org.apache.coyote.http11.Http11NioProtocol - Initializing ProtocolHandler ["http-nio-8084"]
23:16:11.059 [main] INFO  org.apache.catalina.core.StandardService - Starting service [Tomcat]
23:16:11.059 [main] INFO  org.apache.catalina.core.StandardEngine - Starting Servlet engine: [Apache Tomcat/9.0.33]
23:16:11.272 [main] INFO  org.apache.catalina.core.ContainerBase.[Tomcat].[localhost].[/] - Initializing Spring embedded WebApplicationContext
23:16:11.272 [main] INFO  org.springframework.web.context.ContextLoader - Root WebApplicationContext: initialization completed in 2865 ms
23:16:11.990 [main] INFO  org.springframework.scheduling.concurrent.ThreadPoolTaskExecutor - Initializing ExecutorService 'applicationTaskExecutor'
23:16:12.488 [main] INFO  com.ntu.common.client.EMQTTClient - connecting to server: ssl://127.0.0.1:8883
23:16:19.238 [main] INFO  com.ntu.client2.ClientStart - 团结河节点成功连接至MQTT服务器.........
23:16:19.242 [main] INFO  org.apache.coyote.http11.Http11NioProtocol - Starting ProtocolHandler ["http-nio-8084"]
23:16:19.279 [main] INFO  org.springframework.boot.web.embedded.tomcat.TomcatWebServer - Tomcat started on port(s): 8084 (http) with context path ''
23:16:19.284 [main] INFO  com.ntu.client2.Node2ClientApplication - Started Node2ClientApplication in 12.263 seconds (JVM running for 15.757)
23:16:29.267 [node2] INFO  com.zaxxer.hikari.HikariDataSource - HikariPool-1 - Starting...
23:16:29.457 [node2] INFO  com.zaxxer.hikari.HikariDataSource - HikariPool-1 - Start completed.
23:16:29.863 [node2] INFO  com.ntu.client2.sync.SendThread - 发送消息:TuanJieHeBuoyDianYa(infoId=2, areaId=tuanjiehe, spotId=34, nodeId=32, dataTime=Wed May 06 07:03:42 CST 2020, dianya=435, dianliust=345, state=45)
23:16:30.871 [MQTT Call: tjh_node] INFO  com.ntu.client2.sync.NodeDataReceiver - 收到确认消息.....
23:16:30.871 [MQTT Call: tjh_node] INFO  com.ntu.client2.sync.NodeDataReceiver - TUANJIEHE_BUOY_DIANYA 表中的 2 号数据同步失败
23:16:40.869 [node2] INFO  com.ntu.client2.sync.SendThread - 发送消息:TuanJieHeBuoyDianYa(infoId=2, areaId=tuanjiehe, spotId=34, nodeId=32, dataTime=Wed May 06 07:03:42 CST 2020, dianya=435, dianliust=345, state=45)
23:16:41.874 [MQTT Call: tjh_node] INFO  com.ntu.client2.sync.NodeDataReceiver - 收到确认消息.....
23:16:41.875 [MQTT Call: tjh_node] INFO  com.ntu.client2.sync.NodeDataReceiver - TUANJIEHE_BUOY_DIANYA 表中的 2 号数据同步失败
23:16:51.879 [node2] INFO  com.ntu.client2.sync.SendThread - 发送消息:TuanJieHeBuoyDianYa(infoId=2, areaId=tuanjiehe, spotId=34, nodeId=32, dataTime=Wed May 06 07:03:42 CST 2020, dianya=435, dianliust=345, state=45)
23:16:52.882 [MQTT Call: tjh_node] INFO  com.ntu.client2.sync.NodeDataReceiver - 收到确认消息.....
23:16:52.883 [MQTT Call: tjh_node] INFO  com.ntu.client2.sync.NodeDataReceiver - TUANJIEHE_BUOY_DIANYA 表中的 2 号数据同步失败
23:17:02.885 [node2] INFO  com.ntu.client2.sync.SendThread - 发送消息:TuanJieHeBuoyDianYa(infoId=2, areaId=tuanjiehe, spotId=34, nodeId=32, dataTime=Wed May 06 07:03:42 CST 2020, dianya=435, dianliust=345, state=45)
23:17:03.888 [MQTT Call: tjh_node] INFO  com.ntu.client2.sync.NodeDataReceiver - 收到确认消息.....
23:17:03.889 [MQTT Call: tjh_node] INFO  com.ntu.client2.sync.NodeDataReceiver - TUANJIEHE_BUOY_DIANYA 表中的 2 号数据同步失败
23:17:13.893 [node2] INFO  com.ntu.client2.sync.SendThread - 发送消息:TuanJieHeBuoyDianYa(infoId=2, areaId=tuanjiehe, spotId=34, nodeId=32, dataTime=Wed May 06 07:03:42 CST 2020, dianya=435, dianliust=345, state=45)
23:17:14.897 [MQTT Call: tjh_node] INFO  com.ntu.client2.sync.NodeDataReceiver - 收到确认消息.....
23:17:14.898 [MQTT Call: tjh_node] INFO  com.ntu.client2.sync.NodeDataReceiver - TUANJIEHE_BUOY_DIANYA 表中的 2 号数据同步失败
23:17:24.899 [node2] INFO  com.ntu.client2.sync.SendThread - 发送消息:TuanJieHeBuoyDianYa(infoId=2, areaId=tuanjiehe, spotId=34, nodeId=32, dataTime=Wed May 06 07:03:42 CST 2020, dianya=435, dianliust=345, state=45)
23:17:25.904 [MQTT Call: tjh_node] INFO  com.ntu.client2.sync.NodeDataReceiver - 收到确认消息.....
23:17:25.904 [MQTT Call: tjh_node] INFO  com.ntu.client2.sync.NodeDataReceiver - TUANJIEHE_BUOY_DIANYA 表中的 2 号数据同步失败
23:17:35.905 [node2] INFO  com.ntu.client2.sync.SendThread - 发送消息:TuanJieHeBuoyDianYa(infoId=2, areaId=tuanjiehe, spotId=34, nodeId=32, dataTime=Wed May 06 07:03:42 CST 2020, dianya=435, dianliust=345, state=45)
23:17:36.910 [MQTT Call: tjh_node] INFO  com.ntu.client2.sync.NodeDataReceiver - 收到确认消息.....
23:17:36.910 [MQTT Call: tjh_node] INFO  com.ntu.client2.sync.NodeDataReceiver - TUANJIEHE_BUOY_DIANYA 表中的 2 号数据同步失败
23:17:46.911 [node2] INFO  com.ntu.client2.sync.SendThread - 发送消息:TuanJieHeBuoyDianYa(infoId=2, areaId=tuanjiehe, spotId=34, nodeId=32, dataTime=Wed May 06 07:03:42 CST 2020, dianya=435, dianliust=345, state=45)
23:17:47.917 [MQTT Call: tjh_node] INFO  com.ntu.client2.sync.NodeDataReceiver - 收到确认消息.....
23:17:47.917 [MQTT Call: tjh_node] INFO  com.ntu.client2.sync.NodeDataReceiver - TUANJIEHE_BUOY_DIANYA 表中的 2 号数据同步失败
23:17:57.919 [node2] INFO  com.ntu.client2.sync.SendThread - 发送消息:TuanJieHeBuoyDianYa(infoId=2, areaId=tuanjiehe, spotId=34, nodeId=32, dataTime=Wed May 06 07:03:42 CST 2020, dianya=435, dianliust=345, state=45)
23:17:58.921 [MQTT Call: tjh_node] INFO  com.ntu.client2.sync.NodeDataReceiver - 收到确认消息.....
23:17:58.921 [MQTT Call: tjh_node] INFO  com.ntu.client2.sync.NodeDataReceiver - TUANJIEHE_BUOY_DIANYA 表中的 2 号数据同步失败
23:18:08.923 [node2] INFO  com.ntu.client2.sync.SendThread - 发送消息:TuanJieHeBuoyDianYa(infoId=2, areaId=tuanjiehe, spotId=34, nodeId=32, dataTime=Wed May 06 07:03:42 CST 2020, dianya=435, dianliust=345, state=45)
23:18:09.929 [MQTT Call: tjh_node] INFO  com.ntu.client2.sync.NodeDataReceiver - 收到确认消息.....
23:18:09.930 [MQTT Call: tjh_node] INFO  com.ntu.client2.sync.NodeDataReceiver - TUANJIEHE_BUOY_DIANYA 表中的 2 号数据同步失败
23:18:19.931 [node2] INFO  com.ntu.client2.sync.SendThread - 发送消息:TuanJieHeBuoyDianYa(infoId=2, areaId=tuanjiehe, spotId=34, nodeId=32, dataTime=Wed May 06 07:03:42 CST 2020, dianya=435, dianliust=345, state=45)
23:18:20.943 [MQTT Call: tjh_node] INFO  com.ntu.client2.sync.NodeDataReceiver - 收到确认消息.....
23:18:20.943 [MQTT Call: tjh_node] INFO  com.ntu.client2.sync.NodeDataReceiver - TUANJIEHE_BUOY_DIANYA 表中的 2 号数据同步失败
23:18:35.676 [main] INFO  com.ntu.client2.Node2ClientApplication - Starting Node2ClientApplication on LAPTOP-6SA701DM with PID 1160 (C:\Users\Lenovo\Desktop\datasync\datasync_node2_client\target\classes started by Lenovo in C:\Users\Lenovo\Desktop\datasync)
23:18:35.697 [main] INFO  com.ntu.client2.Node2ClientApplication - No active profile set, falling back to default profiles: default
23:18:38.299 [main] INFO  org.springframework.boot.web.embedded.tomcat.TomcatWebServer - Tomcat initialized with port(s): 8084 (http)
23:18:38.315 [main] INFO  org.apache.coyote.http11.Http11NioProtocol - Initializing ProtocolHandler ["http-nio-8084"]
23:18:38.316 [main] INFO  org.apache.catalina.core.StandardService - Starting service [Tomcat]
23:18:38.316 [main] INFO  org.apache.catalina.core.StandardEngine - Starting Servlet engine: [Apache Tomcat/9.0.33]
23:18:38.527 [main] INFO  org.apache.catalina.core.ContainerBase.[Tomcat].[localhost].[/] - Initializing Spring embedded WebApplicationContext
23:18:38.528 [main] INFO  org.springframework.web.context.ContextLoader - Root WebApplicationContext: initialization completed in 2689 ms
23:18:39.264 [main] INFO  org.springframework.scheduling.concurrent.ThreadPoolTaskExecutor - Initializing ExecutorService 'applicationTaskExecutor'
23:18:39.824 [main] INFO  com.ntu.common.client.EMQTTClient - connecting to server: ssl://127.0.0.1:8883
23:18:46.345 [main] INFO  com.ntu.client2.ClientStart - 团结河节点成功连接至MQTT服务器.........
23:18:46.348 [main] INFO  org.apache.coyote.http11.Http11NioProtocol - Starting ProtocolHandler ["http-nio-8084"]
23:18:46.386 [main] INFO  org.springframework.boot.web.embedded.tomcat.TomcatWebServer - Tomcat started on port(s): 8084 (http) with context path ''
23:18:46.391 [main] INFO  com.ntu.client2.Node2ClientApplication - Started Node2ClientApplication in 12.11 seconds (JVM running for 15.762)
23:18:56.374 [node2] INFO  com.zaxxer.hikari.HikariDataSource - HikariPool-1 - Starting...
23:18:56.568 [node2] INFO  com.zaxxer.hikari.HikariDataSource - HikariPool-1 - Start completed.
23:18:57.188 [node2] INFO  com.ntu.client2.sync.SendThread - 发送消息:TuanJieHeBuoyDianYa(infoId=2, areaId=tuanjiehe, spotId=34, nodeId=32, dataTime=Wed May 06 07:03:42 CST 2020, dianya=435, dianliust=345, state=45)
23:18:57.196 [MQTT Call: tjh_node] INFO  com.ntu.client2.sync.NodeDataReceiver - 收到确认消息.....
23:18:57.196 [MQTT Call: tjh_node] INFO  com.ntu.client2.sync.NodeDataReceiver - TUANJIEHE_BUOY_DIANYA 表中的 2 号数据同步失败
23:19:08.193 [node2] INFO  com.ntu.client2.sync.SendThread - 发送消息:TuanJieHeBuoyDianYa(infoId=2, areaId=tuanjiehe, spotId=34, nodeId=32, dataTime=Wed May 06 07:03:42 CST 2020, dianya=435, dianliust=345, state=45)
23:19:08.201 [MQTT Call: tjh_node] INFO  com.ntu.client2.sync.NodeDataReceiver - 收到确认消息.....
23:19:08.201 [MQTT Call: tjh_node] INFO  com.ntu.client2.sync.NodeDataReceiver - TUANJIEHE_BUOY_DIANYA 表中的 2 号数据同步失败
23:19:19.200 [node2] INFO  com.ntu.client2.sync.SendThread - 发送消息:TuanJieHeBuoyDianYa(infoId=2, areaId=tuanjiehe, spotId=34, nodeId=32, dataTime=Wed May 06 07:03:42 CST 2020, dianya=435, dianliust=345, state=45)
23:19:20.203 [MQTT Call: tjh_node] INFO  com.ntu.client2.sync.NodeDataReceiver - 收到确认消息.....
23:19:20.203 [MQTT Call: tjh_node] INFO  com.ntu.client2.sync.NodeDataReceiver - TUANJIEHE_BUOY_DIANYA 表中的 2 号数据同步失败
23:19:30.208 [node2] INFO  com.ntu.client2.sync.SendThread - 发送消息:TuanJieHeBuoyDianYa(infoId=2, areaId=tuanjiehe, spotId=34, nodeId=32, dataTime=Wed May 06 07:03:42 CST 2020, dianya=435, dianliust=345, state=45)
23:19:31.210 [MQTT Call: tjh_node] INFO  com.ntu.client2.sync.NodeDataReceiver - 收到确认消息.....
23:19:31.210 [MQTT Call: tjh_node] INFO  com.ntu.client2.sync.NodeDataReceiver - TUANJIEHE_BUOY_DIANYA 表中的 2 号数据同步失败
23:19:42.206 [main] INFO  com.ntu.client2.Node2ClientApplication - Starting Node2ClientApplication on LAPTOP-6SA701DM with PID 12752 (C:\Users\Lenovo\Desktop\datasync\datasync_node2_client\target\classes started by Lenovo in C:\Users\Lenovo\Desktop\datasync)
23:19:42.214 [main] INFO  com.ntu.client2.Node2ClientApplication - No active profile set, falling back to default profiles: default
23:19:44.747 [main] INFO  org.springframework.boot.web.embedded.tomcat.TomcatWebServer - Tomcat initialized with port(s): 8084 (http)
23:19:44.765 [main] INFO  org.apache.coyote.http11.Http11NioProtocol - Initializing ProtocolHandler ["http-nio-8084"]
23:19:44.766 [main] INFO  org.apache.catalina.core.StandardService - Starting service [Tomcat]
23:19:44.766 [main] INFO  org.apache.catalina.core.StandardEngine - Starting Servlet engine: [Apache Tomcat/9.0.33]
23:19:45.000 [main] INFO  org.apache.catalina.core.ContainerBase.[Tomcat].[localhost].[/] - Initializing Spring embedded WebApplicationContext
23:19:45.000 [main] INFO  org.springframework.web.context.ContextLoader - Root WebApplicationContext: initialization completed in 2656 ms
23:19:45.909 [main] INFO  org.springframework.scheduling.concurrent.ThreadPoolTaskExecutor - Initializing ExecutorService 'applicationTaskExecutor'
23:19:46.546 [main] INFO  com.ntu.common.client.EMQTTClient - connecting to server: ssl://127.0.0.1:8883
23:19:53.206 [main] INFO  com.ntu.client2.ClientStart - 团结河节点成功连接至MQTT服务器.........
23:19:53.211 [main] INFO  org.apache.coyote.http11.Http11NioProtocol - Starting ProtocolHandler ["http-nio-8084"]
23:19:53.260 [main] INFO  org.springframework.boot.web.embedded.tomcat.TomcatWebServer - Tomcat started on port(s): 8084 (http) with context path ''
23:19:53.268 [main] INFO  com.ntu.client2.Node2ClientApplication - Started Node2ClientApplication in 12.233 seconds (JVM running for 17.605)
23:20:03.241 [node2] INFO  com.zaxxer.hikari.HikariDataSource - HikariPool-1 - Starting...
23:20:03.480 [node2] INFO  com.zaxxer.hikari.HikariDataSource - HikariPool-1 - Start completed.
23:20:04.075 [node2] INFO  com.ntu.client2.sync.SendThread - 发送消息:TuanJieHeBuoyDianYa(infoId=2, areaId=tuanjiehe, spotId=34, nodeId=32, dataTime=Wed May 06 07:03:42 CST 2020, dianya=435, dianliust=345, state=45)
23:20:05.081 [MQTT Call: tjh_node] INFO  com.ntu.client2.sync.NodeDataReceiver - 收到确认消息.....
23:22:46.375 [MQTT Call: tjh_node] INFO  com.ntu.client2.sync.NodeDataReceiver - TUANJIEHE_BUOY_DIANYA 表中的 2 号数据同步失败
23:22:46.465 [node2] INFO  com.ntu.client2.sync.SendThread - 发送消息:TuanJieHeBuoyDianYa(infoId=2, areaId=tuanjiehe, spotId=34, nodeId=32, dataTime=Wed May 06 07:03:42 CST 2020, dianya=435, dianliust=345, state=45)
23:22:46.465 [MQTT Rec: tjh_node] INFO  com.ntu.common.client.EMQTTClient - -----------连接断开-----------
23:22:46.466 [MQTT Rec: tjh_node] INFO  com.ntu.common.client.EMQTTClient - connecting to server: ssl://127.0.0.1:8883
23:22:46.706 [Thread-28] INFO  com.ntu.client2.ClientStart - 团结河节点断开连接
23:22:46.710 [SpringContextShutdownHook] INFO  org.springframework.scheduling.concurrent.ThreadPoolTaskExecutor - Shutting down ExecutorService 'applicationTaskExecutor'
23:22:46.712 [SpringContextShutdownHook] INFO  com.zaxxer.hikari.HikariDataSource - HikariPool-1 - Shutdown initiated...
23:22:46.728 [SpringContextShutdownHook] INFO  com.zaxxer.hikari.HikariDataSource - HikariPool-1 - Shutdown completed.
23:24:39.205 [main] INFO  com.ntu.client2.Node2ClientApplication - Starting Node2ClientApplication on LAPTOP-6SA701DM with PID 1308 (C:\Users\Lenovo\Desktop\datasync\datasync_node2_client\target\classes started by Lenovo in C:\Users\Lenovo\Desktop\datasync)
23:24:39.218 [main] INFO  com.ntu.client2.Node2ClientApplication - No active profile set, falling back to default profiles: default
23:24:41.426 [main] INFO  org.springframework.boot.web.embedded.tomcat.TomcatWebServer - Tomcat initialized with port(s): 8084 (http)
23:24:41.441 [main] INFO  org.apache.coyote.http11.Http11NioProtocol - Initializing ProtocolHandler ["http-nio-8084"]
23:24:41.442 [main] INFO  org.apache.catalina.core.StandardService - Starting service [Tomcat]
23:24:41.442 [main] INFO  org.apache.catalina.core.StandardEngine - Starting Servlet engine: [Apache Tomcat/9.0.33]
23:24:41.658 [main] INFO  org.apache.catalina.core.ContainerBase.[Tomcat].[localhost].[/] - Initializing Spring embedded WebApplicationContext
23:24:41.659 [main] INFO  org.springframework.web.context.ContextLoader - Root WebApplicationContext: initialization completed in 2258 ms
23:24:42.383 [main] INFO  org.springframework.scheduling.concurrent.ThreadPoolTaskExecutor - Initializing ExecutorService 'applicationTaskExecutor'
23:24:42.856 [main] INFO  com.ntu.common.client.EMQTTClient - connecting to server: ssl://127.0.0.1:8883
23:24:49.320 [main] INFO  com.ntu.client2.ClientStart - 团结河节点成功连接至MQTT服务器.........
23:24:49.324 [main] INFO  org.apache.coyote.http11.Http11NioProtocol - Starting ProtocolHandler ["http-nio-8084"]
23:24:49.360 [main] INFO  org.springframework.boot.web.embedded.tomcat.TomcatWebServer - Tomcat started on port(s): 8084 (http) with context path ''
23:24:49.367 [main] INFO  com.ntu.client2.Node2ClientApplication - Started Node2ClientApplication in 11.586 seconds (JVM running for 15.258)
23:24:59.347 [node2] INFO  com.zaxxer.hikari.HikariDataSource - HikariPool-1 - Starting...
23:24:59.538 [node2] INFO  com.zaxxer.hikari.HikariDataSource - HikariPool-1 - Start completed.
23:25:00.214 [node2] INFO  com.ntu.client2.sync.SendThread - 发送消息:TuanJieHeBuoyDianYa(infoId=2, areaId=tuanjiehe, spotId=34, nodeId=32, dataTime=Wed May 06 07:03:42 CST 2020, dianya=435, dianliust=345, state=45)
23:25:01.220 [MQTT Call: tjh_node] INFO  com.ntu.client2.sync.NodeDataReceiver - 收到确认消息.....
23:25:01.221 [MQTT Call: tjh_node] INFO  com.ntu.client2.sync.NodeDataReceiver - TUANJIEHE_BUOY_DIANYA表中 2 号数据同步成功....
23:27:30.304 [node2] INFO  com.ntu.client2.sync.SendThread - 发送消息:TuanJieHeBuoyDianYa(infoId=3, areaId=fd, spotId=tr4, nodeId=6546, dataTime=Sun May 10 07:27:24 CST 2020, dianya=546, dianliust=546, state=45)
23:27:31.310 [MQTT Call: tjh_node] INFO  com.ntu.client2.sync.NodeDataReceiver - 收到确认消息.....
23:27:31.310 [MQTT Call: tjh_node] INFO  com.ntu.client2.sync.NodeDataReceiver - TUANJIEHE_BUOY_DIANYA表中 3 号数据同步成功....
