22:12:14.745 [node2] ERROR com.ntu.client2.sync.SendThread - No bean named 'Processor4' available
22:12:24.748 [node2] ERROR com.ntu.client2.sync.SendThread - No bean named 'Processor4' available
22:12:34.752 [node2] ERROR com.ntu.client2.sync.SendThread - No bean named 'Processor4' available
22:12:44.757 [node2] ERROR com.ntu.client2.sync.SendThread - No bean named 'Processor4' available
22:12:54.761 [node2] ERROR com.ntu.client2.sync.SendThread - No bean named 'Processor4' available
22:13:04.763 [node2] ERROR com.ntu.client2.sync.SendThread - No bean named 'Processor4' available
23:03:50.161 [MQTT Call: tjh_node] ERROR com.ntu.client2.sync.NodeDataReceiver - 2 号数据同步失败原因: null
23:04:00.172 [MQTT Call: tjh_node] ERROR com.ntu.client2.sync.NodeDataReceiver - TUANJIEHE_BUOY_DIANYA表中 2 号数据同步失败....
23:04:11.178 [MQTT Call: tjh_node] ERROR com.ntu.client2.sync.NodeDataReceiver - TUANJIEHE_BUOY_DIANYA表中 2 号数据同步失败....
23:04:22.191 [MQTT Call: tjh_node] ERROR com.ntu.client2.sync.NodeDataReceiver - TUANJIEHE_BUOY_DIANYA表中 2 号数据同步失败....
23:04:33.200 [MQTT Call: tjh_node] ERROR com.ntu.client2.sync.NodeDataReceiver - TUANJIEHE_BUOY_DIANYA表中 2 号数据同步失败....
23:04:44.201 [MQTT Call: tjh_node] ERROR com.ntu.client2.sync.NodeDataReceiver - TUANJIEHE_BUOY_DIANYA表中 2 号数据同步失败....
23:12:56.481 [MQTT Call: tjh_node] ERROR com.ntu.client2.sync.NodeDataReceiver - 2 号数据同步失败原因: null
23:13:05.492 [MQTT Call: tjh_node] ERROR com.ntu.client2.sync.NodeDataReceiver - 2 号数据同步失败原因: null
23:13:16.496 [MQTT Call: tjh_node] ERROR com.ntu.client2.sync.NodeDataReceiver - 2 号数据同步失败原因: null
23:13:27.504 [MQTT Call: tjh_node] ERROR com.ntu.client2.sync.NodeDataReceiver - 2 号数据同步失败原因: null
23:13:38.519 [MQTT Call: tjh_node] ERROR com.ntu.client2.sync.NodeDataReceiver - 2 号数据同步失败原因: null
23:13:49.524 [MQTT Call: tjh_node] ERROR com.ntu.client2.sync.NodeDataReceiver - 2 号数据同步失败原因: null
23:14:00.524 [MQTT Call: tjh_node] ERROR com.ntu.client2.sync.NodeDataReceiver - 2 号数据同步失败原因: null
23:14:11.533 [MQTT Call: tjh_node] ERROR com.ntu.client2.sync.NodeDataReceiver - 2 号数据同步失败原因: null
23:14:22.541 [MQTT Call: tjh_node] ERROR com.ntu.client2.sync.NodeDataReceiver - 2 号数据同步失败原因: null
23:14:33.546 [MQTT Call: tjh_node] ERROR com.ntu.client2.sync.NodeDataReceiver - 2 号数据同步失败原因: null
23:14:44.606 [MQTT Call: tjh_node] ERROR com.ntu.client2.sync.NodeDataReceiver - 2 号数据同步失败原因: null
23:14:55.561 [MQTT Call: tjh_node] ERROR com.ntu.client2.sync.NodeDataReceiver - 2 号数据同步失败原因: null
23:15:06.568 [MQTT Call: tjh_node] ERROR com.ntu.client2.sync.NodeDataReceiver - 2 号数据同步失败原因: null
23:15:17.578 [MQTT Call: tjh_node] ERROR com.ntu.client2.sync.NodeDataReceiver - 2 号数据同步失败原因: null
23:15:28.579 [MQTT Call: tjh_node] ERROR com.ntu.client2.sync.NodeDataReceiver - 2 号数据同步失败原因: null
23:15:39.587 [MQTT Call: tjh_node] ERROR com.ntu.client2.sync.NodeDataReceiver - 2 号数据同步失败原因: null
23:15:50.593 [MQTT Call: tjh_node] ERROR com.ntu.client2.sync.NodeDataReceiver - 2 号数据同步失败原因: null
23:16:30.871 [MQTT Call: tjh_node] ERROR com.ntu.client2.sync.NodeDataReceiver - 2 号数据同步失败原因: null
23:16:41.875 [MQTT Call: tjh_node] ERROR com.ntu.client2.sync.NodeDataReceiver - 2 号数据同步失败原因: null
23:16:52.883 [MQTT Call: tjh_node] ERROR com.ntu.client2.sync.NodeDataReceiver - 2 号数据同步失败原因: null
23:17:03.889 [MQTT Call: tjh_node] ERROR com.ntu.client2.sync.NodeDataReceiver - 2 号数据同步失败原因: null
23:17:14.898 [MQTT Call: tjh_node] ERROR com.ntu.client2.sync.NodeDataReceiver - 2 号数据同步失败原因: null
23:17:25.904 [MQTT Call: tjh_node] ERROR com.ntu.client2.sync.NodeDataReceiver - 2 号数据同步失败原因: null
23:17:36.910 [MQTT Call: tjh_node] ERROR com.ntu.client2.sync.NodeDataReceiver - 2 号数据同步失败原因: null
23:17:47.917 [MQTT Call: tjh_node] ERROR com.ntu.client2.sync.NodeDataReceiver - 2 号数据同步失败原因: null
23:17:58.921 [MQTT Call: tjh_node] ERROR com.ntu.client2.sync.NodeDataReceiver - 2 号数据同步失败原因: null
23:18:09.930 [MQTT Call: tjh_node] ERROR com.ntu.client2.sync.NodeDataReceiver - 2 号数据同步失败原因: null
23:18:20.943 [MQTT Call: tjh_node] ERROR com.ntu.client2.sync.NodeDataReceiver - 2 号数据同步失败原因: null
23:18:57.197 [MQTT Call: tjh_node] ERROR com.ntu.client2.sync.NodeDataReceiver - 2 号数据同步失败原因: null
23:19:08.201 [MQTT Call: tjh_node] ERROR com.ntu.client2.sync.NodeDataReceiver - 2 号数据同步失败原因: null
23:19:20.203 [MQTT Call: tjh_node] ERROR com.ntu.client2.sync.NodeDataReceiver - 2 号数据同步失败原因: null
23:19:31.210 [MQTT Call: tjh_node] ERROR com.ntu.client2.sync.NodeDataReceiver - 2 号数据同步失败原因: null
23:22:46.380 [MQTT Call: tjh_node] ERROR com.ntu.client2.sync.NodeDataReceiver - 2 号数据同步失败原因: null
23:22:46.379 [Timer-0] ERROR org.eclipse.paho.client.mqttv3.internal.ClientState - tjh_node: Timed out as no write activity, keepAlive=30,000 lastOutboundActivity=1,589,037,641,565 lastInboundActivity=1,589,037,605,075 time=1,589,037,766,376 lastPing=0
23:22:46.706 [Thread-28] ERROR com.ntu.common.client.EMQTTClient - 已断开客户机连接
