15:34:50.579 [main] INFO  com.ntu.datasync.DatasyncApplication - Starting DatasyncApplication on LAPTOP-6SA701DM with PID 11644 (C:\Users\Lenovo\Desktop\datasync\target\classes started by Lenovo in C:\Users\Lenovo\Desktop\datasync)
15:34:50.588 [main] INFO  com.ntu.datasync.DatasyncApplication - No active profile set, falling back to default profiles: default
15:34:52.293 [main] INFO  org.springframework.integration.config.DefaultConfiguringBeanFactoryPostProcessor - No bean named 'errorChannel' has been explicitly defined. Therefore, a default PublishSubscribeChannel will be created.
15:34:52.304 [main] INFO  org.springframework.integration.config.DefaultConfiguringBeanFactoryPostProcessor - No bean named 'taskScheduler' has been explicitly defined. Therefore, a default ThreadPoolTaskScheduler will be created.
15:34:52.311 [main] INFO  org.springframework.integration.config.DefaultConfiguringBeanFactoryPostProcessor - No bean named 'integrationHeaderChannelRegistry' has been explicitly defined. Therefore, a default DefaultHeaderChannelRegistry will be created.
15:34:52.431 [main] INFO  org.springframework.context.support.PostProcessorRegistrationDelegate$BeanPostProcessorChecker - Bean 'org.springframework.transaction.annotation.ProxyTransactionManagementConfiguration' of type [org.springframework.transaction.annotation.ProxyTransactionManagementConfiguration$$EnhancerBySpringCGLIB$$1d286883] is not eligible for getting processed by all BeanPostProcessors (for example: not eligible for auto-proxying)
15:34:52.457 [main] INFO  org.springframework.context.support.PostProcessorRegistrationDelegate$BeanPostProcessorChecker - Bean 'org.springframework.integration.config.IntegrationManagementConfiguration' of type [org.springframework.integration.config.IntegrationManagementConfiguration$$EnhancerBySpringCGLIB$$881a23b2] is not eligible for getting processed by all BeanPostProcessors (for example: not eligible for auto-proxying)
15:34:52.471 [main] INFO  org.springframework.context.support.PostProcessorRegistrationDelegate$BeanPostProcessorChecker - Bean 'integrationDisposableAutoCreatedBeans' of type [org.springframework.integration.config.annotation.Disposables] is not eligible for getting processed by all BeanPostProcessors (for example: not eligible for auto-proxying)
15:34:52.853 [main] INFO  org.springframework.boot.web.embedded.tomcat.TomcatWebServer - Tomcat initialized with port(s): 8081 (http)
15:34:52.871 [main] INFO  org.apache.coyote.http11.Http11NioProtocol - Initializing ProtocolHandler ["http-nio-8081"]
15:34:52.880 [main] INFO  org.apache.catalina.core.StandardService - Starting service [Tomcat]
15:34:52.880 [main] INFO  org.apache.catalina.core.StandardEngine - Starting Servlet engine: [Apache Tomcat/9.0.21]
15:34:53.053 [main] INFO  org.apache.catalina.core.ContainerBase.[Tomcat].[localhost].[/] - Initializing Spring embedded WebApplicationContext
15:34:53.053 [main] INFO  org.springframework.web.context.ContextLoader - Root WebApplicationContext: initialization completed in 2363 ms
15:34:53.677 [main] INFO  org.springframework.scheduling.concurrent.ThreadPoolTaskExecutor - Initializing ExecutorService 'applicationTaskExecutor'
15:34:54.026 [main] INFO  org.springframework.scheduling.concurrent.ThreadPoolTaskScheduler - Initializing ExecutorService 'taskScheduler'
15:34:54.080 [main] INFO  org.springframework.integration.endpoint.EventDrivenConsumer - Adding {logging-channel-adapter:_org.springframework.integration.errorLogger} as a subscriber to the 'errorChannel' channel
15:34:54.080 [main] INFO  org.springframework.integration.channel.PublishSubscribeChannel - Channel 'application.errorChannel' has 1 subscriber(s).
15:34:54.080 [main] INFO  org.springframework.integration.endpoint.EventDrivenConsumer - started _org.springframework.integration.errorLogger
15:34:54.087 [main] INFO  io.moquette.broker.config.ResourceLoaderConfig - Loading configuration. ResourceLoader = classpath resource, configName = null.
15:34:54.088 [main] INFO  io.moquette.broker.config.ClasspathResourceLoader - Loading resource. RelativePath = config/moquette.conf.
15:34:54.089 [main] INFO  io.moquette.broker.config.ResourceLoaderConfig - Parsing configuration properties. ResourceLoader = classpath resource, configName = null.
15:34:54.091 [main] INFO  io.moquette.broker.Server - Configuring message interceptors...
15:34:54.092 [main] INFO  io.moquette.interception.BrokerInterceptor - Initializing broker interceptor. InterceptorIds=[]
15:34:54.096 [main] INFO  io.moquette.broker.Server - Using default SSL context creator
15:34:54.098 [main] INFO  io.moquette.broker.security.ResourceAuthenticator - Loading password classpath resource config/password_file.conf
15:34:54.098 [main] INFO  io.moquette.broker.config.ClasspathResourceLoader - Loading resource. RelativePath = config/password_file.conf.
15:34:54.099 [main] INFO  io.moquette.broker.Server - An io.moquette.broker.security.ResourceAuthenticator authenticator instance will be used
15:34:54.100 [main] INFO  io.moquette.broker.Server - Parsing ACL file. Path = config/acl.conf
15:34:54.100 [main] INFO  io.moquette.broker.config.ClasspathResourceLoader - Loading resource. RelativePath = config/acl.conf.
15:34:54.105 [main] INFO  io.moquette.broker.Server - Authorizator policy io.moquette.broker.security.AuthorizationsCollector instance will be used
15:34:54.109 [main] INFO  io.moquette.broker.subscriptions.CTrieSubscriptionDirectory - Initializing CTrie
15:34:54.111 [main] INFO  io.moquette.broker.subscriptions.CTrieSubscriptionDirectory - Initializing subscriptions store...
15:34:54.135 [main] INFO  io.moquette.broker.NewNettyAcceptor - Netty is using NIO
15:34:55.338 [main] INFO  io.moquette.broker.NewNettyAcceptor - Server bound to host=0.0.0.0, port=6666, protocol=TCP MQTT
15:34:55.346 [main] INFO  io.moquette.broker.NewNettyAcceptor - Server bound to host=0.0.0.0, port=8000, protocol=Websocket MQTT
15:34:55.349 [main] INFO  io.moquette.broker.Server - Moquette integration has been started successfully in 1259 ms
15:35:00.488 [nioEventLoopGroup-3-1] INFO  io.moquette.broker.metrics.MQTTMessageLogger - C->B CONNECT <null>
15:35:00.512 [nioEventLoopGroup-3-1] INFO  io.moquette.broker.metrics.MQTTMessageLogger - C->B SUBSCRIBE <node10000000> to topics [MqttTopicSubscription[topicFilter=sync/node, qualityOfService=AT_LEAST_ONCE]]
15:35:00.515 [nioEventLoopGroup-3-1] INFO  io.moquette.broker.metrics.MQTTMessageLogger - C<-B SUBACK <node10000000> packetID <1>, grantedQoses [1]
15:35:08.549 [nioEventLoopGroup-3-2] INFO  io.moquette.broker.metrics.MQTTMessageLogger - C->B CONNECT <null>
15:35:08.552 [nioEventLoopGroup-3-2] INFO  io.moquette.broker.metrics.MQTTMessageLogger - C->B SUBSCRIBE <center> to topics [MqttTopicSubscription[topicFilter=sync/center, qualityOfService=AT_LEAST_ONCE]]
15:35:08.553 [nioEventLoopGroup-3-2] INFO  io.moquette.broker.metrics.MQTTMessageLogger - C<-B SUBACK <center> packetID <1>, grantedQoses [1]
15:35:08.558 [main] INFO  org.apache.coyote.http11.Http11NioProtocol - Starting ProtocolHandler ["http-nio-8081"]
15:35:08.592 [main] INFO  org.springframework.boot.web.embedded.tomcat.TomcatWebServer - Tomcat started on port(s): 8081 (http) with context path ''
15:35:08.598 [main] INFO  com.ntu.datasync.DatasyncApplication - Started DatasyncApplication in 18.951 seconds (JVM running for 21.333)
15:36:00.551 [center] INFO  com.zaxxer.hikari.HikariDataSource - HikariPool-1 - Starting...
15:36:01.183 [center] INFO  com.zaxxer.hikari.HikariDataSource - HikariPool-1 - Start completed.
15:36:08.555 [node] INFO  com.zaxxer.hikari.HikariDataSource - HikariPool-2 - Starting...
15:36:08.564 [node] INFO  com.zaxxer.hikari.HikariDataSource - HikariPool-2 - Start completed.
15:36:08.730 [nioEventLoopGroup-3-2] INFO  io.moquette.broker.metrics.MQTTMessageLogger - C<-B PUBACK <center> packetID <2>
15:36:09.576 [node] INFO  com.ntu.datasync.sync.SendThread - 发送消息:Book{bookId=31, bookName='万历十五年', bookIsbn='9787108009821', bookAuthor='黄仁宇 ', bookStatus='0'}
15:36:09.616 [nioEventLoopGroup-3-2] INFO  io.moquette.broker.metrics.MQTTMessageLogger - C<-B PUBACK <center> packetID <3>
15:36:09.805 [MQTT Call: node10000000] INFO  com.ntu.datasync.sync.DataReceiver - 31 号数据同步失败
15:36:09.849 [nioEventLoopGroup-3-1] INFO  io.moquette.broker.metrics.MQTTMessageLogger - C<-B PUBACK <node10000000> packetID <2>
15:36:10.474 [nioEventLoopGroup-3-1] INFO  io.moquette.broker.metrics.MQTTMessageLogger - C->B PUBACK <node10000000> packetID <1>
15:36:10.575 [node] INFO  com.ntu.datasync.sync.SendThread - 发送消息:Book{bookId=8, bookName='5465465', bookIsbn='5412', bookAuthor='dasdas', bookStatus='1'}
15:36:10.626 [nioEventLoopGroup-3-2] INFO  io.moquette.broker.metrics.MQTTMessageLogger - C->B PUBACK <center> packetID <1>
15:36:10.677 [MQTT Call: node10000000] INFO  com.ntu.datasync.sync.DataReceiver - 8 号数据同步失败
15:36:10.701 [nioEventLoopGroup-3-1] INFO  io.moquette.broker.metrics.MQTTMessageLogger - C<-B PUBACK <node10000000> packetID <3>
15:36:11.474 [nioEventLoopGroup-3-1] INFO  io.moquette.broker.metrics.MQTTMessageLogger - C->B PUBACK <node10000000> packetID <2>
15:36:11.656 [nioEventLoopGroup-3-2] INFO  io.moquette.broker.metrics.MQTTMessageLogger - C->B PUBACK <center> packetID <2>
15:37:10.701 [nioEventLoopGroup-3-2] INFO  io.moquette.broker.metrics.MQTTMessageLogger - C<-B PUBACK <center> packetID <4>
15:37:11.598 [node] INFO  com.ntu.datasync.sync.SendThread - 发送消息:Book{bookId=31, bookName='万历十五年', bookIsbn='9787108009821', bookAuthor='黄仁宇 ', bookStatus='0'}
15:37:11.663 [nioEventLoopGroup-3-2] INFO  io.moquette.broker.metrics.MQTTMessageLogger - C<-B PUBACK <center> packetID <5>
15:37:11.704 [MQTT Call: node10000000] INFO  com.ntu.datasync.sync.DataReceiver - 31 号数据同步失败
15:37:11.795 [nioEventLoopGroup-3-1] INFO  io.moquette.broker.metrics.MQTTMessageLogger - C<-B PUBACK <node10000000> packetID <4>
15:37:12.505 [nioEventLoopGroup-3-1] INFO  io.moquette.broker.metrics.MQTTMessageLogger - C->B PUBACK <node10000000> packetID <3>
15:37:12.599 [node] INFO  com.ntu.datasync.sync.SendThread - 发送消息:Book{bookId=8, bookName='5465465', bookIsbn='5412', bookAuthor='dasdas', bookStatus='1'}
15:37:12.683 [nioEventLoopGroup-3-2] INFO  io.moquette.broker.metrics.MQTTMessageLogger - C->B PUBACK <center> packetID <3>
15:37:12.716 [MQTT Call: node10000000] INFO  com.ntu.datasync.sync.DataReceiver - 8 号数据同步失败
15:37:12.736 [nioEventLoopGroup-3-1] INFO  io.moquette.broker.metrics.MQTTMessageLogger - C<-B PUBACK <node10000000> packetID <5>
15:37:13.506 [nioEventLoopGroup-3-1] INFO  io.moquette.broker.metrics.MQTTMessageLogger - C->B PUBACK <node10000000> packetID <4>
15:37:13.677 [nioEventLoopGroup-3-2] INFO  io.moquette.broker.metrics.MQTTMessageLogger - C->B PUBACK <center> packetID <4>
15:38:12.679 [nioEventLoopGroup-3-2] INFO  io.moquette.broker.metrics.MQTTMessageLogger - C<-B PUBACK <center> packetID <6>
15:38:13.625 [node] INFO  com.ntu.datasync.sync.SendThread - 发送消息:Book{bookId=31, bookName='万历十五年', bookIsbn='9787108009821', bookAuthor='黄仁宇 ', bookStatus='0'}
15:38:13.697 [nioEventLoopGroup-3-2] INFO  io.moquette.broker.metrics.MQTTMessageLogger - C<-B PUBACK <center> packetID <7>
15:38:13.732 [MQTT Call: node10000000] INFO  com.ntu.datasync.sync.DataReceiver - 31 号数据同步失败
15:38:13.770 [nioEventLoopGroup-3-1] INFO  io.moquette.broker.metrics.MQTTMessageLogger - C<-B PUBACK <node10000000> packetID <6>
15:38:14.524 [nioEventLoopGroup-3-1] INFO  io.moquette.broker.metrics.MQTTMessageLogger - C->B PUBACK <node10000000> packetID <5>
15:38:14.626 [node] INFO  com.ntu.datasync.sync.SendThread - 发送消息:Book{bookId=8, bookName='5465465', bookIsbn='5412', bookAuthor='dasdas', bookStatus='1'}
15:38:14.660 [nioEventLoopGroup-3-2] INFO  io.moquette.broker.metrics.MQTTMessageLogger - C->B PUBACK <center> packetID <5>
15:38:14.773 [MQTT Call: node10000000] INFO  com.ntu.datasync.sync.DataReceiver - 8 号数据同步失败
15:38:14.797 [nioEventLoopGroup-3-1] INFO  io.moquette.broker.metrics.MQTTMessageLogger - C<-B PUBACK <node10000000> packetID <7>
15:38:15.525 [nioEventLoopGroup-3-1] INFO  io.moquette.broker.metrics.MQTTMessageLogger - C->B PUBACK <node10000000> packetID <6>
15:38:15.701 [nioEventLoopGroup-3-2] INFO  io.moquette.broker.metrics.MQTTMessageLogger - C->B PUBACK <center> packetID <6>
15:39:14.685 [nioEventLoopGroup-3-2] INFO  io.moquette.broker.metrics.MQTTMessageLogger - C<-B PUBACK <center> packetID <8>
15:39:15.660 [node] INFO  com.ntu.datasync.sync.SendThread - 发送消息:Book{bookId=169, bookName='少年PI的奇幻漂流', bookIsbn='9787544731706', bookAuthor='〔加拿大〕扬·马特尔', bookStatus='0'}
15:39:15.711 [nioEventLoopGroup-3-2] INFO  io.moquette.broker.metrics.MQTTMessageLogger - C<-B PUBACK <center> packetID <9>
15:39:15.883 [MQTT Call: node10000000] INFO  com.ntu.datasync.sync.DataReceiver - 169 号数据同步成功
15:39:15.928 [nioEventLoopGroup-3-1] INFO  io.moquette.broker.metrics.MQTTMessageLogger - C<-B PUBACK <node10000000> packetID <8>
15:39:16.556 [nioEventLoopGroup-3-1] INFO  io.moquette.broker.metrics.MQTTMessageLogger - C->B PUBACK <node10000000> packetID <7>
15:39:16.660 [node] INFO  com.ntu.datasync.sync.SendThread - 发送消息:Book{bookId=213, bookName='活着', bookIsbn='9787506365437', bookAuthor='余华', bookStatus='0'}
15:39:16.733 [nioEventLoopGroup-3-2] INFO  io.moquette.broker.metrics.MQTTMessageLogger - C<-B PUBACK <center> packetID <10>
15:39:16.765 [nioEventLoopGroup-3-2] INFO  io.moquette.broker.metrics.MQTTMessageLogger - C->B PUBACK <center> packetID <7>
15:39:16.911 [MQTT Call: node10000000] INFO  com.ntu.datasync.sync.DataReceiver - 213 号数据同步成功
15:39:16.957 [nioEventLoopGroup-3-1] INFO  io.moquette.broker.metrics.MQTTMessageLogger - C<-B PUBACK <node10000000> packetID <9>
15:39:17.557 [nioEventLoopGroup-3-1] INFO  io.moquette.broker.metrics.MQTTMessageLogger - C->B PUBACK <node10000000> packetID <8>
15:39:17.660 [node] INFO  com.ntu.datasync.sync.SendThread - 发送消息:Book{bookId=31, bookName='万历十五年', bookIsbn='9787108009821', bookAuthor='黄仁宇 ', bookStatus='0'}
15:39:17.696 [nioEventLoopGroup-3-2] INFO  io.moquette.broker.metrics.MQTTMessageLogger - C<-B PUBACK <center> packetID <11>
15:39:17.717 [nioEventLoopGroup-3-2] INFO  io.moquette.broker.metrics.MQTTMessageLogger - C->B PUBACK <center> packetID <8>
15:39:17.807 [MQTT Call: node10000000] INFO  com.ntu.datasync.sync.DataReceiver - 31 号数据同步失败
15:39:17.854 [nioEventLoopGroup-3-1] INFO  io.moquette.broker.metrics.MQTTMessageLogger - C<-B PUBACK <node10000000> packetID <10>
15:39:18.557 [nioEventLoopGroup-3-1] INFO  io.moquette.broker.metrics.MQTTMessageLogger - C->B PUBACK <node10000000> packetID <9>
15:39:18.660 [node] INFO  com.ntu.datasync.sync.SendThread - 发送消息:Book{bookId=322, bookName='三体', bookIsbn='9787536692930', bookAuthor='刘慈欣 ', bookStatus='0'}
15:39:18.691 [nioEventLoopGroup-3-2] INFO  io.moquette.broker.metrics.MQTTMessageLogger - C<-B PUBACK <center> packetID <12>
15:39:18.731 [nioEventLoopGroup-3-2] INFO  io.moquette.broker.metrics.MQTTMessageLogger - C->B PUBACK <center> packetID <9>
15:39:18.904 [MQTT Call: node10000000] INFO  com.ntu.datasync.sync.DataReceiver - 322 号数据同步成功
15:39:18.951 [nioEventLoopGroup-3-1] INFO  io.moquette.broker.metrics.MQTTMessageLogger - C<-B PUBACK <node10000000> packetID <11>
15:39:19.558 [nioEventLoopGroup-3-1] INFO  io.moquette.broker.metrics.MQTTMessageLogger - C->B PUBACK <node10000000> packetID <10>
15:39:19.662 [node] INFO  com.ntu.datasync.sync.SendThread - 发送消息:Book{bookId=8, bookName='5465465', bookIsbn='5412', bookAuthor='dasdas', bookStatus='1'}
15:39:19.687 [nioEventLoopGroup-3-2] INFO  io.moquette.broker.metrics.MQTTMessageLogger - C->B PUBACK <center> packetID <10>
15:39:19.768 [MQTT Call: node10000000] INFO  com.ntu.datasync.sync.DataReceiver - 8 号数据同步失败
15:39:19.821 [nioEventLoopGroup-3-1] INFO  io.moquette.broker.metrics.MQTTMessageLogger - C<-B PUBACK <node10000000> packetID <12>
15:39:20.559 [nioEventLoopGroup-3-1] INFO  io.moquette.broker.metrics.MQTTMessageLogger - C->B PUBACK <node10000000> packetID <11>
15:39:20.739 [nioEventLoopGroup-3-2] INFO  io.moquette.broker.metrics.MQTTMessageLogger - C->B PUBACK <center> packetID <11>
