16:27:02.880 [center] DEBUG com.ntu.datasync.mapper.DataSynchroMapper.querySyncData - ==>  Preparing: select * from data_synchro where 1=1 and (SA1_STATUS = '1' or SA1_STATUS = '9') and (SD1_NUM < 5 or SD1_NUM is null) 
16:27:02.913 [center] DEBUG com.ntu.datasync.mapper.DataSynchroMapper.querySyncData - ==> Parameters: 
16:27:02.984 [center] DEBUG com.ntu.datasync.mapper.DataSynchroMapper.querySyncData - <==      Total: 0
16:27:09.705 [node] DEBUG com.ntu.datasync.mapper.DataSynchroMapper.querySyncData - ==>  Preparing: select * from data_synchro where 1=1 and (SA1_STATUS = '1' or SA1_STATUS = '9') and (SD1_NUM < 5 or SD1_NUM is null) 
16:27:09.706 [node] DEBUG com.ntu.datasync.mapper.DataSynchroMapper.querySyncData - ==> Parameters: 
16:27:09.731 [node] DEBUG com.ntu.datasync.mapper.DataSynchroMapper.querySyncData - <==      Total: 0
16:28:03.024 [center] DEBUG com.ntu.datasync.mapper.DataSynchroMapper.querySyncData - ==>  Preparing: select * from data_synchro where 1=1 and (SA1_STATUS = '1' or SA1_STATUS = '9') and (SD1_NUM < 5 or SD1_NUM is null) 
16:28:03.025 [center] DEBUG com.ntu.datasync.mapper.DataSynchroMapper.querySyncData - ==> Parameters: 
16:28:03.061 [center] DEBUG com.ntu.datasync.mapper.DataSynchroMapper.querySyncData - <==      Total: 0
16:28:09.731 [node] DEBUG com.ntu.datasync.mapper.DataSynchroMapper.querySyncData - ==>  Preparing: select * from data_synchro where 1=1 and (SA1_STATUS = '1' or SA1_STATUS = '9') and (SD1_NUM < 5 or SD1_NUM is null) 
16:28:09.732 [node] DEBUG com.ntu.datasync.mapper.DataSynchroMapper.querySyncData - ==> Parameters: 
16:28:09.733 [node] DEBUG com.ntu.datasync.mapper.DataSynchroMapper.querySyncData - <==      Total: 0
17:03:24.047 [center] DEBUG com.ntu.datasync.mapper.DataSynchroMapper.querySyncData - ==>  Preparing: select * from data_synchro where 1=1 and (SA1_STATUS = '1' or SA1_STATUS = '9') and (SD1_NUM < 5 or SD1_NUM is null) 
17:03:24.079 [center] DEBUG com.ntu.datasync.mapper.DataSynchroMapper.querySyncData - ==> Parameters: 
17:03:24.139 [center] DEBUG com.ntu.datasync.mapper.DataSynchroMapper.querySyncData - <==      Total: 0
17:03:31.557 [node] DEBUG com.ntu.datasync.mapper.DataSynchroMapper.querySyncData - ==>  Preparing: select * from data_synchro where 1=1 and (SA1_STATUS = '1' or SA1_STATUS = '9') and (SD1_NUM < 5 or SD1_NUM is null) 
17:03:31.557 [node] DEBUG com.ntu.datasync.mapper.DataSynchroMapper.querySyncData - ==> Parameters: 
17:03:31.559 [node] DEBUG com.ntu.datasync.mapper.DataSynchroMapper.querySyncData - <==      Total: 0
17:04:24.178 [center] DEBUG com.ntu.datasync.mapper.DataSynchroMapper.querySyncData - ==>  Preparing: select * from data_synchro where 1=1 and (SA1_STATUS = '1' or SA1_STATUS = '9') and (SD1_NUM < 5 or SD1_NUM is null) 
17:04:24.179 [center] DEBUG com.ntu.datasync.mapper.DataSynchroMapper.querySyncData - ==> Parameters: 
17:04:24.215 [center] DEBUG com.ntu.datasync.mapper.DataSynchroMapper.querySyncData - <==      Total: 0
17:04:31.560 [node] DEBUG com.ntu.datasync.mapper.DataSynchroMapper.querySyncData - ==>  Preparing: select * from data_synchro where 1=1 and (SA1_STATUS = '1' or SA1_STATUS = '9') and (SD1_NUM < 5 or SD1_NUM is null) 
17:04:31.561 [node] DEBUG com.ntu.datasync.mapper.DataSynchroMapper.querySyncData - ==> Parameters: 
17:04:31.562 [node] DEBUG com.ntu.datasync.mapper.DataSynchroMapper.querySyncData - <==      Total: 0
17:05:24.249 [center] DEBUG com.ntu.datasync.mapper.DataSynchroMapper.querySyncData - ==>  Preparing: select * from data_synchro where 1=1 and (SA1_STATUS = '1' or SA1_STATUS = '9') and (SD1_NUM < 5 or SD1_NUM is null) 
17:05:24.250 [center] DEBUG com.ntu.datasync.mapper.DataSynchroMapper.querySyncData - ==> Parameters: 
17:05:24.286 [center] DEBUG com.ntu.datasync.mapper.DataSynchroMapper.querySyncData - <==      Total: 0
17:05:31.562 [node] DEBUG com.ntu.datasync.mapper.DataSynchroMapper.querySyncData - ==>  Preparing: select * from data_synchro where 1=1 and (SA1_STATUS = '1' or SA1_STATUS = '9') and (SD1_NUM < 5 or SD1_NUM is null) 
17:05:31.563 [node] DEBUG com.ntu.datasync.mapper.DataSynchroMapper.querySyncData - ==> Parameters: 
17:05:31.564 [node] DEBUG com.ntu.datasync.mapper.DataSynchroMapper.querySyncData - <==      Total: 0
17:09:22.745 [center] DEBUG com.ntu.datasync.mapper.DataSynchroMapper.querySyncData - ==>  Preparing: select * from data_synchro where 1=1 and (SA1_STATUS = '1' or SA1_STATUS = '9') and (SD1_NUM < 5 or SD1_NUM is null) 
17:09:22.772 [center] DEBUG com.ntu.datasync.mapper.DataSynchroMapper.querySyncData - ==> Parameters: 
17:09:22.835 [center] DEBUG com.ntu.datasync.mapper.DataSynchroMapper.querySyncData - <==      Total: 0
17:09:30.259 [node] DEBUG com.ntu.datasync.mapper.DataSynchroMapper.querySyncData - ==>  Preparing: select * from data_synchro where 1=1 and (SA1_STATUS = '1' or SA1_STATUS = '9') and (SD1_NUM < 5 or SD1_NUM is null) 
17:09:30.259 [node] DEBUG com.ntu.datasync.mapper.DataSynchroMapper.querySyncData - ==> Parameters: 
17:09:30.260 [node] DEBUG com.ntu.datasync.mapper.DataSynchroMapper.querySyncData - <==      Total: 0
17:10:22.876 [center] DEBUG com.ntu.datasync.mapper.DataSynchroMapper.querySyncData - ==>  Preparing: select * from data_synchro where 1=1 and (SA1_STATUS = '1' or SA1_STATUS = '9') and (SD1_NUM < 5 or SD1_NUM is null) 
17:10:22.877 [center] DEBUG com.ntu.datasync.mapper.DataSynchroMapper.querySyncData - ==> Parameters: 
17:10:22.914 [center] DEBUG com.ntu.datasync.mapper.DataSynchroMapper.querySyncData - <==      Total: 0
17:10:30.263 [node] DEBUG com.ntu.datasync.mapper.DataSynchroMapper.querySyncData - ==>  Preparing: select * from data_synchro where 1=1 and (SA1_STATUS = '1' or SA1_STATUS = '9') and (SD1_NUM < 5 or SD1_NUM is null) 
17:10:30.263 [node] DEBUG com.ntu.datasync.mapper.DataSynchroMapper.querySyncData - ==> Parameters: 
17:10:30.264 [node] DEBUG com.ntu.datasync.mapper.DataSynchroMapper.querySyncData - <==      Total: 0
17:11:22.948 [center] DEBUG com.ntu.datasync.mapper.DataSynchroMapper.querySyncData - ==>  Preparing: select * from data_synchro where 1=1 and (SA1_STATUS = '1' or SA1_STATUS = '9') and (SD1_NUM < 5 or SD1_NUM is null) 
17:11:22.949 [center] DEBUG com.ntu.datasync.mapper.DataSynchroMapper.querySyncData - ==> Parameters: 
17:11:22.985 [center] DEBUG com.ntu.datasync.mapper.DataSynchroMapper.querySyncData - <==      Total: 0
17:11:30.264 [node] DEBUG com.ntu.datasync.mapper.DataSynchroMapper.querySyncData - ==>  Preparing: select * from data_synchro where 1=1 and (SA1_STATUS = '1' or SA1_STATUS = '9') and (SD1_NUM < 5 or SD1_NUM is null) 
17:11:30.265 [node] DEBUG com.ntu.datasync.mapper.DataSynchroMapper.querySyncData - ==> Parameters: 
17:11:30.267 [node] DEBUG com.ntu.datasync.mapper.DataSynchroMapper.querySyncData - <==      Total: 0
17:12:23.019 [center] DEBUG com.ntu.datasync.mapper.DataSynchroMapper.querySyncData - ==>  Preparing: select * from data_synchro where 1=1 and (SA1_STATUS = '1' or SA1_STATUS = '9') and (SD1_NUM < 5 or SD1_NUM is null) 
17:12:23.020 [center] DEBUG com.ntu.datasync.mapper.DataSynchroMapper.querySyncData - ==> Parameters: 
17:12:23.057 [center] DEBUG com.ntu.datasync.mapper.DataSynchroMapper.querySyncData - <==      Total: 0
17:12:30.267 [node] DEBUG com.ntu.datasync.mapper.DataSynchroMapper.querySyncData - ==>  Preparing: select * from data_synchro where 1=1 and (SA1_STATUS = '1' or SA1_STATUS = '9') and (SD1_NUM < 5 or SD1_NUM is null) 
17:12:30.268 [node] DEBUG com.ntu.datasync.mapper.DataSynchroMapper.querySyncData - ==> Parameters: 
17:12:30.269 [node] DEBUG com.ntu.datasync.mapper.DataSynchroMapper.querySyncData - <==      Total: 0
17:13:23.094 [center] DEBUG com.ntu.datasync.mapper.DataSynchroMapper.querySyncData - ==>  Preparing: select * from data_synchro where 1=1 and (SA1_STATUS = '1' or SA1_STATUS = '9') and (SD1_NUM < 5 or SD1_NUM is null) 
17:13:23.095 [center] DEBUG com.ntu.datasync.mapper.DataSynchroMapper.querySyncData - ==> Parameters: 
17:13:23.131 [center] DEBUG com.ntu.datasync.mapper.DataSynchroMapper.querySyncData - <==      Total: 0
17:13:30.270 [node] DEBUG com.ntu.datasync.mapper.DataSynchroMapper.querySyncData - ==>  Preparing: select * from data_synchro where 1=1 and (SA1_STATUS = '1' or SA1_STATUS = '9') and (SD1_NUM < 5 or SD1_NUM is null) 
17:13:30.271 [node] DEBUG com.ntu.datasync.mapper.DataSynchroMapper.querySyncData - ==> Parameters: 
17:13:30.272 [node] DEBUG com.ntu.datasync.mapper.DataSynchroMapper.querySyncData - <==      Total: 0
17:14:23.166 [center] DEBUG com.ntu.datasync.mapper.DataSynchroMapper.querySyncData - ==>  Preparing: select * from data_synchro where 1=1 and (SA1_STATUS = '1' or SA1_STATUS = '9') and (SD1_NUM < 5 or SD1_NUM is null) 
17:14:23.167 [center] DEBUG com.ntu.datasync.mapper.DataSynchroMapper.querySyncData - ==> Parameters: 
17:14:23.203 [center] DEBUG com.ntu.datasync.mapper.DataSynchroMapper.querySyncData - <==      Total: 0
17:14:30.274 [node] DEBUG com.ntu.datasync.mapper.DataSynchroMapper.querySyncData - ==>  Preparing: select * from data_synchro where 1=1 and (SA1_STATUS = '1' or SA1_STATUS = '9') and (SD1_NUM < 5 or SD1_NUM is null) 
17:14:30.275 [node] DEBUG com.ntu.datasync.mapper.DataSynchroMapper.querySyncData - ==> Parameters: 
17:14:30.276 [node] DEBUG com.ntu.datasync.mapper.DataSynchroMapper.querySyncData - <==      Total: 0
17:15:23.242 [center] DEBUG com.ntu.datasync.mapper.DataSynchroMapper.querySyncData - ==>  Preparing: select * from data_synchro where 1=1 and (SA1_STATUS = '1' or SA1_STATUS = '9') and (SD1_NUM < 5 or SD1_NUM is null) 
17:15:23.242 [center] DEBUG com.ntu.datasync.mapper.DataSynchroMapper.querySyncData - ==> Parameters: 
17:15:23.278 [center] DEBUG com.ntu.datasync.mapper.DataSynchroMapper.querySyncData - <==      Total: 0
17:15:30.276 [node] DEBUG com.ntu.datasync.mapper.DataSynchroMapper.querySyncData - ==>  Preparing: select * from data_synchro where 1=1 and (SA1_STATUS = '1' or SA1_STATUS = '9') and (SD1_NUM < 5 or SD1_NUM is null) 
17:15:30.277 [node] DEBUG com.ntu.datasync.mapper.DataSynchroMapper.querySyncData - ==> Parameters: 
17:15:30.278 [node] DEBUG com.ntu.datasync.mapper.DataSynchroMapper.querySyncData - <==      Total: 0
17:16:23.313 [center] DEBUG com.ntu.datasync.mapper.DataSynchroMapper.querySyncData - ==>  Preparing: select * from data_synchro where 1=1 and (SA1_STATUS = '1' or SA1_STATUS = '9') and (SD1_NUM < 5 or SD1_NUM is null) 
17:16:23.313 [center] DEBUG com.ntu.datasync.mapper.DataSynchroMapper.querySyncData - ==> Parameters: 
17:16:23.349 [center] DEBUG com.ntu.datasync.mapper.DataSynchroMapper.querySyncData - <==      Total: 0
17:16:30.278 [node] DEBUG com.ntu.datasync.mapper.DataSynchroMapper.querySyncData - ==>  Preparing: select * from data_synchro where 1=1 and (SA1_STATUS = '1' or SA1_STATUS = '9') and (SD1_NUM < 5 or SD1_NUM is null) 
17:16:30.279 [node] DEBUG com.ntu.datasync.mapper.DataSynchroMapper.querySyncData - ==> Parameters: 
17:16:30.282 [node] DEBUG com.ntu.datasync.mapper.DataSynchroMapper.querySyncData - <==      Total: 0
17:17:23.384 [center] DEBUG com.ntu.datasync.mapper.DataSynchroMapper.querySyncData - ==>  Preparing: select * from data_synchro where 1=1 and (SA1_STATUS = '1' or SA1_STATUS = '9') and (SD1_NUM < 5 or SD1_NUM is null) 
17:17:23.384 [center] DEBUG com.ntu.datasync.mapper.DataSynchroMapper.querySyncData - ==> Parameters: 
17:17:23.428 [center] DEBUG com.ntu.datasync.mapper.DataSynchroMapper.querySyncData - <==      Total: 0
17:17:30.284 [node] DEBUG com.ntu.datasync.mapper.DataSynchroMapper.querySyncData - ==>  Preparing: select * from data_synchro where 1=1 and (SA1_STATUS = '1' or SA1_STATUS = '9') and (SD1_NUM < 5 or SD1_NUM is null) 
17:17:30.285 [node] DEBUG com.ntu.datasync.mapper.DataSynchroMapper.querySyncData - ==> Parameters: 
17:17:30.288 [node] DEBUG com.ntu.datasync.mapper.DataSynchroMapper.querySyncData - <==      Total: 0
17:18:23.463 [center] DEBUG com.ntu.datasync.mapper.DataSynchroMapper.querySyncData - ==>  Preparing: select * from data_synchro where 1=1 and (SA1_STATUS = '1' or SA1_STATUS = '9') and (SD1_NUM < 5 or SD1_NUM is null) 
17:18:23.463 [center] DEBUG com.ntu.datasync.mapper.DataSynchroMapper.querySyncData - ==> Parameters: 
17:18:23.499 [center] DEBUG com.ntu.datasync.mapper.DataSynchroMapper.querySyncData - <==      Total: 0
17:18:30.288 [node] DEBUG com.ntu.datasync.mapper.DataSynchroMapper.querySyncData - ==>  Preparing: select * from data_synchro where 1=1 and (SA1_STATUS = '1' or SA1_STATUS = '9') and (SD1_NUM < 5 or SD1_NUM is null) 
17:18:30.289 [node] DEBUG com.ntu.datasync.mapper.DataSynchroMapper.querySyncData - ==> Parameters: 
17:18:30.291 [node] DEBUG com.ntu.datasync.mapper.DataSynchroMapper.querySyncData - <==      Total: 0
17:19:23.534 [center] DEBUG com.ntu.datasync.mapper.DataSynchroMapper.querySyncData - ==>  Preparing: select * from data_synchro where 1=1 and (SA1_STATUS = '1' or SA1_STATUS = '9') and (SD1_NUM < 5 or SD1_NUM is null) 
17:19:23.535 [center] DEBUG com.ntu.datasync.mapper.DataSynchroMapper.querySyncData - ==> Parameters: 
17:19:23.571 [center] DEBUG com.ntu.datasync.mapper.DataSynchroMapper.querySyncData - <==      Total: 0
17:19:30.292 [node] DEBUG com.ntu.datasync.mapper.DataSynchroMapper.querySyncData - ==>  Preparing: select * from data_synchro where 1=1 and (SA1_STATUS = '1' or SA1_STATUS = '9') and (SD1_NUM < 5 or SD1_NUM is null) 
17:19:30.293 [node] DEBUG com.ntu.datasync.mapper.DataSynchroMapper.querySyncData - ==> Parameters: 
17:19:30.294 [node] DEBUG com.ntu.datasync.mapper.DataSynchroMapper.querySyncData - <==      Total: 0
17:20:23.606 [center] DEBUG com.ntu.datasync.mapper.DataSynchroMapper.querySyncData - ==>  Preparing: select * from data_synchro where 1=1 and (SA1_STATUS = '1' or SA1_STATUS = '9') and (SD1_NUM < 5 or SD1_NUM is null) 
17:20:23.606 [center] DEBUG com.ntu.datasync.mapper.DataSynchroMapper.querySyncData - ==> Parameters: 
17:20:23.641 [center] DEBUG com.ntu.datasync.mapper.DataSynchroMapper.querySyncData - <==      Total: 0
17:20:30.294 [node] DEBUG com.ntu.datasync.mapper.DataSynchroMapper.querySyncData - ==>  Preparing: select * from data_synchro where 1=1 and (SA1_STATUS = '1' or SA1_STATUS = '9') and (SD1_NUM < 5 or SD1_NUM is null) 
17:20:30.294 [node] DEBUG com.ntu.datasync.mapper.DataSynchroMapper.querySyncData - ==> Parameters: 
17:20:30.295 [node] DEBUG com.ntu.datasync.mapper.DataSynchroMapper.querySyncData - <==      Total: 0
17:21:23.677 [center] DEBUG com.ntu.datasync.mapper.DataSynchroMapper.querySyncData - ==>  Preparing: select * from data_synchro where 1=1 and (SA1_STATUS = '1' or SA1_STATUS = '9') and (SD1_NUM < 5 or SD1_NUM is null) 
17:21:23.677 [center] DEBUG com.ntu.datasync.mapper.DataSynchroMapper.querySyncData - ==> Parameters: 
17:21:23.713 [center] DEBUG com.ntu.datasync.mapper.DataSynchroMapper.querySyncData - <==      Total: 0
17:21:30.297 [node] DEBUG com.ntu.datasync.mapper.DataSynchroMapper.querySyncData - ==>  Preparing: select * from data_synchro where 1=1 and (SA1_STATUS = '1' or SA1_STATUS = '9') and (SD1_NUM < 5 or SD1_NUM is null) 
17:21:30.298 [node] DEBUG com.ntu.datasync.mapper.DataSynchroMapper.querySyncData - ==> Parameters: 
17:21:30.299 [node] DEBUG com.ntu.datasync.mapper.DataSynchroMapper.querySyncData - <==      Total: 0
17:22:23.748 [center] DEBUG com.ntu.datasync.mapper.DataSynchroMapper.querySyncData - ==>  Preparing: select * from data_synchro where 1=1 and (SA1_STATUS = '1' or SA1_STATUS = '9') and (SD1_NUM < 5 or SD1_NUM is null) 
17:22:23.749 [center] DEBUG com.ntu.datasync.mapper.DataSynchroMapper.querySyncData - ==> Parameters: 
17:22:23.784 [center] DEBUG com.ntu.datasync.mapper.DataSynchroMapper.querySyncData - <==      Total: 0
17:22:30.299 [node] DEBUG com.ntu.datasync.mapper.DataSynchroMapper.querySyncData - ==>  Preparing: select * from data_synchro where 1=1 and (SA1_STATUS = '1' or SA1_STATUS = '9') and (SD1_NUM < 5 or SD1_NUM is null) 
17:22:30.300 [node] DEBUG com.ntu.datasync.mapper.DataSynchroMapper.querySyncData - ==> Parameters: 
17:22:30.301 [node] DEBUG com.ntu.datasync.mapper.DataSynchroMapper.querySyncData - <==      Total: 0
17:23:23.819 [center] DEBUG com.ntu.datasync.mapper.DataSynchroMapper.querySyncData - ==>  Preparing: select * from data_synchro where 1=1 and (SA1_STATUS = '1' or SA1_STATUS = '9') and (SD1_NUM < 5 or SD1_NUM is null) 
17:23:23.820 [center] DEBUG com.ntu.datasync.mapper.DataSynchroMapper.querySyncData - ==> Parameters: 
17:23:23.855 [center] DEBUG com.ntu.datasync.mapper.DataSynchroMapper.querySyncData - <==      Total: 0
17:23:30.302 [node] DEBUG com.ntu.datasync.mapper.DataSynchroMapper.querySyncData - ==>  Preparing: select * from data_synchro where 1=1 and (SA1_STATUS = '1' or SA1_STATUS = '9') and (SD1_NUM < 5 or SD1_NUM is null) 
17:23:30.303 [node] DEBUG com.ntu.datasync.mapper.DataSynchroMapper.querySyncData - ==> Parameters: 
17:23:30.304 [node] DEBUG com.ntu.datasync.mapper.DataSynchroMapper.querySyncData - <==      Total: 0
17:24:23.897 [center] DEBUG com.ntu.datasync.mapper.DataSynchroMapper.querySyncData - ==>  Preparing: select * from data_synchro where 1=1 and (SA1_STATUS = '1' or SA1_STATUS = '9') and (SD1_NUM < 5 or SD1_NUM is null) 
17:24:23.897 [center] DEBUG com.ntu.datasync.mapper.DataSynchroMapper.querySyncData - ==> Parameters: 
17:24:23.970 [center] DEBUG com.ntu.datasync.mapper.DataSynchroMapper.querySyncData - <==      Total: 0
17:24:30.305 [node] DEBUG com.ntu.datasync.mapper.DataSynchroMapper.querySyncData - ==>  Preparing: select * from data_synchro where 1=1 and (SA1_STATUS = '1' or SA1_STATUS = '9') and (SD1_NUM < 5 or SD1_NUM is null) 
17:24:30.305 [node] DEBUG com.ntu.datasync.mapper.DataSynchroMapper.querySyncData - ==> Parameters: 
17:24:30.306 [node] DEBUG com.ntu.datasync.mapper.DataSynchroMapper.querySyncData - <==      Total: 0
17:32:26.156 [center] DEBUG com.ntu.datasync.mapper.DataSynchroMapper.querySyncData - ==>  Preparing: select * from data_synchro where 1=1 and (SA1_STATUS = '1' or SA1_STATUS = '9') and (SD1_NUM < 5 or SD1_NUM is null) 
17:32:26.184 [center] DEBUG com.ntu.datasync.mapper.DataSynchroMapper.querySyncData - ==> Parameters: 
17:32:26.252 [center] DEBUG com.ntu.datasync.mapper.DataSynchroMapper.querySyncData - <==      Total: 0
17:32:33.669 [node] DEBUG com.ntu.datasync.mapper.DataSynchroMapper.querySyncData - ==>  Preparing: select * from data_synchro where 1=1 and (SA1_STATUS = '1' or SA1_STATUS = '9') and (SD1_NUM < 5 or SD1_NUM is null) 
17:32:33.671 [node] DEBUG com.ntu.datasync.mapper.DataSynchroMapper.querySyncData - ==> Parameters: 
17:32:33.679 [node] DEBUG com.ntu.datasync.mapper.DataSynchroMapper.querySyncData - <==      Total: 0
17:33:26.292 [center] DEBUG com.ntu.datasync.mapper.DataSynchroMapper.querySyncData - ==>  Preparing: select * from data_synchro where 1=1 and (SA1_STATUS = '1' or SA1_STATUS = '9') and (SD1_NUM < 5 or SD1_NUM is null) 
17:33:26.292 [center] DEBUG com.ntu.datasync.mapper.DataSynchroMapper.querySyncData - ==> Parameters: 
17:33:26.328 [center] DEBUG com.ntu.datasync.mapper.DataSynchroMapper.querySyncData - <==      Total: 0
17:33:33.679 [node] DEBUG com.ntu.datasync.mapper.DataSynchroMapper.querySyncData - ==>  Preparing: select * from data_synchro where 1=1 and (SA1_STATUS = '1' or SA1_STATUS = '9') and (SD1_NUM < 5 or SD1_NUM is null) 
17:33:33.680 [node] DEBUG com.ntu.datasync.mapper.DataSynchroMapper.querySyncData - ==> Parameters: 
17:33:33.681 [node] DEBUG com.ntu.datasync.mapper.DataSynchroMapper.querySyncData - <==      Total: 0
17:34:26.362 [center] DEBUG com.ntu.datasync.mapper.DataSynchroMapper.querySyncData - ==>  Preparing: select * from data_synchro where 1=1 and (SA1_STATUS = '1' or SA1_STATUS = '9') and (SD1_NUM < 5 or SD1_NUM is null) 
17:34:26.363 [center] DEBUG com.ntu.datasync.mapper.DataSynchroMapper.querySyncData - ==> Parameters: 
17:34:26.399 [center] DEBUG com.ntu.datasync.mapper.DataSynchroMapper.querySyncData - <==      Total: 0
17:34:33.682 [node] DEBUG com.ntu.datasync.mapper.DataSynchroMapper.querySyncData - ==>  Preparing: select * from data_synchro where 1=1 and (SA1_STATUS = '1' or SA1_STATUS = '9') and (SD1_NUM < 5 or SD1_NUM is null) 
17:34:33.682 [node] DEBUG com.ntu.datasync.mapper.DataSynchroMapper.querySyncData - ==> Parameters: 
17:34:33.683 [node] DEBUG com.ntu.datasync.mapper.DataSynchroMapper.querySyncData - <==      Total: 0
17:35:26.439 [center] DEBUG com.ntu.datasync.mapper.DataSynchroMapper.querySyncData - ==>  Preparing: select * from data_synchro where 1=1 and (SA1_STATUS = '1' or SA1_STATUS = '9') and (SD1_NUM < 5 or SD1_NUM is null) 
17:35:26.439 [center] DEBUG com.ntu.datasync.mapper.DataSynchroMapper.querySyncData - ==> Parameters: 
17:35:26.474 [center] DEBUG com.ntu.datasync.mapper.DataSynchroMapper.querySyncData - <==      Total: 0
17:35:33.683 [node] DEBUG com.ntu.datasync.mapper.DataSynchroMapper.querySyncData - ==>  Preparing: select * from data_synchro where 1=1 and (SA1_STATUS = '1' or SA1_STATUS = '9') and (SD1_NUM < 5 or SD1_NUM is null) 
17:35:33.684 [node] DEBUG com.ntu.datasync.mapper.DataSynchroMapper.querySyncData - ==> Parameters: 
17:35:33.685 [node] DEBUG com.ntu.datasync.mapper.DataSynchroMapper.querySyncData - <==      Total: 0
17:36:26.509 [center] DEBUG com.ntu.datasync.mapper.DataSynchroMapper.querySyncData - ==>  Preparing: select * from data_synchro where 1=1 and (SA1_STATUS = '1' or SA1_STATUS = '9') and (SD1_NUM < 5 or SD1_NUM is null) 
17:36:26.509 [center] DEBUG com.ntu.datasync.mapper.DataSynchroMapper.querySyncData - ==> Parameters: 
17:36:26.545 [center] DEBUG com.ntu.datasync.mapper.DataSynchroMapper.querySyncData - <==      Total: 0
17:36:33.686 [node] DEBUG com.ntu.datasync.mapper.DataSynchroMapper.querySyncData - ==>  Preparing: select * from data_synchro where 1=1 and (SA1_STATUS = '1' or SA1_STATUS = '9') and (SD1_NUM < 5 or SD1_NUM is null) 
17:36:33.687 [node] DEBUG com.ntu.datasync.mapper.DataSynchroMapper.querySyncData - ==> Parameters: 
17:36:33.688 [node] DEBUG com.ntu.datasync.mapper.DataSynchroMapper.querySyncData - <==      Total: 0
