17:57:42.430 [node] ERROR com.ntu.datasync.sync.SendThread - null
17:57:47.436 [node] ERROR com.ntu.datasync.sync.SendThread - null
17:57:52.439 [node] ERROR com.ntu.datasync.sync.SendThread - null
17:57:57.443 [node] ERROR com.ntu.datasync.sync.SendThread - null
17:58:02.446 [node] ERROR com.ntu.datasync.sync.SendThread - null
17:58:07.450 [node] ERROR com.ntu.datasync.sync.SendThread - null
17:58:12.453 [node] ERROR com.ntu.datasync.sync.SendThread - null
17:58:17.456 [node] ERROR com.ntu.datasync.sync.SendThread - null
17:58:22.458 [node] ERROR com.ntu.datasync.sync.SendThread - null
17:58:27.466 [node] ERROR com.ntu.datasync.sync.SendThread - null
17:58:32.471 [node] ERROR com.ntu.datasync.sync.SendThread - null
17:58:37.474 [node] ERROR com.ntu.datasync.sync.SendThread - null
17:58:42.476 [node] ERROR com.ntu.datasync.sync.SendThread - null
17:58:47.478 [node] ERROR com.ntu.datasync.sync.SendThread - null
17:58:52.483 [node] ERROR com.ntu.datasync.sync.SendThread - null
17:58:57.487 [node] ERROR com.ntu.datasync.sync.SendThread - null
17:59:02.489 [node] ERROR com.ntu.datasync.sync.SendThread - null
17:59:07.493 [node] ERROR com.ntu.datasync.sync.SendThread - null
17:59:12.513 [node] ERROR com.ntu.datasync.sync.SendThread - null
17:59:57.126 [node] ERROR com.ntu.datasync.sync.SendThread - null
18:00:02.130 [node] ERROR com.ntu.datasync.sync.SendThread - null
18:00:07.133 [node] ERROR com.ntu.datasync.sync.SendThread - null
18:00:12.139 [node] ERROR com.ntu.datasync.sync.SendThread - null
18:01:43.455 [node] ERROR com.ntu.datasync.sync.SendThread - null
18:01:43.507 [MQTT Ping: node] ERROR org.eclipse.paho.client.mqttv3.internal.ClientState - node: Timed out as no write activity, keepAlive=30,000,000,000 lastOutboundActivity=201,377,451,713,500 lastInboundActivity=201,377,452,965,200 time=201,489,018,276,100 lastPing=0
18:01:43.510 [MQTT Ping: center] ERROR org.eclipse.paho.client.mqttv3.internal.ClientState - center: Timed out as no write activity, keepAlive=30,000,000,000 lastOutboundActivity=201,398,934,817,600 lastInboundActivity=201,398,935,695,100 time=201,489,033,715,300 lastPing=201,398,934,836,000
18:02:30.164 [node] ERROR com.ntu.datasync.sync.SendThread - 未找到需要同步的数据表
18:02:35.168 [node] ERROR com.ntu.datasync.sync.SendThread - 未找到需要同步的数据表
18:02:40.174 [node] ERROR com.ntu.datasync.sync.SendThread - nested exception is org.apache.ibatis.exceptions.PersistenceException: 
### Error querying database.  Cause: org.springframework.jdbc.CannotGetJdbcConnectionException: Failed to obtain JDBC Connection; nested exception is com.alibaba.druid.pool.DataSourceClosedException: dataSource already closed at Tue Apr 28 18:02:38 CST 2020
### The error may exist in file [C:\Users\Lenovo\Desktop\datasync\target\classes\mapper\DataSynchroMapper.xml]
### The error may involve com.ntu.datasync.mapper.DataSynchroMapper.querySyncData
### The error occurred while executing a query
### Cause: org.springframework.jdbc.CannotGetJdbcConnectionException: Failed to obtain JDBC Connection; nested exception is com.alibaba.druid.pool.DataSourceClosedException: dataSource already closed at Tue Apr 28 18:02:38 CST 2020
18:14:18.727 [node] ERROR com.ntu.datasync.sync.SendThread - 未找到需要同步的数据表
18:14:23.730 [node] ERROR com.ntu.datasync.sync.SendThread - 未找到需要同步的数据表
18:14:28.733 [node] ERROR com.ntu.datasync.sync.SendThread - 未找到需要同步的数据表
18:14:33.737 [node] ERROR com.ntu.datasync.sync.SendThread - 未找到需要同步的数据表
18:14:38.741 [node] ERROR com.ntu.datasync.sync.SendThread - 未找到需要同步的数据表
18:14:43.745 [node] ERROR com.ntu.datasync.sync.SendThread - 未找到需要同步的数据表
18:41:50.470 [node] ERROR com.ntu.datasync.sync.SendThread - 未找到需要同步的数据表
18:41:55.474 [node] ERROR com.ntu.datasync.sync.SendThread - 未找到需要同步的数据表
18:42:00.478 [node] ERROR com.ntu.datasync.sync.SendThread - 未找到需要同步的数据表
18:42:05.658 [node] ERROR com.ntu.datasync.sync.SendThread - 未找到需要同步的数据表
18:50:20.677 [node] ERROR com.ntu.datasync.sync.SendThread - 未找到需要同步的数据表
18:50:25.680 [node] ERROR com.ntu.datasync.sync.SendThread - 未找到需要同步的数据表
18:50:30.683 [node] ERROR com.ntu.datasync.sync.SendThread - 未找到需要同步的数据表
18:50:35.687 [node] ERROR com.ntu.datasync.sync.SendThread - 未找到需要同步的数据表
18:53:51.802 [node] ERROR com.ntu.datasync.sync.SendThread - 同步数据不存在：DataSynchro(basicinfoid=31, type=1, sa1Status=9, sb1Time=null, sc1Time=Tue Mar 10 15:39:18 CST 2020, sd1Num=2, se1Time=Tue Mar 10 15:39:18 CST 2020, sf1Msg=synchronize data failed, sa2Status=null, sb2Time=null, sc2Time=null, sf2Msg=null)
18:57:18.932 [node] ERROR com.ntu.datasync.sync.SendThread - 同步数据不存在：DataSynchro(basicinfoid=45, type=1, sa1Status=1, sb1Time=null, sc1Time=Tue Mar 10 15:25:09 CST 2020, sd1Num=0, se1Time=null, sf1Msg=null, sa2Status=null, sb2Time=null, sc2Time=null, sf2Msg=null)
18:57:19.054 [node] ERROR com.ntu.datasync.sync.SendThread - 同步数据不存在：DataSynchro(basicinfoid=555555, type=1, sa1Status=1, sb1Time=null, sc1Time=Wed Apr 22 14:19:13 CST 2020, sd1Num=0, se1Time=null, sf1Msg=null, sa2Status=null, sb2Time=null, sc2Time=null, sf2Msg=null)
18:57:49.116 [node] ERROR com.ntu.datasync.sync.SendThread - 同步数据不存在：DataSynchro(basicinfoid=1, type=M, sa1Status=1, sb1Time=null, sc1Time=Tue Mar 10 15:36:08 CST 2020, sd1Num=1, se1Time=Tue Mar 10 14:53:27 CST 2020, sf1Msg=data not found, sa2Status=null, sb2Time=null, sc2Time=null, sf2Msg=null)
19:01:50.138 [MQTT Call: center] ERROR com.ntu.datasync.sync.DataReceiver - 10 号数据同步失败原因: 
### Error updating database.  Cause: java.sql.SQLIntegrityConstraintViolationException: Duplicate entry '10' for key 'PRIMARY'
### The error may exist in file [C:\Users\Lenovo\Desktop\datasync\target\classes\mapper\BookMapper.xml]
### The error may involve defaultParameterMap
### The error occurred while setting parameters
### SQL: insert into         book         (           book_id,           book_name,           book_isbn,           book_author,           book_status,           book_info,           book_publisher,           book_createtime         )         values         ( ?,           ?,           ?,           ?,           0,           ?,           ?,           now()         )
### Cause: java.sql.SQLIntegrityConstraintViolationException: Duplicate entry '10' for key 'PRIMARY'
; Duplicate entry '10' for key 'PRIMARY'; nested exception is java.sql.SQLIntegrityConstraintViolationException: Duplicate entry '10' for key 'PRIMARY'
19:01:50.747 [MQTT Call: node] ERROR com.ntu.datasync.sync.DataReceiver - 10 号数据同步失败原因: null
19:01:51.750 [MQTT Call: node] ERROR com.ntu.datasync.sync.DataReceiver - 10 号数据同步失败原因: null
19:01:53.081 [MQTT Call: node] ERROR com.ntu.datasync.sync.DataReceiver - 10 号数据同步失败原因: null
19:01:53.751 [MQTT Call: node] ERROR com.ntu.datasync.sync.DataReceiver - 10 号数据同步失败原因: null
19:01:54.764 [MQTT Call: node] ERROR com.ntu.datasync.sync.DataReceiver - 10 号数据同步失败原因: null
19:01:55.762 [MQTT Call: node] ERROR com.ntu.datasync.sync.DataReceiver - 10 号数据同步失败原因: null
19:01:55.894 [MQTT Call: center] ERROR com.ntu.datasync.sync.DataReceiver - 10 号数据同步失败原因: 
### Error updating database.  Cause: java.sql.SQLIntegrityConstraintViolationException: Duplicate entry '10' for key 'PRIMARY'
### The error may exist in file [C:\Users\Lenovo\Desktop\datasync\target\classes\mapper\BookMapper.xml]
### The error may involve defaultParameterMap
### The error occurred while setting parameters
### SQL: insert into         book         (           book_id,           book_name,           book_isbn,           book_author,           book_status,           book_info,           book_publisher,           book_createtime         )         values         ( ?,           ?,           ?,           ?,           0,           ?,           ?,           now()         )
### Cause: java.sql.SQLIntegrityConstraintViolationException: Duplicate entry '10' for key 'PRIMARY'
; Duplicate entry '10' for key 'PRIMARY'; nested exception is java.sql.SQLIntegrityConstraintViolationException: Duplicate entry '10' for key 'PRIMARY'
19:01:56.752 [MQTT Call: node] ERROR com.ntu.datasync.sync.DataReceiver - 10 号数据同步失败原因: null
19:01:57.753 [MQTT Call: node] ERROR com.ntu.datasync.sync.DataReceiver - 10 号数据同步失败原因: null
19:01:58.752 [MQTT Call: node] ERROR com.ntu.datasync.sync.DataReceiver - 10 号数据同步失败原因: null
19:01:59.756 [MQTT Call: node] ERROR com.ntu.datasync.sync.DataReceiver - 10 号数据同步失败原因: null
19:02:00.762 [MQTT Call: node] ERROR com.ntu.datasync.sync.DataReceiver - 10 号数据同步失败原因: null
19:02:01.753 [MQTT Call: node] ERROR com.ntu.datasync.sync.DataReceiver - 10 号数据同步失败原因: null
19:02:01.889 [MQTT Call: center] ERROR com.ntu.datasync.sync.DataReceiver - 10 号数据同步失败原因: 
### Error updating database.  Cause: java.sql.SQLIntegrityConstraintViolationException: Duplicate entry '10' for key 'PRIMARY'
### The error may exist in file [C:\Users\Lenovo\Desktop\datasync\target\classes\mapper\BookMapper.xml]
### The error may involve defaultParameterMap
### The error occurred while setting parameters
### SQL: insert into         book         (           book_id,           book_name,           book_isbn,           book_author,           book_status,           book_info,           book_publisher,           book_createtime         )         values         ( ?,           ?,           ?,           ?,           0,           ?,           ?,           now()         )
### Cause: java.sql.SQLIntegrityConstraintViolationException: Duplicate entry '10' for key 'PRIMARY'
; Duplicate entry '10' for key 'PRIMARY'; nested exception is java.sql.SQLIntegrityConstraintViolationException: Duplicate entry '10' for key 'PRIMARY'
19:02:02.753 [MQTT Call: node] ERROR com.ntu.datasync.sync.DataReceiver - 10 号数据同步失败原因: null
19:02:04.060 [MQTT Call: node] ERROR com.ntu.datasync.sync.DataReceiver - 10 号数据同步失败原因: null
19:02:04.817 [MQTT Call: node] ERROR com.ntu.datasync.sync.DataReceiver - 10 号数据同步失败原因: null
19:02:05.755 [MQTT Call: node] ERROR com.ntu.datasync.sync.DataReceiver - 10 号数据同步失败原因: null
19:02:06.761 [MQTT Call: node] ERROR com.ntu.datasync.sync.DataReceiver - 10 号数据同步失败原因: null
19:02:07.757 [MQTT Call: node] ERROR com.ntu.datasync.sync.DataReceiver - 10 号数据同步失败原因: null
19:02:07.906 [MQTT Call: center] ERROR com.ntu.datasync.sync.DataReceiver - 10 号数据同步失败原因: 
### Error updating database.  Cause: java.sql.SQLIntegrityConstraintViolationException: Duplicate entry '10' for key 'PRIMARY'
### The error may exist in file [C:\Users\Lenovo\Desktop\datasync\target\classes\mapper\BookMapper.xml]
### The error may involve defaultParameterMap
### The error occurred while setting parameters
### SQL: insert into         book         (           book_id,           book_name,           book_isbn,           book_author,           book_status,           book_info,           book_publisher,           book_createtime         )         values         ( ?,           ?,           ?,           ?,           0,           ?,           ?,           now()         )
### Cause: java.sql.SQLIntegrityConstraintViolationException: Duplicate entry '10' for key 'PRIMARY'
; Duplicate entry '10' for key 'PRIMARY'; nested exception is java.sql.SQLIntegrityConstraintViolationException: Duplicate entry '10' for key 'PRIMARY'
19:02:08.789 [MQTT Call: node] ERROR com.ntu.datasync.sync.DataReceiver - 10 号数据同步失败原因: null
19:02:09.764 [MQTT Call: node] ERROR com.ntu.datasync.sync.DataReceiver - 10 号数据同步失败原因: null
19:02:10.757 [MQTT Call: node] ERROR com.ntu.datasync.sync.DataReceiver - 10 号数据同步失败原因: null
19:08:00.845 [main] ERROR org.springframework.boot.SpringApplication - Application run failed
java.lang.NullPointerException: null
	at org.eclipse.paho.client.mqttv3.internal.MqttPersistentData.<init>(MqttPersistentData.java:63)
	at org.eclipse.paho.client.mqttv3.persist.MqttDefaultFilePersistence.get(MqttDefaultFilePersistence.java:219)
	at org.eclipse.paho.client.mqttv3.internal.ClientState.restoreState(ClientState.java:342)
	at org.eclipse.paho.client.mqttv3.internal.ClientState.<init>(ClientState.java:172)
	at org.eclipse.paho.client.mqttv3.internal.ClientComms.<init>(ClientComms.java:108)
	at org.eclipse.paho.client.mqttv3.MqttAsyncClient.<init>(MqttAsyncClient.java:470)
	at org.eclipse.paho.client.mqttv3.MqttAsyncClient.<init>(MqttAsyncClient.java:320)
	at org.eclipse.paho.client.mqttv3.MqttAsyncClient.<init>(MqttAsyncClient.java:315)
	at org.eclipse.paho.client.mqttv3.MqttClient.<init>(MqttClient.java:227)
	at org.eclipse.paho.client.mqttv3.MqttClient.<init>(MqttClient.java:138)
	at com.ntu.datasync.sync.EMQTTClient.<init>(EMQTTClient.java:41)
	at com.ntu.datasync.sync.NodeSync.start(NodeSync.java:27)
	at com.ntu.datasync.ServerStart.onApplicationEvent(ServerStart.java:41)
	at com.ntu.datasync.ServerStart.onApplicationEvent(ServerStart.java:19)
	at org.springframework.context.event.SimpleApplicationEventMulticaster.doInvokeListener(SimpleApplicationEventMulticaster.java:172)
	at org.springframework.context.event.SimpleApplicationEventMulticaster.invokeListener(SimpleApplicationEventMulticaster.java:165)
	at org.springframework.context.event.SimpleApplicationEventMulticaster.multicastEvent(SimpleApplicationEventMulticaster.java:139)
	at org.springframework.context.support.AbstractApplicationContext.publishEvent(AbstractApplicationContext.java:402)
	at org.springframework.context.support.AbstractApplicationContext.publishEvent(AbstractApplicationContext.java:359)
	at org.springframework.context.support.AbstractApplicationContext.finishRefresh(AbstractApplicationContext.java:896)
	at org.springframework.boot.web.servlet.context.ServletWebServerApplicationContext.finishRefresh(ServletWebServerApplicationContext.java:161)
	at org.springframework.context.support.AbstractApplicationContext.refresh(AbstractApplicationContext.java:552)
	at org.springframework.boot.web.servlet.context.ServletWebServerApplicationContext.refresh(ServletWebServerApplicationContext.java:140)
	at org.springframework.boot.SpringApplication.refresh(SpringApplication.java:742)
	at org.springframework.boot.SpringApplication.refreshContext(SpringApplication.java:389)
	at org.springframework.boot.SpringApplication.run(SpringApplication.java:311)
	at org.springframework.boot.SpringApplication.run(SpringApplication.java:1213)
	at org.springframework.boot.SpringApplication.run(SpringApplication.java:1202)
	at com.ntu.datasync.DatasyncApplication.main(DatasyncApplication.java:11)
19:08:43.432 [main] ERROR org.springframework.boot.SpringApplication - Application run failed
java.lang.NullPointerException: null
	at org.eclipse.paho.client.mqttv3.internal.MqttPersistentData.<init>(MqttPersistentData.java:63)
	at org.eclipse.paho.client.mqttv3.persist.MqttDefaultFilePersistence.get(MqttDefaultFilePersistence.java:219)
	at org.eclipse.paho.client.mqttv3.internal.ClientState.restoreState(ClientState.java:342)
	at org.eclipse.paho.client.mqttv3.internal.ClientState.<init>(ClientState.java:172)
	at org.eclipse.paho.client.mqttv3.internal.ClientComms.<init>(ClientComms.java:108)
	at org.eclipse.paho.client.mqttv3.MqttAsyncClient.<init>(MqttAsyncClient.java:470)
	at org.eclipse.paho.client.mqttv3.MqttAsyncClient.<init>(MqttAsyncClient.java:320)
	at org.eclipse.paho.client.mqttv3.MqttAsyncClient.<init>(MqttAsyncClient.java:315)
	at org.eclipse.paho.client.mqttv3.MqttClient.<init>(MqttClient.java:227)
	at org.eclipse.paho.client.mqttv3.MqttClient.<init>(MqttClient.java:138)
	at com.ntu.datasync.sync.EMQTTClient.<init>(EMQTTClient.java:41)
	at com.ntu.datasync.sync.NodeSync.start(NodeSync.java:27)
	at com.ntu.datasync.ServerStart.onApplicationEvent(ServerStart.java:41)
	at com.ntu.datasync.ServerStart.onApplicationEvent(ServerStart.java:19)
	at org.springframework.context.event.SimpleApplicationEventMulticaster.doInvokeListener(SimpleApplicationEventMulticaster.java:172)
	at org.springframework.context.event.SimpleApplicationEventMulticaster.invokeListener(SimpleApplicationEventMulticaster.java:165)
	at org.springframework.context.event.SimpleApplicationEventMulticaster.multicastEvent(SimpleApplicationEventMulticaster.java:139)
	at org.springframework.context.support.AbstractApplicationContext.publishEvent(AbstractApplicationContext.java:402)
	at org.springframework.context.support.AbstractApplicationContext.publishEvent(AbstractApplicationContext.java:359)
	at org.springframework.context.support.AbstractApplicationContext.finishRefresh(AbstractApplicationContext.java:896)
	at org.springframework.boot.web.servlet.context.ServletWebServerApplicationContext.finishRefresh(ServletWebServerApplicationContext.java:161)
	at org.springframework.context.support.AbstractApplicationContext.refresh(AbstractApplicationContext.java:552)
	at org.springframework.boot.web.servlet.context.ServletWebServerApplicationContext.refresh(ServletWebServerApplicationContext.java:140)
	at org.springframework.boot.SpringApplication.refresh(SpringApplication.java:742)
	at org.springframework.boot.SpringApplication.refreshContext(SpringApplication.java:389)
	at org.springframework.boot.SpringApplication.run(SpringApplication.java:311)
	at org.springframework.boot.SpringApplication.run(SpringApplication.java:1213)
	at org.springframework.boot.SpringApplication.run(SpringApplication.java:1202)
	at com.ntu.datasync.DatasyncApplication.main(DatasyncApplication.java:11)
19:09:34.693 [main] ERROR org.springframework.boot.SpringApplication - Application run failed
java.lang.NullPointerException: null
	at org.eclipse.paho.client.mqttv3.internal.MqttPersistentData.<init>(MqttPersistentData.java:63)
	at org.eclipse.paho.client.mqttv3.persist.MqttDefaultFilePersistence.get(MqttDefaultFilePersistence.java:219)
	at org.eclipse.paho.client.mqttv3.internal.ClientState.restoreState(ClientState.java:342)
	at org.eclipse.paho.client.mqttv3.internal.ClientState.<init>(ClientState.java:172)
	at org.eclipse.paho.client.mqttv3.internal.ClientComms.<init>(ClientComms.java:108)
	at org.eclipse.paho.client.mqttv3.MqttAsyncClient.<init>(MqttAsyncClient.java:470)
	at org.eclipse.paho.client.mqttv3.MqttAsyncClient.<init>(MqttAsyncClient.java:320)
	at org.eclipse.paho.client.mqttv3.MqttAsyncClient.<init>(MqttAsyncClient.java:315)
	at org.eclipse.paho.client.mqttv3.MqttClient.<init>(MqttClient.java:227)
	at org.eclipse.paho.client.mqttv3.MqttClient.<init>(MqttClient.java:138)
	at com.ntu.datasync.sync.EMQTTClient.<init>(EMQTTClient.java:41)
	at com.ntu.datasync.sync.NodeSync.start(NodeSync.java:27)
	at com.ntu.datasync.ServerStart.onApplicationEvent(ServerStart.java:41)
	at com.ntu.datasync.ServerStart.onApplicationEvent(ServerStart.java:19)
	at org.springframework.context.event.SimpleApplicationEventMulticaster.doInvokeListener(SimpleApplicationEventMulticaster.java:172)
	at org.springframework.context.event.SimpleApplicationEventMulticaster.invokeListener(SimpleApplicationEventMulticaster.java:165)
	at org.springframework.context.event.SimpleApplicationEventMulticaster.multicastEvent(SimpleApplicationEventMulticaster.java:139)
	at org.springframework.context.support.AbstractApplicationContext.publishEvent(AbstractApplicationContext.java:402)
	at org.springframework.context.support.AbstractApplicationContext.publishEvent(AbstractApplicationContext.java:359)
	at org.springframework.context.support.AbstractApplicationContext.finishRefresh(AbstractApplicationContext.java:896)
	at org.springframework.boot.web.servlet.context.ServletWebServerApplicationContext.finishRefresh(ServletWebServerApplicationContext.java:161)
	at org.springframework.context.support.AbstractApplicationContext.refresh(AbstractApplicationContext.java:552)
	at org.springframework.boot.web.servlet.context.ServletWebServerApplicationContext.refresh(ServletWebServerApplicationContext.java:140)
	at org.springframework.boot.SpringApplication.refresh(SpringApplication.java:742)
	at org.springframework.boot.SpringApplication.refreshContext(SpringApplication.java:389)
	at org.springframework.boot.SpringApplication.run(SpringApplication.java:311)
	at org.springframework.boot.SpringApplication.run(SpringApplication.java:1213)
	at org.springframework.boot.SpringApplication.run(SpringApplication.java:1202)
	at com.ntu.datasync.DatasyncApplication.main(DatasyncApplication.java:11)
19:10:29.800 [main] ERROR org.springframework.boot.SpringApplication - Application run failed
java.lang.NullPointerException: null
	at org.eclipse.paho.client.mqttv3.internal.MqttPersistentData.<init>(MqttPersistentData.java:63)
	at org.eclipse.paho.client.mqttv3.persist.MqttDefaultFilePersistence.get(MqttDefaultFilePersistence.java:219)
	at org.eclipse.paho.client.mqttv3.internal.ClientState.restoreState(ClientState.java:342)
	at org.eclipse.paho.client.mqttv3.internal.ClientState.<init>(ClientState.java:172)
	at org.eclipse.paho.client.mqttv3.internal.ClientComms.<init>(ClientComms.java:108)
	at org.eclipse.paho.client.mqttv3.MqttAsyncClient.<init>(MqttAsyncClient.java:470)
	at org.eclipse.paho.client.mqttv3.MqttAsyncClient.<init>(MqttAsyncClient.java:320)
	at org.eclipse.paho.client.mqttv3.MqttAsyncClient.<init>(MqttAsyncClient.java:315)
	at org.eclipse.paho.client.mqttv3.MqttClient.<init>(MqttClient.java:227)
	at org.eclipse.paho.client.mqttv3.MqttClient.<init>(MqttClient.java:138)
	at com.ntu.datasync.sync.EMQTTClient.<init>(EMQTTClient.java:41)
	at com.ntu.datasync.sync.NodeSync.start(NodeSync.java:27)
	at com.ntu.datasync.ServerStart.onApplicationEvent(ServerStart.java:41)
	at com.ntu.datasync.ServerStart.onApplicationEvent(ServerStart.java:19)
	at org.springframework.context.event.SimpleApplicationEventMulticaster.doInvokeListener(SimpleApplicationEventMulticaster.java:172)
	at org.springframework.context.event.SimpleApplicationEventMulticaster.invokeListener(SimpleApplicationEventMulticaster.java:165)
	at org.springframework.context.event.SimpleApplicationEventMulticaster.multicastEvent(SimpleApplicationEventMulticaster.java:139)
	at org.springframework.context.support.AbstractApplicationContext.publishEvent(AbstractApplicationContext.java:402)
	at org.springframework.context.support.AbstractApplicationContext.publishEvent(AbstractApplicationContext.java:359)
	at org.springframework.context.support.AbstractApplicationContext.finishRefresh(AbstractApplicationContext.java:896)
	at org.springframework.boot.web.servlet.context.ServletWebServerApplicationContext.finishRefresh(ServletWebServerApplicationContext.java:161)
	at org.springframework.context.support.AbstractApplicationContext.refresh(AbstractApplicationContext.java:552)
	at org.springframework.boot.web.servlet.context.ServletWebServerApplicationContext.refresh(ServletWebServerApplicationContext.java:140)
	at org.springframework.boot.SpringApplication.refresh(SpringApplication.java:742)
	at org.springframework.boot.SpringApplication.refreshContext(SpringApplication.java:389)
	at org.springframework.boot.SpringApplication.run(SpringApplication.java:311)
	at org.springframework.boot.SpringApplication.run(SpringApplication.java:1213)
	at org.springframework.boot.SpringApplication.run(SpringApplication.java:1202)
	at com.ntu.datasync.DatasyncApplication.main(DatasyncApplication.java:11)
19:11:43.956 [main] ERROR org.springframework.boot.SpringApplication - Application run failed
java.lang.NullPointerException: null
	at org.eclipse.paho.client.mqttv3.internal.MqttPersistentData.<init>(MqttPersistentData.java:63)
	at org.eclipse.paho.client.mqttv3.persist.MqttDefaultFilePersistence.get(MqttDefaultFilePersistence.java:219)
	at org.eclipse.paho.client.mqttv3.internal.ClientState.restoreState(ClientState.java:342)
	at org.eclipse.paho.client.mqttv3.internal.ClientState.<init>(ClientState.java:172)
	at org.eclipse.paho.client.mqttv3.internal.ClientComms.<init>(ClientComms.java:108)
	at org.eclipse.paho.client.mqttv3.MqttAsyncClient.<init>(MqttAsyncClient.java:470)
	at org.eclipse.paho.client.mqttv3.MqttAsyncClient.<init>(MqttAsyncClient.java:320)
	at org.eclipse.paho.client.mqttv3.MqttAsyncClient.<init>(MqttAsyncClient.java:315)
	at org.eclipse.paho.client.mqttv3.MqttClient.<init>(MqttClient.java:227)
	at org.eclipse.paho.client.mqttv3.MqttClient.<init>(MqttClient.java:138)
	at com.ntu.datasync.sync.EMQTTClient.<init>(EMQTTClient.java:41)
	at com.ntu.datasync.sync.NodeSync.start(NodeSync.java:27)
	at com.ntu.datasync.ServerStart.onApplicationEvent(ServerStart.java:41)
	at com.ntu.datasync.ServerStart.onApplicationEvent(ServerStart.java:19)
	at org.springframework.context.event.SimpleApplicationEventMulticaster.doInvokeListener(SimpleApplicationEventMulticaster.java:172)
	at org.springframework.context.event.SimpleApplicationEventMulticaster.invokeListener(SimpleApplicationEventMulticaster.java:165)
	at org.springframework.context.event.SimpleApplicationEventMulticaster.multicastEvent(SimpleApplicationEventMulticaster.java:139)
	at org.springframework.context.support.AbstractApplicationContext.publishEvent(AbstractApplicationContext.java:402)
	at org.springframework.context.support.AbstractApplicationContext.publishEvent(AbstractApplicationContext.java:359)
	at org.springframework.context.support.AbstractApplicationContext.finishRefresh(AbstractApplicationContext.java:896)
	at org.springframework.boot.web.servlet.context.ServletWebServerApplicationContext.finishRefresh(ServletWebServerApplicationContext.java:161)
	at org.springframework.context.support.AbstractApplicationContext.refresh(AbstractApplicationContext.java:552)
	at org.springframework.boot.web.servlet.context.ServletWebServerApplicationContext.refresh(ServletWebServerApplicationContext.java:140)
	at org.springframework.boot.SpringApplication.refresh(SpringApplication.java:742)
	at org.springframework.boot.SpringApplication.refreshContext(SpringApplication.java:389)
	at org.springframework.boot.SpringApplication.run(SpringApplication.java:311)
	at org.springframework.boot.SpringApplication.run(SpringApplication.java:1213)
	at org.springframework.boot.SpringApplication.run(SpringApplication.java:1202)
	at com.ntu.datasync.DatasyncApplication.main(DatasyncApplication.java:11)
19:13:20.824 [main] ERROR org.springframework.boot.SpringApplication - Application run failed
java.lang.NullPointerException: null
	at org.eclipse.paho.client.mqttv3.internal.MqttPersistentData.<init>(MqttPersistentData.java:63)
	at org.eclipse.paho.client.mqttv3.persist.MqttDefaultFilePersistence.get(MqttDefaultFilePersistence.java:219)
	at org.eclipse.paho.client.mqttv3.internal.ClientState.restoreState(ClientState.java:342)
	at org.eclipse.paho.client.mqttv3.internal.ClientState.<init>(ClientState.java:172)
	at org.eclipse.paho.client.mqttv3.internal.ClientComms.<init>(ClientComms.java:108)
	at org.eclipse.paho.client.mqttv3.MqttAsyncClient.<init>(MqttAsyncClient.java:470)
	at org.eclipse.paho.client.mqttv3.MqttAsyncClient.<init>(MqttAsyncClient.java:320)
	at org.eclipse.paho.client.mqttv3.MqttAsyncClient.<init>(MqttAsyncClient.java:315)
	at org.eclipse.paho.client.mqttv3.MqttClient.<init>(MqttClient.java:227)
	at org.eclipse.paho.client.mqttv3.MqttClient.<init>(MqttClient.java:138)
	at com.ntu.datasync.sync.EMQTTClient.<init>(EMQTTClient.java:41)
	at com.ntu.datasync.sync.NodeSync.start(NodeSync.java:27)
	at com.ntu.datasync.ServerStart.onApplicationEvent(ServerStart.java:41)
	at com.ntu.datasync.ServerStart.onApplicationEvent(ServerStart.java:19)
	at org.springframework.context.event.SimpleApplicationEventMulticaster.doInvokeListener(SimpleApplicationEventMulticaster.java:172)
	at org.springframework.context.event.SimpleApplicationEventMulticaster.invokeListener(SimpleApplicationEventMulticaster.java:165)
	at org.springframework.context.event.SimpleApplicationEventMulticaster.multicastEvent(SimpleApplicationEventMulticaster.java:139)
	at org.springframework.context.support.AbstractApplicationContext.publishEvent(AbstractApplicationContext.java:402)
	at org.springframework.context.support.AbstractApplicationContext.publishEvent(AbstractApplicationContext.java:359)
	at org.springframework.context.support.AbstractApplicationContext.finishRefresh(AbstractApplicationContext.java:896)
	at org.springframework.boot.web.servlet.context.ServletWebServerApplicationContext.finishRefresh(ServletWebServerApplicationContext.java:161)
	at org.springframework.context.support.AbstractApplicationContext.refresh(AbstractApplicationContext.java:552)
	at org.springframework.boot.web.servlet.context.ServletWebServerApplicationContext.refresh(ServletWebServerApplicationContext.java:140)
	at org.springframework.boot.SpringApplication.refresh(SpringApplication.java:742)
	at org.springframework.boot.SpringApplication.refreshContext(SpringApplication.java:389)
	at org.springframework.boot.SpringApplication.run(SpringApplication.java:311)
	at org.springframework.boot.SpringApplication.run(SpringApplication.java:1213)
	at org.springframework.boot.SpringApplication.run(SpringApplication.java:1202)
	at com.ntu.datasync.DatasyncApplication.main(DatasyncApplication.java:11)
19:27:42.030 [main] ERROR org.springframework.boot.SpringApplication - Application run failed
java.lang.NullPointerException: null
	at org.eclipse.paho.client.mqttv3.internal.MqttPersistentData.<init>(MqttPersistentData.java:63)
	at org.eclipse.paho.client.mqttv3.persist.MqttDefaultFilePersistence.get(MqttDefaultFilePersistence.java:219)
	at org.eclipse.paho.client.mqttv3.internal.ClientState.restoreState(ClientState.java:342)
	at org.eclipse.paho.client.mqttv3.internal.ClientState.<init>(ClientState.java:172)
	at org.eclipse.paho.client.mqttv3.internal.ClientComms.<init>(ClientComms.java:108)
	at org.eclipse.paho.client.mqttv3.MqttAsyncClient.<init>(MqttAsyncClient.java:470)
	at org.eclipse.paho.client.mqttv3.MqttAsyncClient.<init>(MqttAsyncClient.java:320)
	at org.eclipse.paho.client.mqttv3.MqttAsyncClient.<init>(MqttAsyncClient.java:315)
	at org.eclipse.paho.client.mqttv3.MqttClient.<init>(MqttClient.java:227)
	at org.eclipse.paho.client.mqttv3.MqttClient.<init>(MqttClient.java:138)
	at com.ntu.datasync.sync.EMQTTClient.<init>(EMQTTClient.java:41)
	at com.ntu.datasync.sync.NodeSync.start(NodeSync.java:27)
	at com.ntu.datasync.ServerStart.onApplicationEvent(ServerStart.java:41)
	at com.ntu.datasync.ServerStart.onApplicationEvent(ServerStart.java:19)
	at org.springframework.context.event.SimpleApplicationEventMulticaster.doInvokeListener(SimpleApplicationEventMulticaster.java:172)
	at org.springframework.context.event.SimpleApplicationEventMulticaster.invokeListener(SimpleApplicationEventMulticaster.java:165)
	at org.springframework.context.event.SimpleApplicationEventMulticaster.multicastEvent(SimpleApplicationEventMulticaster.java:139)
	at org.springframework.context.support.AbstractApplicationContext.publishEvent(AbstractApplicationContext.java:402)
	at org.springframework.context.support.AbstractApplicationContext.publishEvent(AbstractApplicationContext.java:359)
	at org.springframework.context.support.AbstractApplicationContext.finishRefresh(AbstractApplicationContext.java:896)
	at org.springframework.boot.web.servlet.context.ServletWebServerApplicationContext.finishRefresh(ServletWebServerApplicationContext.java:161)
	at org.springframework.context.support.AbstractApplicationContext.refresh(AbstractApplicationContext.java:552)
	at org.springframework.boot.web.servlet.context.ServletWebServerApplicationContext.refresh(ServletWebServerApplicationContext.java:140)
	at org.springframework.boot.SpringApplication.refresh(SpringApplication.java:742)
	at org.springframework.boot.SpringApplication.refreshContext(SpringApplication.java:389)
	at org.springframework.boot.SpringApplication.run(SpringApplication.java:311)
	at org.springframework.boot.SpringApplication.run(SpringApplication.java:1213)
	at org.springframework.boot.SpringApplication.run(SpringApplication.java:1202)
	at com.ntu.datasync.DatasyncApplication.main(DatasyncApplication.java:11)
19:29:56.067 [main] ERROR org.springframework.boot.SpringApplication - Application run failed
java.lang.NullPointerException: null
	at org.eclipse.paho.client.mqttv3.internal.MqttPersistentData.<init>(MqttPersistentData.java:63)
	at org.eclipse.paho.client.mqttv3.persist.MqttDefaultFilePersistence.get(MqttDefaultFilePersistence.java:219)
	at org.eclipse.paho.client.mqttv3.internal.ClientState.restoreState(ClientState.java:342)
	at org.eclipse.paho.client.mqttv3.internal.ClientState.<init>(ClientState.java:172)
	at org.eclipse.paho.client.mqttv3.internal.ClientComms.<init>(ClientComms.java:108)
	at org.eclipse.paho.client.mqttv3.MqttAsyncClient.<init>(MqttAsyncClient.java:470)
	at org.eclipse.paho.client.mqttv3.MqttAsyncClient.<init>(MqttAsyncClient.java:320)
	at org.eclipse.paho.client.mqttv3.MqttAsyncClient.<init>(MqttAsyncClient.java:315)
	at org.eclipse.paho.client.mqttv3.MqttClient.<init>(MqttClient.java:227)
	at org.eclipse.paho.client.mqttv3.MqttClient.<init>(MqttClient.java:138)
	at com.ntu.datasync.sync.EMQTTClient.<init>(EMQTTClient.java:41)
	at com.ntu.datasync.sync.NodeSync.start(NodeSync.java:27)
	at com.ntu.datasync.ServerStart.onApplicationEvent(ServerStart.java:41)
	at com.ntu.datasync.ServerStart.onApplicationEvent(ServerStart.java:19)
	at org.springframework.context.event.SimpleApplicationEventMulticaster.doInvokeListener(SimpleApplicationEventMulticaster.java:172)
	at org.springframework.context.event.SimpleApplicationEventMulticaster.invokeListener(SimpleApplicationEventMulticaster.java:165)
	at org.springframework.context.event.SimpleApplicationEventMulticaster.multicastEvent(SimpleApplicationEventMulticaster.java:139)
	at org.springframework.context.support.AbstractApplicationContext.publishEvent(AbstractApplicationContext.java:402)
	at org.springframework.context.support.AbstractApplicationContext.publishEvent(AbstractApplicationContext.java:359)
	at org.springframework.context.support.AbstractApplicationContext.finishRefresh(AbstractApplicationContext.java:896)
	at org.springframework.boot.web.servlet.context.ServletWebServerApplicationContext.finishRefresh(ServletWebServerApplicationContext.java:161)
	at org.springframework.context.support.AbstractApplicationContext.refresh(AbstractApplicationContext.java:552)
	at org.springframework.boot.web.servlet.context.ServletWebServerApplicationContext.refresh(ServletWebServerApplicationContext.java:140)
	at org.springframework.boot.SpringApplication.refresh(SpringApplication.java:742)
	at org.springframework.boot.SpringApplication.refreshContext(SpringApplication.java:389)
	at org.springframework.boot.SpringApplication.run(SpringApplication.java:311)
	at org.springframework.boot.SpringApplication.run(SpringApplication.java:1213)
	at org.springframework.boot.SpringApplication.run(SpringApplication.java:1202)
	at com.ntu.datasync.DatasyncApplication.main(DatasyncApplication.java:11)
19:32:19.385 [main] ERROR org.springframework.boot.SpringApplication - Application run failed
java.lang.NullPointerException: null
	at org.eclipse.paho.client.mqttv3.internal.MqttPersistentData.<init>(MqttPersistentData.java:63)
	at org.eclipse.paho.client.mqttv3.persist.MqttDefaultFilePersistence.get(MqttDefaultFilePersistence.java:219)
	at org.eclipse.paho.client.mqttv3.internal.ClientState.restoreState(ClientState.java:342)
	at org.eclipse.paho.client.mqttv3.internal.ClientState.<init>(ClientState.java:172)
	at org.eclipse.paho.client.mqttv3.internal.ClientComms.<init>(ClientComms.java:108)
	at org.eclipse.paho.client.mqttv3.MqttAsyncClient.<init>(MqttAsyncClient.java:470)
	at org.eclipse.paho.client.mqttv3.MqttAsyncClient.<init>(MqttAsyncClient.java:320)
	at org.eclipse.paho.client.mqttv3.MqttAsyncClient.<init>(MqttAsyncClient.java:315)
	at org.eclipse.paho.client.mqttv3.MqttClient.<init>(MqttClient.java:227)
	at org.eclipse.paho.client.mqttv3.MqttClient.<init>(MqttClient.java:138)
	at com.ntu.datasync.sync.EMQTTClient.<init>(EMQTTClient.java:41)
	at com.ntu.datasync.sync.NodeSync.start(NodeSync.java:27)
	at com.ntu.datasync.ServerStart.onApplicationEvent(ServerStart.java:41)
	at com.ntu.datasync.ServerStart.onApplicationEvent(ServerStart.java:19)
	at org.springframework.context.event.SimpleApplicationEventMulticaster.doInvokeListener(SimpleApplicationEventMulticaster.java:172)
	at org.springframework.context.event.SimpleApplicationEventMulticaster.invokeListener(SimpleApplicationEventMulticaster.java:165)
	at org.springframework.context.event.SimpleApplicationEventMulticaster.multicastEvent(SimpleApplicationEventMulticaster.java:139)
	at org.springframework.context.support.AbstractApplicationContext.publishEvent(AbstractApplicationContext.java:402)
	at org.springframework.context.support.AbstractApplicationContext.publishEvent(AbstractApplicationContext.java:359)
	at org.springframework.context.support.AbstractApplicationContext.finishRefresh(AbstractApplicationContext.java:896)
	at org.springframework.boot.web.servlet.context.ServletWebServerApplicationContext.finishRefresh(ServletWebServerApplicationContext.java:161)
	at org.springframework.context.support.AbstractApplicationContext.refresh(AbstractApplicationContext.java:552)
	at org.springframework.boot.web.servlet.context.ServletWebServerApplicationContext.refresh(ServletWebServerApplicationContext.java:140)
	at org.springframework.boot.SpringApplication.refresh(SpringApplication.java:742)
	at org.springframework.boot.SpringApplication.refreshContext(SpringApplication.java:389)
	at org.springframework.boot.SpringApplication.run(SpringApplication.java:311)
	at org.springframework.boot.SpringApplication.run(SpringApplication.java:1213)
	at org.springframework.boot.SpringApplication.run(SpringApplication.java:1202)
	at com.ntu.datasync.DatasyncApplication.main(DatasyncApplication.java:11)
19:33:27.720 [main] ERROR org.springframework.boot.SpringApplication - Application run failed
java.lang.NullPointerException: null
	at org.eclipse.paho.client.mqttv3.internal.MqttPersistentData.<init>(MqttPersistentData.java:63)
	at org.eclipse.paho.client.mqttv3.persist.MqttDefaultFilePersistence.get(MqttDefaultFilePersistence.java:219)
	at org.eclipse.paho.client.mqttv3.internal.ClientState.restoreState(ClientState.java:342)
	at org.eclipse.paho.client.mqttv3.internal.ClientState.<init>(ClientState.java:172)
	at org.eclipse.paho.client.mqttv3.internal.ClientComms.<init>(ClientComms.java:108)
	at org.eclipse.paho.client.mqttv3.MqttAsyncClient.<init>(MqttAsyncClient.java:470)
	at org.eclipse.paho.client.mqttv3.MqttAsyncClient.<init>(MqttAsyncClient.java:320)
	at org.eclipse.paho.client.mqttv3.MqttAsyncClient.<init>(MqttAsyncClient.java:315)
	at org.eclipse.paho.client.mqttv3.MqttClient.<init>(MqttClient.java:227)
	at org.eclipse.paho.client.mqttv3.MqttClient.<init>(MqttClient.java:138)
	at com.ntu.datasync.sync.EMQTTClient.<init>(EMQTTClient.java:41)
	at com.ntu.datasync.sync.NodeSync.start(NodeSync.java:27)
	at com.ntu.datasync.ServerStart.onApplicationEvent(ServerStart.java:41)
	at com.ntu.datasync.ServerStart.onApplicationEvent(ServerStart.java:19)
	at org.springframework.context.event.SimpleApplicationEventMulticaster.doInvokeListener(SimpleApplicationEventMulticaster.java:172)
	at org.springframework.context.event.SimpleApplicationEventMulticaster.invokeListener(SimpleApplicationEventMulticaster.java:165)
	at org.springframework.context.event.SimpleApplicationEventMulticaster.multicastEvent(SimpleApplicationEventMulticaster.java:139)
	at org.springframework.context.support.AbstractApplicationContext.publishEvent(AbstractApplicationContext.java:402)
	at org.springframework.context.support.AbstractApplicationContext.publishEvent(AbstractApplicationContext.java:359)
	at org.springframework.context.support.AbstractApplicationContext.finishRefresh(AbstractApplicationContext.java:896)
	at org.springframework.boot.web.servlet.context.ServletWebServerApplicationContext.finishRefresh(ServletWebServerApplicationContext.java:161)
	at org.springframework.context.support.AbstractApplicationContext.refresh(AbstractApplicationContext.java:552)
	at org.springframework.boot.web.servlet.context.ServletWebServerApplicationContext.refresh(ServletWebServerApplicationContext.java:140)
	at org.springframework.boot.SpringApplication.refresh(SpringApplication.java:742)
	at org.springframework.boot.SpringApplication.refreshContext(SpringApplication.java:389)
	at org.springframework.boot.SpringApplication.run(SpringApplication.java:311)
	at org.springframework.boot.SpringApplication.run(SpringApplication.java:1213)
	at org.springframework.boot.SpringApplication.run(SpringApplication.java:1202)
	at com.ntu.datasync.DatasyncApplication.main(DatasyncApplication.java:11)
19:37:10.673 [MQTT Call: center] ERROR com.ntu.datasync.sync.DataReceiver - 10 号数据同步失败原因: 
### Error updating database.  Cause: java.sql.SQLIntegrityConstraintViolationException: Duplicate entry '10' for key 'PRIMARY'
### The error may exist in file [C:\Users\Lenovo\Desktop\datasync\target\classes\mapper\BookMapper.xml]
### The error may involve defaultParameterMap
### The error occurred while setting parameters
### SQL: insert into         book         (           book_id,           book_name,           book_isbn,           book_author,           book_status,           book_info,           book_publisher,           book_createtime         )         values         ( ?,           ?,           ?,           ?,           0,           ?,           ?,           now()         )
### Cause: java.sql.SQLIntegrityConstraintViolationException: Duplicate entry '10' for key 'PRIMARY'
; Duplicate entry '10' for key 'PRIMARY'; nested exception is java.sql.SQLIntegrityConstraintViolationException: Duplicate entry '10' for key 'PRIMARY'
19:39:13.860 [MQTT Call: center] ERROR com.ntu.datasync.sync.DataReceiver - 10 号数据同步失败原因: 
### Error updating database.  Cause: java.sql.SQLIntegrityConstraintViolationException: Duplicate entry '10' for key 'PRIMARY'
### The error may exist in file [C:\Users\Lenovo\Desktop\datasync\target\classes\mapper\BookMapper.xml]
### The error may involve defaultParameterMap
### The error occurred while setting parameters
### SQL: insert into         book         (           book_id,           book_name,           book_isbn,           book_author,           book_status,           book_info,           book_publisher,           book_createtime         )         values         ( ?,           ?,           ?,           ?,           0,           ?,           ?,           now()         )
### Cause: java.sql.SQLIntegrityConstraintViolationException: Duplicate entry '10' for key 'PRIMARY'
; Duplicate entry '10' for key 'PRIMARY'; nested exception is java.sql.SQLIntegrityConstraintViolationException: Duplicate entry '10' for key 'PRIMARY'
19:43:22.723 [MQTT Call: center] ERROR com.ntu.datasync.sync.DataReceiver - 10 号数据同步失败原因: 
### Error updating database.  Cause: java.sql.SQLIntegrityConstraintViolationException: Duplicate entry '10' for key 'PRIMARY'
### The error may exist in file [C:\Users\Lenovo\Desktop\datasync\target\classes\mapper\BookMapper.xml]
### The error may involve defaultParameterMap
### The error occurred while setting parameters
### SQL: insert into         book         (           book_id,           book_name,           book_isbn,           book_author,           book_status,           book_info,           book_publisher,           book_createtime         )         values         ( ?,           ?,           ?,           ?,           0,           ?,           ?,           now()         )
### Cause: java.sql.SQLIntegrityConstraintViolationException: Duplicate entry '10' for key 'PRIMARY'
; Duplicate entry '10' for key 'PRIMARY'; nested exception is java.sql.SQLIntegrityConstraintViolationException: Duplicate entry '10' for key 'PRIMARY'
19:43:28.617 [MQTT Call: center] ERROR com.ntu.datasync.sync.DataReceiver - 10 号数据同步失败原因: 
### Error updating database.  Cause: java.sql.SQLIntegrityConstraintViolationException: Duplicate entry '10' for key 'PRIMARY'
### The error may exist in file [C:\Users\Lenovo\Desktop\datasync\target\classes\mapper\BookMapper.xml]
### The error may involve defaultParameterMap
### The error occurred while setting parameters
### SQL: insert into         book         (           book_id,           book_name,           book_isbn,           book_author,           book_status,           book_info,           book_publisher,           book_createtime         )         values         ( ?,           ?,           ?,           ?,           0,           ?,           ?,           now()         )
### Cause: java.sql.SQLIntegrityConstraintViolationException: Duplicate entry '10' for key 'PRIMARY'
; Duplicate entry '10' for key 'PRIMARY'; nested exception is java.sql.SQLIntegrityConstraintViolationException: Duplicate entry '10' for key 'PRIMARY'
19:43:34.608 [MQTT Call: center] ERROR com.ntu.datasync.sync.DataReceiver - 10 号数据同步失败原因: 
### Error updating database.  Cause: java.sql.SQLIntegrityConstraintViolationException: Duplicate entry '10' for key 'PRIMARY'
### The error may exist in file [C:\Users\Lenovo\Desktop\datasync\target\classes\mapper\BookMapper.xml]
### The error may involve defaultParameterMap
### The error occurred while setting parameters
### SQL: insert into         book         (           book_id,           book_name,           book_isbn,           book_author,           book_status,           book_info,           book_publisher,           book_createtime         )         values         ( ?,           ?,           ?,           ?,           0,           ?,           ?,           now()         )
### Cause: java.sql.SQLIntegrityConstraintViolationException: Duplicate entry '10' for key 'PRIMARY'
; Duplicate entry '10' for key 'PRIMARY'; nested exception is java.sql.SQLIntegrityConstraintViolationException: Duplicate entry '10' for key 'PRIMARY'
20:23:35.153 [center] ERROR com.ntu.datasync.sync.SendThread - 同步数据不存在：DataSynchro(basicinfoid=222, type=1, sa1Status=1, sb1Time=null, sc1Time=null, sd1Num=null, se1Time=null, sf1Msg=null, sa2Status=null, sb2Time=null, sc2Time=null, sf2Msg=null)
20:42:32.647 [node] ERROR com.ntu.datasync.sync.SendThread - 同步数据不存在：DataSynchro(basicinfoid=222, type=1, sa1Status=1, sb1Time=null, sc1Time=null, sd1Num=null, se1Time=null, sf1Msg=null, sa2Status=null, sb2Time=null, sc2Time=null, sf2Msg=null)
21:08:25.444 [Timer-0] ERROR org.eclipse.paho.client.mqttv3.internal.ClientState - node: Timed out as no write activity, keepAlive=30,000 lastOutboundActivity=1,588,079,121,562 lastInboundActivity=1,588,079,123,329 time=1,588,079,305,434 lastPing=1,588,079,121,562
21:08:25.447 [nioEventLoopGroup-3-1] ERROR io.moquette.broker.NewNettyMQTTHandler - Unexpected exception while processing MQTT message. Closing Netty channel. CId=center
io.netty.util.IllegalReferenceCountException: refCnt: 0, increment: 1
	at io.netty.util.internal.ReferenceCountUpdater.retain0(ReferenceCountUpdater.java:123)
	at io.netty.util.internal.ReferenceCountUpdater.retain(ReferenceCountUpdater.java:110)
	at io.netty.buffer.AbstractReferenceCountedByteBuf.retain(AbstractReferenceCountedByteBuf.java:80)
	at io.netty.buffer.AbstractPooledDerivedByteBuf.init(AbstractPooledDerivedByteBuf.java:59)
	at io.netty.buffer.PooledDuplicatedByteBuf.newInstance(PooledDuplicatedByteBuf.java:43)
	at io.netty.buffer.PooledDuplicatedByteBuf.retainedDuplicate(PooledDuplicatedByteBuf.java:102)
	at io.moquette.broker.Session.resendInflightNotAcked(Session.java:297)
	at io.moquette.broker.MQTTConnection.resendNotAckedPublishes(MQTTConnection.java:481)
	at io.moquette.broker.NewNettyMQTTHandler.userEventTriggered(NewNettyMQTTHandler.java:106)
	at io.netty.channel.AbstractChannelHandlerContext.invokeUserEventTriggered(AbstractChannelHandlerContext.java:341)
	at io.netty.channel.AbstractChannelHandlerContext.invokeUserEventTriggered(AbstractChannelHandlerContext.java:327)
	at io.netty.channel.AbstractChannelHandlerContext.fireUserEventTriggered(AbstractChannelHandlerContext.java:319)
	at io.netty.channel.ChannelInboundHandlerAdapter.userEventTriggered(ChannelInboundHandlerAdapter.java:117)
	at io.netty.handler.codec.ByteToMessageDecoder.userEventTriggered(ByteToMessageDecoder.java:366)
	at io.netty.channel.AbstractChannelHandlerContext.invokeUserEventTriggered(AbstractChannelHandlerContext.java:341)
	at io.netty.channel.AbstractChannelHandlerContext.invokeUserEventTriggered(AbstractChannelHandlerContext.java:327)
	at io.netty.channel.AbstractChannelHandlerContext.fireUserEventTriggered(AbstractChannelHandlerContext.java:319)
	at io.netty.channel.ChannelInboundHandlerAdapter.userEventTriggered(ChannelInboundHandlerAdapter.java:117)
	at io.moquette.broker.MoquetteIdleTimeoutHandler.userEventTriggered(MoquetteIdleTimeoutHandler.java:48)
	at io.netty.channel.AbstractChannelHandlerContext.invokeUserEventTriggered(AbstractChannelHandlerContext.java:341)
	at io.netty.channel.AbstractChannelHandlerContext.invokeUserEventTriggered(AbstractChannelHandlerContext.java:327)
	at io.netty.channel.AbstractChannelHandlerContext.fireUserEventTriggered(AbstractChannelHandlerContext.java:319)
	at io.moquette.broker.InflightResender.resendNotAcked(InflightResender.java:160)
	at io.moquette.broker.InflightResender.access$100(InflightResender.java:32)
	at io.moquette.broker.InflightResender$WriterIdleTimeoutTask.run(InflightResender.java:58)
	at io.netty.util.concurrent.PromiseTask$RunnableAdapter.call(PromiseTask.java:38)
	at io.netty.util.concurrent.ScheduledFutureTask.run(ScheduledFutureTask.java:127)
	at io.netty.util.concurrent.AbstractEventExecutor.safeExecute$$$capture(AbstractEventExecutor.java:163)
	at io.netty.util.concurrent.AbstractEventExecutor.safeExecute(AbstractEventExecutor.java)
	at io.netty.util.concurrent.SingleThreadEventExecutor.runAllTasks(SingleThreadEventExecutor.java:405)
	at io.netty.channel.nio.NioEventLoop.run(NioEventLoop.java:500)
	at io.netty.util.concurrent.SingleThreadEventExecutor$5.run(SingleThreadEventExecutor.java:906)
	at io.netty.util.internal.ThreadExecutorMap$2.run(ThreadExecutorMap.java:74)
	at io.netty.util.concurrent.FastThreadLocalRunnable.run(FastThreadLocalRunnable.java:30)
	at java.lang.Thread.run(Thread.java:748)
21:08:25.449 [Timer-1] ERROR org.eclipse.paho.client.mqttv3.internal.ClientState - node: Timed out as no write activity, keepAlive=30,000 lastOutboundActivity=1,588,079,122,493 lastInboundActivity=1,588,079,123,342 time=1,588,079,305,437 lastPing=0
21:10:21.325 [center] ERROR com.ntu.datasync.sync.SendThread - nested exception is org.apache.ibatis.exceptions.PersistenceException: 
### Error querying database.  Cause: org.springframework.jdbc.CannotGetJdbcConnectionException: Failed to obtain JDBC Connection; nested exception is com.alibaba.druid.pool.DataSourceClosedException: dataSource already closed at Tue Apr 28 21:10:21 CST 2020
### The error may exist in file [C:\Users\Lenovo\Desktop\datasync\target\classes\mapper\DataSynchroMapper.xml]
### The error may involve com.ntu.datasync.mapper.DataSynchroMapper.querySyncData
### The error occurred while executing a query
### Cause: org.springframework.jdbc.CannotGetJdbcConnectionException: Failed to obtain JDBC Connection; nested exception is com.alibaba.druid.pool.DataSourceClosedException: dataSource already closed at Tue Apr 28 21:10:21 CST 2020
21:41:44.514 [nioEventLoopGroup-3-1] ERROR io.moquette.broker.NewNettyMQTTHandler - Unexpected exception while processing MQTT message. Closing Netty channel. CId=center
io.netty.util.IllegalReferenceCountException: refCnt: 0, increment: 1
	at io.netty.util.internal.ReferenceCountUpdater.retain0(ReferenceCountUpdater.java:123)
	at io.netty.util.internal.ReferenceCountUpdater.retain(ReferenceCountUpdater.java:110)
	at io.netty.buffer.AbstractReferenceCountedByteBuf.retain(AbstractReferenceCountedByteBuf.java:80)
	at io.netty.buffer.AbstractPooledDerivedByteBuf.init(AbstractPooledDerivedByteBuf.java:59)
	at io.netty.buffer.PooledDuplicatedByteBuf.newInstance(PooledDuplicatedByteBuf.java:43)
	at io.netty.buffer.PooledDuplicatedByteBuf.retainedDuplicate(PooledDuplicatedByteBuf.java:102)
	at io.moquette.broker.Session.resendInflightNotAcked(Session.java:297)
	at io.moquette.broker.MQTTConnection.resendNotAckedPublishes(MQTTConnection.java:481)
	at io.moquette.broker.NewNettyMQTTHandler.userEventTriggered(NewNettyMQTTHandler.java:106)
	at io.netty.channel.AbstractChannelHandlerContext.invokeUserEventTriggered(AbstractChannelHandlerContext.java:341)
	at io.netty.channel.AbstractChannelHandlerContext.invokeUserEventTriggered(AbstractChannelHandlerContext.java:327)
	at io.netty.channel.AbstractChannelHandlerContext.fireUserEventTriggered(AbstractChannelHandlerContext.java:319)
	at io.netty.channel.ChannelInboundHandlerAdapter.userEventTriggered(ChannelInboundHandlerAdapter.java:117)
	at io.netty.handler.codec.ByteToMessageDecoder.userEventTriggered(ByteToMessageDecoder.java:366)
	at io.netty.channel.AbstractChannelHandlerContext.invokeUserEventTriggered(AbstractChannelHandlerContext.java:341)
	at io.netty.channel.AbstractChannelHandlerContext.invokeUserEventTriggered(AbstractChannelHandlerContext.java:327)
	at io.netty.channel.AbstractChannelHandlerContext.fireUserEventTriggered(AbstractChannelHandlerContext.java:319)
	at io.netty.channel.ChannelInboundHandlerAdapter.userEventTriggered(ChannelInboundHandlerAdapter.java:117)
	at io.moquette.broker.MoquetteIdleTimeoutHandler.userEventTriggered(MoquetteIdleTimeoutHandler.java:48)
	at io.netty.channel.AbstractChannelHandlerContext.invokeUserEventTriggered(AbstractChannelHandlerContext.java:341)
	at io.netty.channel.AbstractChannelHandlerContext.invokeUserEventTriggered(AbstractChannelHandlerContext.java:327)
	at io.netty.channel.AbstractChannelHandlerContext.fireUserEventTriggered(AbstractChannelHandlerContext.java:319)
	at io.moquette.broker.InflightResender.resendNotAcked(InflightResender.java:160)
	at io.moquette.broker.InflightResender.access$100(InflightResender.java:32)
	at io.moquette.broker.InflightResender$WriterIdleTimeoutTask.run(InflightResender.java:58)
	at io.netty.util.concurrent.PromiseTask$RunnableAdapter.call(PromiseTask.java:38)
	at io.netty.util.concurrent.ScheduledFutureTask.run(ScheduledFutureTask.java:127)
	at io.netty.util.concurrent.AbstractEventExecutor.safeExecute$$$capture(AbstractEventExecutor.java:163)
	at io.netty.util.concurrent.AbstractEventExecutor.safeExecute(AbstractEventExecutor.java)
	at io.netty.util.concurrent.SingleThreadEventExecutor.runAllTasks(SingleThreadEventExecutor.java:405)
	at io.netty.channel.nio.NioEventLoop.run(NioEventLoop.java:500)
	at io.netty.util.concurrent.SingleThreadEventExecutor$5.run(SingleThreadEventExecutor.java:906)
	at io.netty.util.internal.ThreadExecutorMap$2.run(ThreadExecutorMap.java:74)
	at io.netty.util.concurrent.FastThreadLocalRunnable.run(FastThreadLocalRunnable.java:30)
	at java.lang.Thread.run(Thread.java:748)
21:44:35.417 [nioEventLoopGroup-3-1] ERROR io.moquette.broker.NewNettyMQTTHandler - Unexpected exception while processing MQTT message. Closing Netty channel. CId=center
io.netty.util.IllegalReferenceCountException: refCnt: 0, increment: 1
	at io.netty.util.internal.ReferenceCountUpdater.retain0(ReferenceCountUpdater.java:123)
	at io.netty.util.internal.ReferenceCountUpdater.retain(ReferenceCountUpdater.java:110)
	at io.netty.buffer.AbstractReferenceCountedByteBuf.retain(AbstractReferenceCountedByteBuf.java:80)
	at io.netty.buffer.AbstractPooledDerivedByteBuf.init(AbstractPooledDerivedByteBuf.java:59)
	at io.netty.buffer.PooledDuplicatedByteBuf.newInstance(PooledDuplicatedByteBuf.java:43)
	at io.netty.buffer.PooledDuplicatedByteBuf.retainedDuplicate(PooledDuplicatedByteBuf.java:102)
	at io.moquette.broker.Session.resendInflightNotAcked(Session.java:297)
	at io.moquette.broker.MQTTConnection.resendNotAckedPublishes(MQTTConnection.java:481)
	at io.moquette.broker.NewNettyMQTTHandler.userEventTriggered(NewNettyMQTTHandler.java:106)
	at io.netty.channel.AbstractChannelHandlerContext.invokeUserEventTriggered(AbstractChannelHandlerContext.java:341)
	at io.netty.channel.AbstractChannelHandlerContext.invokeUserEventTriggered(AbstractChannelHandlerContext.java:327)
	at io.netty.channel.AbstractChannelHandlerContext.fireUserEventTriggered(AbstractChannelHandlerContext.java:319)
	at io.netty.channel.ChannelInboundHandlerAdapter.userEventTriggered(ChannelInboundHandlerAdapter.java:117)
	at io.netty.handler.codec.ByteToMessageDecoder.userEventTriggered(ByteToMessageDecoder.java:366)
	at io.netty.channel.AbstractChannelHandlerContext.invokeUserEventTriggered(AbstractChannelHandlerContext.java:341)
	at io.netty.channel.AbstractChannelHandlerContext.invokeUserEventTriggered(AbstractChannelHandlerContext.java:327)
	at io.netty.channel.AbstractChannelHandlerContext.fireUserEventTriggered(AbstractChannelHandlerContext.java:319)
	at io.netty.channel.ChannelInboundHandlerAdapter.userEventTriggered(ChannelInboundHandlerAdapter.java:117)
	at io.moquette.broker.MoquetteIdleTimeoutHandler.userEventTriggered(MoquetteIdleTimeoutHandler.java:48)
	at io.netty.channel.AbstractChannelHandlerContext.invokeUserEventTriggered(AbstractChannelHandlerContext.java:341)
	at io.netty.channel.AbstractChannelHandlerContext.invokeUserEventTriggered(AbstractChannelHandlerContext.java:327)
	at io.netty.channel.AbstractChannelHandlerContext.fireUserEventTriggered(AbstractChannelHandlerContext.java:319)
	at io.moquette.broker.InflightResender.resendNotAcked(InflightResender.java:160)
	at io.moquette.broker.InflightResender.access$100(InflightResender.java:32)
	at io.moquette.broker.InflightResender$WriterIdleTimeoutTask.run(InflightResender.java:58)
	at io.netty.util.concurrent.PromiseTask$RunnableAdapter.call(PromiseTask.java:38)
	at io.netty.util.concurrent.ScheduledFutureTask.run(ScheduledFutureTask.java:127)
	at io.netty.util.concurrent.AbstractEventExecutor.safeExecute$$$capture(AbstractEventExecutor.java:163)
	at io.netty.util.concurrent.AbstractEventExecutor.safeExecute(AbstractEventExecutor.java)
	at io.netty.util.concurrent.SingleThreadEventExecutor.runAllTasks(SingleThreadEventExecutor.java:405)
	at io.netty.channel.nio.NioEventLoop.run(NioEventLoop.java:500)
	at io.netty.util.concurrent.SingleThreadEventExecutor$5.run(SingleThreadEventExecutor.java:906)
	at io.netty.util.internal.ThreadExecutorMap$2.run(ThreadExecutorMap.java:74)
	at io.netty.util.concurrent.FastThreadLocalRunnable.run(FastThreadLocalRunnable.java:30)
	at java.lang.Thread.run(Thread.java:748)
