13:57:22.302 [MQTT Call: center] DEBUG com.ntu.center.mapper.DataSynchroMapper.findById - ==>  Preparing: select * from data_synchro where rtrim(basicinfoid)= ? and type = ? 
13:57:22.342 [MQTT Call: center] DEBUG com.ntu.center.mapper.DataSynchroMapper.findById - ==> Parameters: 6(Long), M(String)
13:57:22.396 [MQTT Call: center] DEBUG com.ntu.center.mapper.DataSynchroMapper.findById - <==      Total: 0
13:57:22.405 [MQTT Call: center] DEBUG com.ntu.center.mapper.ChangJiangBoxSensorMapper.findById - ==>  Preparing: select area_id, spot_id, node_id, data_time, Conductivity, Temperature, PH, Salinity, DissolvedOxygen, Turbidity from nantong_changjiang_box_sensor where area_id = ? and spot_id = ? and node_id = ? and data_time = ? 
13:57:22.408 [MQTT Call: center] DEBUG com.ntu.center.mapper.ChangJiangBoxSensorMapper.findById - ==> Parameters: nantong(String), changjiang(String), 213(String), 2020-05-07 21:57:05.0(Timestamp)
13:57:22.428 [MQTT Call: center] DEBUG com.ntu.center.mapper.ChangJiangBoxSensorMapper.findById - <==      Total: 0
13:57:22.429 [MQTT Call: center] DEBUG com.ntu.center.mapper.ChangJiangBoxSensorMapper.insert - ==>  Preparing: insert into nantong_changjiang_box_sensor values (?, ?, ?, ?, ?, ?, ?, ?, ?, ?) 
13:57:22.431 [MQTT Call: center] DEBUG com.ntu.center.mapper.ChangJiangBoxSensorMapper.insert - ==> Parameters: nantong(String), changjiang(String), 213(String), 2020-05-07 21:57:05.0(Timestamp), 123.0(Float), 123.0(Float), 123.0(Float), 231.0(Float), 123.0(Float), 123.0(Float)
13:57:22.499 [MQTT Call: center] DEBUG com.ntu.center.mapper.ChangJiangBoxSensorMapper.insert - <==    Updates: 1
13:57:22.500 [MQTT Call: center] DEBUG com.ntu.center.mapper.DataSynchroMapper.insert - ==>  Preparing: insert into data_synchro (BASICINFOID, TYPE, SA1_STATUS, SB1_TIME, SC1_TIME, SD1_NUM, SE1_TIME, SF1_MSG, SA2_STATUS, SB2_TIME, SC2_TIME, SF2_MSG ) values (?, ?, ?, ?, ?, ?, ?, ?, ?, ?, ?, ? ) 
13:57:22.503 [MQTT Call: center] DEBUG com.ntu.center.mapper.DataSynchroMapper.insert - ==> Parameters: 6(Long), M(String), null, null, null, null, null, null, 0(String), null, 2020-05-07 13:57:22.5(Timestamp), null
13:57:22.574 [MQTT Call: center] DEBUG com.ntu.center.mapper.DataSynchroMapper.insert - <==    Updates: 1
14:32:46.275 [MQTT Call: center] DEBUG com.ntu.center.mapper.DataSynchroMapper.findById - ==>  Preparing: select * from data_synchro where rtrim(basicinfoid)= ? and type = ? 
14:32:46.313 [MQTT Call: center] DEBUG com.ntu.center.mapper.DataSynchroMapper.findById - ==> Parameters: 7(Long), M(String)
14:32:46.362 [MQTT Call: center] DEBUG com.ntu.center.mapper.DataSynchroMapper.findById - <==      Total: 0
14:32:46.372 [MQTT Call: center] DEBUG com.ntu.center.mapper.ChangJiangBoxSensorMapper.findById - ==>  Preparing: select area_id, spot_id, node_id, data_time, Conductivity, Temperature, PH, Salinity, DissolvedOxygen, Turbidity from nantong_changjiang_box_sensor where area_id = ? and spot_id = ? and node_id = ? and data_time = ? 
14:32:46.374 [MQTT Call: center] DEBUG com.ntu.center.mapper.ChangJiangBoxSensorMapper.findById - ==> Parameters: 324(String), 23(String), 234(String), 2020-05-21 22:27:04.0(Timestamp)
14:32:46.396 [MQTT Call: center] DEBUG com.ntu.center.mapper.ChangJiangBoxSensorMapper.findById - <==      Total: 0
14:32:46.397 [MQTT Call: center] DEBUG com.ntu.center.mapper.ChangJiangBoxSensorMapper.insert - ==>  Preparing: insert into nantong_changjiang_box_sensor values (?, ?, ?, ?, ?, ?, ?, ?, ?, ?) 
14:32:46.398 [MQTT Call: center] DEBUG com.ntu.center.mapper.ChangJiangBoxSensorMapper.insert - ==> Parameters: 324(String), 23(String), 234(String), 2020-05-21 22:27:04.0(Timestamp), null, null, null, null, null, null
14:32:46.459 [MQTT Call: center] DEBUG com.ntu.center.mapper.ChangJiangBoxSensorMapper.insert - <==    Updates: 1
14:32:46.460 [MQTT Call: center] DEBUG com.ntu.center.mapper.DataSynchroMapper.insert - ==>  Preparing: insert into data_synchro (BASICINFOID, TYPE, SA1_STATUS, SB1_TIME, SC1_TIME, SD1_NUM, SE1_TIME, SF1_MSG, SA2_STATUS, SB2_TIME, SC2_TIME, SF2_MSG ) values (?, ?, ?, ?, ?, ?, ?, ?, ?, ?, ?, ? ) 
14:32:46.461 [MQTT Call: center] DEBUG com.ntu.center.mapper.DataSynchroMapper.insert - ==> Parameters: 7(Long), M(String), null, null, null, null, null, null, 0(String), null, 2020-05-07 14:32:46.459(Timestamp), null
14:32:46.508 [MQTT Call: center] DEBUG com.ntu.center.mapper.DataSynchroMapper.insert - <==    Updates: 1
14:35:13.943 [MQTT Call: center] DEBUG com.ntu.center.mapper.DataSynchroMapper.findById - ==>  Preparing: select * from data_synchro where rtrim(basicinfoid)= ? and type = ? 
14:35:13.944 [MQTT Call: center] DEBUG com.ntu.center.mapper.DataSynchroMapper.findById - ==> Parameters: 8(Long), M(String)
14:35:13.962 [MQTT Call: center] DEBUG com.ntu.center.mapper.DataSynchroMapper.findById - <==      Total: 0
14:35:13.964 [MQTT Call: center] DEBUG com.ntu.center.mapper.ChangJiangBoxSensorMapper.findById - ==>  Preparing: select area_id, spot_id, node_id, data_time, Conductivity, Temperature, PH, Salinity, DissolvedOxygen, Turbidity from nantong_changjiang_box_sensor where area_id = ? and spot_id = ? and node_id = ? and data_time = ? 
14:35:13.965 [MQTT Call: center] DEBUG com.ntu.center.mapper.ChangJiangBoxSensorMapper.findById - ==> Parameters: nantong(String), changjiang(String), node1(String), 2020-05-14 22:35:06.0(Timestamp)
14:35:13.982 [MQTT Call: center] DEBUG com.ntu.center.mapper.ChangJiangBoxSensorMapper.findById - <==      Total: 0
14:35:13.983 [MQTT Call: center] DEBUG com.ntu.center.mapper.ChangJiangBoxSensorMapper.insert - ==>  Preparing: insert into nantong_changjiang_box_sensor values (?, ?, ?, ?, ?, ?, ?, ?, ?, ?) 
14:35:13.987 [MQTT Call: center] DEBUG com.ntu.center.mapper.ChangJiangBoxSensorMapper.insert - ==> Parameters: nantong(String), changjiang(String), node1(String), 2020-05-14 22:35:06.0(Timestamp), null, null, null, null, null, null
14:35:14.039 [MQTT Call: center] DEBUG com.ntu.center.mapper.ChangJiangBoxSensorMapper.insert - <==    Updates: 1
14:35:14.039 [MQTT Call: center] DEBUG com.ntu.center.mapper.DataSynchroMapper.insert - ==>  Preparing: insert into data_synchro (BASICINFOID, TYPE, SA1_STATUS, SB1_TIME, SC1_TIME, SD1_NUM, SE1_TIME, SF1_MSG, SA2_STATUS, SB2_TIME, SC2_TIME, SF2_MSG ) values (?, ?, ?, ?, ?, ?, ?, ?, ?, ?, ?, ? ) 
14:35:14.041 [MQTT Call: center] DEBUG com.ntu.center.mapper.DataSynchroMapper.insert - ==> Parameters: 8(Long), M(String), null, null, null, null, null, null, 0(String), null, 2020-05-07 14:35:14.039(Timestamp), null
14:35:14.105 [MQTT Call: center] DEBUG com.ntu.center.mapper.DataSynchroMapper.insert - <==    Updates: 1
