13:55:42.800 [main] INFO  com.ntu.datasync.DatasyncApplication - Starting DatasyncApplication on LAPTOP-6SA701DM with PID 2676 (C:\Users\Lenovo\Desktop\datasync\target\classes started by Lenovo in C:\Users\Lenovo\Desktop\datasync)
13:55:42.806 [main] INFO  com.ntu.datasync.DatasyncApplication - No active profile set, falling back to default profiles: default
13:55:47.215 [main] INFO  org.springframework.integration.config.DefaultConfiguringBeanFactoryPostProcessor - No bean named 'errorChannel' has been explicitly defined. Therefore, a default PublishSubscribeChannel will be created.
13:55:47.237 [main] INFO  org.springframework.integration.config.DefaultConfiguringBeanFactoryPostProcessor - No bean named 'taskScheduler' has been explicitly defined. Therefore, a default ThreadPoolTaskScheduler will be created.
13:55:47.249 [main] INFO  org.springframework.integration.config.DefaultConfiguringBeanFactoryPostProcessor - No bean named 'integrationHeaderChannelRegistry' has been explicitly defined. Therefore, a default DefaultHeaderChannelRegistry will be created.
13:55:47.547 [main] INFO  org.springframework.context.support.PostProcessorRegistrationDelegate$BeanPostProcessorChecker - Bean 'org.springframework.transaction.annotation.ProxyTransactionManagementConfiguration' of type [org.springframework.transaction.annotation.ProxyTransactionManagementConfiguration$$EnhancerBySpringCGLIB$$f9783d50] is not eligible for getting processed by all BeanPostProcessors (for example: not eligible for auto-proxying)
13:55:47.600 [main] INFO  org.springframework.context.support.PostProcessorRegistrationDelegate$BeanPostProcessorChecker - Bean 'org.springframework.integration.config.IntegrationManagementConfiguration' of type [org.springframework.integration.config.IntegrationManagementConfiguration$$EnhancerBySpringCGLIB$$6469f87f] is not eligible for getting processed by all BeanPostProcessors (for example: not eligible for auto-proxying)
13:55:47.626 [main] INFO  org.springframework.context.support.PostProcessorRegistrationDelegate$BeanPostProcessorChecker - Bean 'integrationDisposableAutoCreatedBeans' of type [org.springframework.integration.config.annotation.Disposables] is not eligible for getting processed by all BeanPostProcessors (for example: not eligible for auto-proxying)
13:55:48.383 [main] INFO  org.springframework.boot.web.embedded.tomcat.TomcatWebServer - Tomcat initialized with port(s): 8081 (http)
13:55:48.423 [main] INFO  org.apache.coyote.http11.Http11NioProtocol - Initializing ProtocolHandler ["http-nio-8081"]
13:55:48.436 [main] INFO  org.apache.catalina.core.StandardService - Starting service [Tomcat]
13:55:48.436 [main] INFO  org.apache.catalina.core.StandardEngine - Starting Servlet engine: [Apache Tomcat/9.0.21]
13:55:48.710 [main] INFO  org.apache.catalina.core.ContainerBase.[Tomcat].[localhost].[/] - Initializing Spring embedded WebApplicationContext
13:55:48.710 [main] INFO  org.springframework.web.context.ContextLoader - Root WebApplicationContext: initialization completed in 5632 ms
13:55:49.778 [main] INFO  org.springframework.scheduling.concurrent.ThreadPoolTaskExecutor - Initializing ExecutorService 'applicationTaskExecutor'
13:55:50.531 [main] INFO  org.springframework.scheduling.concurrent.ThreadPoolTaskScheduler - Initializing ExecutorService 'taskScheduler'
13:55:50.650 [main] INFO  org.springframework.integration.endpoint.EventDrivenConsumer - Adding {logging-channel-adapter:_org.springframework.integration.errorLogger} as a subscriber to the 'errorChannel' channel
13:55:50.650 [main] INFO  org.springframework.integration.channel.PublishSubscribeChannel - Channel 'application.errorChannel' has 1 subscriber(s).
13:55:50.651 [main] INFO  org.springframework.integration.endpoint.EventDrivenConsumer - started _org.springframework.integration.errorLogger
13:55:50.664 [main] INFO  io.moquette.broker.config.ResourceLoaderConfig - Loading configuration. ResourceLoader = classpath resource, configName = null.
13:55:50.675 [main] INFO  io.moquette.broker.config.ClasspathResourceLoader - Loading resource. RelativePath = config/moquette.conf.
13:55:50.676 [main] INFO  io.moquette.broker.config.ResourceLoaderConfig - Parsing configuration properties. ResourceLoader = classpath resource, configName = null.
13:55:50.722 [main] INFO  io.moquette.broker.Server - Configuring message interceptors...
13:55:50.734 [main] INFO  io.moquette.interception.BrokerInterceptor - Initializing broker interceptor. InterceptorIds=[]
13:55:50.743 [main] INFO  io.moquette.broker.Server - Using default SSL context creator
13:55:50.756 [main] INFO  io.moquette.broker.security.ResourceAuthenticator - Loading password classpath resource config/password_file.conf
13:55:50.756 [main] INFO  io.moquette.broker.config.ClasspathResourceLoader - Loading resource. RelativePath = config/password_file.conf.
13:55:50.780 [main] INFO  io.moquette.broker.Server - An io.moquette.broker.security.ResourceAuthenticator authenticator instance will be used
13:55:50.782 [main] INFO  io.moquette.broker.Server - Parsing ACL file. Path = config/acl.conf
13:55:50.782 [main] INFO  io.moquette.broker.config.ClasspathResourceLoader - Loading resource. RelativePath = config/acl.conf.
13:55:50.789 [main] INFO  io.moquette.broker.Server - Authorizator policy io.moquette.broker.security.AuthorizationsCollector instance will be used
13:55:50.798 [main] INFO  io.moquette.broker.subscriptions.CTrieSubscriptionDirectory - Initializing CTrie
13:55:50.804 [main] INFO  io.moquette.broker.subscriptions.CTrieSubscriptionDirectory - Initializing subscriptions store...
13:55:50.884 [main] INFO  io.moquette.broker.NewNettyAcceptor - Netty is using NIO
13:55:53.315 [main] INFO  io.moquette.broker.NewNettyAcceptor - Server bound to host=0.0.0.0, port=6666, protocol=TCP MQTT
13:55:53.329 [main] INFO  io.moquette.broker.NewNettyAcceptor - Server bound to host=0.0.0.0, port=8000, protocol=Websocket MQTT
13:55:53.331 [main] INFO  io.moquette.broker.Server - Moquette integration has been started successfully in 2634 ms
13:55:58.599 [nioEventLoopGroup-3-1] INFO  io.moquette.broker.metrics.MQTTMessageLogger - C->B CONNECT <null>
13:55:58.704 [nioEventLoopGroup-3-1] INFO  io.moquette.broker.metrics.MQTTMessageLogger - C->B SUBSCRIBE <center> to topics [MqttTopicSubscription[topicFilter=sync/node, qualityOfService=AT_LEAST_ONCE]]
13:55:58.709 [nioEventLoopGroup-3-1] INFO  io.moquette.broker.metrics.MQTTMessageLogger - C<-B SUBACK <center> packetID <1>, grantedQoses [1]
13:56:06.735 [nioEventLoopGroup-3-2] INFO  io.moquette.broker.metrics.MQTTMessageLogger - C->B CONNECT <null>
13:56:06.739 [nioEventLoopGroup-3-2] INFO  io.moquette.broker.metrics.MQTTMessageLogger - C->B SUBSCRIBE <node> to topics [MqttTopicSubscription[topicFilter=sync/center, qualityOfService=AT_LEAST_ONCE]]
13:56:06.739 [nioEventLoopGroup-3-2] INFO  io.moquette.broker.metrics.MQTTMessageLogger - C<-B SUBACK <node> packetID <1>, grantedQoses [1]
13:56:06.745 [main] INFO  org.apache.coyote.http11.Http11NioProtocol - Starting ProtocolHandler ["http-nio-8081"]
13:56:06.786 [main] INFO  org.springframework.boot.web.embedded.tomcat.TomcatWebServer - Tomcat started on port(s): 8081 (http) with context path ''
13:56:06.791 [main] INFO  com.ntu.datasync.DatasyncApplication - Started DatasyncApplication in 25.944 seconds (JVM running for 32.727)
