16:08:15.726 [MQTT Call: center] DEBUG com.ntu.center.mapper.DataSynchroMapper.findById - ==>  Preparing: select * from data_synchro where rtrim(basicinfoid)= ? and type = ? 
16:08:15.768 [MQTT Call: center] DEBUG com.ntu.center.mapper.DataSynchroMapper.findById - ==> Parameters: 2(Long), N(String)
16:08:15.824 [MQTT Call: center] DEBUG com.ntu.center.mapper.DataSynchroMapper.findById - <==      Total: 0
16:08:26.069 [MQTT Call: center] DEBUG com.ntu.center.mapper.DataSynchroMapper.findById - ==>  Preparing: select * from data_synchro where rtrim(basicinfoid)= ? and type = ? 
16:08:26.070 [MQTT Call: center] DEBUG com.ntu.center.mapper.DataSynchroMapper.findById - ==> Parameters: 2(Long), N(String)
16:08:26.091 [MQTT Call: center] DEBUG com.ntu.center.mapper.DataSynchroMapper.findById - <==      Total: 0
16:08:37.077 [MQTT Call: center] DEBUG com.ntu.center.mapper.DataSynchroMapper.findById - ==>  Preparing: select * from data_synchro where rtrim(basicinfoid)= ? and type = ? 
16:08:37.077 [MQTT Call: center] DEBUG com.ntu.center.mapper.DataSynchroMapper.findById - ==> Parameters: 2(Long), N(String)
16:08:37.101 [MQTT Call: center] DEBUG com.ntu.center.mapper.DataSynchroMapper.findById - <==      Total: 0
16:08:48.083 [MQTT Call: center] DEBUG com.ntu.center.mapper.DataSynchroMapper.findById - ==>  Preparing: select * from data_synchro where rtrim(basicinfoid)= ? and type = ? 
16:08:48.083 [MQTT Call: center] DEBUG com.ntu.center.mapper.DataSynchroMapper.findById - ==> Parameters: 2(Long), N(String)
16:08:48.110 [MQTT Call: center] DEBUG com.ntu.center.mapper.DataSynchroMapper.findById - <==      Total: 0
16:08:59.093 [MQTT Call: center] DEBUG com.ntu.center.mapper.DataSynchroMapper.findById - ==>  Preparing: select * from data_synchro where rtrim(basicinfoid)= ? and type = ? 
16:08:59.094 [MQTT Call: center] DEBUG com.ntu.center.mapper.DataSynchroMapper.findById - ==> Parameters: 2(Long), N(String)
16:08:59.110 [MQTT Call: center] DEBUG com.ntu.center.mapper.DataSynchroMapper.findById - <==      Total: 0
16:10:50.914 [MQTT Call: center] DEBUG com.ntu.center.mapper.DataSynchroMapper.findById - ==>  Preparing: select * from data_synchro where rtrim(basicinfoid)= ? and type = ? 
16:10:50.952 [MQTT Call: center] DEBUG com.ntu.center.mapper.DataSynchroMapper.findById - ==> Parameters: 2(Long), N(String)
16:10:51.015 [MQTT Call: center] DEBUG com.ntu.center.mapper.DataSynchroMapper.findById - <==      Total: 0
16:10:51.024 [MQTT Call: center] DEBUG com.ntu.center.mapper.ChangJiangBoxEnvironmentMapper.findById - ==>  Preparing: select G_InVoltage,G_InCurrent, G_Temperature , Z_InVoltage,Z_InCurrent,Z_Temperature, Z_JueYuan,Z_LouShui,C_InVoltage, C_YunTaiDianLiu,C_Temperature,C_JueYuan,C_LouShui,Water_Deep from nantong_changjiang_box_environment where area_id = ? and spot_id = ? and node_id = ? and data_time = ? 
16:10:51.027 [MQTT Call: center] DEBUG com.ntu.center.mapper.ChangJiangBoxEnvironmentMapper.findById - ==> Parameters: null, 123(String), 123(String), 2020-05-13 00:06:29.0(Timestamp)
16:10:51.048 [MQTT Call: center] DEBUG com.ntu.center.mapper.ChangJiangBoxEnvironmentMapper.findById - <==      Total: 0
16:10:51.049 [MQTT Call: center] DEBUG com.ntu.center.mapper.ChangJiangBoxEnvironmentMapper.insert - ==>  Preparing: insert into nantong_changjiang_box_environment (area_id,spot_id,node_id,data_time,G_InVoltage,G_InCurrent, G_Temperature, Z_InVoltage,Z_InCurrent,Z_Temperature, Z_JueYuan,Z_LouShui, C_InVoltage, C_YunTaiDianLiu,C_Temperature,C_JueYuan, C_LouShui,Water_Deep) value( ?,?,?,?,?, ?,?,?, ?,?,?, ?,?,?, ?,?,?,? ) 
16:11:01.462 [MQTT Call: center] DEBUG com.ntu.center.mapper.DataSynchroMapper.findById - ==>  Preparing: select * from data_synchro where rtrim(basicinfoid)= ? and type = ? 
16:11:01.463 [MQTT Call: center] DEBUG com.ntu.center.mapper.DataSynchroMapper.findById - ==> Parameters: 2(Long), N(String)
16:11:01.483 [MQTT Call: center] DEBUG com.ntu.center.mapper.DataSynchroMapper.findById - <==      Total: 0
16:11:01.484 [MQTT Call: center] DEBUG com.ntu.center.mapper.ChangJiangBoxEnvironmentMapper.findById - ==>  Preparing: select G_InVoltage,G_InCurrent, G_Temperature , Z_InVoltage,Z_InCurrent,Z_Temperature, Z_JueYuan,Z_LouShui,C_InVoltage, C_YunTaiDianLiu,C_Temperature,C_JueYuan,C_LouShui,Water_Deep from nantong_changjiang_box_environment where area_id = ? and spot_id = ? and node_id = ? and data_time = ? 
16:11:01.485 [MQTT Call: center] DEBUG com.ntu.center.mapper.ChangJiangBoxEnvironmentMapper.findById - ==> Parameters: null, 123(String), 123(String), 2020-05-13 00:06:29.0(Timestamp)
16:11:01.509 [MQTT Call: center] DEBUG com.ntu.center.mapper.ChangJiangBoxEnvironmentMapper.findById - <==      Total: 0
16:11:01.510 [MQTT Call: center] DEBUG com.ntu.center.mapper.ChangJiangBoxEnvironmentMapper.insert - ==>  Preparing: insert into nantong_changjiang_box_environment (area_id,spot_id,node_id,data_time,G_InVoltage,G_InCurrent, G_Temperature, Z_InVoltage,Z_InCurrent,Z_Temperature, Z_JueYuan,Z_LouShui, C_InVoltage, C_YunTaiDianLiu,C_Temperature,C_JueYuan, C_LouShui,Water_Deep) value( ?,?,?,?,?, ?,?,?, ?,?,?, ?,?,?, ?,?,?,? ) 
16:11:12.469 [MQTT Call: center] DEBUG com.ntu.center.mapper.DataSynchroMapper.findById - ==>  Preparing: select * from data_synchro where rtrim(basicinfoid)= ? and type = ? 
16:11:12.470 [MQTT Call: center] DEBUG com.ntu.center.mapper.DataSynchroMapper.findById - ==> Parameters: 2(Long), N(String)
16:11:12.498 [MQTT Call: center] DEBUG com.ntu.center.mapper.DataSynchroMapper.findById - <==      Total: 0
16:11:12.499 [MQTT Call: center] DEBUG com.ntu.center.mapper.ChangJiangBoxEnvironmentMapper.findById - ==>  Preparing: select G_InVoltage,G_InCurrent, G_Temperature , Z_InVoltage,Z_InCurrent,Z_Temperature, Z_JueYuan,Z_LouShui,C_InVoltage, C_YunTaiDianLiu,C_Temperature,C_JueYuan,C_LouShui,Water_Deep from nantong_changjiang_box_environment where area_id = ? and spot_id = ? and node_id = ? and data_time = ? 
16:11:12.500 [MQTT Call: center] DEBUG com.ntu.center.mapper.ChangJiangBoxEnvironmentMapper.findById - ==> Parameters: null, 123(String), 123(String), 2020-05-13 00:06:29.0(Timestamp)
16:11:12.527 [MQTT Call: center] DEBUG com.ntu.center.mapper.ChangJiangBoxEnvironmentMapper.findById - <==      Total: 0
16:11:12.528 [MQTT Call: center] DEBUG com.ntu.center.mapper.ChangJiangBoxEnvironmentMapper.insert - ==>  Preparing: insert into nantong_changjiang_box_environment (area_id,spot_id,node_id,data_time,G_InVoltage,G_InCurrent, G_Temperature, Z_InVoltage,Z_InCurrent,Z_Temperature, Z_JueYuan,Z_LouShui, C_InVoltage, C_YunTaiDianLiu,C_Temperature,C_JueYuan, C_LouShui,Water_Deep) value( ?,?,?,?,?, ?,?,?, ?,?,?, ?,?,?, ?,?,?,? ) 
16:11:23.486 [MQTT Call: center] DEBUG com.ntu.center.mapper.DataSynchroMapper.findById - ==>  Preparing: select * from data_synchro where rtrim(basicinfoid)= ? and type = ? 
16:11:23.486 [MQTT Call: center] DEBUG com.ntu.center.mapper.DataSynchroMapper.findById - ==> Parameters: 2(Long), N(String)
16:11:23.513 [MQTT Call: center] DEBUG com.ntu.center.mapper.DataSynchroMapper.findById - <==      Total: 0
16:11:23.514 [MQTT Call: center] DEBUG com.ntu.center.mapper.ChangJiangBoxEnvironmentMapper.findById - ==>  Preparing: select G_InVoltage,G_InCurrent, G_Temperature , Z_InVoltage,Z_InCurrent,Z_Temperature, Z_JueYuan,Z_LouShui,C_InVoltage, C_YunTaiDianLiu,C_Temperature,C_JueYuan,C_LouShui,Water_Deep from nantong_changjiang_box_environment where area_id = ? and spot_id = ? and node_id = ? and data_time = ? 
16:11:23.515 [MQTT Call: center] DEBUG com.ntu.center.mapper.ChangJiangBoxEnvironmentMapper.findById - ==> Parameters: null, 123(String), 123(String), 2020-05-13 00:06:29.0(Timestamp)
16:11:23.541 [MQTT Call: center] DEBUG com.ntu.center.mapper.ChangJiangBoxEnvironmentMapper.findById - <==      Total: 0
16:11:23.542 [MQTT Call: center] DEBUG com.ntu.center.mapper.ChangJiangBoxEnvironmentMapper.insert - ==>  Preparing: insert into nantong_changjiang_box_environment (area_id,spot_id,node_id,data_time,G_InVoltage,G_InCurrent, G_Temperature, Z_InVoltage,Z_InCurrent,Z_Temperature, Z_JueYuan,Z_LouShui, C_InVoltage, C_YunTaiDianLiu,C_Temperature,C_JueYuan, C_LouShui,Water_Deep) value( ?,?,?,?,?, ?,?,?, ?,?,?, ?,?,?, ?,?,?,? ) 
16:11:34.484 [MQTT Call: center] DEBUG com.ntu.center.mapper.DataSynchroMapper.findById - ==>  Preparing: select * from data_synchro where rtrim(basicinfoid)= ? and type = ? 
16:11:34.485 [MQTT Call: center] DEBUG com.ntu.center.mapper.DataSynchroMapper.findById - ==> Parameters: 2(Long), N(String)
16:11:34.513 [MQTT Call: center] DEBUG com.ntu.center.mapper.DataSynchroMapper.findById - <==      Total: 0
16:11:34.514 [MQTT Call: center] DEBUG com.ntu.center.mapper.ChangJiangBoxEnvironmentMapper.findById - ==>  Preparing: select G_InVoltage,G_InCurrent, G_Temperature , Z_InVoltage,Z_InCurrent,Z_Temperature, Z_JueYuan,Z_LouShui,C_InVoltage, C_YunTaiDianLiu,C_Temperature,C_JueYuan,C_LouShui,Water_Deep from nantong_changjiang_box_environment where area_id = ? and spot_id = ? and node_id = ? and data_time = ? 
16:11:34.514 [MQTT Call: center] DEBUG com.ntu.center.mapper.ChangJiangBoxEnvironmentMapper.findById - ==> Parameters: null, 123(String), 123(String), 2020-05-13 00:06:29.0(Timestamp)
16:11:34.536 [MQTT Call: center] DEBUG com.ntu.center.mapper.ChangJiangBoxEnvironmentMapper.findById - <==      Total: 0
16:11:34.537 [MQTT Call: center] DEBUG com.ntu.center.mapper.ChangJiangBoxEnvironmentMapper.insert - ==>  Preparing: insert into nantong_changjiang_box_environment (area_id,spot_id,node_id,data_time,G_InVoltage,G_InCurrent, G_Temperature, Z_InVoltage,Z_InCurrent,Z_Temperature, Z_JueYuan,Z_LouShui, C_InVoltage, C_YunTaiDianLiu,C_Temperature,C_JueYuan, C_LouShui,Water_Deep) value( ?,?,?,?,?, ?,?,?, ?,?,?, ?,?,?, ?,?,?,? ) 
16:18:45.725 [MQTT Call: center] DEBUG com.ntu.center.mapper.DataSynchroMapper.findById - ==>  Preparing: select * from data_synchro where rtrim(basicinfoid)= ? and type = ? 
16:18:45.764 [MQTT Call: center] DEBUG com.ntu.center.mapper.DataSynchroMapper.findById - ==> Parameters: 2(Long), N(String)
16:18:45.821 [MQTT Call: center] DEBUG com.ntu.center.mapper.DataSynchroMapper.findById - <==      Total: 0
16:18:45.831 [MQTT Call: center] DEBUG com.ntu.center.mapper.ChangJiangBoxEnvironmentMapper.findById - ==>  Preparing: select G_InVoltage,G_InCurrent, G_Temperature , Z_InVoltage,Z_InCurrent,Z_Temperature, Z_JueYuan,Z_LouShui,C_InVoltage, C_YunTaiDianLiu,C_Temperature,C_JueYuan,C_LouShui,Water_Deep from nantong_changjiang_box_environment where area_id = ? and spot_id = ? and node_id = ? and data_time = ? 
16:18:45.834 [MQTT Call: center] DEBUG com.ntu.center.mapper.ChangJiangBoxEnvironmentMapper.findById - ==> Parameters: null, 123(String), 123(String), 2020-05-13 00:06:29.0(Timestamp)
16:18:45.854 [MQTT Call: center] DEBUG com.ntu.center.mapper.ChangJiangBoxEnvironmentMapper.findById - <==      Total: 0
16:18:45.855 [MQTT Call: center] DEBUG com.ntu.center.mapper.ChangJiangBoxEnvironmentMapper.insert - ==>  Preparing: insert into nantong_changjiang_box_environment (area_id,spot_id,node_id,data_time,G_InVoltage,G_InCurrent, G_Temperature, Z_InVoltage,Z_InCurrent,Z_Temperature, Z_JueYuan,Z_LouShui, C_InVoltage, C_YunTaiDianLiu,C_Temperature,C_JueYuan, C_LouShui,Water_Deep) value( ?,?,?,?,?, ?,?,?, ?,?,?, ?,?,?, ?,?,?,? ) 
16:18:56.247 [MQTT Call: center] DEBUG com.ntu.center.mapper.DataSynchroMapper.findById - ==>  Preparing: select * from data_synchro where rtrim(basicinfoid)= ? and type = ? 
16:18:56.247 [MQTT Call: center] DEBUG com.ntu.center.mapper.DataSynchroMapper.findById - ==> Parameters: 2(Long), N(String)
16:18:56.268 [MQTT Call: center] DEBUG com.ntu.center.mapper.DataSynchroMapper.findById - <==      Total: 0
16:18:56.268 [MQTT Call: center] DEBUG com.ntu.center.mapper.ChangJiangBoxEnvironmentMapper.findById - ==>  Preparing: select G_InVoltage,G_InCurrent, G_Temperature , Z_InVoltage,Z_InCurrent,Z_Temperature, Z_JueYuan,Z_LouShui,C_InVoltage, C_YunTaiDianLiu,C_Temperature,C_JueYuan,C_LouShui,Water_Deep from nantong_changjiang_box_environment where area_id = ? and spot_id = ? and node_id = ? and data_time = ? 
16:18:56.269 [MQTT Call: center] DEBUG com.ntu.center.mapper.ChangJiangBoxEnvironmentMapper.findById - ==> Parameters: null, 123(String), 123(String), 2020-05-13 00:06:29.0(Timestamp)
16:18:56.290 [MQTT Call: center] DEBUG com.ntu.center.mapper.ChangJiangBoxEnvironmentMapper.findById - <==      Total: 0
16:18:56.291 [MQTT Call: center] DEBUG com.ntu.center.mapper.ChangJiangBoxEnvironmentMapper.insert - ==>  Preparing: insert into nantong_changjiang_box_environment (area_id,spot_id,node_id,data_time,G_InVoltage,G_InCurrent, G_Temperature, Z_InVoltage,Z_InCurrent,Z_Temperature, Z_JueYuan,Z_LouShui, C_InVoltage, C_YunTaiDianLiu,C_Temperature,C_JueYuan, C_LouShui,Water_Deep) value( ?,?,?,?,?, ?,?,?, ?,?,?, ?,?,?, ?,?,?,? ) 
16:21:53.280 [MQTT Call: center] DEBUG com.ntu.center.mapper.DataSynchroMapper.findById - ==>  Preparing: select * from data_synchro where rtrim(basicinfoid)= ? and type = ? 
16:21:53.333 [MQTT Call: center] DEBUG com.ntu.center.mapper.DataSynchroMapper.findById - ==> Parameters: 2(Long), N(String)
16:21:53.393 [MQTT Call: center] DEBUG com.ntu.center.mapper.DataSynchroMapper.findById - <==      Total: 0
16:21:53.404 [MQTT Call: center] DEBUG com.ntu.center.mapper.ChangJiangBoxEnvironmentMapper.findById - ==>  Preparing: select G_InVoltage,G_InCurrent, G_Temperature , Z_InVoltage,Z_InCurrent,Z_Temperature, Z_JueYuan,Z_LouShui,C_InVoltage, C_YunTaiDianLiu,C_Temperature,C_JueYuan,C_LouShui,Water_Deep from nantong_changjiang_box_environment where area_id = ? and spot_id = ? and node_id = ? and data_time = ? 
16:21:53.408 [MQTT Call: center] DEBUG com.ntu.center.mapper.ChangJiangBoxEnvironmentMapper.findById - ==> Parameters: null, 123(String), 123(String), 2020-05-13 00:06:29.0(Timestamp)
16:21:53.430 [MQTT Call: center] DEBUG com.ntu.center.mapper.ChangJiangBoxEnvironmentMapper.findById - <==      Total: 0
16:21:53.431 [MQTT Call: center] DEBUG com.ntu.center.mapper.ChangJiangBoxEnvironmentMapper.insert - ==>  Preparing: insert into nantong_changjiang_box_environment (area_id,spot_id,node_id,data_time,G_InVoltage,G_InCurrent, G_Temperature, Z_InVoltage,Z_InCurrent,Z_Temperature, Z_JueYuan,Z_LouShui, C_InVoltage, C_YunTaiDianLiu,C_Temperature,C_JueYuan, C_LouShui,Water_Deep) value( ?,?,?,?,?, ?,?,?, ?,?,?, ?,?,?, ?,?,?,? ) 
16:22:02.815 [MQTT Call: center] DEBUG com.ntu.center.mapper.DataSynchroMapper.findById - ==>  Preparing: select * from data_synchro where rtrim(basicinfoid)= ? and type = ? 
16:22:02.816 [MQTT Call: center] DEBUG com.ntu.center.mapper.DataSynchroMapper.findById - ==> Parameters: 2(Long), N(String)
16:22:02.838 [MQTT Call: center] DEBUG com.ntu.center.mapper.DataSynchroMapper.findById - <==      Total: 0
16:22:02.839 [MQTT Call: center] DEBUG com.ntu.center.mapper.ChangJiangBoxEnvironmentMapper.findById - ==>  Preparing: select G_InVoltage,G_InCurrent, G_Temperature , Z_InVoltage,Z_InCurrent,Z_Temperature, Z_JueYuan,Z_LouShui,C_InVoltage, C_YunTaiDianLiu,C_Temperature,C_JueYuan,C_LouShui,Water_Deep from nantong_changjiang_box_environment where area_id = ? and spot_id = ? and node_id = ? and data_time = ? 
16:22:02.840 [MQTT Call: center] DEBUG com.ntu.center.mapper.ChangJiangBoxEnvironmentMapper.findById - ==> Parameters: null, 123(String), 123(String), 2020-05-13 00:06:29.0(Timestamp)
16:22:02.859 [MQTT Call: center] DEBUG com.ntu.center.mapper.ChangJiangBoxEnvironmentMapper.findById - <==      Total: 0
16:22:02.860 [MQTT Call: center] DEBUG com.ntu.center.mapper.ChangJiangBoxEnvironmentMapper.insert - ==>  Preparing: insert into nantong_changjiang_box_environment (area_id,spot_id,node_id,data_time,G_InVoltage,G_InCurrent, G_Temperature, Z_InVoltage,Z_InCurrent,Z_Temperature, Z_JueYuan,Z_LouShui, C_InVoltage, C_YunTaiDianLiu,C_Temperature,C_JueYuan, C_LouShui,Water_Deep) value( ?,?,?,?,?, ?,?,?, ?,?,?, ?,?,?, ?,?,?,? ) 
16:22:13.823 [MQTT Call: center] DEBUG com.ntu.center.mapper.DataSynchroMapper.findById - ==>  Preparing: select * from data_synchro where rtrim(basicinfoid)= ? and type = ? 
16:22:13.824 [MQTT Call: center] DEBUG com.ntu.center.mapper.DataSynchroMapper.findById - ==> Parameters: 2(Long), N(String)
16:22:13.847 [MQTT Call: center] DEBUG com.ntu.center.mapper.DataSynchroMapper.findById - <==      Total: 0
16:22:13.848 [MQTT Call: center] DEBUG com.ntu.center.mapper.ChangJiangBoxEnvironmentMapper.findById - ==>  Preparing: select G_InVoltage,G_InCurrent, G_Temperature , Z_InVoltage,Z_InCurrent,Z_Temperature, Z_JueYuan,Z_LouShui,C_InVoltage, C_YunTaiDianLiu,C_Temperature,C_JueYuan,C_LouShui,Water_Deep from nantong_changjiang_box_environment where area_id = ? and spot_id = ? and node_id = ? and data_time = ? 
16:22:13.849 [MQTT Call: center] DEBUG com.ntu.center.mapper.ChangJiangBoxEnvironmentMapper.findById - ==> Parameters: null, 123(String), 123(String), 2020-05-13 00:06:29.0(Timestamp)
16:22:13.868 [MQTT Call: center] DEBUG com.ntu.center.mapper.ChangJiangBoxEnvironmentMapper.findById - <==      Total: 0
16:22:13.869 [MQTT Call: center] DEBUG com.ntu.center.mapper.ChangJiangBoxEnvironmentMapper.insert - ==>  Preparing: insert into nantong_changjiang_box_environment (area_id,spot_id,node_id,data_time,G_InVoltage,G_InCurrent, G_Temperature, Z_InVoltage,Z_InCurrent,Z_Temperature, Z_JueYuan,Z_LouShui, C_InVoltage, C_YunTaiDianLiu,C_Temperature,C_JueYuan, C_LouShui,Water_Deep) value( ?,?,?,?,?, ?,?,?, ?,?,?, ?,?,?, ?,?,?,? ) 
16:25:02.607 [MQTT Call: center] DEBUG com.ntu.center.mapper.DataSynchroMapper.findById - ==>  Preparing: select * from data_synchro where rtrim(basicinfoid)= ? and type = ? 
16:25:02.644 [MQTT Call: center] DEBUG com.ntu.center.mapper.DataSynchroMapper.findById - ==> Parameters: 2(Long), N(String)
16:25:02.694 [MQTT Call: center] DEBUG com.ntu.center.mapper.DataSynchroMapper.findById - <==      Total: 0
16:25:02.704 [MQTT Call: center] DEBUG com.ntu.center.mapper.ChangJiangBoxEnvironmentMapper.findById - ==>  Preparing: select G_InVoltage,G_InCurrent, G_Temperature , Z_InVoltage,Z_InCurrent,Z_Temperature, Z_JueYuan,Z_LouShui,C_InVoltage, C_YunTaiDianLiu,C_Temperature,C_JueYuan,C_LouShui,Water_Deep from nantong_changjiang_box_environment where area_id = ? and spot_id = ? and node_id = ? and data_time = ? 
16:25:02.706 [MQTT Call: center] DEBUG com.ntu.center.mapper.ChangJiangBoxEnvironmentMapper.findById - ==> Parameters: 123(String), 123(String), 123(String), 2020-05-13 00:06:29.0(Timestamp)
16:25:02.726 [MQTT Call: center] DEBUG com.ntu.center.mapper.ChangJiangBoxEnvironmentMapper.findById - <==      Total: 0
16:25:02.727 [MQTT Call: center] DEBUG com.ntu.center.mapper.ChangJiangBoxEnvironmentMapper.insert - ==>  Preparing: insert into nantong_changjiang_box_environment (area_id,spot_id,node_id,data_time,G_InVoltage,G_InCurrent, G_Temperature, Z_InVoltage,Z_InCurrent,Z_Temperature, Z_JueYuan,Z_LouShui, C_InVoltage, C_YunTaiDianLiu,C_Temperature,C_JueYuan, C_LouShui,Water_Deep) value( ?,?,?,?,?, ?,?,?, ?,?,?, ?,?,?, ?,?,?,? ) 
16:25:13.211 [MQTT Call: center] DEBUG com.ntu.center.mapper.DataSynchroMapper.findById - ==>  Preparing: select * from data_synchro where rtrim(basicinfoid)= ? and type = ? 
16:25:13.211 [MQTT Call: center] DEBUG com.ntu.center.mapper.DataSynchroMapper.findById - ==> Parameters: 2(Long), N(String)
16:25:13.229 [MQTT Call: center] DEBUG com.ntu.center.mapper.DataSynchroMapper.findById - <==      Total: 0
16:25:13.230 [MQTT Call: center] DEBUG com.ntu.center.mapper.ChangJiangBoxEnvironmentMapper.findById - ==>  Preparing: select G_InVoltage,G_InCurrent, G_Temperature , Z_InVoltage,Z_InCurrent,Z_Temperature, Z_JueYuan,Z_LouShui,C_InVoltage, C_YunTaiDianLiu,C_Temperature,C_JueYuan,C_LouShui,Water_Deep from nantong_changjiang_box_environment where area_id = ? and spot_id = ? and node_id = ? and data_time = ? 
16:25:13.231 [MQTT Call: center] DEBUG com.ntu.center.mapper.ChangJiangBoxEnvironmentMapper.findById - ==> Parameters: 123(String), 123(String), 123(String), 2020-05-13 00:06:29.0(Timestamp)
16:25:13.246 [MQTT Call: center] DEBUG com.ntu.center.mapper.ChangJiangBoxEnvironmentMapper.findById - <==      Total: 0
16:25:13.247 [MQTT Call: center] DEBUG com.ntu.center.mapper.ChangJiangBoxEnvironmentMapper.insert - ==>  Preparing: insert into nantong_changjiang_box_environment (area_id,spot_id,node_id,data_time,G_InVoltage,G_InCurrent, G_Temperature, Z_InVoltage,Z_InCurrent,Z_Temperature, Z_JueYuan,Z_LouShui, C_InVoltage, C_YunTaiDianLiu,C_Temperature,C_JueYuan, C_LouShui,Water_Deep) value( ?,?,?,?,?, ?,?,?, ?,?,?, ?,?,?, ?,?,?,? ) 
16:32:55.988 [MQTT Call: center] DEBUG com.ntu.center.mapper.DataSynchroMapper.findById - ==>  Preparing: select * from data_synchro where rtrim(basicinfoid)= ? and type = ? 
16:32:56.025 [MQTT Call: center] DEBUG com.ntu.center.mapper.DataSynchroMapper.findById - ==> Parameters: 2(Long), N(String)
16:32:56.072 [MQTT Call: center] DEBUG com.ntu.center.mapper.DataSynchroMapper.findById - <==      Total: 0
16:32:56.082 [MQTT Call: center] DEBUG com.ntu.center.mapper.ChangJiangBoxEnvironmentMapper.findById - ==>  Preparing: select G_InVoltage,G_InCurrent, G_Temperature , Z_InVoltage,Z_InCurrent,Z_Temperature, Z_JueYuan,Z_LouShui,C_InVoltage, C_YunTaiDianLiu,C_Temperature,C_JueYuan,C_LouShui,Water_Deep from nantong_changjiang_box_environment where area_id = ? and spot_id = ? and node_id = ? and data_time = ? 
16:32:56.084 [MQTT Call: center] DEBUG com.ntu.center.mapper.ChangJiangBoxEnvironmentMapper.findById - ==> Parameters: 123(String), 123(String), 123(String), 2020-05-13 00:06:29.0(Timestamp)
16:32:56.102 [MQTT Call: center] DEBUG com.ntu.center.mapper.ChangJiangBoxEnvironmentMapper.findById - <==      Total: 0
16:32:56.103 [MQTT Call: center] DEBUG com.ntu.center.mapper.ChangJiangBoxEnvironmentMapper.insert - ==>  Preparing: insert into nantong_changjiang_box_environment (area_id,spot_id,node_id,data_time,G_InVoltage,G_InCurrent, G_Temperature, Z_InVoltage,Z_InCurrent,Z_Temperature, Z_JueYuan,Z_LouShui, C_InVoltage, C_YunTaiDianLiu,C_Temperature,C_JueYuan, C_LouShui,Water_Deep) value( ?,?,?,?,?, ?,?,?, ?,?,?, ?,?,?, ?,?,?,? ) 
16:32:56.105 [MQTT Call: center] DEBUG com.ntu.center.mapper.ChangJiangBoxEnvironmentMapper.insert - ==> Parameters: 123(String), 123(String), 123(String), 2020-05-13 00:06:29.0(Timestamp), 123.0(Float), 123.0(Float), 213.0(Float), 123.0(Float), 123.0(Float), 123.0(Float), 123.0(Float), 123.0(Float), 123.0(Float), 213.0(Float), 123.0(Float), 123.0(Float), 23.0(Float), 123.0(Float)
16:32:56.164 [MQTT Call: center] DEBUG com.ntu.center.mapper.ChangJiangBoxEnvironmentMapper.insert - <==    Updates: 1
16:32:56.165 [MQTT Call: center] DEBUG com.ntu.center.mapper.DataSynchroMapper.insert - ==>  Preparing: insert into data_synchro (BASICINFOID, TYPE, SA1_STATUS, SB1_TIME, SC1_TIME, SD1_NUM, SE1_TIME, SF1_MSG, SA2_STATUS, SB2_TIME, SC2_TIME, SF2_MSG ) values (?, ?, ?, ?, ?, ?, ?, ?, ?, ?, ?, ? ) 
16:32:56.166 [MQTT Call: center] DEBUG com.ntu.center.mapper.DataSynchroMapper.insert - ==> Parameters: 2(Long), N(String), null, null, null, null, null, null, 0(String), null, 2020-05-08 16:32:56.164(Timestamp), null
16:32:56.223 [MQTT Call: center] DEBUG com.ntu.center.mapper.DataSynchroMapper.insert - <==    Updates: 1
16:51:52.871 [MQTT Call: center] DEBUG com.ntu.center.mapper.DataSynchroMapper.findById - ==>  Preparing: select * from data_synchro where rtrim(basicinfoid)= ? and type = ? 
16:51:52.925 [MQTT Call: center] DEBUG com.ntu.center.mapper.DataSynchroMapper.findById - ==> Parameters: 2(Long), N(String)
16:51:52.997 [MQTT Call: center] DEBUG com.ntu.center.mapper.DataSynchroMapper.findById - <==      Total: 1
16:51:53.006 [MQTT Call: center] DEBUG com.ntu.center.mapper.ChangJiangBoxEnvironmentMapper.findById - ==>  Preparing: select G_InVoltage,G_InCurrent, G_Temperature , Z_InVoltage,Z_InCurrent,Z_Temperature, Z_JueYuan,Z_LouShui,C_InVoltage, C_YunTaiDianLiu,C_Temperature,C_JueYuan,C_LouShui,Water_Deep from nantong_changjiang_box_environment where area_id = ? and spot_id = ? and node_id = ? and data_time = ? 
16:51:53.009 [MQTT Call: center] DEBUG com.ntu.center.mapper.ChangJiangBoxEnvironmentMapper.findById - ==> Parameters: 123(String), 123(String), 123(String), 2020-05-13 00:06:29.0(Timestamp)
16:51:53.029 [MQTT Call: center] DEBUG com.ntu.center.mapper.ChangJiangBoxEnvironmentMapper.findById - <==      Total: 1
16:51:53.030 [MQTT Call: center] DEBUG com.ntu.center.mapper.ChangJiangBoxEnvironmentMapper.update - ==>  Preparing: update nantong_changjiang_box_environment set G_InVoltage = ?, G_InCurrent = ?, G_Temperature = ?, Z_InVoltage = ?, Z_InCurrent = ?, Z_Temperature = ?, Z_JueYuan = ?, Z_LouShui = ?, C_InVoltage = ?, C_YunTaiDianLiu = ?, C_Temperature = ?, C_JueYuan = ?, C_LouShui = ?, Water_Deep = ? 
16:52:03.422 [MQTT Call: center] DEBUG com.ntu.center.mapper.DataSynchroMapper.findById - ==>  Preparing: select * from data_synchro where rtrim(basicinfoid)= ? and type = ? 
16:52:03.423 [MQTT Call: center] DEBUG com.ntu.center.mapper.DataSynchroMapper.findById - ==> Parameters: 2(Long), N(String)
16:52:03.446 [MQTT Call: center] DEBUG com.ntu.center.mapper.DataSynchroMapper.findById - <==      Total: 1
16:52:03.447 [MQTT Call: center] DEBUG com.ntu.center.mapper.ChangJiangBoxEnvironmentMapper.findById - ==>  Preparing: select G_InVoltage,G_InCurrent, G_Temperature , Z_InVoltage,Z_InCurrent,Z_Temperature, Z_JueYuan,Z_LouShui,C_InVoltage, C_YunTaiDianLiu,C_Temperature,C_JueYuan,C_LouShui,Water_Deep from nantong_changjiang_box_environment where area_id = ? and spot_id = ? and node_id = ? and data_time = ? 
16:52:03.448 [MQTT Call: center] DEBUG com.ntu.center.mapper.ChangJiangBoxEnvironmentMapper.findById - ==> Parameters: 123(String), 123(String), 123(String), 2020-05-13 00:06:29.0(Timestamp)
16:52:03.470 [MQTT Call: center] DEBUG com.ntu.center.mapper.ChangJiangBoxEnvironmentMapper.findById - <==      Total: 1
16:52:03.471 [MQTT Call: center] DEBUG com.ntu.center.mapper.ChangJiangBoxEnvironmentMapper.update - ==>  Preparing: update nantong_changjiang_box_environment set G_InVoltage = ?, G_InCurrent = ?, G_Temperature = ?, Z_InVoltage = ?, Z_InCurrent = ?, Z_Temperature = ?, Z_JueYuan = ?, Z_LouShui = ?, C_InVoltage = ?, C_YunTaiDianLiu = ?, C_Temperature = ?, C_JueYuan = ?, C_LouShui = ?, Water_Deep = ? 
16:52:14.429 [MQTT Call: center] DEBUG com.ntu.center.mapper.DataSynchroMapper.findById - ==>  Preparing: select * from data_synchro where rtrim(basicinfoid)= ? and type = ? 
16:52:14.429 [MQTT Call: center] DEBUG com.ntu.center.mapper.DataSynchroMapper.findById - ==> Parameters: 2(Long), N(String)
16:52:14.450 [MQTT Call: center] DEBUG com.ntu.center.mapper.DataSynchroMapper.findById - <==      Total: 1
16:52:14.450 [MQTT Call: center] DEBUG com.ntu.center.mapper.ChangJiangBoxEnvironmentMapper.findById - ==>  Preparing: select G_InVoltage,G_InCurrent, G_Temperature , Z_InVoltage,Z_InCurrent,Z_Temperature, Z_JueYuan,Z_LouShui,C_InVoltage, C_YunTaiDianLiu,C_Temperature,C_JueYuan,C_LouShui,Water_Deep from nantong_changjiang_box_environment where area_id = ? and spot_id = ? and node_id = ? and data_time = ? 
16:52:14.451 [MQTT Call: center] DEBUG com.ntu.center.mapper.ChangJiangBoxEnvironmentMapper.findById - ==> Parameters: 123(String), 123(String), 123(String), 2020-05-13 00:06:29.0(Timestamp)
16:52:14.471 [MQTT Call: center] DEBUG com.ntu.center.mapper.ChangJiangBoxEnvironmentMapper.findById - <==      Total: 1
16:52:14.472 [MQTT Call: center] DEBUG com.ntu.center.mapper.ChangJiangBoxEnvironmentMapper.update - ==>  Preparing: update nantong_changjiang_box_environment set G_InVoltage = ?, G_InCurrent = ?, G_Temperature = ?, Z_InVoltage = ?, Z_InCurrent = ?, Z_Temperature = ?, Z_JueYuan = ?, Z_LouShui = ?, C_InVoltage = ?, C_YunTaiDianLiu = ?, C_Temperature = ?, C_JueYuan = ?, C_LouShui = ?, Water_Deep = ? 
16:56:18.135 [MQTT Call: center] DEBUG com.ntu.center.mapper.DataSynchroMapper.findById - ==>  Preparing: select * from data_synchro where rtrim(basicinfoid)= ? and type = ? 
16:56:18.174 [MQTT Call: center] DEBUG com.ntu.center.mapper.DataSynchroMapper.findById - ==> Parameters: 2(Long), N(String)
16:56:18.231 [MQTT Call: center] DEBUG com.ntu.center.mapper.DataSynchroMapper.findById - <==      Total: 1
16:56:18.240 [MQTT Call: center] DEBUG com.ntu.center.mapper.ChangJiangBoxEnvironmentMapper.findById - ==>  Preparing: select G_InVoltage,G_InCurrent, G_Temperature , Z_InVoltage,Z_InCurrent,Z_Temperature, Z_JueYuan,Z_LouShui,C_InVoltage, C_YunTaiDianLiu,C_Temperature,C_JueYuan,C_LouShui,Water_Deep from nantong_changjiang_box_environment where area_id = ? and spot_id = ? and node_id = ? and data_time = ? 
16:56:18.242 [MQTT Call: center] DEBUG com.ntu.center.mapper.ChangJiangBoxEnvironmentMapper.findById - ==> Parameters: 123(String), 123(String), 123(String), 2020-05-13 00:06:29.0(Timestamp)
16:56:18.264 [MQTT Call: center] DEBUG com.ntu.center.mapper.ChangJiangBoxEnvironmentMapper.findById - <==      Total: 1
16:56:18.265 [MQTT Call: center] DEBUG com.ntu.center.mapper.ChangJiangBoxEnvironmentMapper.update - ==>  Preparing: update nantong_changjiang_box_environment set G_InVoltage = ?, G_InCurrent = ?, G_Temperature = ?, Z_InVoltage = ?, Z_InCurrent = ?, Z_Temperature = ?, Z_JueYuan = ?, Z_LouShui = ?, C_InVoltage = ?, C_YunTaiDianLiu = ?, C_Temperature = ?, C_JueYuan = ?, C_LouShui = ?, Water_Deep = ? 
16:56:28.716 [MQTT Call: center] DEBUG com.ntu.center.mapper.DataSynchroMapper.findById - ==>  Preparing: select * from data_synchro where rtrim(basicinfoid)= ? and type = ? 
16:56:28.716 [MQTT Call: center] DEBUG com.ntu.center.mapper.DataSynchroMapper.findById - ==> Parameters: 2(Long), N(String)
16:56:28.737 [MQTT Call: center] DEBUG com.ntu.center.mapper.DataSynchroMapper.findById - <==      Total: 1
16:56:28.738 [MQTT Call: center] DEBUG com.ntu.center.mapper.ChangJiangBoxEnvironmentMapper.findById - ==>  Preparing: select G_InVoltage,G_InCurrent, G_Temperature , Z_InVoltage,Z_InCurrent,Z_Temperature, Z_JueYuan,Z_LouShui,C_InVoltage, C_YunTaiDianLiu,C_Temperature,C_JueYuan,C_LouShui,Water_Deep from nantong_changjiang_box_environment where area_id = ? and spot_id = ? and node_id = ? and data_time = ? 
16:56:28.739 [MQTT Call: center] DEBUG com.ntu.center.mapper.ChangJiangBoxEnvironmentMapper.findById - ==> Parameters: 123(String), 123(String), 123(String), 2020-05-13 00:06:29.0(Timestamp)
16:56:28.758 [MQTT Call: center] DEBUG com.ntu.center.mapper.ChangJiangBoxEnvironmentMapper.findById - <==      Total: 1
16:56:28.759 [MQTT Call: center] DEBUG com.ntu.center.mapper.ChangJiangBoxEnvironmentMapper.update - ==>  Preparing: update nantong_changjiang_box_environment set G_InVoltage = ?, G_InCurrent = ?, G_Temperature = ?, Z_InVoltage = ?, Z_InCurrent = ?, Z_Temperature = ?, Z_JueYuan = ?, Z_LouShui = ?, C_InVoltage = ?, C_YunTaiDianLiu = ?, C_Temperature = ?, C_JueYuan = ?, C_LouShui = ?, Water_Deep = ? 
16:59:10.049 [MQTT Call: center] DEBUG com.ntu.center.mapper.DataSynchroMapper.findById - ==>  Preparing: select * from data_synchro where rtrim(basicinfoid)= ? and type = ? 
16:59:10.100 [MQTT Call: center] DEBUG com.ntu.center.mapper.DataSynchroMapper.findById - ==> Parameters: 2(Long), N(String)
16:59:10.160 [MQTT Call: center] DEBUG com.ntu.center.mapper.DataSynchroMapper.findById - <==      Total: 1
16:59:10.169 [MQTT Call: center] DEBUG com.ntu.center.mapper.ChangJiangBoxEnvironmentMapper.findById - ==>  Preparing: select G_InVoltage,G_InCurrent, G_Temperature , Z_InVoltage,Z_InCurrent,Z_Temperature, Z_JueYuan,Z_LouShui,C_InVoltage, C_YunTaiDianLiu,C_Temperature,C_JueYuan,C_LouShui,Water_Deep from nantong_changjiang_box_environment where area_id = ? and spot_id = ? and node_id = ? and data_time = ? 
16:59:10.172 [MQTT Call: center] DEBUG com.ntu.center.mapper.ChangJiangBoxEnvironmentMapper.findById - ==> Parameters: 123(String), 123(String), 123(String), 2020-05-13 00:06:29.0(Timestamp)
16:59:10.189 [MQTT Call: center] DEBUG com.ntu.center.mapper.ChangJiangBoxEnvironmentMapper.findById - <==      Total: 1
16:59:10.190 [MQTT Call: center] DEBUG com.ntu.center.mapper.ChangJiangBoxEnvironmentMapper.update - ==>  Preparing: update nantong_changjiang_box_environment set G_InVoltage = ?, G_InCurrent = ?, G_Temperature = ?, Z_InVoltage = ?, Z_InCurrent = ?, Z_Temperature = ?, Z_JueYuan = ?, Z_LouShui = ?, C_InVoltage = ?, C_YunTaiDianLiu = ?, C_Temperature = ?, C_JueYuan = ?, C_LouShui = ?, Water_Deep = ? 
16:59:10.190 [MQTT Call: center] DEBUG com.ntu.center.mapper.ChangJiangBoxEnvironmentMapper.update - ==> Parameters: 123.0(Float), 123.0(Float), 213.0(Float), 123.0(Float), 123.0(Float), 123.0(Float), 123.0(Float), 123.0(Float), 123.0(Float), 213.0(Float), 123.0(Float), 123.0(Float), 23.0(Float), 123.0(Float)
16:59:10.245 [MQTT Call: center] DEBUG com.ntu.center.mapper.ChangJiangBoxEnvironmentMapper.update - <==    Updates: 2
16:59:10.278 [MQTT Call: center] DEBUG com.ntu.center.mapper.DataSynchroMapper.updatePassive - ==>  Preparing: update data_synchro set SA2_STATUS = ? , SC2_TIME= ? where rtrim(basicinfoid)= ? and type = ? 
16:59:10.279 [MQTT Call: center] DEBUG com.ntu.center.mapper.DataSynchroMapper.updatePassive - ==> Parameters: 0(String), 2020-05-08 16:59:10.245(Timestamp), 2(Long), N(String)
16:59:10.331 [MQTT Call: center] DEBUG com.ntu.center.mapper.DataSynchroMapper.updatePassive - <==    Updates: 1
17:01:30.737 [MQTT Call: center] DEBUG com.ntu.center.mapper.DataSynchroMapper.findById - ==>  Preparing: select * from data_synchro where rtrim(basicinfoid)= ? and type = ? 
17:01:30.738 [MQTT Call: center] DEBUG com.ntu.center.mapper.DataSynchroMapper.findById - ==> Parameters: 2(Long), N(String)
17:01:30.758 [MQTT Call: center] DEBUG com.ntu.center.mapper.DataSynchroMapper.findById - <==      Total: 1
17:01:30.759 [MQTT Call: center] DEBUG com.ntu.center.mapper.ChangJiangBoxEnvironmentMapper.findById - ==>  Preparing: select G_InVoltage,G_InCurrent, G_Temperature , Z_InVoltage,Z_InCurrent,Z_Temperature, Z_JueYuan,Z_LouShui,C_InVoltage, C_YunTaiDianLiu,C_Temperature,C_JueYuan,C_LouShui,Water_Deep from nantong_changjiang_box_environment where area_id = ? and spot_id = ? and node_id = ? and data_time = ? 
17:01:30.760 [MQTT Call: center] DEBUG com.ntu.center.mapper.ChangJiangBoxEnvironmentMapper.findById - ==> Parameters: 123ss(String), 123ss(String), 123ss(String), 2020-05-13 00:06:29.0(Timestamp)
17:01:30.778 [MQTT Call: center] DEBUG com.ntu.center.mapper.ChangJiangBoxEnvironmentMapper.findById - <==      Total: 0
17:01:30.779 [MQTT Call: center] DEBUG com.ntu.center.mapper.ChangJiangBoxEnvironmentMapper.insert - ==>  Preparing: insert into nantong_changjiang_box_environment (area_id,spot_id,node_id,data_time,G_InVoltage,G_InCurrent, G_Temperature, Z_InVoltage,Z_InCurrent,Z_Temperature, Z_JueYuan,Z_LouShui, C_InVoltage, C_YunTaiDianLiu,C_Temperature,C_JueYuan, C_LouShui,Water_Deep) value( ?,?,?,?,?, ?,?,?, ?,?,?, ?,?,?, ?,?,?,? ) 
17:01:30.783 [MQTT Call: center] DEBUG com.ntu.center.mapper.ChangJiangBoxEnvironmentMapper.insert - ==> Parameters: 123ss(String), 123ss(String), 123ss(String), 2020-05-13 00:06:29.0(Timestamp), 1234.0(Float), 123.0(Float), 213.0(Float), 123.0(Float), null, 123.0(Float), 123.0(Float), 123.0(Float), 123.0(Float), 213.0(Float), 123.0(Float), 123.0(Float), 23.0(Float), 123.0(Float)
17:01:30.834 [MQTT Call: center] DEBUG com.ntu.center.mapper.ChangJiangBoxEnvironmentMapper.insert - <==    Updates: 1
17:01:30.835 [MQTT Call: center] DEBUG com.ntu.center.mapper.DataSynchroMapper.updatePassive - ==>  Preparing: update data_synchro set SA2_STATUS = ? , SC2_TIME= ? where rtrim(basicinfoid)= ? and type = ? 
17:01:30.835 [MQTT Call: center] DEBUG com.ntu.center.mapper.DataSynchroMapper.updatePassive - ==> Parameters: 0(String), 2020-05-08 17:01:30.835(Timestamp), 2(Long), N(String)
17:01:30.884 [MQTT Call: center] DEBUG com.ntu.center.mapper.DataSynchroMapper.updatePassive - <==    Updates: 1
