18:30:33.535 [main] INFO  com.ntu.datasync.DatasyncApplication - Starting DatasyncApplication on LAPTOP-6SA701DM with PID 7508 (C:\Users\Lenovo\Desktop\datasync\target\classes started by Lenovo in C:\Users\Lenovo\Desktop\datasync)
18:30:33.550 [main] INFO  com.ntu.datasync.DatasyncApplication - No active profile set, falling back to default profiles: default
18:30:35.894 [main] INFO  org.springframework.integration.config.DefaultConfiguringBeanFactoryPostProcessor - No bean named 'errorChannel' has been explicitly defined. Therefore, a default PublishSubscribeChannel will be created.
18:30:35.909 [main] INFO  org.springframework.integration.config.DefaultConfiguringBeanFactoryPostProcessor - No bean named 'taskScheduler' has been explicitly defined. Therefore, a default ThreadPoolTaskScheduler will be created.
18:30:35.909 [main] INFO  org.springframework.integration.config.DefaultConfiguringBeanFactoryPostProcessor - No bean named 'integrationHeaderChannelRegistry' has been explicitly defined. Therefore, a default DefaultHeaderChannelRegistry will be created.
18:30:36.097 [main] INFO  org.springframework.context.support.PostProcessorRegistrationDelegate$BeanPostProcessorChecker - Bean 'org.springframework.transaction.annotation.ProxyTransactionManagementConfiguration' of type [org.springframework.transaction.annotation.ProxyTransactionManagementConfiguration$$EnhancerBySpringCGLIB$$8c737d0b] is not eligible for getting processed by all BeanPostProcessors (for example: not eligible for auto-proxying)
18:30:36.128 [main] INFO  org.springframework.context.support.PostProcessorRegistrationDelegate$BeanPostProcessorChecker - Bean 'org.springframework.integration.config.IntegrationManagementConfiguration' of type [org.springframework.integration.config.IntegrationManagementConfiguration$$EnhancerBySpringCGLIB$$f765383a] is not eligible for getting processed by all BeanPostProcessors (for example: not eligible for auto-proxying)
18:30:36.143 [main] INFO  org.springframework.context.support.PostProcessorRegistrationDelegate$BeanPostProcessorChecker - Bean 'integrationDisposableAutoCreatedBeans' of type [org.springframework.integration.config.annotation.Disposables] is not eligible for getting processed by all BeanPostProcessors (for example: not eligible for auto-proxying)
18:30:36.690 [main] INFO  org.springframework.boot.web.embedded.tomcat.TomcatWebServer - Tomcat initialized with port(s): 8081 (http)
18:30:36.721 [main] INFO  org.apache.coyote.http11.Http11NioProtocol - Initializing ProtocolHandler ["http-nio-8081"]
18:30:36.737 [main] INFO  org.apache.catalina.core.StandardService - Starting service [Tomcat]
18:30:36.737 [main] INFO  org.apache.catalina.core.StandardEngine - Starting Servlet engine: [Apache Tomcat/9.0.21]
18:30:36.956 [main] INFO  org.apache.catalina.core.ContainerBase.[Tomcat].[localhost].[/] - Initializing Spring embedded WebApplicationContext
18:30:36.956 [main] INFO  org.springframework.web.context.ContextLoader - Root WebApplicationContext: initialization completed in 3187 ms
18:30:37.846 [main] INFO  org.springframework.scheduling.concurrent.ThreadPoolTaskExecutor - Initializing ExecutorService 'applicationTaskExecutor'
18:30:38.346 [main] INFO  org.springframework.scheduling.concurrent.ThreadPoolTaskScheduler - Initializing ExecutorService 'taskScheduler'
18:30:38.424 [main] INFO  org.springframework.integration.endpoint.EventDrivenConsumer - Adding {logging-channel-adapter:_org.springframework.integration.errorLogger} as a subscriber to the 'errorChannel' channel
18:30:38.424 [main] INFO  org.springframework.integration.channel.PublishSubscribeChannel - Channel 'application.errorChannel' has 1 subscriber(s).
18:30:38.424 [main] INFO  org.springframework.integration.endpoint.EventDrivenConsumer - started _org.springframework.integration.errorLogger
18:30:38.440 [main] INFO  io.moquette.broker.config.ResourceLoaderConfig - Loading configuration. ResourceLoader = classpath resource, configName = null.
18:30:38.440 [main] INFO  io.moquette.broker.config.ClasspathResourceLoader - Loading resource. RelativePath = config/moquette.conf.
18:30:38.440 [main] INFO  io.moquette.broker.config.ResourceLoaderConfig - Parsing configuration properties. ResourceLoader = classpath resource, configName = null.
18:30:38.455 [main] INFO  io.moquette.broker.Server - Configuring message interceptors...
18:30:38.455 [main] INFO  io.moquette.interception.BrokerInterceptor - Initializing broker interceptor. InterceptorIds=[]
18:30:38.471 [main] INFO  io.moquette.broker.Server - Using default SSL context creator
18:30:38.471 [main] INFO  io.moquette.broker.security.ResourceAuthenticator - Loading password classpath resource config/password_file.conf
18:30:38.471 [main] INFO  io.moquette.broker.config.ClasspathResourceLoader - Loading resource. RelativePath = config/password_file.conf.
18:30:38.502 [main] INFO  io.moquette.broker.Server - An io.moquette.broker.security.ResourceAuthenticator authenticator instance will be used
18:30:38.502 [main] INFO  io.moquette.broker.Server - Parsing ACL file. Path = config/acl.conf
18:30:38.502 [main] INFO  io.moquette.broker.config.ClasspathResourceLoader - Loading resource. RelativePath = config/acl.conf.
18:30:38.502 [main] INFO  io.moquette.broker.Server - Authorizator policy io.moquette.broker.security.AuthorizationsCollector instance will be used
18:30:38.502 [main] INFO  io.moquette.broker.subscriptions.CTrieSubscriptionDirectory - Initializing CTrie
18:30:38.518 [main] INFO  io.moquette.broker.subscriptions.CTrieSubscriptionDirectory - Initializing subscriptions store...
18:30:38.549 [main] INFO  io.moquette.broker.NewNettyAcceptor - Netty is using NIO
18:30:40.986 [main] INFO  io.moquette.broker.NewNettyAcceptor - Server bound to host=0.0.0.0, port=6666, protocol=TCP MQTT
18:30:40.986 [main] INFO  io.moquette.broker.NewNettyAcceptor - Server bound to host=0.0.0.0, port=8000, protocol=Websocket MQTT
18:30:40.986 [main] INFO  io.moquette.broker.Server - Moquette integration has been started successfully in 2531 ms
18:30:46.195 [nioEventLoopGroup-3-1] INFO  io.moquette.broker.metrics.MQTTMessageLogger - C->B CONNECT <null>
18:30:46.242 [nioEventLoopGroup-3-1] INFO  io.moquette.broker.metrics.MQTTMessageLogger - C->B SUBSCRIBE <center> to topics [MqttTopicSubscription[topicFilter=sync/node, qualityOfService=AT_LEAST_ONCE]]
18:30:46.242 [nioEventLoopGroup-3-1] INFO  io.moquette.broker.metrics.MQTTMessageLogger - C<-B SUBACK <center> packetID <1>, grantedQoses [1]
18:30:54.334 [nioEventLoopGroup-3-2] INFO  io.moquette.broker.metrics.MQTTMessageLogger - C->B CONNECT <null>
18:30:54.334 [nioEventLoopGroup-3-2] INFO  io.moquette.broker.metrics.MQTTMessageLogger - C->B SUBSCRIBE <node> to topics [MqttTopicSubscription[topicFilter=sync/center, qualityOfService=AT_LEAST_ONCE]]
18:30:54.334 [nioEventLoopGroup-3-2] INFO  io.moquette.broker.metrics.MQTTMessageLogger - C<-B SUBACK <node> packetID <1>, grantedQoses [1]
18:30:54.350 [main] INFO  org.apache.coyote.http11.Http11NioProtocol - Starting ProtocolHandler ["http-nio-8081"]
18:30:54.365 [main] INFO  org.springframework.boot.web.embedded.tomcat.TomcatWebServer - Tomcat started on port(s): 8081 (http) with context path ''
18:30:54.381 [main] INFO  com.ntu.datasync.DatasyncApplication - Started DatasyncApplication in 21.846 seconds (JVM running for 27.438)
18:38:13.533 [main] INFO  com.ntu.datasync.DatasyncApplication - Starting DatasyncApplication on LAPTOP-6SA701DM with PID 6656 (C:\Users\Lenovo\Desktop\datasync\target\classes started by Lenovo in C:\Users\Lenovo\Desktop\datasync)
18:38:13.548 [main] INFO  com.ntu.datasync.DatasyncApplication - No active profile set, falling back to default profiles: default
18:38:15.409 [main] INFO  org.springframework.integration.config.DefaultConfiguringBeanFactoryPostProcessor - No bean named 'errorChannel' has been explicitly defined. Therefore, a default PublishSubscribeChannel will be created.
18:38:15.424 [main] INFO  org.springframework.integration.config.DefaultConfiguringBeanFactoryPostProcessor - No bean named 'taskScheduler' has been explicitly defined. Therefore, a default ThreadPoolTaskScheduler will be created.
18:38:15.440 [main] INFO  org.springframework.integration.config.DefaultConfiguringBeanFactoryPostProcessor - No bean named 'integrationHeaderChannelRegistry' has been explicitly defined. Therefore, a default DefaultHeaderChannelRegistry will be created.
18:38:15.549 [main] INFO  org.springframework.context.support.PostProcessorRegistrationDelegate$BeanPostProcessorChecker - Bean 'org.springframework.transaction.annotation.ProxyTransactionManagementConfiguration' of type [org.springframework.transaction.annotation.ProxyTransactionManagementConfiguration$$EnhancerBySpringCGLIB$$1b834cf4] is not eligible for getting processed by all BeanPostProcessors (for example: not eligible for auto-proxying)
18:38:15.581 [main] INFO  org.springframework.context.support.PostProcessorRegistrationDelegate$BeanPostProcessorChecker - Bean 'org.springframework.integration.config.IntegrationManagementConfiguration' of type [org.springframework.integration.config.IntegrationManagementConfiguration$$EnhancerBySpringCGLIB$$86750823] is not eligible for getting processed by all BeanPostProcessors (for example: not eligible for auto-proxying)
18:38:15.596 [main] INFO  org.springframework.context.support.PostProcessorRegistrationDelegate$BeanPostProcessorChecker - Bean 'integrationDisposableAutoCreatedBeans' of type [org.springframework.integration.config.annotation.Disposables] is not eligible for getting processed by all BeanPostProcessors (for example: not eligible for auto-proxying)
18:38:15.956 [main] INFO  org.springframework.boot.web.embedded.tomcat.TomcatWebServer - Tomcat initialized with port(s): 8081 (http)
18:38:15.971 [main] INFO  org.apache.coyote.http11.Http11NioProtocol - Initializing ProtocolHandler ["http-nio-8081"]
18:38:15.987 [main] INFO  org.apache.catalina.core.StandardService - Starting service [Tomcat]
18:38:15.987 [main] INFO  org.apache.catalina.core.StandardEngine - Starting Servlet engine: [Apache Tomcat/9.0.21]
18:38:16.174 [main] INFO  org.apache.catalina.core.ContainerBase.[Tomcat].[localhost].[/] - Initializing Spring embedded WebApplicationContext
18:38:16.174 [main] INFO  org.springframework.web.context.ContextLoader - Root WebApplicationContext: initialization completed in 2501 ms
18:38:16.877 [main] INFO  org.springframework.scheduling.concurrent.ThreadPoolTaskExecutor - Initializing ExecutorService 'applicationTaskExecutor'
18:38:17.252 [main] INFO  org.springframework.scheduling.concurrent.ThreadPoolTaskScheduler - Initializing ExecutorService 'taskScheduler'
18:38:17.315 [main] INFO  org.springframework.integration.endpoint.EventDrivenConsumer - Adding {logging-channel-adapter:_org.springframework.integration.errorLogger} as a subscriber to the 'errorChannel' channel
18:38:17.315 [main] INFO  org.springframework.integration.channel.PublishSubscribeChannel - Channel 'application.errorChannel' has 1 subscriber(s).
18:38:17.315 [main] INFO  org.springframework.integration.endpoint.EventDrivenConsumer - started _org.springframework.integration.errorLogger
18:38:17.330 [main] INFO  io.moquette.broker.config.ResourceLoaderConfig - Loading configuration. ResourceLoader = classpath resource, configName = null.
18:38:17.330 [main] INFO  io.moquette.broker.config.ClasspathResourceLoader - Loading resource. RelativePath = config/moquette.conf.
18:38:17.330 [main] INFO  io.moquette.broker.config.ResourceLoaderConfig - Parsing configuration properties. ResourceLoader = classpath resource, configName = null.
18:38:17.330 [main] INFO  io.moquette.broker.Server - Configuring message interceptors...
18:38:17.330 [main] INFO  io.moquette.interception.BrokerInterceptor - Initializing broker interceptor. InterceptorIds=[]
18:38:17.330 [main] INFO  io.moquette.broker.Server - Using default SSL context creator
18:38:17.330 [main] INFO  io.moquette.broker.security.ResourceAuthenticator - Loading password classpath resource config/password_file.conf
18:38:17.330 [main] INFO  io.moquette.broker.config.ClasspathResourceLoader - Loading resource. RelativePath = config/password_file.conf.
18:38:17.346 [main] INFO  io.moquette.broker.Server - An io.moquette.broker.security.ResourceAuthenticator authenticator instance will be used
18:38:17.346 [main] INFO  io.moquette.broker.Server - Parsing ACL file. Path = config/acl.conf
18:38:17.346 [main] INFO  io.moquette.broker.config.ClasspathResourceLoader - Loading resource. RelativePath = config/acl.conf.
18:38:17.346 [main] INFO  io.moquette.broker.Server - Authorizator policy io.moquette.broker.security.AuthorizationsCollector instance will be used
18:38:17.346 [main] INFO  io.moquette.broker.subscriptions.CTrieSubscriptionDirectory - Initializing CTrie
18:38:17.346 [main] INFO  io.moquette.broker.subscriptions.CTrieSubscriptionDirectory - Initializing subscriptions store...
18:38:17.377 [main] INFO  io.moquette.broker.NewNettyAcceptor - Netty is using NIO
18:38:19.330 [main] INFO  io.moquette.broker.NewNettyAcceptor - Server bound to host=0.0.0.0, port=6666, protocol=TCP MQTT
18:38:19.345 [main] INFO  io.moquette.broker.NewNettyAcceptor - Server bound to host=0.0.0.0, port=8000, protocol=Websocket MQTT
18:38:19.345 [main] INFO  io.moquette.broker.Server - Moquette integration has been started successfully in 2015 ms
18:38:24.485 [nioEventLoopGroup-3-1] INFO  io.moquette.broker.metrics.MQTTMessageLogger - C->B CONNECT <null>
18:38:24.500 [nioEventLoopGroup-3-1] INFO  io.moquette.broker.metrics.MQTTMessageLogger - C->B SUBSCRIBE <center> to topics [MqttTopicSubscription[topicFilter=sync/node, qualityOfService=AT_LEAST_ONCE]]
18:38:24.516 [nioEventLoopGroup-3-1] INFO  io.moquette.broker.metrics.MQTTMessageLogger - C<-B SUBACK <center> packetID <1>, grantedQoses [1]
18:38:32.546 [nioEventLoopGroup-3-2] INFO  io.moquette.broker.metrics.MQTTMessageLogger - C->B CONNECT <null>
18:38:32.561 [nioEventLoopGroup-3-2] INFO  io.moquette.broker.metrics.MQTTMessageLogger - C->B SUBSCRIBE <node> to topics [MqttTopicSubscription[topicFilter=sync/center, qualityOfService=AT_LEAST_ONCE]]
18:38:32.561 [nioEventLoopGroup-3-2] INFO  io.moquette.broker.metrics.MQTTMessageLogger - C<-B SUBACK <node> packetID <1>, grantedQoses [1]
18:38:32.561 [main] INFO  org.apache.coyote.http11.Http11NioProtocol - Starting ProtocolHandler ["http-nio-8081"]
18:38:32.592 [main] INFO  org.springframework.boot.web.embedded.tomcat.TomcatWebServer - Tomcat started on port(s): 8081 (http) with context path ''
18:38:32.592 [main] INFO  com.ntu.datasync.DatasyncApplication - Started DatasyncApplication in 19.996 seconds (JVM running for 22.932)
