18:30:55.537 [center] DEBUG com.ntu.datasync.mapper.DataSynchroMapper.querySyncData - ==>  Preparing: select * from data_synchro where 1=1 and (SA1_STATUS = '1' or SA1_STATUS = '9') and (SD1_NUM < 5 or SD1_NUM is null) 
18:30:55.568 [center] DEBUG com.ntu.datasync.mapper.DataSynchroMapper.querySyncData - ==> Parameters: 
18:30:55.615 [center] DEBUG com.ntu.datasync.mapper.DataSynchroMapper.querySyncData - <==      Total: 0
18:30:59.552 [node] DEBUG com.ntu.datasync.mapper.DataSynchroMapper.querySyncData - ==>  Preparing: select * from data_synchro where 1=1 and (SA1_STATUS = '1' or SA1_STATUS = '9') and (SD1_NUM < 5 or SD1_NUM is null) 
18:30:59.552 [node] DEBUG com.ntu.datasync.mapper.DataSynchroMapper.querySyncData - ==> Parameters: 
18:30:59.583 [node] DEBUG com.ntu.datasync.mapper.DataSynchroMapper.querySyncData - <==      Total: 0
18:31:00.645 [center] DEBUG com.ntu.datasync.mapper.DataSynchroMapper.querySyncData - ==>  Preparing: select * from data_synchro where 1=1 and (SA1_STATUS = '1' or SA1_STATUS = '9') and (SD1_NUM < 5 or SD1_NUM is null) 
18:31:00.645 [center] DEBUG com.ntu.datasync.mapper.DataSynchroMapper.querySyncData - ==> Parameters: 
18:31:00.661 [center] DEBUG com.ntu.datasync.mapper.DataSynchroMapper.querySyncData - <==      Total: 0
18:31:04.597 [node] DEBUG com.ntu.datasync.mapper.DataSynchroMapper.querySyncData - ==>  Preparing: select * from data_synchro where 1=1 and (SA1_STATUS = '1' or SA1_STATUS = '9') and (SD1_NUM < 5 or SD1_NUM is null) 
18:31:04.597 [node] DEBUG com.ntu.datasync.mapper.DataSynchroMapper.querySyncData - ==> Parameters: 
18:31:04.597 [node] DEBUG com.ntu.datasync.mapper.DataSynchroMapper.querySyncData - <==      Total: 0
18:31:05.691 [center] DEBUG com.ntu.datasync.mapper.DataSynchroMapper.querySyncData - ==>  Preparing: select * from data_synchro where 1=1 and (SA1_STATUS = '1' or SA1_STATUS = '9') and (SD1_NUM < 5 or SD1_NUM is null) 
18:31:05.691 [center] DEBUG com.ntu.datasync.mapper.DataSynchroMapper.querySyncData - ==> Parameters: 
18:31:05.707 [center] DEBUG com.ntu.datasync.mapper.DataSynchroMapper.querySyncData - <==      Total: 0
18:31:09.612 [node] DEBUG com.ntu.datasync.mapper.DataSynchroMapper.querySyncData - ==>  Preparing: select * from data_synchro where 1=1 and (SA1_STATUS = '1' or SA1_STATUS = '9') and (SD1_NUM < 5 or SD1_NUM is null) 
18:31:09.612 [node] DEBUG com.ntu.datasync.mapper.DataSynchroMapper.querySyncData - ==> Parameters: 
18:31:09.612 [node] DEBUG com.ntu.datasync.mapper.DataSynchroMapper.querySyncData - <==      Total: 0
18:31:10.736 [center] DEBUG com.ntu.datasync.mapper.DataSynchroMapper.querySyncData - ==>  Preparing: select * from data_synchro where 1=1 and (SA1_STATUS = '1' or SA1_STATUS = '9') and (SD1_NUM < 5 or SD1_NUM is null) 
18:31:10.736 [center] DEBUG com.ntu.datasync.mapper.DataSynchroMapper.querySyncData - ==> Parameters: 
18:31:10.752 [center] DEBUG com.ntu.datasync.mapper.DataSynchroMapper.querySyncData - <==      Total: 0
18:31:14.626 [node] DEBUG com.ntu.datasync.mapper.DataSynchroMapper.querySyncData - ==>  Preparing: select * from data_synchro where 1=1 and (SA1_STATUS = '1' or SA1_STATUS = '9') and (SD1_NUM < 5 or SD1_NUM is null) 
18:31:14.626 [node] DEBUG com.ntu.datasync.mapper.DataSynchroMapper.querySyncData - ==> Parameters: 
18:31:14.626 [node] DEBUG com.ntu.datasync.mapper.DataSynchroMapper.querySyncData - <==      Total: 0
18:31:15.768 [center] DEBUG com.ntu.datasync.mapper.DataSynchroMapper.querySyncData - ==>  Preparing: select * from data_synchro where 1=1 and (SA1_STATUS = '1' or SA1_STATUS = '9') and (SD1_NUM < 5 or SD1_NUM is null) 
18:31:15.768 [center] DEBUG com.ntu.datasync.mapper.DataSynchroMapper.querySyncData - ==> Parameters: 
18:31:15.784 [center] DEBUG com.ntu.datasync.mapper.DataSynchroMapper.querySyncData - <==      Total: 0
18:31:19.626 [node] DEBUG com.ntu.datasync.mapper.DataSynchroMapper.querySyncData - ==>  Preparing: select * from data_synchro where 1=1 and (SA1_STATUS = '1' or SA1_STATUS = '9') and (SD1_NUM < 5 or SD1_NUM is null) 
18:31:19.626 [node] DEBUG com.ntu.datasync.mapper.DataSynchroMapper.querySyncData - ==> Parameters: 
18:31:19.626 [node] DEBUG com.ntu.datasync.mapper.DataSynchroMapper.querySyncData - <==      Total: 0
18:31:20.814 [center] DEBUG com.ntu.datasync.mapper.DataSynchroMapper.querySyncData - ==>  Preparing: select * from data_synchro where 1=1 and (SA1_STATUS = '1' or SA1_STATUS = '9') and (SD1_NUM < 5 or SD1_NUM is null) 
18:31:20.814 [center] DEBUG com.ntu.datasync.mapper.DataSynchroMapper.querySyncData - ==> Parameters: 
18:31:20.845 [center] DEBUG com.ntu.datasync.mapper.DataSynchroMapper.querySyncData - <==      Total: 0
18:31:24.641 [node] DEBUG com.ntu.datasync.mapper.DataSynchroMapper.querySyncData - ==>  Preparing: select * from data_synchro where 1=1 and (SA1_STATUS = '1' or SA1_STATUS = '9') and (SD1_NUM < 5 or SD1_NUM is null) 
18:31:24.641 [node] DEBUG com.ntu.datasync.mapper.DataSynchroMapper.querySyncData - ==> Parameters: 
18:31:24.641 [node] DEBUG com.ntu.datasync.mapper.DataSynchroMapper.querySyncData - <==      Total: 0
18:31:25.875 [center] DEBUG com.ntu.datasync.mapper.DataSynchroMapper.querySyncData - ==>  Preparing: select * from data_synchro where 1=1 and (SA1_STATUS = '1' or SA1_STATUS = '9') and (SD1_NUM < 5 or SD1_NUM is null) 
18:31:25.875 [center] DEBUG com.ntu.datasync.mapper.DataSynchroMapper.querySyncData - ==> Parameters: 
18:31:25.906 [center] DEBUG com.ntu.datasync.mapper.DataSynchroMapper.querySyncData - <==      Total: 0
18:31:29.655 [node] DEBUG com.ntu.datasync.mapper.DataSynchroMapper.querySyncData - ==>  Preparing: select * from data_synchro where 1=1 and (SA1_STATUS = '1' or SA1_STATUS = '9') and (SD1_NUM < 5 or SD1_NUM is null) 
18:31:29.655 [node] DEBUG com.ntu.datasync.mapper.DataSynchroMapper.querySyncData - ==> Parameters: 
18:31:29.655 [node] DEBUG com.ntu.datasync.mapper.DataSynchroMapper.querySyncData - <==      Total: 0
18:31:30.936 [center] DEBUG com.ntu.datasync.mapper.DataSynchroMapper.querySyncData - ==>  Preparing: select * from data_synchro where 1=1 and (SA1_STATUS = '1' or SA1_STATUS = '9') and (SD1_NUM < 5 or SD1_NUM is null) 
18:31:30.936 [center] DEBUG com.ntu.datasync.mapper.DataSynchroMapper.querySyncData - ==> Parameters: 
18:31:30.967 [center] DEBUG com.ntu.datasync.mapper.DataSynchroMapper.querySyncData - <==      Total: 0
18:31:34.670 [node] DEBUG com.ntu.datasync.mapper.DataSynchroMapper.querySyncData - ==>  Preparing: select * from data_synchro where 1=1 and (SA1_STATUS = '1' or SA1_STATUS = '9') and (SD1_NUM < 5 or SD1_NUM is null) 
18:31:34.670 [node] DEBUG com.ntu.datasync.mapper.DataSynchroMapper.querySyncData - ==> Parameters: 
18:31:34.670 [node] DEBUG com.ntu.datasync.mapper.DataSynchroMapper.querySyncData - <==      Total: 0
18:31:35.984 [center] DEBUG com.ntu.datasync.mapper.DataSynchroMapper.querySyncData - ==>  Preparing: select * from data_synchro where 1=1 and (SA1_STATUS = '1' or SA1_STATUS = '9') and (SD1_NUM < 5 or SD1_NUM is null) 
18:31:35.984 [center] DEBUG com.ntu.datasync.mapper.DataSynchroMapper.querySyncData - ==> Parameters: 
18:31:36.015 [center] DEBUG com.ntu.datasync.mapper.DataSynchroMapper.querySyncData - <==      Total: 0
18:31:39.671 [node] DEBUG com.ntu.datasync.mapper.DataSynchroMapper.querySyncData - ==>  Preparing: select * from data_synchro where 1=1 and (SA1_STATUS = '1' or SA1_STATUS = '9') and (SD1_NUM < 5 or SD1_NUM is null) 
18:31:39.671 [node] DEBUG com.ntu.datasync.mapper.DataSynchroMapper.querySyncData - ==> Parameters: 
18:31:39.671 [node] DEBUG com.ntu.datasync.mapper.DataSynchroMapper.querySyncData - <==      Total: 0
18:31:41.045 [center] DEBUG com.ntu.datasync.mapper.DataSynchroMapper.querySyncData - ==>  Preparing: select * from data_synchro where 1=1 and (SA1_STATUS = '1' or SA1_STATUS = '9') and (SD1_NUM < 5 or SD1_NUM is null) 
18:31:41.045 [center] DEBUG com.ntu.datasync.mapper.DataSynchroMapper.querySyncData - ==> Parameters: 
18:31:41.061 [center] DEBUG com.ntu.datasync.mapper.DataSynchroMapper.querySyncData - <==      Total: 0
18:31:44.685 [node] DEBUG com.ntu.datasync.mapper.DataSynchroMapper.querySyncData - ==>  Preparing: select * from data_synchro where 1=1 and (SA1_STATUS = '1' or SA1_STATUS = '9') and (SD1_NUM < 5 or SD1_NUM is null) 
18:31:44.685 [node] DEBUG com.ntu.datasync.mapper.DataSynchroMapper.querySyncData - ==> Parameters: 
18:31:44.685 [node] DEBUG com.ntu.datasync.mapper.DataSynchroMapper.querySyncData - <==      Total: 0
18:31:46.091 [center] DEBUG com.ntu.datasync.mapper.DataSynchroMapper.querySyncData - ==>  Preparing: select * from data_synchro where 1=1 and (SA1_STATUS = '1' or SA1_STATUS = '9') and (SD1_NUM < 5 or SD1_NUM is null) 
18:31:46.091 [center] DEBUG com.ntu.datasync.mapper.DataSynchroMapper.querySyncData - ==> Parameters: 
18:31:46.107 [center] DEBUG com.ntu.datasync.mapper.DataSynchroMapper.querySyncData - <==      Total: 0
18:31:49.699 [node] DEBUG com.ntu.datasync.mapper.DataSynchroMapper.querySyncData - ==>  Preparing: select * from data_synchro where 1=1 and (SA1_STATUS = '1' or SA1_STATUS = '9') and (SD1_NUM < 5 or SD1_NUM is null) 
18:31:49.699 [node] DEBUG com.ntu.datasync.mapper.DataSynchroMapper.querySyncData - ==> Parameters: 
18:31:49.699 [node] DEBUG com.ntu.datasync.mapper.DataSynchroMapper.querySyncData - <==      Total: 0
18:31:51.137 [center] DEBUG com.ntu.datasync.mapper.DataSynchroMapper.querySyncData - ==>  Preparing: select * from data_synchro where 1=1 and (SA1_STATUS = '1' or SA1_STATUS = '9') and (SD1_NUM < 5 or SD1_NUM is null) 
18:31:51.137 [center] DEBUG com.ntu.datasync.mapper.DataSynchroMapper.querySyncData - ==> Parameters: 
18:31:51.168 [center] DEBUG com.ntu.datasync.mapper.DataSynchroMapper.querySyncData - <==      Total: 0
18:31:54.714 [node] DEBUG com.ntu.datasync.mapper.DataSynchroMapper.querySyncData - ==>  Preparing: select * from data_synchro where 1=1 and (SA1_STATUS = '1' or SA1_STATUS = '9') and (SD1_NUM < 5 or SD1_NUM is null) 
18:31:54.714 [node] DEBUG com.ntu.datasync.mapper.DataSynchroMapper.querySyncData - ==> Parameters: 
18:31:54.714 [node] DEBUG com.ntu.datasync.mapper.DataSynchroMapper.querySyncData - <==      Total: 0
18:31:56.198 [center] DEBUG com.ntu.datasync.mapper.DataSynchroMapper.querySyncData - ==>  Preparing: select * from data_synchro where 1=1 and (SA1_STATUS = '1' or SA1_STATUS = '9') and (SD1_NUM < 5 or SD1_NUM is null) 
18:31:56.198 [center] DEBUG com.ntu.datasync.mapper.DataSynchroMapper.querySyncData - ==> Parameters: 
18:31:56.213 [center] DEBUG com.ntu.datasync.mapper.DataSynchroMapper.querySyncData - <==      Total: 0
18:31:59.728 [node] DEBUG com.ntu.datasync.mapper.DataSynchroMapper.querySyncData - ==>  Preparing: select * from data_synchro where 1=1 and (SA1_STATUS = '1' or SA1_STATUS = '9') and (SD1_NUM < 5 or SD1_NUM is null) 
18:31:59.728 [node] DEBUG com.ntu.datasync.mapper.DataSynchroMapper.querySyncData - ==> Parameters: 
18:31:59.728 [node] DEBUG com.ntu.datasync.mapper.DataSynchroMapper.querySyncData - <==      Total: 0
18:32:01.244 [center] DEBUG com.ntu.datasync.mapper.DataSynchroMapper.querySyncData - ==>  Preparing: select * from data_synchro where 1=1 and (SA1_STATUS = '1' or SA1_STATUS = '9') and (SD1_NUM < 5 or SD1_NUM is null) 
18:32:01.244 [center] DEBUG com.ntu.datasync.mapper.DataSynchroMapper.querySyncData - ==> Parameters: 
18:32:01.259 [center] DEBUG com.ntu.datasync.mapper.DataSynchroMapper.querySyncData - <==      Total: 0
18:32:04.743 [node] DEBUG com.ntu.datasync.mapper.DataSynchroMapper.querySyncData - ==>  Preparing: select * from data_synchro where 1=1 and (SA1_STATUS = '1' or SA1_STATUS = '9') and (SD1_NUM < 5 or SD1_NUM is null) 
18:32:04.743 [node] DEBUG com.ntu.datasync.mapper.DataSynchroMapper.querySyncData - ==> Parameters: 
18:32:04.743 [node] DEBUG com.ntu.datasync.mapper.DataSynchroMapper.querySyncData - <==      Total: 0
18:32:06.289 [center] DEBUG com.ntu.datasync.mapper.DataSynchroMapper.querySyncData - ==>  Preparing: select * from data_synchro where 1=1 and (SA1_STATUS = '1' or SA1_STATUS = '9') and (SD1_NUM < 5 or SD1_NUM is null) 
18:32:06.289 [center] DEBUG com.ntu.datasync.mapper.DataSynchroMapper.querySyncData - ==> Parameters: 
18:32:06.320 [center] DEBUG com.ntu.datasync.mapper.DataSynchroMapper.querySyncData - <==      Total: 0
18:32:09.745 [node] DEBUG com.ntu.datasync.mapper.DataSynchroMapper.querySyncData - ==>  Preparing: select * from data_synchro where 1=1 and (SA1_STATUS = '1' or SA1_STATUS = '9') and (SD1_NUM < 5 or SD1_NUM is null) 
18:32:09.745 [node] DEBUG com.ntu.datasync.mapper.DataSynchroMapper.querySyncData - ==> Parameters: 
18:32:09.745 [node] DEBUG com.ntu.datasync.mapper.DataSynchroMapper.querySyncData - <==      Total: 0
18:32:11.338 [center] DEBUG com.ntu.datasync.mapper.DataSynchroMapper.querySyncData - ==>  Preparing: select * from data_synchro where 1=1 and (SA1_STATUS = '1' or SA1_STATUS = '9') and (SD1_NUM < 5 or SD1_NUM is null) 
18:32:11.338 [center] DEBUG com.ntu.datasync.mapper.DataSynchroMapper.querySyncData - ==> Parameters: 
18:32:11.370 [center] DEBUG com.ntu.datasync.mapper.DataSynchroMapper.querySyncData - <==      Total: 0
18:32:14.759 [node] DEBUG com.ntu.datasync.mapper.DataSynchroMapper.querySyncData - ==>  Preparing: select * from data_synchro where 1=1 and (SA1_STATUS = '1' or SA1_STATUS = '9') and (SD1_NUM < 5 or SD1_NUM is null) 
18:32:14.759 [node] DEBUG com.ntu.datasync.mapper.DataSynchroMapper.querySyncData - ==> Parameters: 
18:32:14.759 [node] DEBUG com.ntu.datasync.mapper.DataSynchroMapper.querySyncData - <==      Total: 0
18:32:16.386 [center] DEBUG com.ntu.datasync.mapper.DataSynchroMapper.querySyncData - ==>  Preparing: select * from data_synchro where 1=1 and (SA1_STATUS = '1' or SA1_STATUS = '9') and (SD1_NUM < 5 or SD1_NUM is null) 
18:32:16.386 [center] DEBUG com.ntu.datasync.mapper.DataSynchroMapper.querySyncData - ==> Parameters: 
18:32:16.401 [center] DEBUG com.ntu.datasync.mapper.DataSynchroMapper.querySyncData - <==      Total: 0
18:32:19.760 [node] DEBUG com.ntu.datasync.mapper.DataSynchroMapper.querySyncData - ==>  Preparing: select * from data_synchro where 1=1 and (SA1_STATUS = '1' or SA1_STATUS = '9') and (SD1_NUM < 5 or SD1_NUM is null) 
18:32:19.760 [node] DEBUG com.ntu.datasync.mapper.DataSynchroMapper.querySyncData - ==> Parameters: 
18:32:19.760 [node] DEBUG com.ntu.datasync.mapper.DataSynchroMapper.querySyncData - <==      Total: 0
18:32:21.431 [center] DEBUG com.ntu.datasync.mapper.DataSynchroMapper.querySyncData - ==>  Preparing: select * from data_synchro where 1=1 and (SA1_STATUS = '1' or SA1_STATUS = '9') and (SD1_NUM < 5 or SD1_NUM is null) 
18:32:21.431 [center] DEBUG com.ntu.datasync.mapper.DataSynchroMapper.querySyncData - ==> Parameters: 
18:32:21.462 [center] DEBUG com.ntu.datasync.mapper.DataSynchroMapper.querySyncData - <==      Total: 0
18:32:24.774 [node] DEBUG com.ntu.datasync.mapper.DataSynchroMapper.querySyncData - ==>  Preparing: select * from data_synchro where 1=1 and (SA1_STATUS = '1' or SA1_STATUS = '9') and (SD1_NUM < 5 or SD1_NUM is null) 
18:32:24.774 [node] DEBUG com.ntu.datasync.mapper.DataSynchroMapper.querySyncData - ==> Parameters: 
18:32:24.774 [node] DEBUG com.ntu.datasync.mapper.DataSynchroMapper.querySyncData - <==      Total: 0
18:32:26.493 [center] DEBUG com.ntu.datasync.mapper.DataSynchroMapper.querySyncData - ==>  Preparing: select * from data_synchro where 1=1 and (SA1_STATUS = '1' or SA1_STATUS = '9') and (SD1_NUM < 5 or SD1_NUM is null) 
18:32:26.493 [center] DEBUG com.ntu.datasync.mapper.DataSynchroMapper.querySyncData - ==> Parameters: 
18:32:26.508 [center] DEBUG com.ntu.datasync.mapper.DataSynchroMapper.querySyncData - <==      Total: 0
18:32:29.789 [node] DEBUG com.ntu.datasync.mapper.DataSynchroMapper.querySyncData - ==>  Preparing: select * from data_synchro where 1=1 and (SA1_STATUS = '1' or SA1_STATUS = '9') and (SD1_NUM < 5 or SD1_NUM is null) 
18:32:29.789 [node] DEBUG com.ntu.datasync.mapper.DataSynchroMapper.querySyncData - ==> Parameters: 
18:32:29.789 [node] DEBUG com.ntu.datasync.mapper.DataSynchroMapper.querySyncData - <==      Total: 0
18:32:31.538 [center] DEBUG com.ntu.datasync.mapper.DataSynchroMapper.querySyncData - ==>  Preparing: select * from data_synchro where 1=1 and (SA1_STATUS = '1' or SA1_STATUS = '9') and (SD1_NUM < 5 or SD1_NUM is null) 
18:32:31.538 [center] DEBUG com.ntu.datasync.mapper.DataSynchroMapper.querySyncData - ==> Parameters: 
18:32:31.554 [center] DEBUG com.ntu.datasync.mapper.DataSynchroMapper.querySyncData - <==      Total: 0
18:32:34.803 [node] DEBUG com.ntu.datasync.mapper.DataSynchroMapper.querySyncData - ==>  Preparing: select * from data_synchro where 1=1 and (SA1_STATUS = '1' or SA1_STATUS = '9') and (SD1_NUM < 5 or SD1_NUM is null) 
18:32:34.803 [node] DEBUG com.ntu.datasync.mapper.DataSynchroMapper.querySyncData - ==> Parameters: 
18:32:34.803 [node] DEBUG com.ntu.datasync.mapper.DataSynchroMapper.querySyncData - <==      Total: 0
18:32:36.584 [center] DEBUG com.ntu.datasync.mapper.DataSynchroMapper.querySyncData - ==>  Preparing: select * from data_synchro where 1=1 and (SA1_STATUS = '1' or SA1_STATUS = '9') and (SD1_NUM < 5 or SD1_NUM is null) 
18:32:36.584 [center] DEBUG com.ntu.datasync.mapper.DataSynchroMapper.querySyncData - ==> Parameters: 
18:32:36.600 [center] DEBUG com.ntu.datasync.mapper.DataSynchroMapper.querySyncData - <==      Total: 0
18:32:39.818 [node] DEBUG com.ntu.datasync.mapper.DataSynchroMapper.querySyncData - ==>  Preparing: select * from data_synchro where 1=1 and (SA1_STATUS = '1' or SA1_STATUS = '9') and (SD1_NUM < 5 or SD1_NUM is null) 
18:32:39.818 [node] DEBUG com.ntu.datasync.mapper.DataSynchroMapper.querySyncData - ==> Parameters: 
18:32:39.818 [node] DEBUG com.ntu.datasync.mapper.DataSynchroMapper.querySyncData - <==      Total: 0
18:32:41.630 [center] DEBUG com.ntu.datasync.mapper.DataSynchroMapper.querySyncData - ==>  Preparing: select * from data_synchro where 1=1 and (SA1_STATUS = '1' or SA1_STATUS = '9') and (SD1_NUM < 5 or SD1_NUM is null) 
18:32:41.630 [center] DEBUG com.ntu.datasync.mapper.DataSynchroMapper.querySyncData - ==> Parameters: 
18:32:41.661 [center] DEBUG com.ntu.datasync.mapper.DataSynchroMapper.querySyncData - <==      Total: 0
18:32:44.832 [node] DEBUG com.ntu.datasync.mapper.DataSynchroMapper.querySyncData - ==>  Preparing: select * from data_synchro where 1=1 and (SA1_STATUS = '1' or SA1_STATUS = '9') and (SD1_NUM < 5 or SD1_NUM is null) 
18:32:44.832 [node] DEBUG com.ntu.datasync.mapper.DataSynchroMapper.querySyncData - ==> Parameters: 
18:32:44.832 [node] DEBUG com.ntu.datasync.mapper.DataSynchroMapper.querySyncData - <==      Total: 0
18:32:46.691 [center] DEBUG com.ntu.datasync.mapper.DataSynchroMapper.querySyncData - ==>  Preparing: select * from data_synchro where 1=1 and (SA1_STATUS = '1' or SA1_STATUS = '9') and (SD1_NUM < 5 or SD1_NUM is null) 
18:32:46.691 [center] DEBUG com.ntu.datasync.mapper.DataSynchroMapper.querySyncData - ==> Parameters: 
18:32:46.722 [center] DEBUG com.ntu.datasync.mapper.DataSynchroMapper.querySyncData - <==      Total: 0
18:32:49.846 [node] DEBUG com.ntu.datasync.mapper.DataSynchroMapper.querySyncData - ==>  Preparing: select * from data_synchro where 1=1 and (SA1_STATUS = '1' or SA1_STATUS = '9') and (SD1_NUM < 5 or SD1_NUM is null) 
18:32:49.846 [node] DEBUG com.ntu.datasync.mapper.DataSynchroMapper.querySyncData - ==> Parameters: 
18:32:49.846 [node] DEBUG com.ntu.datasync.mapper.DataSynchroMapper.querySyncData - <==      Total: 0
18:32:51.752 [center] DEBUG com.ntu.datasync.mapper.DataSynchroMapper.querySyncData - ==>  Preparing: select * from data_synchro where 1=1 and (SA1_STATUS = '1' or SA1_STATUS = '9') and (SD1_NUM < 5 or SD1_NUM is null) 
18:32:51.752 [center] DEBUG com.ntu.datasync.mapper.DataSynchroMapper.querySyncData - ==> Parameters: 
18:32:51.784 [center] DEBUG com.ntu.datasync.mapper.DataSynchroMapper.querySyncData - <==      Total: 0
18:32:54.861 [node] DEBUG com.ntu.datasync.mapper.DataSynchroMapper.querySyncData - ==>  Preparing: select * from data_synchro where 1=1 and (SA1_STATUS = '1' or SA1_STATUS = '9') and (SD1_NUM < 5 or SD1_NUM is null) 
18:32:54.861 [node] DEBUG com.ntu.datasync.mapper.DataSynchroMapper.querySyncData - ==> Parameters: 
18:32:54.861 [node] DEBUG com.ntu.datasync.mapper.DataSynchroMapper.querySyncData - <==      Total: 0
18:32:56.813 [center] DEBUG com.ntu.datasync.mapper.DataSynchroMapper.querySyncData - ==>  Preparing: select * from data_synchro where 1=1 and (SA1_STATUS = '1' or SA1_STATUS = '9') and (SD1_NUM < 5 or SD1_NUM is null) 
18:32:56.813 [center] DEBUG com.ntu.datasync.mapper.DataSynchroMapper.querySyncData - ==> Parameters: 
18:32:56.829 [center] DEBUG com.ntu.datasync.mapper.DataSynchroMapper.querySyncData - <==      Total: 0
18:32:59.875 [node] DEBUG com.ntu.datasync.mapper.DataSynchroMapper.querySyncData - ==>  Preparing: select * from data_synchro where 1=1 and (SA1_STATUS = '1' or SA1_STATUS = '9') and (SD1_NUM < 5 or SD1_NUM is null) 
18:32:59.875 [node] DEBUG com.ntu.datasync.mapper.DataSynchroMapper.querySyncData - ==> Parameters: 
18:32:59.875 [node] DEBUG com.ntu.datasync.mapper.DataSynchroMapper.querySyncData - <==      Total: 0
18:33:01.859 [center] DEBUG com.ntu.datasync.mapper.DataSynchroMapper.querySyncData - ==>  Preparing: select * from data_synchro where 1=1 and (SA1_STATUS = '1' or SA1_STATUS = '9') and (SD1_NUM < 5 or SD1_NUM is null) 
18:33:01.859 [center] DEBUG com.ntu.datasync.mapper.DataSynchroMapper.querySyncData - ==> Parameters: 
18:33:01.891 [center] DEBUG com.ntu.datasync.mapper.DataSynchroMapper.querySyncData - <==      Total: 0
18:38:33.670 [center] DEBUG com.ntu.datasync.mapper.DataSynchroMapper.querySyncData - ==>  Preparing: select * from data_synchro where 1=1 and (SA1_STATUS = '1' or SA1_STATUS = '9') and (SD1_NUM < 5 or SD1_NUM is null) 
18:38:33.701 [center] DEBUG com.ntu.datasync.mapper.DataSynchroMapper.querySyncData - ==> Parameters: 
18:38:33.733 [center] DEBUG com.ntu.datasync.mapper.DataSynchroMapper.querySyncData - <==      Total: 0
18:38:37.658 [node] DEBUG com.ntu.datasync.mapper.DataSynchroMapper.querySyncData - ==>  Preparing: select * from data_synchro where 1=1 and (SA1_STATUS = '1' or SA1_STATUS = '9') and (SD1_NUM < 5 or SD1_NUM is null) 
18:38:37.658 [node] DEBUG com.ntu.datasync.mapper.DataSynchroMapper.querySyncData - ==> Parameters: 
18:38:37.658 [node] DEBUG com.ntu.datasync.mapper.DataSynchroMapper.querySyncData - <==      Total: 0
18:38:38.752 [center] DEBUG com.ntu.datasync.mapper.DataSynchroMapper.querySyncData - ==>  Preparing: select * from data_synchro where 1=1 and (SA1_STATUS = '1' or SA1_STATUS = '9') and (SD1_NUM < 5 or SD1_NUM is null) 
18:38:38.752 [center] DEBUG com.ntu.datasync.mapper.DataSynchroMapper.querySyncData - ==> Parameters: 
18:38:38.768 [center] DEBUG com.ntu.datasync.mapper.DataSynchroMapper.querySyncData - <==      Total: 0
18:38:42.673 [node] DEBUG com.ntu.datasync.mapper.DataSynchroMapper.querySyncData - ==>  Preparing: select * from data_synchro where 1=1 and (SA1_STATUS = '1' or SA1_STATUS = '9') and (SD1_NUM < 5 or SD1_NUM is null) 
18:38:42.673 [node] DEBUG com.ntu.datasync.mapper.DataSynchroMapper.querySyncData - ==> Parameters: 
18:38:42.673 [node] DEBUG com.ntu.datasync.mapper.DataSynchroMapper.querySyncData - <==      Total: 0
18:38:43.798 [center] DEBUG com.ntu.datasync.mapper.DataSynchroMapper.querySyncData - ==>  Preparing: select * from data_synchro where 1=1 and (SA1_STATUS = '1' or SA1_STATUS = '9') and (SD1_NUM < 5 or SD1_NUM is null) 
18:38:43.798 [center] DEBUG com.ntu.datasync.mapper.DataSynchroMapper.querySyncData - ==> Parameters: 
18:38:43.813 [center] DEBUG com.ntu.datasync.mapper.DataSynchroMapper.querySyncData - <==      Total: 0
18:38:47.687 [node] DEBUG com.ntu.datasync.mapper.DataSynchroMapper.querySyncData - ==>  Preparing: select * from data_synchro where 1=1 and (SA1_STATUS = '1' or SA1_STATUS = '9') and (SD1_NUM < 5 or SD1_NUM is null) 
18:38:47.687 [node] DEBUG com.ntu.datasync.mapper.DataSynchroMapper.querySyncData - ==> Parameters: 
18:38:47.687 [node] DEBUG com.ntu.datasync.mapper.DataSynchroMapper.querySyncData - <==      Total: 0
18:38:48.844 [center] DEBUG com.ntu.datasync.mapper.DataSynchroMapper.querySyncData - ==>  Preparing: select * from data_synchro where 1=1 and (SA1_STATUS = '1' or SA1_STATUS = '9') and (SD1_NUM < 5 or SD1_NUM is null) 
18:38:48.844 [center] DEBUG com.ntu.datasync.mapper.DataSynchroMapper.querySyncData - ==> Parameters: 
18:38:48.859 [center] DEBUG com.ntu.datasync.mapper.DataSynchroMapper.querySyncData - <==      Total: 0
18:38:52.702 [node] DEBUG com.ntu.datasync.mapper.DataSynchroMapper.querySyncData - ==>  Preparing: select * from data_synchro where 1=1 and (SA1_STATUS = '1' or SA1_STATUS = '9') and (SD1_NUM < 5 or SD1_NUM is null) 
18:38:52.702 [node] DEBUG com.ntu.datasync.mapper.DataSynchroMapper.querySyncData - ==> Parameters: 
18:38:52.702 [node] DEBUG com.ntu.datasync.mapper.DataSynchroMapper.querySyncData - <==      Total: 0
18:38:53.889 [center] DEBUG com.ntu.datasync.mapper.DataSynchroMapper.querySyncData - ==>  Preparing: select * from data_synchro where 1=1 and (SA1_STATUS = '1' or SA1_STATUS = '9') and (SD1_NUM < 5 or SD1_NUM is null) 
18:38:53.889 [center] DEBUG com.ntu.datasync.mapper.DataSynchroMapper.querySyncData - ==> Parameters: 
18:38:53.905 [center] DEBUG com.ntu.datasync.mapper.DataSynchroMapper.querySyncData - <==      Total: 0
18:38:57.716 [node] DEBUG com.ntu.datasync.mapper.DataSynchroMapper.querySyncData - ==>  Preparing: select * from data_synchro where 1=1 and (SA1_STATUS = '1' or SA1_STATUS = '9') and (SD1_NUM < 5 or SD1_NUM is null) 
18:38:57.716 [node] DEBUG com.ntu.datasync.mapper.DataSynchroMapper.querySyncData - ==> Parameters: 
18:38:57.716 [node] DEBUG com.ntu.datasync.mapper.DataSynchroMapper.querySyncData - <==      Total: 0
18:38:58.935 [center] DEBUG com.ntu.datasync.mapper.DataSynchroMapper.querySyncData - ==>  Preparing: select * from data_synchro where 1=1 and (SA1_STATUS = '1' or SA1_STATUS = '9') and (SD1_NUM < 5 or SD1_NUM is null) 
18:38:58.935 [center] DEBUG com.ntu.datasync.mapper.DataSynchroMapper.querySyncData - ==> Parameters: 
18:38:58.950 [center] DEBUG com.ntu.datasync.mapper.DataSynchroMapper.querySyncData - <==      Total: 0
18:39:02.731 [node] DEBUG com.ntu.datasync.mapper.DataSynchroMapper.querySyncData - ==>  Preparing: select * from data_synchro where 1=1 and (SA1_STATUS = '1' or SA1_STATUS = '9') and (SD1_NUM < 5 or SD1_NUM is null) 
18:39:02.731 [node] DEBUG com.ntu.datasync.mapper.DataSynchroMapper.querySyncData - ==> Parameters: 
18:39:02.731 [node] DEBUG com.ntu.datasync.mapper.DataSynchroMapper.querySyncData - <==      Total: 0
18:39:03.981 [center] DEBUG com.ntu.datasync.mapper.DataSynchroMapper.querySyncData - ==>  Preparing: select * from data_synchro where 1=1 and (SA1_STATUS = '1' or SA1_STATUS = '9') and (SD1_NUM < 5 or SD1_NUM is null) 
18:39:03.981 [center] DEBUG com.ntu.datasync.mapper.DataSynchroMapper.querySyncData - ==> Parameters: 
18:39:03.996 [center] DEBUG com.ntu.datasync.mapper.DataSynchroMapper.querySyncData - <==      Total: 0
18:39:07.745 [node] DEBUG com.ntu.datasync.mapper.DataSynchroMapper.querySyncData - ==>  Preparing: select * from data_synchro where 1=1 and (SA1_STATUS = '1' or SA1_STATUS = '9') and (SD1_NUM < 5 or SD1_NUM is null) 
18:39:07.745 [node] DEBUG com.ntu.datasync.mapper.DataSynchroMapper.querySyncData - ==> Parameters: 
18:39:07.745 [node] DEBUG com.ntu.datasync.mapper.DataSynchroMapper.querySyncData - <==      Total: 0
18:39:09.026 [center] DEBUG com.ntu.datasync.mapper.DataSynchroMapper.querySyncData - ==>  Preparing: select * from data_synchro where 1=1 and (SA1_STATUS = '1' or SA1_STATUS = '9') and (SD1_NUM < 5 or SD1_NUM is null) 
18:39:09.026 [center] DEBUG com.ntu.datasync.mapper.DataSynchroMapper.querySyncData - ==> Parameters: 
18:39:09.042 [center] DEBUG com.ntu.datasync.mapper.DataSynchroMapper.querySyncData - <==      Total: 0
18:39:12.760 [node] DEBUG com.ntu.datasync.mapper.DataSynchroMapper.querySyncData - ==>  Preparing: select * from data_synchro where 1=1 and (SA1_STATUS = '1' or SA1_STATUS = '9') and (SD1_NUM < 5 or SD1_NUM is null) 
18:39:12.760 [node] DEBUG com.ntu.datasync.mapper.DataSynchroMapper.querySyncData - ==> Parameters: 
18:39:12.760 [node] DEBUG com.ntu.datasync.mapper.DataSynchroMapper.querySyncData - <==      Total: 0
18:39:14.082 [center] DEBUG com.ntu.datasync.mapper.DataSynchroMapper.querySyncData - ==>  Preparing: select * from data_synchro where 1=1 and (SA1_STATUS = '1' or SA1_STATUS = '9') and (SD1_NUM < 5 or SD1_NUM is null) 
18:39:14.082 [center] DEBUG com.ntu.datasync.mapper.DataSynchroMapper.querySyncData - ==> Parameters: 
18:39:14.098 [center] DEBUG com.ntu.datasync.mapper.DataSynchroMapper.querySyncData - <==      Total: 0
18:39:17.786 [node] DEBUG com.ntu.datasync.mapper.DataSynchroMapper.querySyncData - ==>  Preparing: select * from data_synchro where 1=1 and (SA1_STATUS = '1' or SA1_STATUS = '9') and (SD1_NUM < 5 or SD1_NUM is null) 
18:39:17.786 [node] DEBUG com.ntu.datasync.mapper.DataSynchroMapper.querySyncData - ==> Parameters: 
18:39:17.786 [node] DEBUG com.ntu.datasync.mapper.DataSynchroMapper.querySyncData - <==      Total: 0
18:39:19.114 [center] DEBUG com.ntu.datasync.mapper.DataSynchroMapper.querySyncData - ==>  Preparing: select * from data_synchro where 1=1 and (SA1_STATUS = '1' or SA1_STATUS = '9') and (SD1_NUM < 5 or SD1_NUM is null) 
18:39:19.114 [center] DEBUG com.ntu.datasync.mapper.DataSynchroMapper.querySyncData - ==> Parameters: 
18:39:19.129 [center] DEBUG com.ntu.datasync.mapper.DataSynchroMapper.querySyncData - <==      Total: 0
18:39:22.801 [node] DEBUG com.ntu.datasync.mapper.DataSynchroMapper.querySyncData - ==>  Preparing: select * from data_synchro where 1=1 and (SA1_STATUS = '1' or SA1_STATUS = '9') and (SD1_NUM < 5 or SD1_NUM is null) 
18:39:22.801 [node] DEBUG com.ntu.datasync.mapper.DataSynchroMapper.querySyncData - ==> Parameters: 
18:39:22.801 [node] DEBUG com.ntu.datasync.mapper.DataSynchroMapper.querySyncData - <==      Total: 0
18:39:24.159 [center] DEBUG com.ntu.datasync.mapper.DataSynchroMapper.querySyncData - ==>  Preparing: select * from data_synchro where 1=1 and (SA1_STATUS = '1' or SA1_STATUS = '9') and (SD1_NUM < 5 or SD1_NUM is null) 
18:39:24.159 [center] DEBUG com.ntu.datasync.mapper.DataSynchroMapper.querySyncData - ==> Parameters: 
18:39:24.175 [center] DEBUG com.ntu.datasync.mapper.DataSynchroMapper.querySyncData - <==      Total: 0
18:39:27.815 [node] DEBUG com.ntu.datasync.mapper.DataSynchroMapper.querySyncData - ==>  Preparing: select * from data_synchro where 1=1 and (SA1_STATUS = '1' or SA1_STATUS = '9') and (SD1_NUM < 5 or SD1_NUM is null) 
18:39:27.815 [node] DEBUG com.ntu.datasync.mapper.DataSynchroMapper.querySyncData - ==> Parameters: 
18:39:27.815 [node] DEBUG com.ntu.datasync.mapper.DataSynchroMapper.querySyncData - <==      Total: 0
18:39:29.205 [center] DEBUG com.ntu.datasync.mapper.DataSynchroMapper.querySyncData - ==>  Preparing: select * from data_synchro where 1=1 and (SA1_STATUS = '1' or SA1_STATUS = '9') and (SD1_NUM < 5 or SD1_NUM is null) 
18:39:29.205 [center] DEBUG com.ntu.datasync.mapper.DataSynchroMapper.querySyncData - ==> Parameters: 
18:39:29.221 [center] DEBUG com.ntu.datasync.mapper.DataSynchroMapper.querySyncData - <==      Total: 0
18:39:32.816 [node] DEBUG com.ntu.datasync.mapper.DataSynchroMapper.querySyncData - ==>  Preparing: select * from data_synchro where 1=1 and (SA1_STATUS = '1' or SA1_STATUS = '9') and (SD1_NUM < 5 or SD1_NUM is null) 
18:39:32.816 [node] DEBUG com.ntu.datasync.mapper.DataSynchroMapper.querySyncData - ==> Parameters: 
18:39:32.817 [node] DEBUG com.ntu.datasync.mapper.DataSynchroMapper.querySyncData - <==      Total: 0
18:39:34.239 [center] DEBUG com.ntu.datasync.mapper.DataSynchroMapper.querySyncData - ==>  Preparing: select * from data_synchro where 1=1 and (SA1_STATUS = '1' or SA1_STATUS = '9') and (SD1_NUM < 5 or SD1_NUM is null) 
18:39:34.239 [center] DEBUG com.ntu.datasync.mapper.DataSynchroMapper.querySyncData - ==> Parameters: 
18:39:34.256 [center] DEBUG com.ntu.datasync.mapper.DataSynchroMapper.querySyncData - <==      Total: 0
18:39:37.819 [node] DEBUG com.ntu.datasync.mapper.DataSynchroMapper.querySyncData - ==>  Preparing: select * from data_synchro where 1=1 and (SA1_STATUS = '1' or SA1_STATUS = '9') and (SD1_NUM < 5 or SD1_NUM is null) 
18:39:37.819 [node] DEBUG com.ntu.datasync.mapper.DataSynchroMapper.querySyncData - ==> Parameters: 
18:39:37.820 [node] DEBUG com.ntu.datasync.mapper.DataSynchroMapper.querySyncData - <==      Total: 0
18:39:39.286 [center] DEBUG com.ntu.datasync.mapper.DataSynchroMapper.querySyncData - ==>  Preparing: select * from data_synchro where 1=1 and (SA1_STATUS = '1' or SA1_STATUS = '9') and (SD1_NUM < 5 or SD1_NUM is null) 
18:39:39.286 [center] DEBUG com.ntu.datasync.mapper.DataSynchroMapper.querySyncData - ==> Parameters: 
18:39:39.302 [center] DEBUG com.ntu.datasync.mapper.DataSynchroMapper.querySyncData - <==      Total: 0
18:39:42.821 [node] DEBUG com.ntu.datasync.mapper.DataSynchroMapper.querySyncData - ==>  Preparing: select * from data_synchro where 1=1 and (SA1_STATUS = '1' or SA1_STATUS = '9') and (SD1_NUM < 5 or SD1_NUM is null) 
18:39:42.822 [node] DEBUG com.ntu.datasync.mapper.DataSynchroMapper.querySyncData - ==> Parameters: 
18:39:42.823 [node] DEBUG com.ntu.datasync.mapper.DataSynchroMapper.querySyncData - <==      Total: 0
18:39:44.321 [center] DEBUG com.ntu.datasync.mapper.DataSynchroMapper.querySyncData - ==>  Preparing: select * from data_synchro where 1=1 and (SA1_STATUS = '1' or SA1_STATUS = '9') and (SD1_NUM < 5 or SD1_NUM is null) 
18:39:44.322 [center] DEBUG com.ntu.datasync.mapper.DataSynchroMapper.querySyncData - ==> Parameters: 
18:39:44.341 [center] DEBUG com.ntu.datasync.mapper.DataSynchroMapper.querySyncData - <==      Total: 0
18:39:47.825 [node] DEBUG com.ntu.datasync.mapper.DataSynchroMapper.querySyncData - ==>  Preparing: select * from data_synchro where 1=1 and (SA1_STATUS = '1' or SA1_STATUS = '9') and (SD1_NUM < 5 or SD1_NUM is null) 
18:39:47.825 [node] DEBUG com.ntu.datasync.mapper.DataSynchroMapper.querySyncData - ==> Parameters: 
18:39:47.826 [node] DEBUG com.ntu.datasync.mapper.DataSynchroMapper.querySyncData - <==      Total: 0
18:39:49.358 [center] DEBUG com.ntu.datasync.mapper.DataSynchroMapper.querySyncData - ==>  Preparing: select * from data_synchro where 1=1 and (SA1_STATUS = '1' or SA1_STATUS = '9') and (SD1_NUM < 5 or SD1_NUM is null) 
18:39:49.358 [center] DEBUG com.ntu.datasync.mapper.DataSynchroMapper.querySyncData - ==> Parameters: 
18:39:49.375 [center] DEBUG com.ntu.datasync.mapper.DataSynchroMapper.querySyncData - <==      Total: 0
18:39:52.828 [node] DEBUG com.ntu.datasync.mapper.DataSynchroMapper.querySyncData - ==>  Preparing: select * from data_synchro where 1=1 and (SA1_STATUS = '1' or SA1_STATUS = '9') and (SD1_NUM < 5 or SD1_NUM is null) 
18:39:52.828 [node] DEBUG com.ntu.datasync.mapper.DataSynchroMapper.querySyncData - ==> Parameters: 
18:39:52.829 [node] DEBUG com.ntu.datasync.mapper.DataSynchroMapper.querySyncData - <==      Total: 0
18:39:54.396 [center] DEBUG com.ntu.datasync.mapper.DataSynchroMapper.querySyncData - ==>  Preparing: select * from data_synchro where 1=1 and (SA1_STATUS = '1' or SA1_STATUS = '9') and (SD1_NUM < 5 or SD1_NUM is null) 
18:39:54.396 [center] DEBUG com.ntu.datasync.mapper.DataSynchroMapper.querySyncData - ==> Parameters: 
18:39:54.412 [center] DEBUG com.ntu.datasync.mapper.DataSynchroMapper.querySyncData - <==      Total: 0
18:39:57.836 [node] DEBUG com.ntu.datasync.mapper.DataSynchroMapper.querySyncData - ==>  Preparing: select * from data_synchro where 1=1 and (SA1_STATUS = '1' or SA1_STATUS = '9') and (SD1_NUM < 5 or SD1_NUM is null) 
18:39:57.836 [node] DEBUG com.ntu.datasync.mapper.DataSynchroMapper.querySyncData - ==> Parameters: 
18:39:57.836 [node] DEBUG com.ntu.datasync.mapper.DataSynchroMapper.querySyncData - <==      Total: 0
18:39:59.428 [center] DEBUG com.ntu.datasync.mapper.DataSynchroMapper.querySyncData - ==>  Preparing: select * from data_synchro where 1=1 and (SA1_STATUS = '1' or SA1_STATUS = '9') and (SD1_NUM < 5 or SD1_NUM is null) 
18:39:59.429 [center] DEBUG com.ntu.datasync.mapper.DataSynchroMapper.querySyncData - ==> Parameters: 
18:39:59.444 [center] DEBUG com.ntu.datasync.mapper.DataSynchroMapper.querySyncData - <==      Total: 0
18:40:02.838 [node] DEBUG com.ntu.datasync.mapper.DataSynchroMapper.querySyncData - ==>  Preparing: select * from data_synchro where 1=1 and (SA1_STATUS = '1' or SA1_STATUS = '9') and (SD1_NUM < 5 or SD1_NUM is null) 
18:40:02.838 [node] DEBUG com.ntu.datasync.mapper.DataSynchroMapper.querySyncData - ==> Parameters: 
18:40:02.839 [node] DEBUG com.ntu.datasync.mapper.DataSynchroMapper.querySyncData - <==      Total: 0
18:40:04.460 [center] DEBUG com.ntu.datasync.mapper.DataSynchroMapper.querySyncData - ==>  Preparing: select * from data_synchro where 1=1 and (SA1_STATUS = '1' or SA1_STATUS = '9') and (SD1_NUM < 5 or SD1_NUM is null) 
18:40:04.460 [center] DEBUG com.ntu.datasync.mapper.DataSynchroMapper.querySyncData - ==> Parameters: 
18:40:04.478 [center] DEBUG com.ntu.datasync.mapper.DataSynchroMapper.querySyncData - <==      Total: 0
18:40:07.841 [node] DEBUG com.ntu.datasync.mapper.DataSynchroMapper.querySyncData - ==>  Preparing: select * from data_synchro where 1=1 and (SA1_STATUS = '1' or SA1_STATUS = '9') and (SD1_NUM < 5 or SD1_NUM is null) 
18:40:07.841 [node] DEBUG com.ntu.datasync.mapper.DataSynchroMapper.querySyncData - ==> Parameters: 
18:40:07.842 [node] DEBUG com.ntu.datasync.mapper.DataSynchroMapper.querySyncData - <==      Total: 0
18:40:09.500 [center] DEBUG com.ntu.datasync.mapper.DataSynchroMapper.querySyncData - ==>  Preparing: select * from data_synchro where 1=1 and (SA1_STATUS = '1' or SA1_STATUS = '9') and (SD1_NUM < 5 or SD1_NUM is null) 
18:40:09.500 [center] DEBUG com.ntu.datasync.mapper.DataSynchroMapper.querySyncData - ==> Parameters: 
18:40:09.526 [center] DEBUG com.ntu.datasync.mapper.DataSynchroMapper.querySyncData - <==      Total: 0
18:40:12.852 [node] DEBUG com.ntu.datasync.mapper.DataSynchroMapper.querySyncData - ==>  Preparing: select * from data_synchro where 1=1 and (SA1_STATUS = '1' or SA1_STATUS = '9') and (SD1_NUM < 5 or SD1_NUM is null) 
18:40:12.852 [node] DEBUG com.ntu.datasync.mapper.DataSynchroMapper.querySyncData - ==> Parameters: 
18:40:12.852 [node] DEBUG com.ntu.datasync.mapper.DataSynchroMapper.querySyncData - <==      Total: 0
18:40:14.545 [center] DEBUG com.ntu.datasync.mapper.DataSynchroMapper.querySyncData - ==>  Preparing: select * from data_synchro where 1=1 and (SA1_STATUS = '1' or SA1_STATUS = '9') and (SD1_NUM < 5 or SD1_NUM is null) 
18:40:14.545 [center] DEBUG com.ntu.datasync.mapper.DataSynchroMapper.querySyncData - ==> Parameters: 
18:40:14.561 [center] DEBUG com.ntu.datasync.mapper.DataSynchroMapper.querySyncData - <==      Total: 0
18:40:17.852 [node] DEBUG com.ntu.datasync.mapper.DataSynchroMapper.querySyncData - ==>  Preparing: select * from data_synchro where 1=1 and (SA1_STATUS = '1' or SA1_STATUS = '9') and (SD1_NUM < 5 or SD1_NUM is null) 
18:40:17.853 [node] DEBUG com.ntu.datasync.mapper.DataSynchroMapper.querySyncData - ==> Parameters: 
18:40:17.854 [node] DEBUG com.ntu.datasync.mapper.DataSynchroMapper.querySyncData - <==      Total: 0
18:40:19.577 [center] DEBUG com.ntu.datasync.mapper.DataSynchroMapper.querySyncData - ==>  Preparing: select * from data_synchro where 1=1 and (SA1_STATUS = '1' or SA1_STATUS = '9') and (SD1_NUM < 5 or SD1_NUM is null) 
18:40:19.577 [center] DEBUG com.ntu.datasync.mapper.DataSynchroMapper.querySyncData - ==> Parameters: 
18:40:19.593 [center] DEBUG com.ntu.datasync.mapper.DataSynchroMapper.querySyncData - <==      Total: 0
18:40:22.856 [node] DEBUG com.ntu.datasync.mapper.DataSynchroMapper.querySyncData - ==>  Preparing: select * from data_synchro where 1=1 and (SA1_STATUS = '1' or SA1_STATUS = '9') and (SD1_NUM < 5 or SD1_NUM is null) 
18:40:22.856 [node] DEBUG com.ntu.datasync.mapper.DataSynchroMapper.querySyncData - ==> Parameters: 
18:40:22.857 [node] DEBUG com.ntu.datasync.mapper.DataSynchroMapper.querySyncData - <==      Total: 0
18:40:24.610 [center] DEBUG com.ntu.datasync.mapper.DataSynchroMapper.querySyncData - ==>  Preparing: select * from data_synchro where 1=1 and (SA1_STATUS = '1' or SA1_STATUS = '9') and (SD1_NUM < 5 or SD1_NUM is null) 
18:40:24.610 [center] DEBUG com.ntu.datasync.mapper.DataSynchroMapper.querySyncData - ==> Parameters: 
18:40:24.632 [center] DEBUG com.ntu.datasync.mapper.DataSynchroMapper.querySyncData - <==      Total: 0
18:40:27.857 [node] DEBUG com.ntu.datasync.mapper.DataSynchroMapper.querySyncData - ==>  Preparing: select * from data_synchro where 1=1 and (SA1_STATUS = '1' or SA1_STATUS = '9') and (SD1_NUM < 5 or SD1_NUM is null) 
18:40:27.858 [node] DEBUG com.ntu.datasync.mapper.DataSynchroMapper.querySyncData - ==> Parameters: 
18:40:27.858 [node] DEBUG com.ntu.datasync.mapper.DataSynchroMapper.querySyncData - <==      Total: 0
18:40:29.649 [center] DEBUG com.ntu.datasync.mapper.DataSynchroMapper.querySyncData - ==>  Preparing: select * from data_synchro where 1=1 and (SA1_STATUS = '1' or SA1_STATUS = '9') and (SD1_NUM < 5 or SD1_NUM is null) 
18:40:29.649 [center] DEBUG com.ntu.datasync.mapper.DataSynchroMapper.querySyncData - ==> Parameters: 
18:40:29.669 [center] DEBUG com.ntu.datasync.mapper.DataSynchroMapper.querySyncData - <==      Total: 0
18:40:32.859 [node] DEBUG com.ntu.datasync.mapper.DataSynchroMapper.querySyncData - ==>  Preparing: select * from data_synchro where 1=1 and (SA1_STATUS = '1' or SA1_STATUS = '9') and (SD1_NUM < 5 or SD1_NUM is null) 
18:40:32.860 [node] DEBUG com.ntu.datasync.mapper.DataSynchroMapper.querySyncData - ==> Parameters: 
18:40:32.860 [node] DEBUG com.ntu.datasync.mapper.DataSynchroMapper.querySyncData - <==      Total: 0
18:40:34.685 [center] DEBUG com.ntu.datasync.mapper.DataSynchroMapper.querySyncData - ==>  Preparing: select * from data_synchro where 1=1 and (SA1_STATUS = '1' or SA1_STATUS = '9') and (SD1_NUM < 5 or SD1_NUM is null) 
18:40:34.685 [center] DEBUG com.ntu.datasync.mapper.DataSynchroMapper.querySyncData - ==> Parameters: 
18:40:34.706 [center] DEBUG com.ntu.datasync.mapper.DataSynchroMapper.querySyncData - <==      Total: 0
18:40:37.868 [node] DEBUG com.ntu.datasync.mapper.DataSynchroMapper.querySyncData - ==>  Preparing: select * from data_synchro where 1=1 and (SA1_STATUS = '1' or SA1_STATUS = '9') and (SD1_NUM < 5 or SD1_NUM is null) 
18:40:37.868 [node] DEBUG com.ntu.datasync.mapper.DataSynchroMapper.querySyncData - ==> Parameters: 
18:40:37.868 [node] DEBUG com.ntu.datasync.mapper.DataSynchroMapper.querySyncData - <==      Total: 0
18:40:39.724 [center] DEBUG com.ntu.datasync.mapper.DataSynchroMapper.querySyncData - ==>  Preparing: select * from data_synchro where 1=1 and (SA1_STATUS = '1' or SA1_STATUS = '9') and (SD1_NUM < 5 or SD1_NUM is null) 
18:40:39.724 [center] DEBUG com.ntu.datasync.mapper.DataSynchroMapper.querySyncData - ==> Parameters: 
18:40:39.742 [center] DEBUG com.ntu.datasync.mapper.DataSynchroMapper.querySyncData - <==      Total: 0
18:40:42.879 [node] DEBUG com.ntu.datasync.mapper.DataSynchroMapper.querySyncData - ==>  Preparing: select * from data_synchro where 1=1 and (SA1_STATUS = '1' or SA1_STATUS = '9') and (SD1_NUM < 5 or SD1_NUM is null) 
18:40:42.879 [node] DEBUG com.ntu.datasync.mapper.DataSynchroMapper.querySyncData - ==> Parameters: 
18:40:42.879 [node] DEBUG com.ntu.datasync.mapper.DataSynchroMapper.querySyncData - <==      Total: 0
18:40:44.761 [center] DEBUG com.ntu.datasync.mapper.DataSynchroMapper.querySyncData - ==>  Preparing: select * from data_synchro where 1=1 and (SA1_STATUS = '1' or SA1_STATUS = '9') and (SD1_NUM < 5 or SD1_NUM is null) 
18:40:44.761 [center] DEBUG com.ntu.datasync.mapper.DataSynchroMapper.querySyncData - ==> Parameters: 
18:40:44.785 [center] DEBUG com.ntu.datasync.mapper.DataSynchroMapper.querySyncData - <==      Total: 0
18:40:47.881 [node] DEBUG com.ntu.datasync.mapper.DataSynchroMapper.querySyncData - ==>  Preparing: select * from data_synchro where 1=1 and (SA1_STATUS = '1' or SA1_STATUS = '9') and (SD1_NUM < 5 or SD1_NUM is null) 
18:40:47.881 [node] DEBUG com.ntu.datasync.mapper.DataSynchroMapper.querySyncData - ==> Parameters: 
18:40:47.882 [node] DEBUG com.ntu.datasync.mapper.DataSynchroMapper.querySyncData - <==      Total: 0
18:40:49.802 [center] DEBUG com.ntu.datasync.mapper.DataSynchroMapper.querySyncData - ==>  Preparing: select * from data_synchro where 1=1 and (SA1_STATUS = '1' or SA1_STATUS = '9') and (SD1_NUM < 5 or SD1_NUM is null) 
18:40:49.802 [center] DEBUG com.ntu.datasync.mapper.DataSynchroMapper.querySyncData - ==> Parameters: 
18:40:49.818 [center] DEBUG com.ntu.datasync.mapper.DataSynchroMapper.querySyncData - <==      Total: 0
18:40:52.883 [node] DEBUG com.ntu.datasync.mapper.DataSynchroMapper.querySyncData - ==>  Preparing: select * from data_synchro where 1=1 and (SA1_STATUS = '1' or SA1_STATUS = '9') and (SD1_NUM < 5 or SD1_NUM is null) 
18:40:52.883 [node] DEBUG com.ntu.datasync.mapper.DataSynchroMapper.querySyncData - ==> Parameters: 
18:40:52.884 [node] DEBUG com.ntu.datasync.mapper.DataSynchroMapper.querySyncData - <==      Total: 0
18:40:54.841 [center] DEBUG com.ntu.datasync.mapper.DataSynchroMapper.querySyncData - ==>  Preparing: select * from data_synchro where 1=1 and (SA1_STATUS = '1' or SA1_STATUS = '9') and (SD1_NUM < 5 or SD1_NUM is null) 
18:40:54.842 [center] DEBUG com.ntu.datasync.mapper.DataSynchroMapper.querySyncData - ==> Parameters: 
18:40:54.858 [center] DEBUG com.ntu.datasync.mapper.DataSynchroMapper.querySyncData - <==      Total: 0
18:40:57.885 [node] DEBUG com.ntu.datasync.mapper.DataSynchroMapper.querySyncData - ==>  Preparing: select * from data_synchro where 1=1 and (SA1_STATUS = '1' or SA1_STATUS = '9') and (SD1_NUM < 5 or SD1_NUM is null) 
18:40:57.886 [node] DEBUG com.ntu.datasync.mapper.DataSynchroMapper.querySyncData - ==> Parameters: 
18:40:57.887 [node] DEBUG com.ntu.datasync.mapper.DataSynchroMapper.querySyncData - <==      Total: 0
18:40:59.875 [center] DEBUG com.ntu.datasync.mapper.DataSynchroMapper.querySyncData - ==>  Preparing: select * from data_synchro where 1=1 and (SA1_STATUS = '1' or SA1_STATUS = '9') and (SD1_NUM < 5 or SD1_NUM is null) 
18:40:59.875 [center] DEBUG com.ntu.datasync.mapper.DataSynchroMapper.querySyncData - ==> Parameters: 
18:40:59.884 [center] DEBUG com.ntu.datasync.mapper.DataSynchroMapper.querySyncData - <==      Total: 0
18:41:02.888 [node] DEBUG com.ntu.datasync.mapper.DataSynchroMapper.querySyncData - ==>  Preparing: select * from data_synchro where 1=1 and (SA1_STATUS = '1' or SA1_STATUS = '9') and (SD1_NUM < 5 or SD1_NUM is null) 
18:41:02.888 [node] DEBUG com.ntu.datasync.mapper.DataSynchroMapper.querySyncData - ==> Parameters: 
18:41:02.889 [node] DEBUG com.ntu.datasync.mapper.DataSynchroMapper.querySyncData - <==      Total: 0
18:41:04.914 [center] DEBUG com.ntu.datasync.mapper.DataSynchroMapper.querySyncData - ==>  Preparing: select * from data_synchro where 1=1 and (SA1_STATUS = '1' or SA1_STATUS = '9') and (SD1_NUM < 5 or SD1_NUM is null) 
18:41:04.914 [center] DEBUG com.ntu.datasync.mapper.DataSynchroMapper.querySyncData - ==> Parameters: 
18:41:04.933 [center] DEBUG com.ntu.datasync.mapper.DataSynchroMapper.querySyncData - <==      Total: 0
18:41:07.889 [node] DEBUG com.ntu.datasync.mapper.DataSynchroMapper.querySyncData - ==>  Preparing: select * from data_synchro where 1=1 and (SA1_STATUS = '1' or SA1_STATUS = '9') and (SD1_NUM < 5 or SD1_NUM is null) 
18:41:07.890 [node] DEBUG com.ntu.datasync.mapper.DataSynchroMapper.querySyncData - ==> Parameters: 
18:41:07.890 [node] DEBUG com.ntu.datasync.mapper.DataSynchroMapper.querySyncData - <==      Total: 0
