13:04:01.268 [MQTT Call: center] ERROR com.ntu.datasync.sync.DataReceiver - 1222 号数据同步失败原因: 
### Error updating database.  Cause: java.sql.SQLIntegrityConstraintViolationException: Duplicate entry '1222-1' for key 'PRIMARY'
### The error may exist in file [C:\Users\Lenovo\Desktop\datasync\target\classes\mapper\BookMapper.xml]
### The error may involve defaultParameterMap
### The error occurred while setting parameters
### SQL: update book         set         book_id = ?,         book_name = ?,         book_isbn = ?,         book_author = ?,         book_info = ?,         book_publisher = ?         where book_id = ?
### Cause: java.sql.SQLIntegrityConstraintViolationException: Duplicate entry '1222-1' for key 'PRIMARY'
; Duplicate entry '1222-1' for key 'PRIMARY'; nested exception is java.sql.SQLIntegrityConstraintViolationException: Duplicate entry '1222-1' for key 'PRIMARY'
13:05:01.245 [node] ERROR com.ntu.datasync.sync.SendThread - 同步数据不存在：DataSynchro(basicinfoid=1222, type=1, sa1Status=1, sb1Time=null, sc1Time=null, sd1Num=null, se1Time=null, sf1Msg=null, sa2Status=null, sb2Time=null, sc2Time=null, sf2Msg=null)
13:05:02.199 [MQTT Call: center] ERROR com.ntu.datasync.sync.DataReceiver - 999 号数据同步失败原因: 
### Error updating database.  Cause: java.sql.SQLIntegrityConstraintViolationException: Duplicate entry '999-1' for key 'PRIMARY'
### The error may exist in file [C:\Users\Lenovo\Desktop\datasync\target\classes\mapper\BookMapper.xml]
### The error may involve defaultParameterMap
### The error occurred while setting parameters
### SQL: update book         set         book_id = ?,         book_name = ?,         book_isbn = ?,         book_author = ?,         book_info = ?,         book_publisher = ?         where book_id = ?
### Cause: java.sql.SQLIntegrityConstraintViolationException: Duplicate entry '999-1' for key 'PRIMARY'
; Duplicate entry '999-1' for key 'PRIMARY'; nested exception is java.sql.SQLIntegrityConstraintViolationException: Duplicate entry '999-1' for key 'PRIMARY'
13:06:03.544 [MQTT Call: center] ERROR com.ntu.datasync.sync.DataReceiver - 999 号数据同步失败原因: 
### Error updating database.  Cause: java.sql.SQLIntegrityConstraintViolationException: Duplicate entry '999-1' for key 'PRIMARY'
### The error may exist in file [C:\Users\Lenovo\Desktop\datasync\target\classes\mapper\BookMapper.xml]
### The error may involve defaultParameterMap
### The error occurred while setting parameters
### SQL: update book         set         book_id = ?,         book_name = ?,         book_isbn = ?,         book_author = ?,         book_info = ?,         book_publisher = ?         where book_id = ?
### Cause: java.sql.SQLIntegrityConstraintViolationException: Duplicate entry '999-1' for key 'PRIMARY'
; Duplicate entry '999-1' for key 'PRIMARY'; nested exception is java.sql.SQLIntegrityConstraintViolationException: Duplicate entry '999-1' for key 'PRIMARY'
13:07:02.322 [node] ERROR com.ntu.datasync.sync.SendThread - 同步数据不存在：DataSynchro(basicinfoid=999, type=1, sa1Status=1, sb1Time=null, sc1Time=null, sd1Num=null, se1Time=null, sf1Msg=null, sa2Status=null, sb2Time=null, sc2Time=null, sf2Msg=null)
13:07:03.214 [MQTT Call: center] ERROR com.ntu.datasync.sync.DataReceiver - 99999 号数据同步失败原因: 
### Error updating database.  Cause: java.sql.SQLIntegrityConstraintViolationException: Duplicate entry '99999-1' for key 'PRIMARY'
### The error may exist in file [C:\Users\Lenovo\Desktop\datasync\target\classes\mapper\BookMapper.xml]
### The error may involve defaultParameterMap
### The error occurred while setting parameters
### SQL: update book         set         book_id = ?,         book_name = ?,         book_isbn = ?,         book_author = ?,         book_info = ?,         book_publisher = ?         where book_id = ?
### Cause: java.sql.SQLIntegrityConstraintViolationException: Duplicate entry '99999-1' for key 'PRIMARY'
; Duplicate entry '99999-1' for key 'PRIMARY'; nested exception is java.sql.SQLIntegrityConstraintViolationException: Duplicate entry '99999-1' for key 'PRIMARY'
13:08:04.264 [MQTT Call: center] ERROR com.ntu.datasync.sync.DataReceiver - 99999 号数据同步失败原因: 
### Error updating database.  Cause: java.sql.SQLIntegrityConstraintViolationException: Duplicate entry '99999-1' for key 'PRIMARY'
### The error may exist in file [C:\Users\Lenovo\Desktop\datasync\target\classes\mapper\BookMapper.xml]
### The error may involve defaultParameterMap
### The error occurred while setting parameters
### SQL: update book         set         book_id = ?,         book_name = ?,         book_isbn = ?,         book_author = ?,         book_info = ?,         book_publisher = ?         where book_id = ?
### Cause: java.sql.SQLIntegrityConstraintViolationException: Duplicate entry '99999-1' for key 'PRIMARY'
; Duplicate entry '99999-1' for key 'PRIMARY'; nested exception is java.sql.SQLIntegrityConstraintViolationException: Duplicate entry '99999-1' for key 'PRIMARY'
13:09:05.272 [MQTT Call: center] ERROR com.ntu.datasync.sync.DataReceiver - 99999 号数据同步失败原因: 
### Error updating database.  Cause: java.sql.SQLIntegrityConstraintViolationException: Duplicate entry '99999-1' for key 'PRIMARY'
### The error may exist in file [C:\Users\Lenovo\Desktop\datasync\target\classes\mapper\BookMapper.xml]
### The error may involve defaultParameterMap
### The error occurred while setting parameters
### SQL: update book         set         book_id = ?,         book_name = ?,         book_isbn = ?,         book_author = ?,         book_info = ?,         book_publisher = ?         where book_id = ?
### Cause: java.sql.SQLIntegrityConstraintViolationException: Duplicate entry '99999-1' for key 'PRIMARY'
; Duplicate entry '99999-1' for key 'PRIMARY'; nested exception is java.sql.SQLIntegrityConstraintViolationException: Duplicate entry '99999-1' for key 'PRIMARY'
13:10:06.341 [MQTT Call: center] ERROR com.ntu.datasync.sync.DataReceiver - 99999 号数据同步失败原因: 
### Error updating database.  Cause: java.sql.SQLIntegrityConstraintViolationException: Duplicate entry '99999-1' for key 'PRIMARY'
### The error may exist in file [C:\Users\Lenovo\Desktop\datasync\target\classes\mapper\BookMapper.xml]
### The error may involve defaultParameterMap
### The error occurred while setting parameters
### SQL: update book         set         book_id = ?,         book_name = ?,         book_isbn = ?,         book_author = ?,         book_info = ?,         book_publisher = ?         where book_id = ?
### Cause: java.sql.SQLIntegrityConstraintViolationException: Duplicate entry '99999-1' for key 'PRIMARY'
; Duplicate entry '99999-1' for key 'PRIMARY'; nested exception is java.sql.SQLIntegrityConstraintViolationException: Duplicate entry '99999-1' for key 'PRIMARY'
13:11:07.347 [MQTT Call: center] ERROR com.ntu.datasync.sync.DataReceiver - 99999 号数据同步失败原因: 
### Error updating database.  Cause: java.sql.SQLIntegrityConstraintViolationException: Duplicate entry '99999-1' for key 'PRIMARY'
### The error may exist in file [C:\Users\Lenovo\Desktop\datasync\target\classes\mapper\BookMapper.xml]
### The error may involve defaultParameterMap
### The error occurred while setting parameters
### SQL: update book         set         book_id = ?,         book_name = ?,         book_isbn = ?,         book_author = ?,         book_info = ?,         book_publisher = ?         where book_id = ?
### Cause: java.sql.SQLIntegrityConstraintViolationException: Duplicate entry '99999-1' for key 'PRIMARY'
; Duplicate entry '99999-1' for key 'PRIMARY'; nested exception is java.sql.SQLIntegrityConstraintViolationException: Duplicate entry '99999-1' for key 'PRIMARY'
13:12:08.387 [MQTT Call: center] ERROR com.ntu.datasync.sync.DataReceiver - 99999 号数据同步失败原因: 
### Error updating database.  Cause: java.sql.SQLIntegrityConstraintViolationException: Duplicate entry '99999-1' for key 'PRIMARY'
### The error may exist in file [C:\Users\Lenovo\Desktop\datasync\target\classes\mapper\BookMapper.xml]
### The error may involve defaultParameterMap
### The error occurred while setting parameters
### SQL: update book         set         book_id = ?,         book_name = ?,         book_isbn = ?,         book_author = ?,         book_info = ?,         book_publisher = ?         where book_id = ?
### Cause: java.sql.SQLIntegrityConstraintViolationException: Duplicate entry '99999-1' for key 'PRIMARY'
; Duplicate entry '99999-1' for key 'PRIMARY'; nested exception is java.sql.SQLIntegrityConstraintViolationException: Duplicate entry '99999-1' for key 'PRIMARY'
13:17:33.449 [Timer-1] ERROR org.eclipse.paho.client.mqttv3.internal.ClientState - node: Timed out as no write activity, keepAlive=30,000 lastOutboundActivity=1,587,532,565,273 lastInboundActivity=1,587,532,560,216 time=1,587,532,653,443 lastPing=0
13:17:33.451 [Timer-0] ERROR org.eclipse.paho.client.mqttv3.internal.ClientState - node: Timed out as no write activity, keepAlive=30,000 lastOutboundActivity=1,587,532,549,871 lastInboundActivity=1,587,532,566,190 time=1,587,532,653,444 lastPing=0
13:21:12.135 [nioEventLoopGroup-3-1] ERROR io.moquette.broker.NewNettyMQTTHandler - Unexpected exception while processing MQTT message. Closing Netty channel. CId=center
io.netty.util.IllegalReferenceCountException: refCnt: 0, increment: 1
	at io.netty.util.internal.ReferenceCountUpdater.retain0(ReferenceCountUpdater.java:123)
	at io.netty.util.internal.ReferenceCountUpdater.retain(ReferenceCountUpdater.java:110)
	at io.netty.buffer.AbstractReferenceCountedByteBuf.retain(AbstractReferenceCountedByteBuf.java:80)
	at io.netty.buffer.AbstractPooledDerivedByteBuf.init(AbstractPooledDerivedByteBuf.java:59)
	at io.netty.buffer.PooledDuplicatedByteBuf.newInstance(PooledDuplicatedByteBuf.java:43)
	at io.netty.buffer.PooledDuplicatedByteBuf.retainedDuplicate(PooledDuplicatedByteBuf.java:102)
	at io.moquette.broker.Session.resendInflightNotAcked(Session.java:297)
	at io.moquette.broker.MQTTConnection.resendNotAckedPublishes(MQTTConnection.java:481)
	at io.moquette.broker.NewNettyMQTTHandler.userEventTriggered(NewNettyMQTTHandler.java:106)
	at io.netty.channel.AbstractChannelHandlerContext.invokeUserEventTriggered(AbstractChannelHandlerContext.java:341)
	at io.netty.channel.AbstractChannelHandlerContext.invokeUserEventTriggered(AbstractChannelHandlerContext.java:327)
	at io.netty.channel.AbstractChannelHandlerContext.fireUserEventTriggered(AbstractChannelHandlerContext.java:319)
	at io.netty.channel.ChannelInboundHandlerAdapter.userEventTriggered(ChannelInboundHandlerAdapter.java:117)
	at io.netty.handler.codec.ByteToMessageDecoder.userEventTriggered(ByteToMessageDecoder.java:366)
	at io.netty.channel.AbstractChannelHandlerContext.invokeUserEventTriggered(AbstractChannelHandlerContext.java:341)
	at io.netty.channel.AbstractChannelHandlerContext.invokeUserEventTriggered(AbstractChannelHandlerContext.java:327)
	at io.netty.channel.AbstractChannelHandlerContext.fireUserEventTriggered(AbstractChannelHandlerContext.java:319)
	at io.netty.channel.ChannelInboundHandlerAdapter.userEventTriggered(ChannelInboundHandlerAdapter.java:117)
	at io.moquette.broker.MoquetteIdleTimeoutHandler.userEventTriggered(MoquetteIdleTimeoutHandler.java:48)
	at io.netty.channel.AbstractChannelHandlerContext.invokeUserEventTriggered(AbstractChannelHandlerContext.java:341)
	at io.netty.channel.AbstractChannelHandlerContext.invokeUserEventTriggered(AbstractChannelHandlerContext.java:327)
	at io.netty.channel.AbstractChannelHandlerContext.fireUserEventTriggered(AbstractChannelHandlerContext.java:319)
	at io.moquette.broker.InflightResender.resendNotAcked(InflightResender.java:160)
	at io.moquette.broker.InflightResender.access$100(InflightResender.java:32)
	at io.moquette.broker.InflightResender$WriterIdleTimeoutTask.run(InflightResender.java:58)
	at io.netty.util.concurrent.PromiseTask$RunnableAdapter.call(PromiseTask.java:38)
	at io.netty.util.concurrent.ScheduledFutureTask.run(ScheduledFutureTask.java:127)
	at io.netty.util.concurrent.AbstractEventExecutor.safeExecute$$$capture(AbstractEventExecutor.java:163)
	at io.netty.util.concurrent.AbstractEventExecutor.safeExecute(AbstractEventExecutor.java)
	at io.netty.util.concurrent.SingleThreadEventExecutor.runAllTasks(SingleThreadEventExecutor.java:405)
	at io.netty.channel.nio.NioEventLoop.run(NioEventLoop.java:500)
	at io.netty.util.concurrent.SingleThreadEventExecutor$5.run(SingleThreadEventExecutor.java:906)
	at io.netty.util.internal.ThreadExecutorMap$2.run(ThreadExecutorMap.java:74)
	at io.netty.util.concurrent.FastThreadLocalRunnable.run(FastThreadLocalRunnable.java:30)
	at java.lang.Thread.run(Thread.java:748)
13:21:12.327 [MQTT Call: center] ERROR com.ntu.datasync.sync.DataReceiver - 99999 号数据同步失败原因: 
### Error updating database.  Cause: java.sql.SQLIntegrityConstraintViolationException: Duplicate entry '99999-1' for key 'PRIMARY'
### The error may exist in file [C:\Users\Lenovo\Desktop\datasync\target\classes\mapper\BookMapper.xml]
### The error may involve defaultParameterMap
### The error occurred while setting parameters
### SQL: update book         set         book_id = ?,         book_name = ?,         book_isbn = ?,         book_author = ?,         book_info = ?,         book_publisher = ?         where book_id = ?
### Cause: java.sql.SQLIntegrityConstraintViolationException: Duplicate entry '99999-1' for key 'PRIMARY'
; Duplicate entry '99999-1' for key 'PRIMARY'; nested exception is java.sql.SQLIntegrityConstraintViolationException: Duplicate entry '99999-1' for key 'PRIMARY'
13:22:21.355 [nioEventLoopGroup-3-1] ERROR io.moquette.broker.NewNettyMQTTHandler - Unexpected exception while processing MQTT message. Closing Netty channel. CId=center
io.netty.util.IllegalReferenceCountException: refCnt: 0, increment: 1
	at io.netty.util.internal.ReferenceCountUpdater.retain0(ReferenceCountUpdater.java:123)
	at io.netty.util.internal.ReferenceCountUpdater.retain(ReferenceCountUpdater.java:110)
	at io.netty.buffer.AbstractReferenceCountedByteBuf.retain(AbstractReferenceCountedByteBuf.java:80)
	at io.netty.buffer.AbstractPooledDerivedByteBuf.init(AbstractPooledDerivedByteBuf.java:59)
	at io.netty.buffer.PooledDuplicatedByteBuf.newInstance(PooledDuplicatedByteBuf.java:43)
	at io.netty.buffer.PooledDuplicatedByteBuf.retainedDuplicate(PooledDuplicatedByteBuf.java:102)
	at io.moquette.broker.Session.resendInflightNotAcked(Session.java:297)
	at io.moquette.broker.MQTTConnection.resendNotAckedPublishes(MQTTConnection.java:481)
	at io.moquette.broker.NewNettyMQTTHandler.userEventTriggered(NewNettyMQTTHandler.java:106)
	at io.netty.channel.AbstractChannelHandlerContext.invokeUserEventTriggered(AbstractChannelHandlerContext.java:341)
	at io.netty.channel.AbstractChannelHandlerContext.invokeUserEventTriggered(AbstractChannelHandlerContext.java:327)
	at io.netty.channel.AbstractChannelHandlerContext.fireUserEventTriggered(AbstractChannelHandlerContext.java:319)
	at io.netty.channel.ChannelInboundHandlerAdapter.userEventTriggered(ChannelInboundHandlerAdapter.java:117)
	at io.netty.handler.codec.ByteToMessageDecoder.userEventTriggered(ByteToMessageDecoder.java:366)
	at io.netty.channel.AbstractChannelHandlerContext.invokeUserEventTriggered(AbstractChannelHandlerContext.java:341)
	at io.netty.channel.AbstractChannelHandlerContext.invokeUserEventTriggered(AbstractChannelHandlerContext.java:327)
	at io.netty.channel.AbstractChannelHandlerContext.fireUserEventTriggered(AbstractChannelHandlerContext.java:319)
	at io.netty.channel.ChannelInboundHandlerAdapter.userEventTriggered(ChannelInboundHandlerAdapter.java:117)
	at io.moquette.broker.MoquetteIdleTimeoutHandler.userEventTriggered(MoquetteIdleTimeoutHandler.java:48)
	at io.netty.channel.AbstractChannelHandlerContext.invokeUserEventTriggered(AbstractChannelHandlerContext.java:341)
	at io.netty.channel.AbstractChannelHandlerContext.invokeUserEventTriggered(AbstractChannelHandlerContext.java:327)
	at io.netty.channel.AbstractChannelHandlerContext.fireUserEventTriggered(AbstractChannelHandlerContext.java:319)
	at io.moquette.broker.InflightResender.resendNotAcked(InflightResender.java:160)
	at io.moquette.broker.InflightResender.access$100(InflightResender.java:32)
	at io.moquette.broker.InflightResender$WriterIdleTimeoutTask.run(InflightResender.java:58)
	at io.netty.util.concurrent.PromiseTask$RunnableAdapter.call(PromiseTask.java:38)
	at io.netty.util.concurrent.ScheduledFutureTask.run(ScheduledFutureTask.java:127)
	at io.netty.util.concurrent.AbstractEventExecutor.safeExecute$$$capture(AbstractEventExecutor.java:163)
	at io.netty.util.concurrent.AbstractEventExecutor.safeExecute(AbstractEventExecutor.java)
	at io.netty.util.concurrent.SingleThreadEventExecutor.runAllTasks(SingleThreadEventExecutor.java:405)
	at io.netty.channel.nio.NioEventLoop.run(NioEventLoop.java:500)
	at io.netty.util.concurrent.SingleThreadEventExecutor$5.run(SingleThreadEventExecutor.java:906)
	at io.netty.util.internal.ThreadExecutorMap$2.run(ThreadExecutorMap.java:74)
	at io.netty.util.concurrent.FastThreadLocalRunnable.run(FastThreadLocalRunnable.java:30)
	at java.lang.Thread.run(Thread.java:748)
13:23:35.503 [Timer-1] ERROR org.eclipse.paho.client.mqttv3.internal.ClientState - node: Timed out as no write activity, keepAlive=30,000 lastOutboundActivity=1,587,532,931,751 lastInboundActivity=1,587,532,941,351 time=1,587,533,015,477 lastPing=0
13:23:35.512 [Timer-0] ERROR org.eclipse.paho.client.mqttv3.internal.ClientState - node: Timed out as no write activity, keepAlive=30,000 lastOutboundActivity=1,587,532,918,617 lastInboundActivity=1,587,532,932,525 time=1,587,533,015,478 lastPing=0
13:23:35.703 [MQTT Call: center] ERROR com.ntu.datasync.sync.DataReceiver - 99999 号数据同步失败原因: 
### Error updating database.  Cause: java.sql.SQLIntegrityConstraintViolationException: Duplicate entry '99999-1' for key 'PRIMARY'
### The error may exist in file [C:\Users\Lenovo\Desktop\datasync\target\classes\mapper\BookMapper.xml]
### The error may involve defaultParameterMap
### The error occurred while setting parameters
### SQL: update book         set         book_id = ?,         book_name = ?,         book_isbn = ?,         book_author = ?,         book_info = ?,         book_publisher = ?         where book_id = ?
### Cause: java.sql.SQLIntegrityConstraintViolationException: Duplicate entry '99999-1' for key 'PRIMARY'
; Duplicate entry '99999-1' for key 'PRIMARY'; nested exception is java.sql.SQLIntegrityConstraintViolationException: Duplicate entry '99999-1' for key 'PRIMARY'
13:23:40.502 [node] ERROR com.ntu.datasync.sync.SendThread - nested exception is org.apache.ibatis.exceptions.PersistenceException: 
### Error querying database.  Cause: org.springframework.jdbc.CannotGetJdbcConnectionException: Failed to obtain JDBC Connection; nested exception is java.sql.SQLException: HikariDataSource HikariDataSource (HikariPool-2) has been closed.
### The error may exist in file [C:\Users\Lenovo\Desktop\datasync\target\classes\mapper\DataSynchroMapper.xml]
### The error may involve com.ntu.datasync.mapper.DataSynchroMapper.querySyncData
### The error occurred while executing a query
### Cause: org.springframework.jdbc.CannotGetJdbcConnectionException: Failed to obtain JDBC Connection; nested exception is java.sql.SQLException: HikariDataSource HikariDataSource (HikariPool-2) has been closed.
13:23:40.504 [center] ERROR com.ntu.datasync.sync.SendThread - nested exception is org.apache.ibatis.exceptions.PersistenceException: 
### Error querying database.  Cause: org.springframework.jdbc.CannotGetJdbcConnectionException: Failed to obtain JDBC Connection; nested exception is java.sql.SQLException: HikariDataSource HikariDataSource (HikariPool-1) has been closed.
### The error may exist in file [C:\Users\Lenovo\Desktop\datasync\target\classes\mapper\DataSynchroMapper.xml]
### The error may involve com.ntu.datasync.mapper.DataSynchroMapper.querySyncData
### The error occurred while executing a query
### Cause: org.springframework.jdbc.CannotGetJdbcConnectionException: Failed to obtain JDBC Connection; nested exception is java.sql.SQLException: HikariDataSource HikariDataSource (HikariPool-1) has been closed.
13:24:14.178 [MQTT Call: center] ERROR com.ntu.datasync.sync.DataReceiver - 99999 号数据同步失败原因: 
### Error updating database.  Cause: java.sql.SQLIntegrityConstraintViolationException: Duplicate entry '99999-1' for key 'PRIMARY'
### The error may exist in file [C:\Users\Lenovo\Desktop\datasync\target\classes\mapper\BookMapper.xml]
### The error may involve defaultParameterMap
### The error occurred while setting parameters
### SQL: update book         set         book_id = ?,         book_name = ?,         book_isbn = ?,         book_author = ?,         book_info = ?,         book_publisher = ?         where book_id = ?
### Cause: java.sql.SQLIntegrityConstraintViolationException: Duplicate entry '99999-1' for key 'PRIMARY'
; Duplicate entry '99999-1' for key 'PRIMARY'; nested exception is java.sql.SQLIntegrityConstraintViolationException: Duplicate entry '99999-1' for key 'PRIMARY'
13:24:20.056 [MQTT Call: center] ERROR com.ntu.datasync.sync.DataReceiver - 99999 号数据同步失败原因: 
### Error updating database.  Cause: java.sql.SQLIntegrityConstraintViolationException: Duplicate entry '99999-1' for key 'PRIMARY'
### The error may exist in file [C:\Users\Lenovo\Desktop\datasync\target\classes\mapper\BookMapper.xml]
### The error may involve defaultParameterMap
### The error occurred while setting parameters
### SQL: update book         set         book_id = ?,         book_name = ?,         book_isbn = ?,         book_author = ?,         book_info = ?,         book_publisher = ?         where book_id = ?
### Cause: java.sql.SQLIntegrityConstraintViolationException: Duplicate entry '99999-1' for key 'PRIMARY'
; Duplicate entry '99999-1' for key 'PRIMARY'; nested exception is java.sql.SQLIntegrityConstraintViolationException: Duplicate entry '99999-1' for key 'PRIMARY'
13:24:26.022 [MQTT Call: center] ERROR com.ntu.datasync.sync.DataReceiver - 99999 号数据同步失败原因: 
### Error updating database.  Cause: java.sql.SQLIntegrityConstraintViolationException: Duplicate entry '99999-1' for key 'PRIMARY'
### The error may exist in file [C:\Users\Lenovo\Desktop\datasync\target\classes\mapper\BookMapper.xml]
### The error may involve defaultParameterMap
### The error occurred while setting parameters
### SQL: update book         set         book_id = ?,         book_name = ?,         book_isbn = ?,         book_author = ?,         book_info = ?,         book_publisher = ?         where book_id = ?
### Cause: java.sql.SQLIntegrityConstraintViolationException: Duplicate entry '99999-1' for key 'PRIMARY'
; Duplicate entry '99999-1' for key 'PRIMARY'; nested exception is java.sql.SQLIntegrityConstraintViolationException: Duplicate entry '99999-1' for key 'PRIMARY'
13:24:32.056 [MQTT Call: center] ERROR com.ntu.datasync.sync.DataReceiver - 99999 号数据同步失败原因: 
### Error updating database.  Cause: java.sql.SQLIntegrityConstraintViolationException: Duplicate entry '99999-1' for key 'PRIMARY'
### The error may exist in file [C:\Users\Lenovo\Desktop\datasync\target\classes\mapper\BookMapper.xml]
### The error may involve defaultParameterMap
### The error occurred while setting parameters
### SQL: update book         set         book_id = ?,         book_name = ?,         book_isbn = ?,         book_author = ?,         book_info = ?,         book_publisher = ?         where book_id = ?
### Cause: java.sql.SQLIntegrityConstraintViolationException: Duplicate entry '99999-1' for key 'PRIMARY'
; Duplicate entry '99999-1' for key 'PRIMARY'; nested exception is java.sql.SQLIntegrityConstraintViolationException: Duplicate entry '99999-1' for key 'PRIMARY'
13:24:38.044 [MQTT Call: center] ERROR com.ntu.datasync.sync.DataReceiver - 99999 号数据同步失败原因: 
### Error updating database.  Cause: java.sql.SQLIntegrityConstraintViolationException: Duplicate entry '99999-1' for key 'PRIMARY'
### The error may exist in file [C:\Users\Lenovo\Desktop\datasync\target\classes\mapper\BookMapper.xml]
### The error may involve defaultParameterMap
### The error occurred while setting parameters
### SQL: update book         set         book_id = ?,         book_name = ?,         book_isbn = ?,         book_author = ?,         book_info = ?,         book_publisher = ?         where book_id = ?
### Cause: java.sql.SQLIntegrityConstraintViolationException: Duplicate entry '99999-1' for key 'PRIMARY'
; Duplicate entry '99999-1' for key 'PRIMARY'; nested exception is java.sql.SQLIntegrityConstraintViolationException: Duplicate entry '99999-1' for key 'PRIMARY'
13:24:44.067 [MQTT Call: center] ERROR com.ntu.datasync.sync.DataReceiver - 99999 号数据同步失败原因: 
### Error updating database.  Cause: java.sql.SQLIntegrityConstraintViolationException: Duplicate entry '99999-1' for key 'PRIMARY'
### The error may exist in file [C:\Users\Lenovo\Desktop\datasync\target\classes\mapper\BookMapper.xml]
### The error may involve defaultParameterMap
### The error occurred while setting parameters
### SQL: update book         set         book_id = ?,         book_name = ?,         book_isbn = ?,         book_author = ?,         book_info = ?,         book_publisher = ?         where book_id = ?
### Cause: java.sql.SQLIntegrityConstraintViolationException: Duplicate entry '99999-1' for key 'PRIMARY'
; Duplicate entry '99999-1' for key 'PRIMARY'; nested exception is java.sql.SQLIntegrityConstraintViolationException: Duplicate entry '99999-1' for key 'PRIMARY'
13:24:50.066 [MQTT Call: center] ERROR com.ntu.datasync.sync.DataReceiver - 99999 号数据同步失败原因: 
### Error updating database.  Cause: java.sql.SQLIntegrityConstraintViolationException: Duplicate entry '99999-1' for key 'PRIMARY'
### The error may exist in file [C:\Users\Lenovo\Desktop\datasync\target\classes\mapper\BookMapper.xml]
### The error may involve defaultParameterMap
### The error occurred while setting parameters
### SQL: update book         set         book_id = ?,         book_name = ?,         book_isbn = ?,         book_author = ?,         book_info = ?,         book_publisher = ?         where book_id = ?
### Cause: java.sql.SQLIntegrityConstraintViolationException: Duplicate entry '99999-1' for key 'PRIMARY'
; Duplicate entry '99999-1' for key 'PRIMARY'; nested exception is java.sql.SQLIntegrityConstraintViolationException: Duplicate entry '99999-1' for key 'PRIMARY'
13:24:56.077 [MQTT Call: center] ERROR com.ntu.datasync.sync.DataReceiver - 99999 号数据同步失败原因: 
### Error updating database.  Cause: java.sql.SQLIntegrityConstraintViolationException: Duplicate entry '99999-1' for key 'PRIMARY'
### The error may exist in file [C:\Users\Lenovo\Desktop\datasync\target\classes\mapper\BookMapper.xml]
### The error may involve defaultParameterMap
### The error occurred while setting parameters
### SQL: update book         set         book_id = ?,         book_name = ?,         book_isbn = ?,         book_author = ?,         book_info = ?,         book_publisher = ?         where book_id = ?
### Cause: java.sql.SQLIntegrityConstraintViolationException: Duplicate entry '99999-1' for key 'PRIMARY'
; Duplicate entry '99999-1' for key 'PRIMARY'; nested exception is java.sql.SQLIntegrityConstraintViolationException: Duplicate entry '99999-1' for key 'PRIMARY'
13:25:02.043 [MQTT Call: center] ERROR com.ntu.datasync.sync.DataReceiver - 99999 号数据同步失败原因: 
### Error updating database.  Cause: java.sql.SQLIntegrityConstraintViolationException: Duplicate entry '99999-1' for key 'PRIMARY'
### The error may exist in file [C:\Users\Lenovo\Desktop\datasync\target\classes\mapper\BookMapper.xml]
### The error may involve defaultParameterMap
### The error occurred while setting parameters
### SQL: update book         set         book_id = ?,         book_name = ?,         book_isbn = ?,         book_author = ?,         book_info = ?,         book_publisher = ?         where book_id = ?
### Cause: java.sql.SQLIntegrityConstraintViolationException: Duplicate entry '99999-1' for key 'PRIMARY'
; Duplicate entry '99999-1' for key 'PRIMARY'; nested exception is java.sql.SQLIntegrityConstraintViolationException: Duplicate entry '99999-1' for key 'PRIMARY'
13:25:08.054 [MQTT Call: center] ERROR com.ntu.datasync.sync.DataReceiver - 99999 号数据同步失败原因: 
### Error updating database.  Cause: java.sql.SQLIntegrityConstraintViolationException: Duplicate entry '99999-1' for key 'PRIMARY'
### The error may exist in file [C:\Users\Lenovo\Desktop\datasync\target\classes\mapper\BookMapper.xml]
### The error may involve defaultParameterMap
### The error occurred while setting parameters
### SQL: update book         set         book_id = ?,         book_name = ?,         book_isbn = ?,         book_author = ?,         book_info = ?,         book_publisher = ?         where book_id = ?
### Cause: java.sql.SQLIntegrityConstraintViolationException: Duplicate entry '99999-1' for key 'PRIMARY'
; Duplicate entry '99999-1' for key 'PRIMARY'; nested exception is java.sql.SQLIntegrityConstraintViolationException: Duplicate entry '99999-1' for key 'PRIMARY'
13:25:14.087 [MQTT Call: center] ERROR com.ntu.datasync.sync.DataReceiver - 99999 号数据同步失败原因: 
### Error updating database.  Cause: java.sql.SQLIntegrityConstraintViolationException: Duplicate entry '99999-1' for key 'PRIMARY'
### The error may exist in file [C:\Users\Lenovo\Desktop\datasync\target\classes\mapper\BookMapper.xml]
### The error may involve defaultParameterMap
### The error occurred while setting parameters
### SQL: update book         set         book_id = ?,         book_name = ?,         book_isbn = ?,         book_author = ?,         book_info = ?,         book_publisher = ?         where book_id = ?
### Cause: java.sql.SQLIntegrityConstraintViolationException: Duplicate entry '99999-1' for key 'PRIMARY'
; Duplicate entry '99999-1' for key 'PRIMARY'; nested exception is java.sql.SQLIntegrityConstraintViolationException: Duplicate entry '99999-1' for key 'PRIMARY'
13:25:20.098 [MQTT Call: center] ERROR com.ntu.datasync.sync.DataReceiver - 99999 号数据同步失败原因: 
### Error updating database.  Cause: java.sql.SQLIntegrityConstraintViolationException: Duplicate entry '99999-1' for key 'PRIMARY'
### The error may exist in file [C:\Users\Lenovo\Desktop\datasync\target\classes\mapper\BookMapper.xml]
### The error may involve defaultParameterMap
### The error occurred while setting parameters
### SQL: update book         set         book_id = ?,         book_name = ?,         book_isbn = ?,         book_author = ?,         book_info = ?,         book_publisher = ?         where book_id = ?
### Cause: java.sql.SQLIntegrityConstraintViolationException: Duplicate entry '99999-1' for key 'PRIMARY'
; Duplicate entry '99999-1' for key 'PRIMARY'; nested exception is java.sql.SQLIntegrityConstraintViolationException: Duplicate entry '99999-1' for key 'PRIMARY'
14:05:05.700 [main] ERROR org.springframework.boot.SpringApplication - Application run failed
org.springframework.beans.factory.UnsatisfiedDependencyException: Error creating bean with name 'serverStart': Unsatisfied dependency expressed through field 'centerSync'; nested exception is org.springframework.beans.factory.UnsatisfiedDependencyException: Error creating bean with name 'centerSync': Unsatisfied dependency expressed through field 'bookMapper'; nested exception is org.springframework.beans.factory.BeanCreationException: Error creating bean with name 'bookMapper' defined in file [C:\Users\Lenovo\Desktop\datasync\target\classes\com\ntu\datasync\mapper\BookMapper.class]: Cannot resolve reference to bean 'SqlSessionFactory' while setting bean property 'sqlSessionFactory'; nested exception is org.springframework.beans.factory.UnsatisfiedDependencyException: Error creating bean with name 'SqlSessionFactory' defined in class path resource [com/ntu/datasync/config/DynamicDataSourceConfig.class]: Unsatisfied dependency expressed through method 'SqlSessionFactory' parameter 0; nested exception is org.springframework.beans.factory.UnsatisfiedDependencyException: Error creating bean with name 'dynamicDataSource' defined in class path resource [com/ntu/datasync/config/DynamicDataSourceConfig.class]: Unsatisfied dependency expressed through method 'DataSource' parameter 0; nested exception is org.springframework.beans.factory.BeanCreationException: Error creating bean with name 'primaryDatasourceConfig': Injection of autowired dependencies failed; nested exception is java.lang.IllegalArgumentException: Could not resolve placeholder 'spring.datasource.primary.password.password' in value "${spring.datasource.primary.password.password}"
	at org.springframework.beans.factory.annotation.AutowiredAnnotationBeanPostProcessor$AutowiredFieldElement.inject(AutowiredAnnotationBeanPostProcessor.java:596)
	at org.springframework.beans.factory.annotation.InjectionMetadata.inject(InjectionMetadata.java:90)
	at org.springframework.beans.factory.annotation.AutowiredAnnotationBeanPostProcessor.postProcessProperties(AutowiredAnnotationBeanPostProcessor.java:374)
	at org.springframework.beans.factory.support.AbstractAutowireCapableBeanFactory.populateBean(AbstractAutowireCapableBeanFactory.java:1411)
	at org.springframework.beans.factory.support.AbstractAutowireCapableBeanFactory.doCreateBean(AbstractAutowireCapableBeanFactory.java:592)
	at org.springframework.beans.factory.support.AbstractAutowireCapableBeanFactory.createBean(AbstractAutowireCapableBeanFactory.java:515)
	at org.springframework.beans.factory.support.AbstractBeanFactory.lambda$doGetBean$0(AbstractBeanFactory.java:320)
	at org.springframework.beans.factory.support.DefaultSingletonBeanRegistry.getSingleton(DefaultSingletonBeanRegistry.java:222)
	at org.springframework.beans.factory.support.AbstractBeanFactory.doGetBean(AbstractBeanFactory.java:318)
	at org.springframework.beans.factory.support.AbstractBeanFactory.getBean(AbstractBeanFactory.java:199)
	at org.springframework.beans.factory.support.DefaultListableBeanFactory.preInstantiateSingletons(DefaultListableBeanFactory.java:845)
	at org.springframework.context.support.AbstractApplicationContext.finishBeanFactoryInitialization(AbstractApplicationContext.java:877)
	at org.springframework.context.support.AbstractApplicationContext.refresh(AbstractApplicationContext.java:549)
	at org.springframework.boot.web.servlet.context.ServletWebServerApplicationContext.refresh(ServletWebServerApplicationContext.java:140)
	at org.springframework.boot.SpringApplication.refresh(SpringApplication.java:742)
	at org.springframework.boot.SpringApplication.refreshContext(SpringApplication.java:389)
	at org.springframework.boot.SpringApplication.run(SpringApplication.java:311)
	at org.springframework.boot.SpringApplication.run(SpringApplication.java:1213)
	at org.springframework.boot.SpringApplication.run(SpringApplication.java:1202)
	at com.ntu.datasync.DatasyncApplication.main(DatasyncApplication.java:11)
Caused by: org.springframework.beans.factory.UnsatisfiedDependencyException: Error creating bean with name 'centerSync': Unsatisfied dependency expressed through field 'bookMapper'; nested exception is org.springframework.beans.factory.BeanCreationException: Error creating bean with name 'bookMapper' defined in file [C:\Users\Lenovo\Desktop\datasync\target\classes\com\ntu\datasync\mapper\BookMapper.class]: Cannot resolve reference to bean 'SqlSessionFactory' while setting bean property 'sqlSessionFactory'; nested exception is org.springframework.beans.factory.UnsatisfiedDependencyException: Error creating bean with name 'SqlSessionFactory' defined in class path resource [com/ntu/datasync/config/DynamicDataSourceConfig.class]: Unsatisfied dependency expressed through method 'SqlSessionFactory' parameter 0; nested exception is org.springframework.beans.factory.UnsatisfiedDependencyException: Error creating bean with name 'dynamicDataSource' defined in class path resource [com/ntu/datasync/config/DynamicDataSourceConfig.class]: Unsatisfied dependency expressed through method 'DataSource' parameter 0; nested exception is org.springframework.beans.factory.BeanCreationException: Error creating bean with name 'primaryDatasourceConfig': Injection of autowired dependencies failed; nested exception is java.lang.IllegalArgumentException: Could not resolve placeholder 'spring.datasource.primary.password.password' in value "${spring.datasource.primary.password.password}"
	at org.springframework.beans.factory.annotation.AutowiredAnnotationBeanPostProcessor$AutowiredFieldElement.inject(AutowiredAnnotationBeanPostProcessor.java:596)
	at org.springframework.beans.factory.annotation.InjectionMetadata.inject(InjectionMetadata.java:90)
	at org.springframework.beans.factory.annotation.AutowiredAnnotationBeanPostProcessor.postProcessProperties(AutowiredAnnotationBeanPostProcessor.java:374)
	at org.springframework.beans.factory.support.AbstractAutowireCapableBeanFactory.populateBean(AbstractAutowireCapableBeanFactory.java:1411)
	at org.springframework.beans.factory.support.AbstractAutowireCapableBeanFactory.doCreateBean(AbstractAutowireCapableBeanFactory.java:592)
	at org.springframework.beans.factory.support.AbstractAutowireCapableBeanFactory.createBean(AbstractAutowireCapableBeanFactory.java:515)
	at org.springframework.beans.factory.support.AbstractBeanFactory.lambda$doGetBean$0(AbstractBeanFactory.java:320)
	at org.springframework.beans.factory.support.DefaultSingletonBeanRegistry.getSingleton(DefaultSingletonBeanRegistry.java:222)
	at org.springframework.beans.factory.support.AbstractBeanFactory.doGetBean(AbstractBeanFactory.java:318)
	at org.springframework.beans.factory.support.AbstractBeanFactory.getBean(AbstractBeanFactory.java:199)
	at org.springframework.beans.factory.config.DependencyDescriptor.resolveCandidate(DependencyDescriptor.java:277)
	at org.springframework.beans.factory.support.DefaultListableBeanFactory.doResolveDependency(DefaultListableBeanFactory.java:1251)
	at org.springframework.beans.factory.support.DefaultListableBeanFactory.resolveDependency(DefaultListableBeanFactory.java:1171)
	at org.springframework.beans.factory.annotation.AutowiredAnnotationBeanPostProcessor$AutowiredFieldElement.inject(AutowiredAnnotationBeanPostProcessor.java:593)
	... 19 common frames omitted
Caused by: org.springframework.beans.factory.BeanCreationException: Error creating bean with name 'bookMapper' defined in file [C:\Users\Lenovo\Desktop\datasync\target\classes\com\ntu\datasync\mapper\BookMapper.class]: Cannot resolve reference to bean 'SqlSessionFactory' while setting bean property 'sqlSessionFactory'; nested exception is org.springframework.beans.factory.UnsatisfiedDependencyException: Error creating bean with name 'SqlSessionFactory' defined in class path resource [com/ntu/datasync/config/DynamicDataSourceConfig.class]: Unsatisfied dependency expressed through method 'SqlSessionFactory' parameter 0; nested exception is org.springframework.beans.factory.UnsatisfiedDependencyException: Error creating bean with name 'dynamicDataSource' defined in class path resource [com/ntu/datasync/config/DynamicDataSourceConfig.class]: Unsatisfied dependency expressed through method 'DataSource' parameter 0; nested exception is org.springframework.beans.factory.BeanCreationException: Error creating bean with name 'primaryDatasourceConfig': Injection of autowired dependencies failed; nested exception is java.lang.IllegalArgumentException: Could not resolve placeholder 'spring.datasource.primary.password.password' in value "${spring.datasource.primary.password.password}"
	at org.springframework.beans.factory.support.BeanDefinitionValueResolver.resolveReference(BeanDefinitionValueResolver.java:314)
	at org.springframework.beans.factory.support.BeanDefinitionValueResolver.resolveValueIfNecessary(BeanDefinitionValueResolver.java:110)
	at org.springframework.beans.factory.support.AbstractAutowireCapableBeanFactory.applyPropertyValues(AbstractAutowireCapableBeanFactory.java:1681)
	at org.springframework.beans.factory.support.AbstractAutowireCapableBeanFactory.populateBean(AbstractAutowireCapableBeanFactory.java:1433)
	at org.springframework.beans.factory.support.AbstractAutowireCapableBeanFactory.doCreateBean(AbstractAutowireCapableBeanFactory.java:592)
	at org.springframework.beans.factory.support.AbstractAutowireCapableBeanFactory.createBean(AbstractAutowireCapableBeanFactory.java:515)
	at org.springframework.beans.factory.support.AbstractBeanFactory.lambda$doGetBean$0(AbstractBeanFactory.java:320)
	at org.springframework.beans.factory.support.DefaultSingletonBeanRegistry.getSingleton(DefaultSingletonBeanRegistry.java:222)
	at org.springframework.beans.factory.support.AbstractBeanFactory.doGetBean(AbstractBeanFactory.java:318)
	at org.springframework.beans.factory.support.AbstractBeanFactory.getBean(AbstractBeanFactory.java:199)
	at org.springframework.beans.factory.config.DependencyDescriptor.resolveCandidate(DependencyDescriptor.java:277)
	at org.springframework.beans.factory.support.DefaultListableBeanFactory.doResolveDependency(DefaultListableBeanFactory.java:1251)
	at org.springframework.beans.factory.support.DefaultListableBeanFactory.resolveDependency(DefaultListableBeanFactory.java:1171)
	at org.springframework.beans.factory.annotation.AutowiredAnnotationBeanPostProcessor$AutowiredFieldElement.inject(AutowiredAnnotationBeanPostProcessor.java:593)
	... 32 common frames omitted
Caused by: org.springframework.beans.factory.UnsatisfiedDependencyException: Error creating bean with name 'SqlSessionFactory' defined in class path resource [com/ntu/datasync/config/DynamicDataSourceConfig.class]: Unsatisfied dependency expressed through method 'SqlSessionFactory' parameter 0; nested exception is org.springframework.beans.factory.UnsatisfiedDependencyException: Error creating bean with name 'dynamicDataSource' defined in class path resource [com/ntu/datasync/config/DynamicDataSourceConfig.class]: Unsatisfied dependency expressed through method 'DataSource' parameter 0; nested exception is org.springframework.beans.factory.BeanCreationException: Error creating bean with name 'primaryDatasourceConfig': Injection of autowired dependencies failed; nested exception is java.lang.IllegalArgumentException: Could not resolve placeholder 'spring.datasource.primary.password.password' in value "${spring.datasource.primary.password.password}"
	at org.springframework.beans.factory.support.ConstructorResolver.createArgumentArray(ConstructorResolver.java:769)
	at org.springframework.beans.factory.support.ConstructorResolver.instantiateUsingFactoryMethod(ConstructorResolver.java:509)
	at org.springframework.beans.factory.support.AbstractAutowireCapableBeanFactory.instantiateUsingFactoryMethod(AbstractAutowireCapableBeanFactory.java:1321)
	at org.springframework.beans.factory.support.AbstractAutowireCapableBeanFactory.createBeanInstance(AbstractAutowireCapableBeanFactory.java:1160)
	at org.springframework.beans.factory.support.AbstractAutowireCapableBeanFactory.doCreateBean(AbstractAutowireCapableBeanFactory.java:555)
	at org.springframework.beans.factory.support.AbstractAutowireCapableBeanFactory.createBean(AbstractAutowireCapableBeanFactory.java:515)
	at org.springframework.beans.factory.support.AbstractBeanFactory.lambda$doGetBean$0(AbstractBeanFactory.java:320)
	at org.springframework.beans.factory.support.DefaultSingletonBeanRegistry.getSingleton(DefaultSingletonBeanRegistry.java:222)
	at org.springframework.beans.factory.support.AbstractBeanFactory.doGetBean(AbstractBeanFactory.java:318)
	at org.springframework.beans.factory.support.AbstractBeanFactory.getBean(AbstractBeanFactory.java:199)
	at org.springframework.beans.factory.support.BeanDefinitionValueResolver.resolveReference(BeanDefinitionValueResolver.java:303)
	... 45 common frames omitted
Caused by: org.springframework.beans.factory.UnsatisfiedDependencyException: Error creating bean with name 'dynamicDataSource' defined in class path resource [com/ntu/datasync/config/DynamicDataSourceConfig.class]: Unsatisfied dependency expressed through method 'DataSource' parameter 0; nested exception is org.springframework.beans.factory.BeanCreationException: Error creating bean with name 'primaryDatasourceConfig': Injection of autowired dependencies failed; nested exception is java.lang.IllegalArgumentException: Could not resolve placeholder 'spring.datasource.primary.password.password' in value "${spring.datasource.primary.password.password}"
	at org.springframework.beans.factory.support.ConstructorResolver.createArgumentArray(ConstructorResolver.java:769)
	at org.springframework.beans.factory.support.ConstructorResolver.instantiateUsingFactoryMethod(ConstructorResolver.java:509)
	at org.springframework.beans.factory.support.AbstractAutowireCapableBeanFactory.instantiateUsingFactoryMethod(AbstractAutowireCapableBeanFactory.java:1321)
	at org.springframework.beans.factory.support.AbstractAutowireCapableBeanFactory.createBeanInstance(AbstractAutowireCapableBeanFactory.java:1160)
	at org.springframework.beans.factory.support.AbstractAutowireCapableBeanFactory.doCreateBean(AbstractAutowireCapableBeanFactory.java:555)
	at org.springframework.beans.factory.support.AbstractAutowireCapableBeanFactory.createBean(AbstractAutowireCapableBeanFactory.java:515)
	at org.springframework.beans.factory.support.AbstractBeanFactory.lambda$doGetBean$0(AbstractBeanFactory.java:320)
	at org.springframework.beans.factory.support.DefaultSingletonBeanRegistry.getSingleton(DefaultSingletonBeanRegistry.java:222)
	at org.springframework.beans.factory.support.AbstractBeanFactory.doGetBean(AbstractBeanFactory.java:318)
	at org.springframework.beans.factory.support.AbstractBeanFactory.getBean(AbstractBeanFactory.java:199)
	at org.springframework.beans.factory.config.DependencyDescriptor.resolveCandidate(DependencyDescriptor.java:277)
	at org.springframework.beans.factory.support.DefaultListableBeanFactory.doResolveDependency(DefaultListableBeanFactory.java:1251)
	at org.springframework.beans.factory.support.DefaultListableBeanFactory.resolveDependency(DefaultListableBeanFactory.java:1171)
	at org.springframework.beans.factory.support.ConstructorResolver.resolveAutowiredArgument(ConstructorResolver.java:857)
	at org.springframework.beans.factory.support.ConstructorResolver.createArgumentArray(ConstructorResolver.java:760)
	... 55 common frames omitted
Caused by: org.springframework.beans.factory.BeanCreationException: Error creating bean with name 'primaryDatasourceConfig': Injection of autowired dependencies failed; nested exception is java.lang.IllegalArgumentException: Could not resolve placeholder 'spring.datasource.primary.password.password' in value "${spring.datasource.primary.password.password}"
	at org.springframework.beans.factory.annotation.AutowiredAnnotationBeanPostProcessor.postProcessProperties(AutowiredAnnotationBeanPostProcessor.java:380)
	at org.springframework.beans.factory.support.AbstractAutowireCapableBeanFactory.populateBean(AbstractAutowireCapableBeanFactory.java:1411)
	at org.springframework.beans.factory.support.AbstractAutowireCapableBeanFactory.doCreateBean(AbstractAutowireCapableBeanFactory.java:592)
	at org.springframework.beans.factory.support.AbstractAutowireCapableBeanFactory.createBean(AbstractAutowireCapableBeanFactory.java:515)
	at org.springframework.beans.factory.support.AbstractBeanFactory.lambda$doGetBean$0(AbstractBeanFactory.java:320)
	at org.springframework.beans.factory.support.DefaultSingletonBeanRegistry.getSingleton(DefaultSingletonBeanRegistry.java:222)
	at org.springframework.beans.factory.support.AbstractBeanFactory.doGetBean(AbstractBeanFactory.java:318)
	at org.springframework.beans.factory.support.AbstractBeanFactory.getBean(AbstractBeanFactory.java:199)
	at org.springframework.beans.factory.support.ConstructorResolver.instantiateUsingFactoryMethod(ConstructorResolver.java:392)
	at org.springframework.beans.factory.support.AbstractAutowireCapableBeanFactory.instantiateUsingFactoryMethod(AbstractAutowireCapableBeanFactory.java:1321)
	at org.springframework.beans.factory.support.AbstractAutowireCapableBeanFactory.createBeanInstance(AbstractAutowireCapableBeanFactory.java:1160)
	at org.springframework.beans.factory.support.AbstractAutowireCapableBeanFactory.doCreateBean(AbstractAutowireCapableBeanFactory.java:555)
	at org.springframework.beans.factory.support.AbstractAutowireCapableBeanFactory.createBean(AbstractAutowireCapableBeanFactory.java:515)
	at org.springframework.beans.factory.support.AbstractBeanFactory.lambda$doGetBean$0(AbstractBeanFactory.java:320)
	at org.springframework.beans.factory.support.DefaultSingletonBeanRegistry.getSingleton(DefaultSingletonBeanRegistry.java:222)
	at org.springframework.beans.factory.support.AbstractBeanFactory.doGetBean(AbstractBeanFactory.java:318)
	at org.springframework.beans.factory.support.AbstractBeanFactory.getBean(AbstractBeanFactory.java:199)
	at org.springframework.beans.factory.config.DependencyDescriptor.resolveCandidate(DependencyDescriptor.java:277)
	at org.springframework.beans.factory.support.DefaultListableBeanFactory.doResolveDependency(DefaultListableBeanFactory.java:1251)
	at org.springframework.beans.factory.support.DefaultListableBeanFactory.resolveDependency(DefaultListableBeanFactory.java:1171)
	at org.springframework.beans.factory.support.ConstructorResolver.resolveAutowiredArgument(ConstructorResolver.java:857)
	at org.springframework.beans.factory.support.ConstructorResolver.createArgumentArray(ConstructorResolver.java:760)
	... 69 common frames omitted
Caused by: java.lang.IllegalArgumentException: Could not resolve placeholder 'spring.datasource.primary.password.password' in value "${spring.datasource.primary.password.password}"
	at org.springframework.util.PropertyPlaceholderHelper.parseStringValue(PropertyPlaceholderHelper.java:178)
	at org.springframework.util.PropertyPlaceholderHelper.replacePlaceholders(PropertyPlaceholderHelper.java:124)
	at org.springframework.core.env.AbstractPropertyResolver.doResolvePlaceholders(AbstractPropertyResolver.java:237)
	at org.springframework.core.env.AbstractPropertyResolver.resolveRequiredPlaceholders(AbstractPropertyResolver.java:211)
	at org.springframework.context.support.PropertySourcesPlaceholderConfigurer.lambda$processProperties$0(PropertySourcesPlaceholderConfigurer.java:175)
	at org.springframework.beans.factory.support.AbstractBeanFactory.resolveEmbeddedValue(AbstractBeanFactory.java:851)
	at org.springframework.beans.factory.support.DefaultListableBeanFactory.doResolveDependency(DefaultListableBeanFactory.java:1192)
	at org.springframework.beans.factory.support.DefaultListableBeanFactory.resolveDependency(DefaultListableBeanFactory.java:1171)
	at org.springframework.beans.factory.annotation.AutowiredAnnotationBeanPostProcessor$AutowiredFieldElement.inject(AutowiredAnnotationBeanPostProcessor.java:593)
	at org.springframework.beans.factory.annotation.InjectionMetadata.inject(InjectionMetadata.java:90)
	at org.springframework.beans.factory.annotation.AutowiredAnnotationBeanPostProcessor.postProcessProperties(AutowiredAnnotationBeanPostProcessor.java:374)
	... 90 common frames omitted
