16:25:46.493 [main] INFO  com.ntu.datasync.DatasyncApplication - Starting DatasyncApplication on LAPTOP-6SA701DM with PID 17916 (C:\Users\Lenovo\Desktop\datasync\target\classes started by Lenovo in C:\Users\Lenovo\Desktop\datasync)
16:25:46.498 [main] INFO  com.ntu.datasync.DatasyncApplication - No active profile set, falling back to default profiles: default
16:25:50.379 [main] INFO  org.springframework.integration.config.DefaultConfiguringBeanFactoryPostProcessor - No bean named 'errorChannel' has been explicitly defined. Therefore, a default PublishSubscribeChannel will be created.
16:25:50.399 [main] INFO  org.springframework.integration.config.DefaultConfiguringBeanFactoryPostProcessor - No bean named 'taskScheduler' has been explicitly defined. Therefore, a default ThreadPoolTaskScheduler will be created.
16:25:50.412 [main] INFO  org.springframework.integration.config.DefaultConfiguringBeanFactoryPostProcessor - No bean named 'integrationHeaderChannelRegistry' has been explicitly defined. Therefore, a default DefaultHeaderChannelRegistry will be created.
16:25:50.661 [main] INFO  org.springframework.context.support.PostProcessorRegistrationDelegate$BeanPostProcessorChecker - Bean 'org.springframework.transaction.annotation.ProxyTransactionManagementConfiguration' of type [org.springframework.transaction.annotation.ProxyTransactionManagementConfiguration$$EnhancerBySpringCGLIB$$7395a7a2] is not eligible for getting processed by all BeanPostProcessors (for example: not eligible for auto-proxying)
16:25:50.715 [main] INFO  org.springframework.context.support.PostProcessorRegistrationDelegate$BeanPostProcessorChecker - Bean 'org.springframework.integration.config.IntegrationManagementConfiguration' of type [org.springframework.integration.config.IntegrationManagementConfiguration$$EnhancerBySpringCGLIB$$de8762d1] is not eligible for getting processed by all BeanPostProcessors (for example: not eligible for auto-proxying)
16:25:50.732 [main] INFO  org.springframework.context.support.PostProcessorRegistrationDelegate$BeanPostProcessorChecker - Bean 'integrationDisposableAutoCreatedBeans' of type [org.springframework.integration.config.annotation.Disposables] is not eligible for getting processed by all BeanPostProcessors (for example: not eligible for auto-proxying)
16:25:51.358 [main] INFO  org.springframework.boot.web.embedded.tomcat.TomcatWebServer - Tomcat initialized with port(s): 8081 (http)
16:25:51.384 [main] INFO  org.apache.coyote.http11.Http11NioProtocol - Initializing ProtocolHandler ["http-nio-8081"]
16:25:51.396 [main] INFO  org.apache.catalina.core.StandardService - Starting service [Tomcat]
16:25:51.396 [main] INFO  org.apache.catalina.core.StandardEngine - Starting Servlet engine: [Apache Tomcat/9.0.21]
16:25:51.625 [main] INFO  org.apache.catalina.core.ContainerBase.[Tomcat].[localhost].[/] - Initializing Spring embedded WebApplicationContext
16:25:51.626 [main] INFO  org.springframework.web.context.ContextLoader - Root WebApplicationContext: initialization completed in 4819 ms
16:25:52.740 [main] INFO  org.springframework.scheduling.concurrent.ThreadPoolTaskExecutor - Initializing ExecutorService 'applicationTaskExecutor'
16:25:53.281 [main] INFO  org.springframework.scheduling.concurrent.ThreadPoolTaskScheduler - Initializing ExecutorService 'taskScheduler'
16:25:53.392 [main] INFO  org.springframework.integration.endpoint.EventDrivenConsumer - Adding {logging-channel-adapter:_org.springframework.integration.errorLogger} as a subscriber to the 'errorChannel' channel
16:25:53.392 [main] INFO  org.springframework.integration.channel.PublishSubscribeChannel - Channel 'application.errorChannel' has 1 subscriber(s).
16:25:53.393 [main] INFO  org.springframework.integration.endpoint.EventDrivenConsumer - started _org.springframework.integration.errorLogger
16:25:53.401 [main] INFO  io.moquette.broker.config.ResourceLoaderConfig - Loading configuration. ResourceLoader = classpath resource, configName = null.
16:25:53.403 [main] INFO  io.moquette.broker.config.ClasspathResourceLoader - Loading resource. RelativePath = config/moquette.conf.
16:25:53.426 [main] INFO  io.moquette.broker.config.ResourceLoaderConfig - Parsing configuration properties. ResourceLoader = classpath resource, configName = null.
16:25:53.452 [main] INFO  io.moquette.broker.Server - Configuring message interceptors...
16:25:53.455 [main] INFO  io.moquette.interception.BrokerInterceptor - Initializing broker interceptor. InterceptorIds=[]
16:25:53.461 [main] INFO  io.moquette.broker.Server - Using default SSL context creator
16:25:53.464 [main] INFO  io.moquette.broker.security.ResourceAuthenticator - Loading password classpath resource config/password_file.conf
16:25:53.464 [main] INFO  io.moquette.broker.config.ClasspathResourceLoader - Loading resource. RelativePath = config/password_file.conf.
16:25:53.486 [main] INFO  io.moquette.broker.Server - An io.moquette.broker.security.ResourceAuthenticator authenticator instance will be used
16:25:53.488 [main] INFO  io.moquette.broker.Server - Parsing ACL file. Path = config/acl.conf
16:25:53.488 [main] INFO  io.moquette.broker.config.ClasspathResourceLoader - Loading resource. RelativePath = config/acl.conf.
16:25:53.495 [main] INFO  io.moquette.broker.Server - Authorizator policy io.moquette.broker.security.AuthorizationsCollector instance will be used
16:25:53.499 [main] INFO  io.moquette.broker.subscriptions.CTrieSubscriptionDirectory - Initializing CTrie
16:25:53.503 [main] INFO  io.moquette.broker.subscriptions.CTrieSubscriptionDirectory - Initializing subscriptions store...
16:25:53.565 [main] INFO  io.moquette.broker.NewNettyAcceptor - Netty is using NIO
16:25:56.013 [main] INFO  io.moquette.broker.NewNettyAcceptor - Server bound to host=0.0.0.0, port=6666, protocol=TCP MQTT
16:25:56.022 [main] INFO  io.moquette.broker.NewNettyAcceptor - Server bound to host=0.0.0.0, port=8000, protocol=Websocket MQTT
16:25:56.024 [main] INFO  io.moquette.broker.Server - Moquette integration has been started successfully in 2589 ms
16:26:01.470 [nioEventLoopGroup-3-1] INFO  io.moquette.broker.metrics.MQTTMessageLogger - C->B CONNECT <null>
16:26:01.517 [nioEventLoopGroup-3-1] INFO  io.moquette.broker.metrics.MQTTMessageLogger - C->B SUBSCRIBE <node10000000> to topics [MqttTopicSubscription[topicFilter=sync/node, qualityOfService=AT_LEAST_ONCE]]
16:26:01.521 [nioEventLoopGroup-3-1] INFO  io.moquette.broker.metrics.MQTTMessageLogger - C<-B SUBACK <node10000000> packetID <1>, grantedQoses [1]
16:26:09.569 [nioEventLoopGroup-3-2] INFO  io.moquette.broker.metrics.MQTTMessageLogger - C->B CONNECT <null>
16:26:09.573 [nioEventLoopGroup-3-2] INFO  io.moquette.broker.metrics.MQTTMessageLogger - C->B SUBSCRIBE <center> to topics [MqttTopicSubscription[topicFilter=sync/center, qualityOfService=AT_LEAST_ONCE]]
16:26:09.574 [nioEventLoopGroup-3-2] INFO  io.moquette.broker.metrics.MQTTMessageLogger - C<-B SUBACK <center> packetID <1>, grantedQoses [1]
16:26:09.586 [main] INFO  org.apache.coyote.http11.Http11NioProtocol - Starting ProtocolHandler ["http-nio-8081"]
16:26:09.635 [main] INFO  org.springframework.boot.web.embedded.tomcat.TomcatWebServer - Tomcat started on port(s): 8081 (http) with context path ''
16:26:09.640 [main] INFO  com.ntu.datasync.DatasyncApplication - Started DatasyncApplication in 25.492 seconds (JVM running for 30.744)
16:27:01.632 [center] INFO  com.zaxxer.hikari.HikariDataSource - HikariPool-1 - Starting...
16:27:02.869 [center] INFO  com.zaxxer.hikari.HikariDataSource - HikariPool-1 - Start completed.
16:27:09.575 [node] INFO  com.zaxxer.hikari.HikariDataSource - HikariPool-2 - Starting...
16:27:09.704 [node] INFO  com.zaxxer.hikari.HikariDataSource - HikariPool-2 - Start completed.
16:40:13.697 [main] INFO  com.ntu.datasync.DatasyncApplication - Starting DatasyncApplication on LAPTOP-6SA701DM with PID 19520 (C:\Users\Lenovo\Desktop\datasync\target\classes started by Lenovo in C:\Users\Lenovo\Desktop\datasync)
16:40:13.702 [main] INFO  com.ntu.datasync.DatasyncApplication - No active profile set, falling back to default profiles: default
16:40:15.709 [main] INFO  org.springframework.integration.config.DefaultConfiguringBeanFactoryPostProcessor - No bean named 'errorChannel' has been explicitly defined. Therefore, a default PublishSubscribeChannel will be created.
16:40:15.723 [main] INFO  org.springframework.integration.config.DefaultConfiguringBeanFactoryPostProcessor - No bean named 'taskScheduler' has been explicitly defined. Therefore, a default ThreadPoolTaskScheduler will be created.
16:40:15.734 [main] INFO  org.springframework.integration.config.DefaultConfiguringBeanFactoryPostProcessor - No bean named 'integrationHeaderChannelRegistry' has been explicitly defined. Therefore, a default DefaultHeaderChannelRegistry will be created.
16:40:15.887 [main] INFO  org.springframework.context.support.PostProcessorRegistrationDelegate$BeanPostProcessorChecker - Bean 'org.springframework.transaction.annotation.ProxyTransactionManagementConfiguration' of type [org.springframework.transaction.annotation.ProxyTransactionManagementConfiguration$$EnhancerBySpringCGLIB$$81d566ae] is not eligible for getting processed by all BeanPostProcessors (for example: not eligible for auto-proxying)
16:40:15.921 [main] INFO  org.springframework.context.support.PostProcessorRegistrationDelegate$BeanPostProcessorChecker - Bean 'org.springframework.integration.config.IntegrationManagementConfiguration' of type [org.springframework.integration.config.IntegrationManagementConfiguration$$EnhancerBySpringCGLIB$$ecc721dd] is not eligible for getting processed by all BeanPostProcessors (for example: not eligible for auto-proxying)
16:40:15.938 [main] INFO  org.springframework.context.support.PostProcessorRegistrationDelegate$BeanPostProcessorChecker - Bean 'integrationDisposableAutoCreatedBeans' of type [org.springframework.integration.config.annotation.Disposables] is not eligible for getting processed by all BeanPostProcessors (for example: not eligible for auto-proxying)
16:40:16.336 [main] INFO  org.springframework.boot.web.embedded.tomcat.TomcatWebServer - Tomcat initialized with port(s): 8081 (http)
16:40:16.356 [main] INFO  org.apache.coyote.http11.Http11NioProtocol - Initializing ProtocolHandler ["http-nio-8081"]
16:40:16.366 [main] INFO  org.apache.catalina.core.StandardService - Starting service [Tomcat]
16:40:16.367 [main] INFO  org.apache.catalina.core.StandardEngine - Starting Servlet engine: [Apache Tomcat/9.0.21]
16:40:16.589 [main] INFO  org.apache.catalina.core.ContainerBase.[Tomcat].[localhost].[/] - Initializing Spring embedded WebApplicationContext
16:40:16.589 [main] INFO  org.springframework.web.context.ContextLoader - Root WebApplicationContext: initialization completed in 2735 ms
16:40:17.361 [main] INFO  org.springframework.scheduling.concurrent.ThreadPoolTaskExecutor - Initializing ExecutorService 'applicationTaskExecutor'
16:40:17.761 [main] INFO  org.springframework.scheduling.concurrent.ThreadPoolTaskScheduler - Initializing ExecutorService 'taskScheduler'
16:40:17.821 [main] INFO  org.springframework.integration.endpoint.EventDrivenConsumer - Adding {logging-channel-adapter:_org.springframework.integration.errorLogger} as a subscriber to the 'errorChannel' channel
16:40:17.821 [main] INFO  org.springframework.integration.channel.PublishSubscribeChannel - Channel 'application.errorChannel' has 1 subscriber(s).
16:40:17.821 [main] INFO  org.springframework.integration.endpoint.EventDrivenConsumer - started _org.springframework.integration.errorLogger
16:40:17.829 [main] INFO  io.moquette.broker.config.ResourceLoaderConfig - Loading configuration. ResourceLoader = classpath resource, configName = null.
16:40:17.830 [main] INFO  io.moquette.broker.config.ClasspathResourceLoader - Loading resource. RelativePath = config/moquette.conf.
16:40:17.832 [main] INFO  io.moquette.broker.config.ResourceLoaderConfig - Parsing configuration properties. ResourceLoader = classpath resource, configName = null.
16:40:17.834 [main] INFO  io.moquette.broker.Server - Configuring message interceptors...
16:40:17.836 [main] INFO  io.moquette.interception.BrokerInterceptor - Initializing broker interceptor. InterceptorIds=[]
16:40:17.842 [main] INFO  io.moquette.broker.Server - Using default SSL context creator
16:40:17.845 [main] INFO  io.moquette.broker.security.ResourceAuthenticator - Loading password classpath resource config/password_file.conf
16:40:17.845 [main] INFO  io.moquette.broker.config.ClasspathResourceLoader - Loading resource. RelativePath = config/password_file.conf.
16:40:17.894 [main] INFO  io.moquette.broker.Server - An io.moquette.broker.security.ResourceAuthenticator authenticator instance will be used
16:40:17.895 [main] INFO  io.moquette.broker.Server - Parsing ACL file. Path = config/acl.conf
16:40:17.896 [main] INFO  io.moquette.broker.config.ClasspathResourceLoader - Loading resource. RelativePath = config/acl.conf.
16:40:17.901 [main] INFO  io.moquette.broker.Server - Authorizator policy io.moquette.broker.security.AuthorizationsCollector instance will be used
16:40:17.905 [main] INFO  io.moquette.broker.subscriptions.CTrieSubscriptionDirectory - Initializing CTrie
16:40:17.908 [main] INFO  io.moquette.broker.subscriptions.CTrieSubscriptionDirectory - Initializing subscriptions store...
16:40:17.937 [main] INFO  io.moquette.broker.NewNettyAcceptor - Netty is using NIO
16:40:20.329 [main] INFO  io.moquette.broker.NewNettyAcceptor - Server bound to host=0.0.0.0, port=6666, protocol=TCP MQTT
16:40:20.339 [main] INFO  io.moquette.broker.NewNettyAcceptor - Server bound to host=0.0.0.0, port=8000, protocol=Websocket MQTT
16:40:20.341 [main] INFO  io.moquette.broker.DefaultMoquetteSslContextCreator - Checking SSL configuration properties...
16:40:20.388 [main] INFO  io.moquette.broker.DefaultMoquetteSslContextCreator - Initializing SSL context. KeystorePath = serverkeystore.jks.
16:40:20.391 [main] INFO  io.moquette.broker.DefaultMoquetteSslContextCreator - Loading keystore. KeystorePath = serverkeystore.jks.
16:40:20.401 [main] INFO  io.moquette.broker.Server - Moquette integration has been started successfully in 2568 ms
16:44:47.584 [main] INFO  com.ntu.datasync.DatasyncApplication - Starting DatasyncApplication on LAPTOP-6SA701DM with PID 1552 (C:\Users\Lenovo\Desktop\datasync\target\classes started by Lenovo in C:\Users\Lenovo\Desktop\datasync)
16:44:47.590 [main] INFO  com.ntu.datasync.DatasyncApplication - No active profile set, falling back to default profiles: default
16:44:49.735 [main] INFO  org.springframework.integration.config.DefaultConfiguringBeanFactoryPostProcessor - No bean named 'errorChannel' has been explicitly defined. Therefore, a default PublishSubscribeChannel will be created.
16:44:49.753 [main] INFO  org.springframework.integration.config.DefaultConfiguringBeanFactoryPostProcessor - No bean named 'taskScheduler' has been explicitly defined. Therefore, a default ThreadPoolTaskScheduler will be created.
16:44:49.764 [main] INFO  org.springframework.integration.config.DefaultConfiguringBeanFactoryPostProcessor - No bean named 'integrationHeaderChannelRegistry' has been explicitly defined. Therefore, a default DefaultHeaderChannelRegistry will be created.
16:44:49.938 [main] INFO  org.springframework.context.support.PostProcessorRegistrationDelegate$BeanPostProcessorChecker - Bean 'org.springframework.transaction.annotation.ProxyTransactionManagementConfiguration' of type [org.springframework.transaction.annotation.ProxyTransactionManagementConfiguration$$EnhancerBySpringCGLIB$$40f9717c] is not eligible for getting processed by all BeanPostProcessors (for example: not eligible for auto-proxying)
16:44:49.974 [main] INFO  org.springframework.context.support.PostProcessorRegistrationDelegate$BeanPostProcessorChecker - Bean 'org.springframework.integration.config.IntegrationManagementConfiguration' of type [org.springframework.integration.config.IntegrationManagementConfiguration$$EnhancerBySpringCGLIB$$abeb2cab] is not eligible for getting processed by all BeanPostProcessors (for example: not eligible for auto-proxying)
16:44:49.991 [main] INFO  org.springframework.context.support.PostProcessorRegistrationDelegate$BeanPostProcessorChecker - Bean 'integrationDisposableAutoCreatedBeans' of type [org.springframework.integration.config.annotation.Disposables] is not eligible for getting processed by all BeanPostProcessors (for example: not eligible for auto-proxying)
16:44:50.407 [main] INFO  org.springframework.boot.web.embedded.tomcat.TomcatWebServer - Tomcat initialized with port(s): 8081 (http)
16:44:50.427 [main] INFO  org.apache.coyote.http11.Http11NioProtocol - Initializing ProtocolHandler ["http-nio-8081"]
16:44:50.438 [main] INFO  org.apache.catalina.core.StandardService - Starting service [Tomcat]
16:44:50.438 [main] INFO  org.apache.catalina.core.StandardEngine - Starting Servlet engine: [Apache Tomcat/9.0.21]
16:44:50.689 [main] INFO  org.apache.catalina.core.ContainerBase.[Tomcat].[localhost].[/] - Initializing Spring embedded WebApplicationContext
16:44:50.689 [main] INFO  org.springframework.web.context.ContextLoader - Root WebApplicationContext: initialization completed in 2948 ms
16:44:51.173 [main] INFO  org.apache.catalina.core.StandardService - Stopping service [Tomcat]
16:44:51.190 [main] INFO  org.springframework.boot.autoconfigure.logging.ConditionEvaluationReportLoggingListener - 

Error starting ApplicationContext. To display the conditions report re-run your application with 'debug' enabled.
16:54:34.856 [main] INFO  com.ntu.datasync.DatasyncApplication - Starting DatasyncApplication on LAPTOP-6SA701DM with PID 16112 (C:\Users\Lenovo\Desktop\datasync\target\classes started by Lenovo in C:\Users\Lenovo\Desktop\datasync)
16:54:34.861 [main] INFO  com.ntu.datasync.DatasyncApplication - No active profile set, falling back to default profiles: default
16:54:37.779 [main] INFO  org.springframework.integration.config.DefaultConfiguringBeanFactoryPostProcessor - No bean named 'errorChannel' has been explicitly defined. Therefore, a default PublishSubscribeChannel will be created.
16:54:37.792 [main] INFO  org.springframework.integration.config.DefaultConfiguringBeanFactoryPostProcessor - No bean named 'taskScheduler' has been explicitly defined. Therefore, a default ThreadPoolTaskScheduler will be created.
16:54:37.800 [main] INFO  org.springframework.integration.config.DefaultConfiguringBeanFactoryPostProcessor - No bean named 'integrationHeaderChannelRegistry' has been explicitly defined. Therefore, a default DefaultHeaderChannelRegistry will be created.
16:54:38.203 [main] INFO  org.springframework.context.support.PostProcessorRegistrationDelegate$BeanPostProcessorChecker - Bean 'org.springframework.transaction.annotation.ProxyTransactionManagementConfiguration' of type [org.springframework.transaction.annotation.ProxyTransactionManagementConfiguration$$EnhancerBySpringCGLIB$$8fc8517c] is not eligible for getting processed by all BeanPostProcessors (for example: not eligible for auto-proxying)
16:54:38.245 [main] INFO  org.springframework.context.support.PostProcessorRegistrationDelegate$BeanPostProcessorChecker - Bean 'org.springframework.integration.config.IntegrationManagementConfiguration' of type [org.springframework.integration.config.IntegrationManagementConfiguration$$EnhancerBySpringCGLIB$$faba0cab] is not eligible for getting processed by all BeanPostProcessors (for example: not eligible for auto-proxying)
16:54:38.267 [main] INFO  org.springframework.context.support.PostProcessorRegistrationDelegate$BeanPostProcessorChecker - Bean 'integrationDisposableAutoCreatedBeans' of type [org.springframework.integration.config.annotation.Disposables] is not eligible for getting processed by all BeanPostProcessors (for example: not eligible for auto-proxying)
16:54:39.999 [main] INFO  org.springframework.boot.web.embedded.tomcat.TomcatWebServer - Tomcat initialized with port(s): 8081 (http)
16:54:40.027 [main] INFO  org.apache.coyote.http11.Http11NioProtocol - Initializing ProtocolHandler ["http-nio-8081"]
16:54:40.042 [main] INFO  org.apache.catalina.core.StandardService - Starting service [Tomcat]
16:54:40.043 [main] INFO  org.apache.catalina.core.StandardEngine - Starting Servlet engine: [Apache Tomcat/9.0.21]
16:54:40.318 [main] INFO  org.apache.catalina.core.ContainerBase.[Tomcat].[localhost].[/] - Initializing Spring embedded WebApplicationContext
16:54:40.318 [main] INFO  org.springframework.web.context.ContextLoader - Root WebApplicationContext: initialization completed in 5237 ms
16:54:40.810 [main] INFO  org.apache.catalina.core.StandardService - Stopping service [Tomcat]
16:54:40.952 [main] INFO  org.springframework.boot.autoconfigure.logging.ConditionEvaluationReportLoggingListener - 

Error starting ApplicationContext. To display the conditions report re-run your application with 'debug' enabled.
16:57:05.818 [main] INFO  com.ntu.datasync.DatasyncApplication - Starting DatasyncApplication on LAPTOP-6SA701DM with PID 14500 (C:\Users\Lenovo\Desktop\datasync\target\classes started by Lenovo in C:\Users\Lenovo\Desktop\datasync)
16:57:05.827 [main] INFO  com.ntu.datasync.DatasyncApplication - No active profile set, falling back to default profiles: default
16:57:07.799 [main] INFO  org.springframework.integration.config.DefaultConfiguringBeanFactoryPostProcessor - No bean named 'errorChannel' has been explicitly defined. Therefore, a default PublishSubscribeChannel will be created.
16:57:07.815 [main] INFO  org.springframework.integration.config.DefaultConfiguringBeanFactoryPostProcessor - No bean named 'taskScheduler' has been explicitly defined. Therefore, a default ThreadPoolTaskScheduler will be created.
16:57:07.823 [main] INFO  org.springframework.integration.config.DefaultConfiguringBeanFactoryPostProcessor - No bean named 'integrationHeaderChannelRegistry' has been explicitly defined. Therefore, a default DefaultHeaderChannelRegistry will be created.
16:57:07.971 [main] INFO  org.springframework.context.support.PostProcessorRegistrationDelegate$BeanPostProcessorChecker - Bean 'org.springframework.transaction.annotation.ProxyTransactionManagementConfiguration' of type [org.springframework.transaction.annotation.ProxyTransactionManagementConfiguration$$EnhancerBySpringCGLIB$$c18d73e6] is not eligible for getting processed by all BeanPostProcessors (for example: not eligible for auto-proxying)
16:57:08.001 [main] INFO  org.springframework.context.support.PostProcessorRegistrationDelegate$BeanPostProcessorChecker - Bean 'org.springframework.integration.config.IntegrationManagementConfiguration' of type [org.springframework.integration.config.IntegrationManagementConfiguration$$EnhancerBySpringCGLIB$$2c7f2f15] is not eligible for getting processed by all BeanPostProcessors (for example: not eligible for auto-proxying)
16:57:08.026 [main] INFO  org.springframework.context.support.PostProcessorRegistrationDelegate$BeanPostProcessorChecker - Bean 'integrationDisposableAutoCreatedBeans' of type [org.springframework.integration.config.annotation.Disposables] is not eligible for getting processed by all BeanPostProcessors (for example: not eligible for auto-proxying)
16:57:08.565 [main] INFO  org.springframework.boot.web.embedded.tomcat.TomcatWebServer - Tomcat initialized with port(s): 8081 (http)
16:57:08.587 [main] INFO  org.apache.coyote.http11.Http11NioProtocol - Initializing ProtocolHandler ["http-nio-8081"]
16:57:08.599 [main] INFO  org.apache.catalina.core.StandardService - Starting service [Tomcat]
16:57:08.599 [main] INFO  org.apache.catalina.core.StandardEngine - Starting Servlet engine: [Apache Tomcat/9.0.21]
16:57:08.805 [main] INFO  org.apache.catalina.core.ContainerBase.[Tomcat].[localhost].[/] - Initializing Spring embedded WebApplicationContext
16:57:08.806 [main] INFO  org.springframework.web.context.ContextLoader - Root WebApplicationContext: initialization completed in 2816 ms
16:57:09.330 [main] INFO  org.apache.catalina.core.StandardService - Stopping service [Tomcat]
16:57:09.345 [main] INFO  org.springframework.boot.autoconfigure.logging.ConditionEvaluationReportLoggingListener - 

Error starting ApplicationContext. To display the conditions report re-run your application with 'debug' enabled.
17:01:27.560 [main] INFO  com.ntu.datasync.DatasyncApplication - Starting DatasyncApplication on LAPTOP-6SA701DM with PID 3784 (C:\Users\Lenovo\Desktop\datasync\target\classes started by Lenovo in C:\Users\Lenovo\Desktop\datasync)
17:01:27.566 [main] INFO  com.ntu.datasync.DatasyncApplication - No active profile set, falling back to default profiles: default
17:01:29.950 [main] INFO  org.springframework.integration.config.DefaultConfiguringBeanFactoryPostProcessor - No bean named 'errorChannel' has been explicitly defined. Therefore, a default PublishSubscribeChannel will be created.
17:01:29.964 [main] INFO  org.springframework.integration.config.DefaultConfiguringBeanFactoryPostProcessor - No bean named 'taskScheduler' has been explicitly defined. Therefore, a default ThreadPoolTaskScheduler will be created.
17:01:29.972 [main] INFO  org.springframework.integration.config.DefaultConfiguringBeanFactoryPostProcessor - No bean named 'integrationHeaderChannelRegistry' has been explicitly defined. Therefore, a default DefaultHeaderChannelRegistry will be created.
17:01:30.138 [main] INFO  org.springframework.context.support.PostProcessorRegistrationDelegate$BeanPostProcessorChecker - Bean 'org.springframework.transaction.annotation.ProxyTransactionManagementConfiguration' of type [org.springframework.transaction.annotation.ProxyTransactionManagementConfiguration$$EnhancerBySpringCGLIB$$adf1634a] is not eligible for getting processed by all BeanPostProcessors (for example: not eligible for auto-proxying)
17:01:30.183 [main] INFO  org.springframework.context.support.PostProcessorRegistrationDelegate$BeanPostProcessorChecker - Bean 'org.springframework.integration.config.IntegrationManagementConfiguration' of type [org.springframework.integration.config.IntegrationManagementConfiguration$$EnhancerBySpringCGLIB$$18e31e79] is not eligible for getting processed by all BeanPostProcessors (for example: not eligible for auto-proxying)
17:01:30.205 [main] INFO  org.springframework.context.support.PostProcessorRegistrationDelegate$BeanPostProcessorChecker - Bean 'integrationDisposableAutoCreatedBeans' of type [org.springframework.integration.config.annotation.Disposables] is not eligible for getting processed by all BeanPostProcessors (for example: not eligible for auto-proxying)
17:01:30.606 [main] INFO  org.springframework.boot.web.embedded.tomcat.TomcatWebServer - Tomcat initialized with port(s): 8081 (http)
17:01:30.625 [main] INFO  org.apache.coyote.http11.Http11NioProtocol - Initializing ProtocolHandler ["http-nio-8081"]
17:01:30.634 [main] INFO  org.apache.catalina.core.StandardService - Starting service [Tomcat]
17:01:30.635 [main] INFO  org.apache.catalina.core.StandardEngine - Starting Servlet engine: [Apache Tomcat/9.0.21]
17:01:30.875 [main] INFO  org.apache.catalina.core.ContainerBase.[Tomcat].[localhost].[/] - Initializing Spring embedded WebApplicationContext
17:01:30.876 [main] INFO  org.springframework.web.context.ContextLoader - Root WebApplicationContext: initialization completed in 3175 ms
17:01:31.590 [main] INFO  org.springframework.scheduling.concurrent.ThreadPoolTaskExecutor - Initializing ExecutorService 'applicationTaskExecutor'
17:01:31.991 [main] INFO  org.springframework.scheduling.concurrent.ThreadPoolTaskScheduler - Initializing ExecutorService 'taskScheduler'
17:01:32.055 [main] INFO  org.springframework.integration.endpoint.EventDrivenConsumer - Adding {logging-channel-adapter:_org.springframework.integration.errorLogger} as a subscriber to the 'errorChannel' channel
17:01:32.055 [main] INFO  org.springframework.integration.channel.PublishSubscribeChannel - Channel 'application.errorChannel' has 1 subscriber(s).
17:01:32.055 [main] INFO  org.springframework.integration.endpoint.EventDrivenConsumer - started _org.springframework.integration.errorLogger
17:01:32.064 [main] INFO  io.moquette.broker.config.ResourceLoaderConfig - Loading configuration. ResourceLoader = classpath resource, configName = null.
17:01:32.065 [main] INFO  io.moquette.broker.config.ClasspathResourceLoader - Loading resource. RelativePath = config/moquette.conf.
17:01:32.066 [main] INFO  io.moquette.broker.config.ResourceLoaderConfig - Parsing configuration properties. ResourceLoader = classpath resource, configName = null.
17:01:32.084 [main] INFO  io.moquette.broker.Server - Configuring message interceptors...
17:01:32.085 [main] INFO  io.moquette.interception.BrokerInterceptor - Initializing broker interceptor. InterceptorIds=[]
17:01:32.091 [main] INFO  io.moquette.broker.Server - Using default SSL context creator
17:01:32.093 [main] INFO  io.moquette.broker.security.ResourceAuthenticator - Loading password classpath resource config/password_file.conf
17:01:32.093 [main] INFO  io.moquette.broker.config.ClasspathResourceLoader - Loading resource. RelativePath = config/password_file.conf.
17:01:32.106 [main] INFO  io.moquette.broker.Server - An io.moquette.broker.security.ResourceAuthenticator authenticator instance will be used
17:01:32.108 [main] INFO  io.moquette.broker.Server - Parsing ACL file. Path = config/acl.conf
17:01:32.108 [main] INFO  io.moquette.broker.config.ClasspathResourceLoader - Loading resource. RelativePath = config/acl.conf.
17:01:32.112 [main] INFO  io.moquette.broker.Server - Authorizator policy io.moquette.broker.security.AuthorizationsCollector instance will be used
17:01:32.116 [main] INFO  io.moquette.broker.subscriptions.CTrieSubscriptionDirectory - Initializing CTrie
17:01:32.119 [main] INFO  io.moquette.broker.subscriptions.CTrieSubscriptionDirectory - Initializing subscriptions store...
17:01:32.148 [main] INFO  io.moquette.broker.NewNettyAcceptor - Netty is using NIO
17:01:34.623 [main] INFO  io.moquette.broker.NewNettyAcceptor - Server bound to host=0.0.0.0, port=6666, protocol=TCP MQTT
17:01:34.633 [main] INFO  io.moquette.broker.NewNettyAcceptor - Server bound to host=0.0.0.0, port=8000, protocol=Websocket MQTT
17:01:34.635 [main] INFO  io.moquette.broker.DefaultMoquetteSslContextCreator - Checking SSL configuration properties...
17:01:34.637 [main] INFO  io.moquette.broker.DefaultMoquetteSslContextCreator - Initializing SSL context. KeystorePath = serverkeystore.jks.
17:01:34.639 [main] INFO  io.moquette.broker.DefaultMoquetteSslContextCreator - Loading keystore. KeystorePath = serverkeystore.jks.
17:01:34.643 [main] INFO  io.moquette.broker.Server - Moquette integration has been started successfully in 2560 ms
17:01:39.802 [nioEventLoopGroup-3-1] INFO  io.moquette.broker.metrics.MQTTMessageLogger - C->B CONNECT <null>
17:01:39.830 [nioEventLoopGroup-3-1] INFO  io.moquette.broker.metrics.MQTTMessageLogger - C->B SUBSCRIBE <node10000000> to topics [MqttTopicSubscription[topicFilter=sync/node, qualityOfService=AT_LEAST_ONCE]]
17:01:39.833 [nioEventLoopGroup-3-1] INFO  io.moquette.broker.metrics.MQTTMessageLogger - C<-B SUBACK <node10000000> packetID <1>, grantedQoses [1]
17:01:47.863 [nioEventLoopGroup-3-2] INFO  io.moquette.broker.metrics.MQTTMessageLogger - C->B CONNECT <null>
17:01:47.866 [nioEventLoopGroup-3-2] INFO  io.moquette.broker.metrics.MQTTMessageLogger - C->B SUBSCRIBE <center> to topics [MqttTopicSubscription[topicFilter=sync/center, qualityOfService=AT_LEAST_ONCE]]
17:01:47.866 [nioEventLoopGroup-3-2] INFO  io.moquette.broker.metrics.MQTTMessageLogger - C<-B SUBACK <center> packetID <1>, grantedQoses [1]
17:01:47.874 [main] INFO  org.apache.coyote.http11.Http11NioProtocol - Starting ProtocolHandler ["http-nio-8081"]
17:01:47.897 [main] INFO  org.springframework.boot.web.embedded.tomcat.TomcatWebServer - Tomcat started on port(s): 8081 (http) with context path ''
17:01:47.901 [main] INFO  com.ntu.datasync.DatasyncApplication - Started DatasyncApplication in 21.466 seconds (JVM running for 25.144)
17:02:11.935 [main] INFO  com.ntu.datasync.DatasyncApplication - Starting DatasyncApplication on LAPTOP-6SA701DM with PID 18088 (C:\Users\Lenovo\Desktop\datasync\target\classes started by Lenovo in C:\Users\Lenovo\Desktop\datasync)
17:02:11.940 [main] INFO  com.ntu.datasync.DatasyncApplication - No active profile set, falling back to default profiles: default
17:02:13.852 [main] INFO  org.springframework.integration.config.DefaultConfiguringBeanFactoryPostProcessor - No bean named 'errorChannel' has been explicitly defined. Therefore, a default PublishSubscribeChannel will be created.
17:02:13.864 [main] INFO  org.springframework.integration.config.DefaultConfiguringBeanFactoryPostProcessor - No bean named 'taskScheduler' has been explicitly defined. Therefore, a default ThreadPoolTaskScheduler will be created.
17:02:13.874 [main] INFO  org.springframework.integration.config.DefaultConfiguringBeanFactoryPostProcessor - No bean named 'integrationHeaderChannelRegistry' has been explicitly defined. Therefore, a default DefaultHeaderChannelRegistry will be created.
17:02:14.013 [main] INFO  org.springframework.context.support.PostProcessorRegistrationDelegate$BeanPostProcessorChecker - Bean 'org.springframework.transaction.annotation.ProxyTransactionManagementConfiguration' of type [org.springframework.transaction.annotation.ProxyTransactionManagementConfiguration$$EnhancerBySpringCGLIB$$247f80ae] is not eligible for getting processed by all BeanPostProcessors (for example: not eligible for auto-proxying)
17:02:14.042 [main] INFO  org.springframework.context.support.PostProcessorRegistrationDelegate$BeanPostProcessorChecker - Bean 'org.springframework.integration.config.IntegrationManagementConfiguration' of type [org.springframework.integration.config.IntegrationManagementConfiguration$$EnhancerBySpringCGLIB$$8f713bdd] is not eligible for getting processed by all BeanPostProcessors (for example: not eligible for auto-proxying)
17:02:14.062 [main] INFO  org.springframework.context.support.PostProcessorRegistrationDelegate$BeanPostProcessorChecker - Bean 'integrationDisposableAutoCreatedBeans' of type [org.springframework.integration.config.annotation.Disposables] is not eligible for getting processed by all BeanPostProcessors (for example: not eligible for auto-proxying)
17:02:14.462 [main] INFO  org.springframework.boot.web.embedded.tomcat.TomcatWebServer - Tomcat initialized with port(s): 8081 (http)
17:02:14.480 [main] INFO  org.apache.coyote.http11.Http11NioProtocol - Initializing ProtocolHandler ["http-nio-8081"]
17:02:14.492 [main] INFO  org.apache.catalina.core.StandardService - Starting service [Tomcat]
17:02:14.492 [main] INFO  org.apache.catalina.core.StandardEngine - Starting Servlet engine: [Apache Tomcat/9.0.21]
17:02:14.717 [main] INFO  org.apache.catalina.core.ContainerBase.[Tomcat].[localhost].[/] - Initializing Spring embedded WebApplicationContext
17:02:14.717 [main] INFO  org.springframework.web.context.ContextLoader - Root WebApplicationContext: initialization completed in 2650 ms
17:02:15.444 [main] INFO  org.springframework.scheduling.concurrent.ThreadPoolTaskExecutor - Initializing ExecutorService 'applicationTaskExecutor'
17:02:15.857 [main] INFO  org.springframework.scheduling.concurrent.ThreadPoolTaskScheduler - Initializing ExecutorService 'taskScheduler'
17:02:15.913 [main] INFO  org.springframework.integration.endpoint.EventDrivenConsumer - Adding {logging-channel-adapter:_org.springframework.integration.errorLogger} as a subscriber to the 'errorChannel' channel
17:02:15.914 [main] INFO  org.springframework.integration.channel.PublishSubscribeChannel - Channel 'application.errorChannel' has 1 subscriber(s).
17:02:15.914 [main] INFO  org.springframework.integration.endpoint.EventDrivenConsumer - started _org.springframework.integration.errorLogger
17:02:15.922 [main] INFO  io.moquette.broker.config.ResourceLoaderConfig - Loading configuration. ResourceLoader = classpath resource, configName = null.
17:02:15.924 [main] INFO  io.moquette.broker.config.ClasspathResourceLoader - Loading resource. RelativePath = config/moquette.conf.
17:02:15.925 [main] INFO  io.moquette.broker.config.ResourceLoaderConfig - Parsing configuration properties. ResourceLoader = classpath resource, configName = null.
17:02:15.927 [main] INFO  io.moquette.broker.Server - Configuring message interceptors...
17:02:15.929 [main] INFO  io.moquette.interception.BrokerInterceptor - Initializing broker interceptor. InterceptorIds=[]
17:02:15.933 [main] INFO  io.moquette.broker.Server - Using default SSL context creator
17:02:15.936 [main] INFO  io.moquette.broker.security.ResourceAuthenticator - Loading password classpath resource config/password_file.conf
17:02:15.936 [main] INFO  io.moquette.broker.config.ClasspathResourceLoader - Loading resource. RelativePath = config/password_file.conf.
17:02:15.938 [main] INFO  io.moquette.broker.Server - An io.moquette.broker.security.ResourceAuthenticator authenticator instance will be used
17:02:15.939 [main] INFO  io.moquette.broker.Server - Parsing ACL file. Path = config/acl.conf
17:02:15.939 [main] INFO  io.moquette.broker.config.ClasspathResourceLoader - Loading resource. RelativePath = config/acl.conf.
17:02:15.944 [main] INFO  io.moquette.broker.Server - Authorizator policy io.moquette.broker.security.AuthorizationsCollector instance will be used
17:02:15.948 [main] INFO  io.moquette.broker.subscriptions.CTrieSubscriptionDirectory - Initializing CTrie
17:02:15.951 [main] INFO  io.moquette.broker.subscriptions.CTrieSubscriptionDirectory - Initializing subscriptions store...
17:02:15.977 [main] INFO  io.moquette.broker.NewNettyAcceptor - Netty is using NIO
17:02:18.324 [main] INFO  io.moquette.broker.NewNettyAcceptor - Server bound to host=0.0.0.0, port=6666, protocol=TCP MQTT
17:02:18.333 [main] INFO  io.moquette.broker.NewNettyAcceptor - Server bound to host=0.0.0.0, port=8000, protocol=Websocket MQTT
17:02:18.335 [main] INFO  io.moquette.broker.Server - Moquette integration has been started successfully in 2409 ms
17:02:23.488 [nioEventLoopGroup-3-1] INFO  io.moquette.broker.metrics.MQTTMessageLogger - C->B CONNECT <null>
17:02:23.512 [nioEventLoopGroup-3-1] INFO  io.moquette.broker.metrics.MQTTMessageLogger - C->B SUBSCRIBE <node10000000> to topics [MqttTopicSubscription[topicFilter=sync/node, qualityOfService=AT_LEAST_ONCE]]
17:02:23.516 [nioEventLoopGroup-3-1] INFO  io.moquette.broker.metrics.MQTTMessageLogger - C<-B SUBACK <node10000000> packetID <1>, grantedQoses [1]
17:02:31.543 [nioEventLoopGroup-3-2] INFO  io.moquette.broker.metrics.MQTTMessageLogger - C->B CONNECT <null>
17:02:31.546 [nioEventLoopGroup-3-2] INFO  io.moquette.broker.metrics.MQTTMessageLogger - C->B SUBSCRIBE <center> to topics [MqttTopicSubscription[topicFilter=sync/center, qualityOfService=AT_LEAST_ONCE]]
17:02:31.546 [nioEventLoopGroup-3-2] INFO  io.moquette.broker.metrics.MQTTMessageLogger - C<-B SUBACK <center> packetID <1>, grantedQoses [1]
17:02:31.553 [main] INFO  org.apache.coyote.http11.Http11NioProtocol - Starting ProtocolHandler ["http-nio-8081"]
17:02:31.578 [main] INFO  org.springframework.boot.web.embedded.tomcat.TomcatWebServer - Tomcat started on port(s): 8081 (http) with context path ''
17:02:31.585 [main] INFO  com.ntu.datasync.DatasyncApplication - Started DatasyncApplication in 20.706 seconds (JVM running for 23.895)
17:03:23.545 [center] INFO  com.zaxxer.hikari.HikariDataSource - HikariPool-1 - Starting...
17:03:24.038 [center] INFO  com.zaxxer.hikari.HikariDataSource - HikariPool-1 - Start completed.
17:03:31.549 [node] INFO  com.zaxxer.hikari.HikariDataSource - HikariPool-2 - Starting...
17:03:31.556 [node] INFO  com.zaxxer.hikari.HikariDataSource - HikariPool-2 - Start completed.
17:08:08.042 [main] INFO  com.ntu.datasync.DatasyncApplication - Starting DatasyncApplication on LAPTOP-6SA701DM with PID 7732 (C:\Users\Lenovo\Desktop\datasync\target\classes started by Lenovo in C:\Users\Lenovo\Desktop\datasync)
17:08:08.048 [main] INFO  com.ntu.datasync.DatasyncApplication - No active profile set, falling back to default profiles: default
17:08:10.962 [main] INFO  org.springframework.integration.config.DefaultConfiguringBeanFactoryPostProcessor - No bean named 'errorChannel' has been explicitly defined. Therefore, a default PublishSubscribeChannel will be created.
17:08:10.975 [main] INFO  org.springframework.integration.config.DefaultConfiguringBeanFactoryPostProcessor - No bean named 'taskScheduler' has been explicitly defined. Therefore, a default ThreadPoolTaskScheduler will be created.
17:08:10.983 [main] INFO  org.springframework.integration.config.DefaultConfiguringBeanFactoryPostProcessor - No bean named 'integrationHeaderChannelRegistry' has been explicitly defined. Therefore, a default DefaultHeaderChannelRegistry will be created.
17:08:11.136 [main] INFO  org.springframework.context.support.PostProcessorRegistrationDelegate$BeanPostProcessorChecker - Bean 'org.springframework.transaction.annotation.ProxyTransactionManagementConfiguration' of type [org.springframework.transaction.annotation.ProxyTransactionManagementConfiguration$$EnhancerBySpringCGLIB$$4ca46ff9] is not eligible for getting processed by all BeanPostProcessors (for example: not eligible for auto-proxying)
17:08:11.169 [main] INFO  org.springframework.context.support.PostProcessorRegistrationDelegate$BeanPostProcessorChecker - Bean 'org.springframework.integration.config.IntegrationManagementConfiguration' of type [org.springframework.integration.config.IntegrationManagementConfiguration$$EnhancerBySpringCGLIB$$b7962b28] is not eligible for getting processed by all BeanPostProcessors (for example: not eligible for auto-proxying)
17:08:11.187 [main] INFO  org.springframework.context.support.PostProcessorRegistrationDelegate$BeanPostProcessorChecker - Bean 'integrationDisposableAutoCreatedBeans' of type [org.springframework.integration.config.annotation.Disposables] is not eligible for getting processed by all BeanPostProcessors (for example: not eligible for auto-proxying)
17:08:11.623 [main] INFO  org.springframework.boot.web.embedded.tomcat.TomcatWebServer - Tomcat initialized with port(s): 8081 (http)
17:08:11.678 [main] INFO  org.apache.coyote.http11.Http11NioProtocol - Initializing ProtocolHandler ["http-nio-8081"]
17:08:11.698 [main] INFO  org.apache.catalina.core.StandardService - Starting service [Tomcat]
17:08:11.698 [main] INFO  org.apache.catalina.core.StandardEngine - Starting Servlet engine: [Apache Tomcat/9.0.21]
17:08:12.034 [main] INFO  org.apache.catalina.core.ContainerBase.[Tomcat].[localhost].[/] - Initializing Spring embedded WebApplicationContext
17:08:12.034 [main] INFO  org.springframework.web.context.ContextLoader - Root WebApplicationContext: initialization completed in 3797 ms
17:08:13.086 [main] INFO  org.springframework.scheduling.concurrent.ThreadPoolTaskExecutor - Initializing ExecutorService 'applicationTaskExecutor'
17:08:13.513 [main] INFO  org.springframework.scheduling.concurrent.ThreadPoolTaskScheduler - Initializing ExecutorService 'taskScheduler'
17:08:13.572 [main] INFO  org.springframework.integration.endpoint.EventDrivenConsumer - Adding {logging-channel-adapter:_org.springframework.integration.errorLogger} as a subscriber to the 'errorChannel' channel
17:08:13.573 [main] INFO  org.springframework.integration.channel.PublishSubscribeChannel - Channel 'application.errorChannel' has 1 subscriber(s).
17:08:13.573 [main] INFO  org.springframework.integration.endpoint.EventDrivenConsumer - started _org.springframework.integration.errorLogger
17:08:13.582 [main] INFO  io.moquette.broker.config.ResourceLoaderConfig - Loading configuration. ResourceLoader = classpath resource, configName = null.
17:08:13.584 [main] INFO  io.moquette.broker.config.ClasspathResourceLoader - Loading resource. RelativePath = config/moquette.conf.
17:08:13.584 [main] INFO  io.moquette.broker.config.ResourceLoaderConfig - Parsing configuration properties. ResourceLoader = classpath resource, configName = null.
17:08:13.598 [main] INFO  io.moquette.broker.Server - Configuring message interceptors...
17:08:13.599 [main] INFO  io.moquette.interception.BrokerInterceptor - Initializing broker interceptor. InterceptorIds=[]
17:08:13.603 [main] INFO  io.moquette.broker.Server - Using default SSL context creator
17:08:13.606 [main] INFO  io.moquette.broker.security.ResourceAuthenticator - Loading password classpath resource config/password_file.conf
17:08:13.606 [main] INFO  io.moquette.broker.config.ClasspathResourceLoader - Loading resource. RelativePath = config/password_file.conf.
17:08:13.608 [main] INFO  io.moquette.broker.Server - An io.moquette.broker.security.ResourceAuthenticator authenticator instance will be used
17:08:13.609 [main] INFO  io.moquette.broker.Server - Parsing ACL file. Path = config/acl.conf
17:08:13.610 [main] INFO  io.moquette.broker.config.ClasspathResourceLoader - Loading resource. RelativePath = config/acl.conf.
17:08:13.615 [main] INFO  io.moquette.broker.Server - Authorizator policy io.moquette.broker.security.AuthorizationsCollector instance will be used
17:08:13.619 [main] INFO  io.moquette.broker.subscriptions.CTrieSubscriptionDirectory - Initializing CTrie
17:08:13.622 [main] INFO  io.moquette.broker.subscriptions.CTrieSubscriptionDirectory - Initializing subscriptions store...
17:08:13.651 [main] INFO  io.moquette.broker.NewNettyAcceptor - Netty is using NIO
17:08:17.002 [main] INFO  io.moquette.broker.NewNettyAcceptor - Server bound to host=0.0.0.0, port=6666, protocol=TCP MQTT
17:08:17.012 [main] INFO  io.moquette.broker.NewNettyAcceptor - Server bound to host=0.0.0.0, port=8000, protocol=Websocket MQTT
17:08:17.014 [main] INFO  io.moquette.broker.Server - Moquette integration has been started successfully in 3417 ms
17:08:22.184 [nioEventLoopGroup-3-1] INFO  io.moquette.broker.metrics.MQTTMessageLogger - C->B CONNECT <null>
17:08:22.213 [nioEventLoopGroup-3-1] INFO  io.moquette.broker.metrics.MQTTMessageLogger - C->B SUBSCRIBE <node10000000> to topics [MqttTopicSubscription[topicFilter=sync/node, qualityOfService=AT_LEAST_ONCE]]
17:08:22.217 [nioEventLoopGroup-3-1] INFO  io.moquette.broker.metrics.MQTTMessageLogger - C<-B SUBACK <node10000000> packetID <1>, grantedQoses [1]
17:08:30.246 [nioEventLoopGroup-3-2] INFO  io.moquette.broker.metrics.MQTTMessageLogger - C->B CONNECT <null>
17:08:30.250 [nioEventLoopGroup-3-2] INFO  io.moquette.broker.metrics.MQTTMessageLogger - C->B SUBSCRIBE <center> to topics [MqttTopicSubscription[topicFilter=sync/center, qualityOfService=AT_LEAST_ONCE]]
17:08:30.250 [nioEventLoopGroup-3-2] INFO  io.moquette.broker.metrics.MQTTMessageLogger - C<-B SUBACK <center> packetID <1>, grantedQoses [1]
17:08:30.258 [main] INFO  org.apache.coyote.http11.Http11NioProtocol - Starting ProtocolHandler ["http-nio-8081"]
17:08:30.286 [main] INFO  org.springframework.boot.web.embedded.tomcat.TomcatWebServer - Tomcat started on port(s): 8081 (http) with context path ''
17:08:30.292 [main] INFO  com.ntu.datasync.DatasyncApplication - Started DatasyncApplication in 23.334 seconds (JVM running for 26.994)
17:09:22.244 [center] INFO  com.zaxxer.hikari.HikariDataSource - HikariPool-1 - Starting...
17:09:22.738 [center] INFO  com.zaxxer.hikari.HikariDataSource - HikariPool-1 - Start completed.
17:09:30.252 [node] INFO  com.zaxxer.hikari.HikariDataSource - HikariPool-2 - Starting...
17:09:30.259 [node] INFO  com.zaxxer.hikari.HikariDataSource - HikariPool-2 - Start completed.
17:25:08.571 [main] INFO  com.ntu.datasync.DatasyncApplication - Starting DatasyncApplication on LAPTOP-6SA701DM with PID 9292 (C:\Users\Lenovo\Desktop\datasync\target\classes started by Lenovo in C:\Users\Lenovo\Desktop\datasync)
17:25:08.576 [main] INFO  com.ntu.datasync.DatasyncApplication - No active profile set, falling back to default profiles: default
17:25:10.689 [main] INFO  org.springframework.integration.config.DefaultConfiguringBeanFactoryPostProcessor - No bean named 'errorChannel' has been explicitly defined. Therefore, a default PublishSubscribeChannel will be created.
17:25:10.701 [main] INFO  org.springframework.integration.config.DefaultConfiguringBeanFactoryPostProcessor - No bean named 'taskScheduler' has been explicitly defined. Therefore, a default ThreadPoolTaskScheduler will be created.
17:25:10.708 [main] INFO  org.springframework.integration.config.DefaultConfiguringBeanFactoryPostProcessor - No bean named 'integrationHeaderChannelRegistry' has been explicitly defined. Therefore, a default DefaultHeaderChannelRegistry will be created.
17:25:10.844 [main] INFO  org.springframework.context.support.PostProcessorRegistrationDelegate$BeanPostProcessorChecker - Bean 'org.springframework.transaction.annotation.ProxyTransactionManagementConfiguration' of type [org.springframework.transaction.annotation.ProxyTransactionManagementConfiguration$$EnhancerBySpringCGLIB$$c2f9d394] is not eligible for getting processed by all BeanPostProcessors (for example: not eligible for auto-proxying)
17:25:10.873 [main] INFO  org.springframework.context.support.PostProcessorRegistrationDelegate$BeanPostProcessorChecker - Bean 'org.springframework.integration.config.IntegrationManagementConfiguration' of type [org.springframework.integration.config.IntegrationManagementConfiguration$$EnhancerBySpringCGLIB$$2deb8ec3] is not eligible for getting processed by all BeanPostProcessors (for example: not eligible for auto-proxying)
17:25:10.888 [main] INFO  org.springframework.context.support.PostProcessorRegistrationDelegate$BeanPostProcessorChecker - Bean 'integrationDisposableAutoCreatedBeans' of type [org.springframework.integration.config.annotation.Disposables] is not eligible for getting processed by all BeanPostProcessors (for example: not eligible for auto-proxying)
17:25:11.263 [main] INFO  org.springframework.boot.web.embedded.tomcat.TomcatWebServer - Tomcat initialized with port(s): 8081 (http)
17:25:11.282 [main] INFO  org.apache.coyote.http11.Http11NioProtocol - Initializing ProtocolHandler ["http-nio-8081"]
17:25:11.293 [main] INFO  org.apache.catalina.core.StandardService - Starting service [Tomcat]
17:25:11.293 [main] INFO  org.apache.catalina.core.StandardEngine - Starting Servlet engine: [Apache Tomcat/9.0.21]
17:25:11.543 [main] INFO  org.apache.catalina.core.ContainerBase.[Tomcat].[localhost].[/] - Initializing Spring embedded WebApplicationContext
17:25:11.543 [main] INFO  org.springframework.web.context.ContextLoader - Root WebApplicationContext: initialization completed in 2822 ms
17:25:12.258 [main] INFO  org.apache.catalina.core.StandardService - Stopping service [Tomcat]
17:25:12.296 [main] INFO  org.springframework.boot.autoconfigure.logging.ConditionEvaluationReportLoggingListener - 

Error starting ApplicationContext. To display the conditions report re-run your application with 'debug' enabled.
17:29:57.076 [main] INFO  com.ntu.datasync.DatasyncApplication - Starting DatasyncApplication on LAPTOP-6SA701DM with PID 24136 (C:\Users\Lenovo\Desktop\datasync\target\classes started by Lenovo in C:\Users\Lenovo\Desktop\datasync)
17:29:57.082 [main] INFO  com.ntu.datasync.DatasyncApplication - No active profile set, falling back to default profiles: default
17:29:58.877 [main] INFO  org.springframework.integration.config.DefaultConfiguringBeanFactoryPostProcessor - No bean named 'errorChannel' has been explicitly defined. Therefore, a default PublishSubscribeChannel will be created.
17:29:58.892 [main] INFO  org.springframework.integration.config.DefaultConfiguringBeanFactoryPostProcessor - No bean named 'taskScheduler' has been explicitly defined. Therefore, a default ThreadPoolTaskScheduler will be created.
17:29:58.899 [main] INFO  org.springframework.integration.config.DefaultConfiguringBeanFactoryPostProcessor - No bean named 'integrationHeaderChannelRegistry' has been explicitly defined. Therefore, a default DefaultHeaderChannelRegistry will be created.
17:29:59.034 [main] INFO  org.springframework.context.support.PostProcessorRegistrationDelegate$BeanPostProcessorChecker - Bean 'org.springframework.transaction.annotation.ProxyTransactionManagementConfiguration' of type [org.springframework.transaction.annotation.ProxyTransactionManagementConfiguration$$EnhancerBySpringCGLIB$$90540235] is not eligible for getting processed by all BeanPostProcessors (for example: not eligible for auto-proxying)
17:29:59.063 [main] INFO  org.springframework.context.support.PostProcessorRegistrationDelegate$BeanPostProcessorChecker - Bean 'org.springframework.integration.config.IntegrationManagementConfiguration' of type [org.springframework.integration.config.IntegrationManagementConfiguration$$EnhancerBySpringCGLIB$$fb45bd64] is not eligible for getting processed by all BeanPostProcessors (for example: not eligible for auto-proxying)
17:29:59.079 [main] INFO  org.springframework.context.support.PostProcessorRegistrationDelegate$BeanPostProcessorChecker - Bean 'integrationDisposableAutoCreatedBeans' of type [org.springframework.integration.config.annotation.Disposables] is not eligible for getting processed by all BeanPostProcessors (for example: not eligible for auto-proxying)
17:29:59.567 [main] INFO  org.springframework.boot.web.embedded.tomcat.TomcatWebServer - Tomcat initialized with port(s): 8081 (http)
17:29:59.591 [main] INFO  org.apache.coyote.http11.Http11NioProtocol - Initializing ProtocolHandler ["http-nio-8081"]
17:29:59.605 [main] INFO  org.apache.catalina.core.StandardService - Starting service [Tomcat]
17:29:59.605 [main] INFO  org.apache.catalina.core.StandardEngine - Starting Servlet engine: [Apache Tomcat/9.0.21]
17:29:59.845 [main] INFO  org.apache.catalina.core.ContainerBase.[Tomcat].[localhost].[/] - Initializing Spring embedded WebApplicationContext
17:29:59.845 [main] INFO  org.springframework.web.context.ContextLoader - Root WebApplicationContext: initialization completed in 2661 ms
17:30:00.564 [main] INFO  org.springframework.scheduling.concurrent.ThreadPoolTaskExecutor - Initializing ExecutorService 'applicationTaskExecutor'
17:30:00.957 [main] INFO  org.springframework.scheduling.concurrent.ThreadPoolTaskScheduler - Initializing ExecutorService 'taskScheduler'
17:30:01.016 [main] INFO  org.springframework.integration.endpoint.EventDrivenConsumer - Adding {logging-channel-adapter:_org.springframework.integration.errorLogger} as a subscriber to the 'errorChannel' channel
17:30:01.016 [main] INFO  org.springframework.integration.channel.PublishSubscribeChannel - Channel 'application.errorChannel' has 1 subscriber(s).
17:30:01.016 [main] INFO  org.springframework.integration.endpoint.EventDrivenConsumer - started _org.springframework.integration.errorLogger
17:30:01.024 [main] INFO  io.moquette.broker.config.ResourceLoaderConfig - Loading configuration. ResourceLoader = classpath resource, configName = null.
17:30:01.025 [main] INFO  io.moquette.broker.config.ClasspathResourceLoader - Loading resource. RelativePath = config/moquette.conf.
17:30:01.026 [main] INFO  io.moquette.broker.config.ResourceLoaderConfig - Parsing configuration properties. ResourceLoader = classpath resource, configName = null.
17:30:01.028 [main] INFO  io.moquette.broker.Server - Configuring message interceptors...
17:30:01.030 [main] INFO  io.moquette.interception.BrokerInterceptor - Initializing broker interceptor. InterceptorIds=[]
17:30:01.034 [main] INFO  io.moquette.broker.Server - Using default SSL context creator
17:30:01.036 [main] INFO  io.moquette.broker.security.ResourceAuthenticator - Loading password classpath resource config/password_file.conf
17:30:01.037 [main] INFO  io.moquette.broker.config.ClasspathResourceLoader - Loading resource. RelativePath = config/password_file.conf.
17:30:01.038 [main] INFO  io.moquette.broker.Server - An io.moquette.broker.security.ResourceAuthenticator authenticator instance will be used
17:30:01.040 [main] INFO  io.moquette.broker.Server - Parsing ACL file. Path = config/acl.conf
17:30:01.040 [main] INFO  io.moquette.broker.config.ClasspathResourceLoader - Loading resource. RelativePath = config/acl.conf.
17:30:01.045 [main] INFO  io.moquette.broker.Server - Authorizator policy io.moquette.broker.security.AuthorizationsCollector instance will be used
17:30:01.049 [main] INFO  io.moquette.broker.subscriptions.CTrieSubscriptionDirectory - Initializing CTrie
17:30:01.051 [main] INFO  io.moquette.broker.subscriptions.CTrieSubscriptionDirectory - Initializing subscriptions store...
17:30:01.078 [main] INFO  io.moquette.broker.NewNettyAcceptor - Netty is using NIO
17:30:03.348 [main] INFO  io.moquette.broker.NewNettyAcceptor - Server bound to host=0.0.0.0, port=6666, protocol=TCP MQTT
17:30:03.358 [main] INFO  io.moquette.broker.NewNettyAcceptor - Server bound to host=0.0.0.0, port=8000, protocol=Websocket MQTT
17:30:03.361 [main] INFO  io.moquette.broker.Server - Moquette integration has been started successfully in 2334 ms
17:30:08.501 [nioEventLoopGroup-3-1] INFO  io.moquette.broker.metrics.MQTTMessageLogger - C->B CONNECT <null>
17:30:08.533 [nioEventLoopGroup-3-2] INFO  io.moquette.broker.metrics.MQTTMessageLogger - C->B CONNECT <null>
17:30:13.559 [nioEventLoopGroup-3-3] INFO  io.moquette.broker.metrics.MQTTMessageLogger - C->B CONNECT <null>
17:30:13.604 [nioEventLoopGroup-3-4] INFO  io.moquette.broker.metrics.MQTTMessageLogger - C->B CONNECT <null>
17:30:18.628 [nioEventLoopGroup-3-5] INFO  io.moquette.broker.metrics.MQTTMessageLogger - C->B CONNECT <null>
17:30:18.644 [nioEventLoopGroup-3-6] INFO  io.moquette.broker.metrics.MQTTMessageLogger - C->B CONNECT <null>
17:30:23.660 [nioEventLoopGroup-3-7] INFO  io.moquette.broker.metrics.MQTTMessageLogger - C->B CONNECT <null>
17:30:23.676 [nioEventLoopGroup-3-8] INFO  io.moquette.broker.metrics.MQTTMessageLogger - C->B CONNECT <null>
17:30:28.697 [nioEventLoopGroup-3-1] INFO  io.moquette.broker.metrics.MQTTMessageLogger - C->B CONNECT <null>
17:30:28.712 [nioEventLoopGroup-3-2] INFO  io.moquette.broker.metrics.MQTTMessageLogger - C->B CONNECT <null>
17:30:33.726 [nioEventLoopGroup-3-3] INFO  io.moquette.broker.metrics.MQTTMessageLogger - C->B CONNECT <null>
17:30:33.741 [nioEventLoopGroup-3-4] INFO  io.moquette.broker.metrics.MQTTMessageLogger - C->B CONNECT <null>
17:30:38.756 [nioEventLoopGroup-3-5] INFO  io.moquette.broker.metrics.MQTTMessageLogger - C->B CONNECT <null>
17:30:38.770 [nioEventLoopGroup-3-6] INFO  io.moquette.broker.metrics.MQTTMessageLogger - C->B CONNECT <null>
17:30:43.788 [nioEventLoopGroup-3-7] INFO  io.moquette.broker.metrics.MQTTMessageLogger - C->B CONNECT <null>
17:30:43.805 [nioEventLoopGroup-3-8] INFO  io.moquette.broker.metrics.MQTTMessageLogger - C->B CONNECT <null>
17:30:48.825 [nioEventLoopGroup-3-1] INFO  io.moquette.broker.metrics.MQTTMessageLogger - C->B CONNECT <null>
17:30:48.841 [nioEventLoopGroup-3-2] INFO  io.moquette.broker.metrics.MQTTMessageLogger - C->B CONNECT <null>
17:30:53.859 [nioEventLoopGroup-3-3] INFO  io.moquette.broker.metrics.MQTTMessageLogger - C->B CONNECT <null>
17:30:53.873 [nioEventLoopGroup-3-4] INFO  io.moquette.broker.metrics.MQTTMessageLogger - C->B CONNECT <null>
17:30:58.889 [nioEventLoopGroup-3-5] INFO  io.moquette.broker.metrics.MQTTMessageLogger - C->B CONNECT <null>
17:30:58.903 [nioEventLoopGroup-3-6] INFO  io.moquette.broker.metrics.MQTTMessageLogger - C->B CONNECT <null>
17:31:03.919 [nioEventLoopGroup-3-7] INFO  io.moquette.broker.metrics.MQTTMessageLogger - C->B CONNECT <null>
17:31:03.933 [nioEventLoopGroup-3-8] INFO  io.moquette.broker.metrics.MQTTMessageLogger - C->B CONNECT <null>
17:31:13.752 [main] INFO  com.ntu.datasync.DatasyncApplication - Starting DatasyncApplication on LAPTOP-6SA701DM with PID 16640 (C:\Users\Lenovo\Desktop\datasync\target\classes started by Lenovo in C:\Users\Lenovo\Desktop\datasync)
17:31:13.772 [main] INFO  com.ntu.datasync.DatasyncApplication - No active profile set, falling back to default profiles: default
17:31:15.994 [main] INFO  org.springframework.integration.config.DefaultConfiguringBeanFactoryPostProcessor - No bean named 'errorChannel' has been explicitly defined. Therefore, a default PublishSubscribeChannel will be created.
17:31:16.005 [main] INFO  org.springframework.integration.config.DefaultConfiguringBeanFactoryPostProcessor - No bean named 'taskScheduler' has been explicitly defined. Therefore, a default ThreadPoolTaskScheduler will be created.
17:31:16.012 [main] INFO  org.springframework.integration.config.DefaultConfiguringBeanFactoryPostProcessor - No bean named 'integrationHeaderChannelRegistry' has been explicitly defined. Therefore, a default DefaultHeaderChannelRegistry will be created.
17:31:16.151 [main] INFO  org.springframework.context.support.PostProcessorRegistrationDelegate$BeanPostProcessorChecker - Bean 'org.springframework.transaction.annotation.ProxyTransactionManagementConfiguration' of type [org.springframework.transaction.annotation.ProxyTransactionManagementConfiguration$$EnhancerBySpringCGLIB$$578c281f] is not eligible for getting processed by all BeanPostProcessors (for example: not eligible for auto-proxying)
17:31:16.186 [main] INFO  org.springframework.context.support.PostProcessorRegistrationDelegate$BeanPostProcessorChecker - Bean 'org.springframework.integration.config.IntegrationManagementConfiguration' of type [org.springframework.integration.config.IntegrationManagementConfiguration$$EnhancerBySpringCGLIB$$c27de34e] is not eligible for getting processed by all BeanPostProcessors (for example: not eligible for auto-proxying)
17:31:16.208 [main] INFO  org.springframework.context.support.PostProcessorRegistrationDelegate$BeanPostProcessorChecker - Bean 'integrationDisposableAutoCreatedBeans' of type [org.springframework.integration.config.annotation.Disposables] is not eligible for getting processed by all BeanPostProcessors (for example: not eligible for auto-proxying)
17:31:16.588 [main] INFO  org.springframework.boot.web.embedded.tomcat.TomcatWebServer - Tomcat initialized with port(s): 8081 (http)
17:31:16.608 [main] INFO  org.apache.coyote.http11.Http11NioProtocol - Initializing ProtocolHandler ["http-nio-8081"]
17:31:16.618 [main] INFO  org.apache.catalina.core.StandardService - Starting service [Tomcat]
17:31:16.618 [main] INFO  org.apache.catalina.core.StandardEngine - Starting Servlet engine: [Apache Tomcat/9.0.21]
17:31:16.869 [main] INFO  org.apache.catalina.core.ContainerBase.[Tomcat].[localhost].[/] - Initializing Spring embedded WebApplicationContext
17:31:16.869 [main] INFO  org.springframework.web.context.ContextLoader - Root WebApplicationContext: initialization completed in 2987 ms
17:31:17.559 [main] INFO  org.springframework.scheduling.concurrent.ThreadPoolTaskExecutor - Initializing ExecutorService 'applicationTaskExecutor'
17:31:17.951 [main] INFO  org.springframework.scheduling.concurrent.ThreadPoolTaskScheduler - Initializing ExecutorService 'taskScheduler'
17:31:18.009 [main] INFO  org.springframework.integration.endpoint.EventDrivenConsumer - Adding {logging-channel-adapter:_org.springframework.integration.errorLogger} as a subscriber to the 'errorChannel' channel
17:31:18.010 [main] INFO  org.springframework.integration.channel.PublishSubscribeChannel - Channel 'application.errorChannel' has 1 subscriber(s).
17:31:18.010 [main] INFO  org.springframework.integration.endpoint.EventDrivenConsumer - started _org.springframework.integration.errorLogger
17:31:18.019 [main] INFO  io.moquette.broker.config.ResourceLoaderConfig - Loading configuration. ResourceLoader = classpath resource, configName = null.
17:31:18.021 [main] INFO  io.moquette.broker.config.ClasspathResourceLoader - Loading resource. RelativePath = config/moquette.conf.
17:31:18.022 [main] INFO  io.moquette.broker.config.ResourceLoaderConfig - Parsing configuration properties. ResourceLoader = classpath resource, configName = null.
17:31:18.024 [main] INFO  io.moquette.broker.Server - Configuring message interceptors...
17:31:18.026 [main] INFO  io.moquette.interception.BrokerInterceptor - Initializing broker interceptor. InterceptorIds=[]
17:31:18.032 [main] INFO  io.moquette.broker.Server - Using default SSL context creator
17:31:18.035 [main] INFO  io.moquette.broker.security.ResourceAuthenticator - Loading password classpath resource config/password_file.conf
17:31:18.035 [main] INFO  io.moquette.broker.config.ClasspathResourceLoader - Loading resource. RelativePath = config/password_file.conf.
17:31:18.037 [main] INFO  io.moquette.broker.Server - An io.moquette.broker.security.ResourceAuthenticator authenticator instance will be used
17:31:18.038 [main] INFO  io.moquette.broker.Server - Parsing ACL file. Path = config/acl.conf
17:31:18.038 [main] INFO  io.moquette.broker.config.ClasspathResourceLoader - Loading resource. RelativePath = config/acl.conf.
17:31:18.043 [main] INFO  io.moquette.broker.Server - Authorizator policy io.moquette.broker.security.AuthorizationsCollector instance will be used
17:31:18.048 [main] INFO  io.moquette.broker.subscriptions.CTrieSubscriptionDirectory - Initializing CTrie
17:31:18.053 [main] INFO  io.moquette.broker.subscriptions.CTrieSubscriptionDirectory - Initializing subscriptions store...
17:31:18.083 [main] INFO  io.moquette.broker.NewNettyAcceptor - Netty is using NIO
17:31:20.339 [main] INFO  io.moquette.broker.NewNettyAcceptor - Server bound to host=0.0.0.0, port=6666, protocol=TCP MQTT
17:31:20.348 [main] INFO  io.moquette.broker.NewNettyAcceptor - Server bound to host=0.0.0.0, port=8000, protocol=Websocket MQTT
17:31:20.351 [main] INFO  io.moquette.broker.Server - Moquette integration has been started successfully in 2328 ms
17:31:25.503 [nioEventLoopGroup-3-1] INFO  io.moquette.broker.metrics.MQTTMessageLogger - C->B CONNECT <null>
17:31:25.528 [nioEventLoopGroup-3-1] INFO  io.moquette.broker.metrics.MQTTMessageLogger - C->B SUBSCRIBE <center> to topics [MqttTopicSubscription[topicFilter=sync/node, qualityOfService=AT_LEAST_ONCE]]
17:31:25.532 [nioEventLoopGroup-3-1] INFO  io.moquette.broker.metrics.MQTTMessageLogger - C<-B SUBACK <center> packetID <1>, grantedQoses [1]
17:31:33.568 [nioEventLoopGroup-3-2] INFO  io.moquette.broker.metrics.MQTTMessageLogger - C->B CONNECT <null>
17:31:33.571 [nioEventLoopGroup-3-2] INFO  io.moquette.broker.metrics.MQTTMessageLogger - C->B SUBSCRIBE <node> to topics [MqttTopicSubscription[topicFilter=sync/center, qualityOfService=AT_LEAST_ONCE]]
17:31:33.571 [nioEventLoopGroup-3-2] INFO  io.moquette.broker.metrics.MQTTMessageLogger - C<-B SUBACK <node> packetID <1>, grantedQoses [1]
17:31:33.577 [main] INFO  org.apache.coyote.http11.Http11NioProtocol - Starting ProtocolHandler ["http-nio-8081"]
17:31:33.600 [main] INFO  org.springframework.boot.web.embedded.tomcat.TomcatWebServer - Tomcat started on port(s): 8081 (http) with context path ''
17:31:33.604 [main] INFO  com.ntu.datasync.DatasyncApplication - Started DatasyncApplication in 20.739 seconds (JVM running for 23.679)
17:32:25.578 [center] INFO  com.zaxxer.hikari.HikariDataSource - HikariPool-1 - Starting...
17:32:26.147 [center] INFO  com.zaxxer.hikari.HikariDataSource - HikariPool-1 - Start completed.
17:32:33.607 [node] INFO  com.zaxxer.hikari.HikariDataSource - HikariPool-2 - Starting...
17:32:33.668 [node] INFO  com.zaxxer.hikari.HikariDataSource - HikariPool-2 - Start completed.
