19:42:58.062 [main] INFO  com.ntu.center.CenterClientApplication - Starting CenterClientApplication on LAPTOP-6SA701DM with PID 13508 (C:\Users\Lenovo\Desktop\datasync\datasync_center_client\target\classes started by Lenovo in C:\Users\Lenovo\Desktop\datasync)
19:42:58.107 [main] INFO  com.ntu.center.CenterClientApplication - No active profile set, falling back to default profiles: default
19:43:00.798 [main] INFO  org.springframework.boot.web.embedded.tomcat.TomcatWebServer - Tomcat initialized with port(s): 9999 (http)
19:43:00.822 [main] INFO  org.apache.coyote.http11.Http11NioProtocol - Initializing ProtocolHandler ["http-nio-9999"]
19:43:00.823 [main] INFO  org.apache.catalina.core.StandardService - Starting service [Tomcat]
19:43:00.824 [main] INFO  org.apache.catalina.core.StandardEngine - Starting Servlet engine: [Apache Tomcat/9.0.33]
19:43:01.106 [main] INFO  org.apache.catalina.core.ContainerBase.[Tomcat].[localhost].[/] - Initializing Spring embedded WebApplicationContext
19:43:01.106 [main] INFO  org.springframework.web.context.ContextLoader - Root WebApplicationContext: initialization completed in 2760 ms
19:43:01.976 [main] INFO  org.springframework.scheduling.concurrent.ThreadPoolTaskExecutor - Initializing ExecutorService 'applicationTaskExecutor'
19:43:02.517 [main] INFO  com.ntu.common.client.EMQTTClient - connecting to server: ssl://127.0.0.1:8883
19:43:09.310 [main] INFO  com.ntu.center.CenterClientStart - 中央数据库节点成功连接至MQTT服务器.....
19:43:09.315 [main] INFO  org.apache.coyote.http11.Http11NioProtocol - Starting ProtocolHandler ["http-nio-9999"]
19:43:09.363 [main] INFO  org.springframework.boot.web.embedded.tomcat.TomcatWebServer - Tomcat started on port(s): 9999 (http) with context path ''
19:43:09.367 [main] INFO  com.ntu.center.CenterClientApplication - Started CenterClientApplication in 12.957 seconds (JVM running for 16.144)
20:47:45.382 [main] INFO  com.ntu.center.CenterClientApplication - Starting CenterClientApplication on LAPTOP-6SA701DM with PID 7564 (C:\Users\Lenovo\Desktop\datasync\datasync_center_client\target\classes started by Lenovo in C:\Users\Lenovo\Desktop\datasync)
20:47:45.390 [main] INFO  com.ntu.center.CenterClientApplication - No active profile set, falling back to default profiles: default
20:47:49.742 [main] INFO  org.springframework.boot.web.embedded.tomcat.TomcatWebServer - Tomcat initialized with port(s): 9999 (http)
20:47:49.776 [main] INFO  org.apache.coyote.http11.Http11NioProtocol - Initializing ProtocolHandler ["http-nio-9999"]
20:47:49.777 [main] INFO  org.apache.catalina.core.StandardService - Starting service [Tomcat]
20:47:49.778 [main] INFO  org.apache.catalina.core.StandardEngine - Starting Servlet engine: [Apache Tomcat/9.0.33]
20:47:50.397 [main] INFO  org.apache.catalina.core.ContainerBase.[Tomcat].[localhost].[/] - Initializing Spring embedded WebApplicationContext
20:47:50.398 [main] INFO  org.springframework.web.context.ContextLoader - Root WebApplicationContext: initialization completed in 4768 ms
20:47:52.401 [main] INFO  org.springframework.scheduling.concurrent.ThreadPoolTaskExecutor - Initializing ExecutorService 'applicationTaskExecutor'
20:47:53.828 [main] INFO  com.ntu.common.client.EMQTTClient - connecting to server: ssl://127.0.0.1:8883
20:48:01.142 [main] INFO  com.ntu.center.CenterClientStart - 中央数据库节点成功连接至MQTT服务器.....
20:48:01.147 [main] INFO  org.apache.coyote.http11.Http11NioProtocol - Starting ProtocolHandler ["http-nio-9999"]
20:48:01.208 [main] INFO  org.springframework.boot.web.embedded.tomcat.TomcatWebServer - Tomcat started on port(s): 9999 (http) with context path ''
20:48:01.214 [main] INFO  com.ntu.center.CenterClientApplication - Started CenterClientApplication in 17.73 seconds (JVM running for 21.982)
20:49:21.173 [main] INFO  com.ntu.center.CenterClientApplication - Starting CenterClientApplication on LAPTOP-6SA701DM with PID 1144 (C:\Users\Lenovo\Desktop\datasync\datasync_center_client\target\classes started by Lenovo in C:\Users\Lenovo\Desktop\datasync)
20:49:21.180 [main] INFO  com.ntu.center.CenterClientApplication - No active profile set, falling back to default profiles: default
20:49:24.082 [main] INFO  org.springframework.boot.web.embedded.tomcat.TomcatWebServer - Tomcat initialized with port(s): 9999 (http)
20:49:24.104 [main] INFO  org.apache.coyote.http11.Http11NioProtocol - Initializing ProtocolHandler ["http-nio-9999"]
20:49:24.104 [main] INFO  org.apache.catalina.core.StandardService - Starting service [Tomcat]
20:49:24.105 [main] INFO  org.apache.catalina.core.StandardEngine - Starting Servlet engine: [Apache Tomcat/9.0.33]
20:49:24.421 [main] INFO  org.apache.catalina.core.ContainerBase.[Tomcat].[localhost].[/] - Initializing Spring embedded WebApplicationContext
20:49:24.421 [main] INFO  org.springframework.web.context.ContextLoader - Root WebApplicationContext: initialization completed in 2935 ms
20:49:25.377 [main] INFO  org.springframework.scheduling.concurrent.ThreadPoolTaskExecutor - Initializing ExecutorService 'applicationTaskExecutor'
20:49:25.980 [main] INFO  com.ntu.common.client.EMQTTClient - connecting to server: ssl://127.0.0.1:8883
20:49:32.734 [main] INFO  com.ntu.center.CenterClientStart - 中央数据库节点成功连接至MQTT服务器.....
20:49:32.737 [main] INFO  org.apache.coyote.http11.Http11NioProtocol - Starting ProtocolHandler ["http-nio-9999"]
20:49:32.782 [main] INFO  org.springframework.boot.web.embedded.tomcat.TomcatWebServer - Tomcat started on port(s): 9999 (http) with context path ''
20:49:32.791 [main] INFO  com.ntu.center.CenterClientApplication - Started CenterClientApplication in 12.973 seconds (JVM running for 16.264)
20:49:40.730 [MQTT Call: center] INFO  com.zaxxer.hikari.HikariDataSource - HikariPool-1 - Starting...
20:49:41.131 [MQTT Call: center] INFO  com.zaxxer.hikari.HikariDataSource - HikariPool-1 - Start completed.
20:49:41.333 [MQTT Call: center] INFO  com.ntu.center.sync.processor.Processor3 - ==========数据同步完成===========
20:49:41.400 [MQTT Call: center] INFO  com.ntu.center.sync.CenterDataReceiver - tjh_node 节点的 TUANJIEHE_BUOY_DIANYA 表中的 1 号数据同步成功
22:09:36.093 [main] INFO  com.ntu.center.CenterClientApplication - Starting CenterClientApplication on LAPTOP-6SA701DM with PID 11836 (C:\Users\Lenovo\Desktop\datasync\datasync_center_client\target\classes started by Lenovo in C:\Users\Lenovo\Desktop\datasync)
22:09:36.120 [main] INFO  com.ntu.center.CenterClientApplication - No active profile set, falling back to default profiles: default
22:09:39.432 [main] INFO  org.springframework.boot.web.embedded.tomcat.TomcatWebServer - Tomcat initialized with port(s): 9999 (http)
22:09:39.453 [main] INFO  org.apache.coyote.http11.Http11NioProtocol - Initializing ProtocolHandler ["http-nio-9999"]
22:09:39.454 [main] INFO  org.apache.catalina.core.StandardService - Starting service [Tomcat]
22:09:39.454 [main] INFO  org.apache.catalina.core.StandardEngine - Starting Servlet engine: [Apache Tomcat/9.0.33]
22:09:39.738 [main] INFO  org.apache.catalina.core.ContainerBase.[Tomcat].[localhost].[/] - Initializing Spring embedded WebApplicationContext
22:09:39.738 [main] INFO  org.springframework.web.context.ContextLoader - Root WebApplicationContext: initialization completed in 3435 ms
22:09:40.767 [main] INFO  org.springframework.scheduling.concurrent.ThreadPoolTaskExecutor - Initializing ExecutorService 'applicationTaskExecutor'
22:09:41.345 [main] INFO  com.ntu.common.client.EMQTTClient - connecting to server: ssl://127.0.0.1:8883
22:09:48.479 [main] INFO  com.ntu.center.CenterClientStart - 中央数据库节点成功连接至MQTT服务器.....
22:09:48.483 [main] INFO  org.apache.coyote.http11.Http11NioProtocol - Starting ProtocolHandler ["http-nio-9999"]
22:09:48.530 [main] INFO  org.springframework.boot.web.embedded.tomcat.TomcatWebServer - Tomcat started on port(s): 9999 (http) with context path ''
22:09:48.535 [main] INFO  com.ntu.center.CenterClientApplication - Started CenterClientApplication in 14.553 seconds (JVM running for 18.395)
22:13:37.925 [main] INFO  com.ntu.center.CenterClientApplication - Starting CenterClientApplication on LAPTOP-6SA701DM with PID 3920 (C:\Users\Lenovo\Desktop\datasync\datasync_center_client\target\classes started by Lenovo in C:\Users\Lenovo\Desktop\datasync)
22:13:37.934 [main] INFO  com.ntu.center.CenterClientApplication - No active profile set, falling back to default profiles: default
22:13:43.016 [main] INFO  org.springframework.boot.web.embedded.tomcat.TomcatWebServer - Tomcat initialized with port(s): 9999 (http)
22:13:43.045 [main] INFO  org.apache.coyote.http11.Http11NioProtocol - Initializing ProtocolHandler ["http-nio-9999"]
22:13:43.046 [main] INFO  org.apache.catalina.core.StandardService - Starting service [Tomcat]
22:13:43.047 [main] INFO  org.apache.catalina.core.StandardEngine - Starting Servlet engine: [Apache Tomcat/9.0.33]
22:13:43.443 [main] INFO  org.apache.catalina.core.ContainerBase.[Tomcat].[localhost].[/] - Initializing Spring embedded WebApplicationContext
22:13:43.444 [main] INFO  org.springframework.web.context.ContextLoader - Root WebApplicationContext: initialization completed in 5198 ms
22:13:44.783 [main] INFO  org.springframework.scheduling.concurrent.ThreadPoolTaskExecutor - Initializing ExecutorService 'applicationTaskExecutor'
22:13:45.533 [main] INFO  com.ntu.common.client.EMQTTClient - connecting to server: ssl://127.0.0.1:8883
22:13:52.120 [main] INFO  com.ntu.center.CenterClientStart - 中央数据库节点成功连接至MQTT服务器.....
22:13:52.124 [main] INFO  org.apache.coyote.http11.Http11NioProtocol - Starting ProtocolHandler ["http-nio-9999"]
22:13:52.171 [main] INFO  org.springframework.boot.web.embedded.tomcat.TomcatWebServer - Tomcat started on port(s): 9999 (http) with context path ''
22:13:52.176 [main] INFO  com.ntu.center.CenterClientApplication - Started CenterClientApplication in 16.774 seconds (JVM running for 21.458)
22:13:59.049 [MQTT Call: center] INFO  com.zaxxer.hikari.HikariDataSource - HikariPool-1 - Starting...
22:13:59.411 [MQTT Call: center] INFO  com.zaxxer.hikari.HikariDataSource - HikariPool-1 - Start completed.
22:13:59.638 [MQTT Call: center] INFO  com.ntu.center.sync.CenterDataReceiver - tjh_node 节点的 TUANJIEHE_BUOY_GONGZUOWENDU 表中的 2 号数据同步成功
22:54:24.147 [main] INFO  com.ntu.center.CenterClientApplication - Starting CenterClientApplication on LAPTOP-6SA701DM with PID 11052 (C:\Users\Lenovo\Desktop\datasync\datasync_center_client\target\classes started by Lenovo in C:\Users\Lenovo\Desktop\datasync)
22:54:24.157 [main] INFO  com.ntu.center.CenterClientApplication - No active profile set, falling back to default profiles: default
22:54:26.627 [main] INFO  org.springframework.boot.web.embedded.tomcat.TomcatWebServer - Tomcat initialized with port(s): 9999 (http)
22:54:26.649 [main] INFO  org.apache.coyote.http11.Http11NioProtocol - Initializing ProtocolHandler ["http-nio-9999"]
22:54:26.650 [main] INFO  org.apache.catalina.core.StandardService - Starting service [Tomcat]
22:54:26.650 [main] INFO  org.apache.catalina.core.StandardEngine - Starting Servlet engine: [Apache Tomcat/9.0.33]
22:54:26.953 [main] INFO  org.apache.catalina.core.ContainerBase.[Tomcat].[localhost].[/] - Initializing Spring embedded WebApplicationContext
22:54:26.953 [main] INFO  org.springframework.web.context.ContextLoader - Root WebApplicationContext: initialization completed in 2502 ms
22:54:27.924 [main] INFO  org.springframework.scheduling.concurrent.ThreadPoolTaskExecutor - Initializing ExecutorService 'applicationTaskExecutor'
22:54:28.504 [main] INFO  com.ntu.common.client.EMQTTClient - connecting to server: ssl://127.0.0.1:8883
22:54:35.625 [main] INFO  com.ntu.center.CenterClientStart - 中央数据库节点成功连接至MQTT服务器.....
22:54:35.629 [main] INFO  org.apache.coyote.http11.Http11NioProtocol - Starting ProtocolHandler ["http-nio-9999"]
22:54:35.680 [main] INFO  org.springframework.boot.web.embedded.tomcat.TomcatWebServer - Tomcat started on port(s): 9999 (http) with context path ''
22:54:35.686 [main] INFO  com.ntu.center.CenterClientApplication - Started CenterClientApplication in 13.255 seconds (JVM running for 16.924)
22:54:38.590 [MQTT Call: center] INFO  com.zaxxer.hikari.HikariDataSource - HikariPool-1 - Starting...
22:54:39.121 [MQTT Call: center] INFO  com.zaxxer.hikari.HikariDataSource - HikariPool-1 - Start completed.
22:54:39.467 [MQTT Call: center] INFO  com.ntu.center.sync.CenterDataReceiver - tjh_node 节点的 TUANJIEHE_BUOY_GONGZUOWENDU 表中的 3 号数据同步成功
22:59:28.825 [MQTT Call: center] INFO  com.ntu.center.sync.CenterDataReceiver - tjh_node 节点的 TUANJIEHE_BUOY_GONGZUOWENDU 表中的 4 号数据同步成功
23:02:53.355 [main] INFO  com.ntu.center.CenterClientApplication - Starting CenterClientApplication on LAPTOP-6SA701DM with PID 13560 (C:\Users\Lenovo\Desktop\datasync\datasync_center_client\target\classes started by Lenovo in C:\Users\Lenovo\Desktop\datasync)
23:02:53.363 [main] INFO  com.ntu.center.CenterClientApplication - No active profile set, falling back to default profiles: default
23:02:57.450 [main] INFO  org.springframework.boot.web.embedded.tomcat.TomcatWebServer - Tomcat initialized with port(s): 9999 (http)
23:02:57.499 [main] INFO  org.apache.coyote.http11.Http11NioProtocol - Initializing ProtocolHandler ["http-nio-9999"]
23:02:57.500 [main] INFO  org.apache.catalina.core.StandardService - Starting service [Tomcat]
23:02:57.501 [main] INFO  org.apache.catalina.core.StandardEngine - Starting Servlet engine: [Apache Tomcat/9.0.33]
23:02:58.084 [main] INFO  org.apache.catalina.core.ContainerBase.[Tomcat].[localhost].[/] - Initializing Spring embedded WebApplicationContext
23:02:58.089 [main] INFO  org.springframework.web.context.ContextLoader - Root WebApplicationContext: initialization completed in 4526 ms
23:02:59.790 [main] INFO  org.springframework.scheduling.concurrent.ThreadPoolTaskExecutor - Initializing ExecutorService 'applicationTaskExecutor'
23:03:00.901 [main] INFO  com.ntu.common.client.EMQTTClient - connecting to server: ssl://127.0.0.1:8883
23:03:07.449 [main] INFO  com.ntu.center.CenterClientStart - 中央数据库节点成功连接至MQTT服务器.....
23:03:07.454 [main] INFO  org.apache.coyote.http11.Http11NioProtocol - Starting ProtocolHandler ["http-nio-9999"]
23:03:07.515 [main] INFO  org.springframework.boot.web.embedded.tomcat.TomcatWebServer - Tomcat started on port(s): 9999 (http) with context path ''
23:03:07.524 [main] INFO  com.ntu.center.CenterClientApplication - Started CenterClientApplication in 16.314 seconds (JVM running for 20.304)
23:03:48.376 [MQTT Call: center] INFO  com.zaxxer.hikari.HikariDataSource - HikariPool-1 - Starting...
23:03:48.796 [MQTT Call: center] INFO  com.zaxxer.hikari.HikariDataSource - HikariPool-1 - Start completed.
23:03:49.123 [MQTT Call: center] INFO  com.ntu.center.sync.CenterDataReceiver - tjh_node 节点的 TUANJIEHE_BUOY_DIANYA 表中的 2 号数据同步成功
23:03:59.838 [MQTT Call: center] INFO  com.ntu.center.sync.CenterDataReceiver - tjh_node 节点的 TUANJIEHE_BUOY_DIANYA 表中的 2 号数据同步失败
23:04:10.516 [MQTT Call: center] INFO  com.ntu.center.sync.CenterDataReceiver - tjh_node 节点的 TUANJIEHE_BUOY_DIANYA 表中的 2 号数据同步失败
23:04:21.514 [MQTT Call: center] INFO  com.ntu.center.sync.CenterDataReceiver - tjh_node 节点的 TUANJIEHE_BUOY_DIANYA 表中的 2 号数据同步失败
23:04:32.511 [MQTT Call: center] INFO  com.ntu.center.sync.CenterDataReceiver - tjh_node 节点的 TUANJIEHE_BUOY_DIANYA 表中的 2 号数据同步失败
23:04:43.536 [MQTT Call: center] INFO  com.ntu.center.sync.CenterDataReceiver - tjh_node 节点的 TUANJIEHE_BUOY_DIANYA 表中的 2 号数据同步失败
23:12:04.416 [main] INFO  com.ntu.center.CenterClientApplication - Starting CenterClientApplication on LAPTOP-6SA701DM with PID 16192 (C:\Users\Lenovo\Desktop\datasync\datasync_center_client\target\classes started by Lenovo in C:\Users\Lenovo\Desktop\datasync)
23:12:04.423 [main] INFO  com.ntu.center.CenterClientApplication - No active profile set, falling back to default profiles: default
23:12:07.427 [main] INFO  org.springframework.boot.web.embedded.tomcat.TomcatWebServer - Tomcat initialized with port(s): 9999 (http)
23:12:07.454 [main] INFO  org.apache.coyote.http11.Http11NioProtocol - Initializing ProtocolHandler ["http-nio-9999"]
23:12:07.456 [main] INFO  org.apache.catalina.core.StandardService - Starting service [Tomcat]
23:12:07.456 [main] INFO  org.apache.catalina.core.StandardEngine - Starting Servlet engine: [Apache Tomcat/9.0.33]
23:12:07.734 [main] INFO  org.apache.catalina.core.ContainerBase.[Tomcat].[localhost].[/] - Initializing Spring embedded WebApplicationContext
23:12:07.734 [main] INFO  org.springframework.web.context.ContextLoader - Root WebApplicationContext: initialization completed in 2927 ms
23:12:08.665 [main] INFO  org.springframework.scheduling.concurrent.ThreadPoolTaskExecutor - Initializing ExecutorService 'applicationTaskExecutor'
23:12:09.200 [main] INFO  com.ntu.common.client.EMQTTClient - connecting to server: ssl://127.0.0.1:8883
23:12:15.844 [main] INFO  com.ntu.center.CenterClientStart - 中央数据库节点成功连接至MQTT服务器.....
23:12:15.847 [main] INFO  org.apache.coyote.http11.Http11NioProtocol - Starting ProtocolHandler ["http-nio-9999"]
23:12:15.892 [main] INFO  org.springframework.boot.web.embedded.tomcat.TomcatWebServer - Tomcat started on port(s): 9999 (http) with context path ''
23:12:15.897 [main] INFO  com.ntu.center.CenterClientApplication - Started CenterClientApplication in 13.086 seconds (JVM running for 16.578)
23:12:54.771 [MQTT Call: center] INFO  com.zaxxer.hikari.HikariDataSource - HikariPool-1 - Starting...
23:12:55.139 [MQTT Call: center] INFO  com.zaxxer.hikari.HikariDataSource - HikariPool-1 - Start completed.
23:12:55.423 [MQTT Call: center] INFO  com.ntu.center.sync.CenterDataReceiver - tjh_node 节点的 TUANJIEHE_BUOY_DIANYA 表中的 2 号数据同步成功
23:13:04.894 [MQTT Call: center] INFO  com.ntu.center.sync.CenterDataReceiver - tjh_node 节点的 TUANJIEHE_BUOY_DIANYA 表中的 2 号数据同步成功
23:13:15.906 [MQTT Call: center] INFO  com.ntu.center.sync.CenterDataReceiver - tjh_node 节点的 TUANJIEHE_BUOY_DIANYA 表中的 2 号数据同步成功
23:13:26.910 [MQTT Call: center] INFO  com.ntu.center.sync.CenterDataReceiver - tjh_node 节点的 TUANJIEHE_BUOY_DIANYA 表中的 2 号数据同步成功
23:13:37.911 [MQTT Call: center] INFO  com.ntu.center.sync.CenterDataReceiver - tjh_node 节点的 TUANJIEHE_BUOY_DIANYA 表中的 2 号数据同步成功
23:13:48.980 [MQTT Call: center] INFO  com.ntu.center.sync.CenterDataReceiver - tjh_node 节点的 TUANJIEHE_BUOY_DIANYA 表中的 2 号数据同步成功
23:13:59.929 [MQTT Call: center] INFO  com.ntu.center.sync.CenterDataReceiver - tjh_node 节点的 TUANJIEHE_BUOY_DIANYA 表中的 2 号数据同步成功
23:14:11.037 [MQTT Call: center] INFO  com.ntu.center.sync.CenterDataReceiver - tjh_node 节点的 TUANJIEHE_BUOY_DIANYA 表中的 2 号数据同步成功
23:14:21.986 [MQTT Call: center] INFO  com.ntu.center.sync.CenterDataReceiver - tjh_node 节点的 TUANJIEHE_BUOY_DIANYA 表中的 2 号数据同步成功
23:14:32.953 [MQTT Call: center] INFO  com.ntu.center.sync.CenterDataReceiver - tjh_node 节点的 TUANJIEHE_BUOY_DIANYA 表中的 2 号数据同步成功
23:14:44.003 [MQTT Call: center] INFO  com.ntu.center.sync.CenterDataReceiver - tjh_node 节点的 TUANJIEHE_BUOY_DIANYA 表中的 2 号数据同步成功
23:14:54.996 [MQTT Call: center] INFO  com.ntu.center.sync.CenterDataReceiver - tjh_node 节点的 TUANJIEHE_BUOY_DIANYA 表中的 2 号数据同步成功
23:15:05.974 [MQTT Call: center] INFO  com.ntu.center.sync.CenterDataReceiver - tjh_node 节点的 TUANJIEHE_BUOY_DIANYA 表中的 2 号数据同步成功
23:15:16.967 [MQTT Call: center] INFO  com.ntu.center.sync.CenterDataReceiver - tjh_node 节点的 TUANJIEHE_BUOY_DIANYA 表中的 2 号数据同步成功
23:15:27.993 [MQTT Call: center] INFO  com.ntu.center.sync.CenterDataReceiver - tjh_node 节点的 TUANJIEHE_BUOY_DIANYA 表中的 2 号数据同步成功
23:15:39.009 [MQTT Call: center] INFO  com.ntu.center.sync.CenterDataReceiver - tjh_node 节点的 TUANJIEHE_BUOY_DIANYA 表中的 2 号数据同步成功
23:15:50.016 [MQTT Call: center] INFO  com.ntu.center.sync.CenterDataReceiver - tjh_node 节点的 TUANJIEHE_BUOY_DIANYA 表中的 2 号数据同步成功
23:16:30.041 [MQTT Call: center] INFO  com.ntu.center.sync.CenterDataReceiver - tjh_node 节点的 TUANJIEHE_BUOY_DIANYA 表中的 2 号数据同步成功
23:16:41.046 [MQTT Call: center] INFO  com.ntu.center.sync.CenterDataReceiver - tjh_node 节点的 TUANJIEHE_BUOY_DIANYA 表中的 2 号数据同步成功
23:16:52.053 [MQTT Call: center] INFO  com.ntu.center.sync.CenterDataReceiver - tjh_node 节点的 TUANJIEHE_BUOY_DIANYA 表中的 2 号数据同步成功
23:17:03.072 [MQTT Call: center] INFO  com.ntu.center.sync.CenterDataReceiver - tjh_node 节点的 TUANJIEHE_BUOY_DIANYA 表中的 2 号数据同步成功
23:17:14.060 [MQTT Call: center] INFO  com.ntu.center.sync.CenterDataReceiver - tjh_node 节点的 TUANJIEHE_BUOY_DIANYA 表中的 2 号数据同步成功
23:17:25.087 [MQTT Call: center] INFO  com.ntu.center.sync.CenterDataReceiver - tjh_node 节点的 TUANJIEHE_BUOY_DIANYA 表中的 2 号数据同步成功
23:17:36.079 [MQTT Call: center] INFO  com.ntu.center.sync.CenterDataReceiver - tjh_node 节点的 TUANJIEHE_BUOY_DIANYA 表中的 2 号数据同步成功
23:17:47.059 [MQTT Call: center] INFO  com.ntu.center.sync.CenterDataReceiver - tjh_node 节点的 TUANJIEHE_BUOY_DIANYA 表中的 2 号数据同步成功
23:17:58.067 [MQTT Call: center] INFO  com.ntu.center.sync.CenterDataReceiver - tjh_node 节点的 TUANJIEHE_BUOY_DIANYA 表中的 2 号数据同步成功
23:18:09.077 [MQTT Call: center] INFO  com.ntu.center.sync.CenterDataReceiver - tjh_node 节点的 TUANJIEHE_BUOY_DIANYA 表中的 2 号数据同步成功
23:18:20.107 [MQTT Call: center] INFO  com.ntu.center.sync.CenterDataReceiver - tjh_node 节点的 TUANJIEHE_BUOY_DIANYA 表中的 2 号数据同步成功
23:18:57.096 [MQTT Call: center] INFO  com.ntu.center.sync.CenterDataReceiver - tjh_node 节点的 TUANJIEHE_BUOY_DIANYA 表中的 2 号数据同步成功
23:19:08.123 [MQTT Call: center] INFO  com.ntu.center.sync.CenterDataReceiver - tjh_node 节点的 TUANJIEHE_BUOY_DIANYA 表中的 2 号数据同步成功
23:19:19.158 [MQTT Call: center] INFO  com.ntu.center.sync.CenterDataReceiver - tjh_node 节点的 TUANJIEHE_BUOY_DIANYA 表中的 2 号数据同步成功
23:19:30.150 [MQTT Call: center] INFO  com.ntu.center.sync.CenterDataReceiver - tjh_node 节点的 TUANJIEHE_BUOY_DIANYA 表中的 2 号数据同步成功
23:20:04.177 [MQTT Call: center] INFO  com.ntu.center.sync.CenterDataReceiver - tjh_node 节点的 TUANJIEHE_BUOY_DIANYA 表中的 2 号数据同步成功
23:23:43.742 [main] INFO  com.ntu.center.CenterClientApplication - Starting CenterClientApplication on LAPTOP-6SA701DM with PID 16036 (C:\Users\Lenovo\Desktop\datasync\datasync_center_client\target\classes started by Lenovo in C:\Users\Lenovo\Desktop\datasync)
23:23:43.753 [main] INFO  com.ntu.center.CenterClientApplication - No active profile set, falling back to default profiles: default
23:23:46.494 [main] INFO  org.springframework.boot.web.embedded.tomcat.TomcatWebServer - Tomcat initialized with port(s): 9999 (http)
23:23:46.514 [main] INFO  org.apache.coyote.http11.Http11NioProtocol - Initializing ProtocolHandler ["http-nio-9999"]
23:23:46.515 [main] INFO  org.apache.catalina.core.StandardService - Starting service [Tomcat]
23:23:46.515 [main] INFO  org.apache.catalina.core.StandardEngine - Starting Servlet engine: [Apache Tomcat/9.0.33]
23:23:46.769 [main] INFO  org.apache.catalina.core.ContainerBase.[Tomcat].[localhost].[/] - Initializing Spring embedded WebApplicationContext
23:23:46.769 [main] INFO  org.springframework.web.context.ContextLoader - Root WebApplicationContext: initialization completed in 2723 ms
23:23:47.682 [main] INFO  org.springframework.scheduling.concurrent.ThreadPoolTaskExecutor - Initializing ExecutorService 'applicationTaskExecutor'
23:23:48.216 [main] INFO  com.ntu.common.client.EMQTTClient - connecting to server: ssl://127.0.0.1:8883
23:23:54.864 [main] INFO  com.ntu.center.CenterClientStart - 中央数据库节点成功连接至MQTT服务器.....
23:23:54.868 [main] INFO  org.apache.coyote.http11.Http11NioProtocol - Starting ProtocolHandler ["http-nio-9999"]
23:23:54.911 [main] INFO  org.springframework.boot.web.embedded.tomcat.TomcatWebServer - Tomcat started on port(s): 9999 (http) with context path ''
23:23:54.916 [main] INFO  com.ntu.center.CenterClientApplication - Started CenterClientApplication in 12.677 seconds (JVM running for 16.026)
23:24:59.824 [MQTT Call: center] INFO  com.zaxxer.hikari.HikariDataSource - HikariPool-1 - Starting...
23:25:00.240 [MQTT Call: center] INFO  com.zaxxer.hikari.HikariDataSource - HikariPool-1 - Start completed.
23:25:00.538 [MQTT Call: center] INFO  com.ntu.center.sync.CenterDataReceiver - tjh_node 节点的 TUANJIEHE_BUOY_DIANYA 表中的 2 号数据同步成功
23:27:31.030 [MQTT Call: center] INFO  com.ntu.center.sync.CenterDataReceiver - tjh_node 节点的 TUANJIEHE_BUOY_DIANYA 表中的 3 号数据同步成功
23:31:13.541 [MQTT Rec: center] INFO  com.ntu.common.client.EMQTTClient - -----------连接断开-----------
23:31:13.541 [MQTT Rec: center] INFO  com.ntu.common.client.EMQTTClient - connecting to server: ssl://127.0.0.1:8883
