12:50:34.594 [MQTT Call: center] ERROR com.ntu.center.sync.CenterDataReceiver - cj_node 节点的 10 号数据同步失败原因: 
### Error updating database.  Cause: java.sql.SQLException: Column count doesn't match value count at row 1
### The error may exist in file [C:\Users\Lenovo\Desktop\datasync\datasync_center_client\target\classes\mapper\ChangJiangBoxSensorMapper.xml]
### The error may involve defaultParameterMap
### The error occurred while setting parameters
### SQL: insert into nantong_changjiang_box_sensor         values (?,                 ?,                 ?,                 ?,                 ?,                 ?,                 ?,                 ?,                 ?,                 ?)
### Cause: java.sql.SQLException: Column count doesn't match value count at row 1
; bad SQL grammar []; nested exception is java.sql.SQLException: Column count doesn't match value count at row 1
12:50:44.789 [MQTT Call: center] ERROR com.ntu.center.sync.CenterDataReceiver - cj_node 节点的 10 号数据同步失败原因: 
### Error updating database.  Cause: java.sql.SQLException: Column count doesn't match value count at row 1
### The error may exist in file [C:\Users\Lenovo\Desktop\datasync\datasync_center_client\target\classes\mapper\ChangJiangBoxSensorMapper.xml]
### The error may involve defaultParameterMap
### The error occurred while setting parameters
### SQL: insert into nantong_changjiang_box_sensor         values (?,                 ?,                 ?,                 ?,                 ?,                 ?,                 ?,                 ?,                 ?,                 ?)
### Cause: java.sql.SQLException: Column count doesn't match value count at row 1
; bad SQL grammar []; nested exception is java.sql.SQLException: Column count doesn't match value count at row 1
12:50:55.798 [MQTT Call: center] ERROR com.ntu.center.sync.CenterDataReceiver - cj_node 节点的 10 号数据同步失败原因: 
### Error updating database.  Cause: java.sql.SQLException: Column count doesn't match value count at row 1
### The error may exist in file [C:\Users\Lenovo\Desktop\datasync\datasync_center_client\target\classes\mapper\ChangJiangBoxSensorMapper.xml]
### The error may involve defaultParameterMap
### The error occurred while setting parameters
### SQL: insert into nantong_changjiang_box_sensor         values (?,                 ?,                 ?,                 ?,                 ?,                 ?,                 ?,                 ?,                 ?,                 ?)
### Cause: java.sql.SQLException: Column count doesn't match value count at row 1
; bad SQL grammar []; nested exception is java.sql.SQLException: Column count doesn't match value count at row 1
12:51:06.809 [MQTT Call: center] ERROR com.ntu.center.sync.CenterDataReceiver - cj_node 节点的 10 号数据同步失败原因: 
### Error updating database.  Cause: java.sql.SQLException: Column count doesn't match value count at row 1
### The error may exist in file [C:\Users\Lenovo\Desktop\datasync\datasync_center_client\target\classes\mapper\ChangJiangBoxSensorMapper.xml]
### The error may involve defaultParameterMap
### The error occurred while setting parameters
### SQL: insert into nantong_changjiang_box_sensor         values (?,                 ?,                 ?,                 ?,                 ?,                 ?,                 ?,                 ?,                 ?,                 ?)
### Cause: java.sql.SQLException: Column count doesn't match value count at row 1
; bad SQL grammar []; nested exception is java.sql.SQLException: Column count doesn't match value count at row 1
12:51:17.816 [MQTT Call: center] ERROR com.ntu.center.sync.CenterDataReceiver - cj_node 节点的 10 号数据同步失败原因: 
### Error updating database.  Cause: java.sql.SQLException: Column count doesn't match value count at row 1
### The error may exist in file [C:\Users\Lenovo\Desktop\datasync\datasync_center_client\target\classes\mapper\ChangJiangBoxSensorMapper.xml]
### The error may involve defaultParameterMap
### The error occurred while setting parameters
### SQL: insert into nantong_changjiang_box_sensor         values (?,                 ?,                 ?,                 ?,                 ?,                 ?,                 ?,                 ?,                 ?,                 ?)
### Cause: java.sql.SQLException: Column count doesn't match value count at row 1
; bad SQL grammar []; nested exception is java.sql.SQLException: Column count doesn't match value count at row 1
17:21:03.406 [main] ERROR org.springframework.boot.SpringApplication - Application run failed
org.springframework.beans.factory.UnsatisfiedDependencyException: Error creating bean with name 'Processor1': Unsatisfied dependency expressed through field 'changJiangBoxSensorMapper'; nested exception is org.springframework.beans.factory.UnsatisfiedDependencyException: Error creating bean with name 'changJiangBoxSensorMapper' defined in file [C:\Users\Lenovo\Desktop\datasync\datasync_center_client\target\classes\com\ntu\center\mapper\ChangJiangBoxSensorMapper.class]: Unsatisfied dependency expressed through bean property 'sqlSessionFactory'; nested exception is org.springframework.beans.factory.BeanCreationException: Error creating bean with name 'sqlSessionFactory' defined in class path resource [org/mybatis/spring/boot/autoconfigure/MybatisAutoConfiguration.class]: Bean instantiation via factory method failed; nested exception is org.springframework.beans.BeanInstantiationException: Failed to instantiate [org.apache.ibatis.session.SqlSessionFactory]: Factory method 'sqlSessionFactory' threw exception; nested exception is org.springframework.core.NestedIOException: Failed to parse mapping resource: 'file [C:\Users\Lenovo\Desktop\datasync\datasync_center_client\target\classes\mapper\AreaSpotMapper.xml]'; nested exception is org.apache.ibatis.builder.BuilderException: Error creating document instance.  Cause: org.xml.sax.SAXParseException; lineNumber: 40; columnNumber: 28; 元素类型 "delete" 必须后跟属性规范 ">" 或 "/>"。
	at org.springframework.beans.factory.annotation.AutowiredAnnotationBeanPostProcessor$AutowiredFieldElement.inject(AutowiredAnnotationBeanPostProcessor.java:643)
	at org.springframework.beans.factory.annotation.InjectionMetadata.inject(InjectionMetadata.java:130)
	at org.springframework.beans.factory.annotation.AutowiredAnnotationBeanPostProcessor.postProcessProperties(AutowiredAnnotationBeanPostProcessor.java:399)
	at org.springframework.beans.factory.support.AbstractAutowireCapableBeanFactory.populateBean(AbstractAutowireCapableBeanFactory.java:1422)
	at org.springframework.beans.factory.support.AbstractAutowireCapableBeanFactory.doCreateBean(AbstractAutowireCapableBeanFactory.java:594)
	at org.springframework.beans.factory.support.AbstractAutowireCapableBeanFactory.createBean(AbstractAutowireCapableBeanFactory.java:517)
	at org.springframework.beans.factory.support.AbstractBeanFactory.lambda$doGetBean$0(AbstractBeanFactory.java:323)
	at org.springframework.beans.factory.support.DefaultSingletonBeanRegistry.getSingleton(DefaultSingletonBeanRegistry.java:222)
	at org.springframework.beans.factory.support.AbstractBeanFactory.doGetBean(AbstractBeanFactory.java:321)
	at org.springframework.beans.factory.support.AbstractBeanFactory.getBean(AbstractBeanFactory.java:202)
	at org.springframework.beans.factory.support.DefaultListableBeanFactory.preInstantiateSingletons(DefaultListableBeanFactory.java:882)
	at org.springframework.context.support.AbstractApplicationContext.finishBeanFactoryInitialization(AbstractApplicationContext.java:878)
	at org.springframework.context.support.AbstractApplicationContext.refresh(AbstractApplicationContext.java:550)
	at org.springframework.boot.web.servlet.context.ServletWebServerApplicationContext.refresh(ServletWebServerApplicationContext.java:141)
	at org.springframework.boot.SpringApplication.refresh(SpringApplication.java:747)
	at org.springframework.boot.SpringApplication.refreshContext(SpringApplication.java:397)
	at org.springframework.boot.SpringApplication.run(SpringApplication.java:315)
	at org.springframework.boot.SpringApplication.run(SpringApplication.java:1226)
	at org.springframework.boot.SpringApplication.run(SpringApplication.java:1215)
	at com.ntu.center.CenterClientApplication.main(CenterClientApplication.java:14)
Caused by: org.springframework.beans.factory.UnsatisfiedDependencyException: Error creating bean with name 'changJiangBoxSensorMapper' defined in file [C:\Users\Lenovo\Desktop\datasync\datasync_center_client\target\classes\com\ntu\center\mapper\ChangJiangBoxSensorMapper.class]: Unsatisfied dependency expressed through bean property 'sqlSessionFactory'; nested exception is org.springframework.beans.factory.BeanCreationException: Error creating bean with name 'sqlSessionFactory' defined in class path resource [org/mybatis/spring/boot/autoconfigure/MybatisAutoConfiguration.class]: Bean instantiation via factory method failed; nested exception is org.springframework.beans.BeanInstantiationException: Failed to instantiate [org.apache.ibatis.session.SqlSessionFactory]: Factory method 'sqlSessionFactory' threw exception; nested exception is org.springframework.core.NestedIOException: Failed to parse mapping resource: 'file [C:\Users\Lenovo\Desktop\datasync\datasync_center_client\target\classes\mapper\AreaSpotMapper.xml]'; nested exception is org.apache.ibatis.builder.BuilderException: Error creating document instance.  Cause: org.xml.sax.SAXParseException; lineNumber: 40; columnNumber: 28; 元素类型 "delete" 必须后跟属性规范 ">" 或 "/>"。
	at org.springframework.beans.factory.support.AbstractAutowireCapableBeanFactory.autowireByType(AbstractAutowireCapableBeanFactory.java:1526)
	at org.springframework.beans.factory.support.AbstractAutowireCapableBeanFactory.populateBean(AbstractAutowireCapableBeanFactory.java:1406)
	at org.springframework.beans.factory.support.AbstractAutowireCapableBeanFactory.doCreateBean(AbstractAutowireCapableBeanFactory.java:594)
	at org.springframework.beans.factory.support.AbstractAutowireCapableBeanFactory.createBean(AbstractAutowireCapableBeanFactory.java:517)
	at org.springframework.beans.factory.support.AbstractBeanFactory.lambda$doGetBean$0(AbstractBeanFactory.java:323)
	at org.springframework.beans.factory.support.DefaultSingletonBeanRegistry.getSingleton(DefaultSingletonBeanRegistry.java:222)
	at org.springframework.beans.factory.support.AbstractBeanFactory.doGetBean(AbstractBeanFactory.java:321)
	at org.springframework.beans.factory.support.AbstractBeanFactory.getBean(AbstractBeanFactory.java:202)
	at org.springframework.beans.factory.config.DependencyDescriptor.resolveCandidate(DependencyDescriptor.java:276)
	at org.springframework.beans.factory.support.DefaultListableBeanFactory.doResolveDependency(DefaultListableBeanFactory.java:1290)
	at org.springframework.beans.factory.support.DefaultListableBeanFactory.resolveDependency(DefaultListableBeanFactory.java:1210)
	at org.springframework.beans.factory.annotation.AutowiredAnnotationBeanPostProcessor$AutowiredFieldElement.inject(AutowiredAnnotationBeanPostProcessor.java:640)
	... 19 common frames omitted
Caused by: org.springframework.beans.factory.BeanCreationException: Error creating bean with name 'sqlSessionFactory' defined in class path resource [org/mybatis/spring/boot/autoconfigure/MybatisAutoConfiguration.class]: Bean instantiation via factory method failed; nested exception is org.springframework.beans.BeanInstantiationException: Failed to instantiate [org.apache.ibatis.session.SqlSessionFactory]: Factory method 'sqlSessionFactory' threw exception; nested exception is org.springframework.core.NestedIOException: Failed to parse mapping resource: 'file [C:\Users\Lenovo\Desktop\datasync\datasync_center_client\target\classes\mapper\AreaSpotMapper.xml]'; nested exception is org.apache.ibatis.builder.BuilderException: Error creating document instance.  Cause: org.xml.sax.SAXParseException; lineNumber: 40; columnNumber: 28; 元素类型 "delete" 必须后跟属性规范 ">" 或 "/>"。
	at org.springframework.beans.factory.support.ConstructorResolver.instantiate(ConstructorResolver.java:656)
	at org.springframework.beans.factory.support.ConstructorResolver.instantiateUsingFactoryMethod(ConstructorResolver.java:636)
	at org.springframework.beans.factory.support.AbstractAutowireCapableBeanFactory.instantiateUsingFactoryMethod(AbstractAutowireCapableBeanFactory.java:1338)
	at org.springframework.beans.factory.support.AbstractAutowireCapableBeanFactory.createBeanInstance(AbstractAutowireCapableBeanFactory.java:1177)
	at org.springframework.beans.factory.support.AbstractAutowireCapableBeanFactory.doCreateBean(AbstractAutowireCapableBeanFactory.java:557)
	at org.springframework.beans.factory.support.AbstractAutowireCapableBeanFactory.createBean(AbstractAutowireCapableBeanFactory.java:517)
	at org.springframework.beans.factory.support.AbstractBeanFactory.lambda$doGetBean$0(AbstractBeanFactory.java:323)
	at org.springframework.beans.factory.support.DefaultSingletonBeanRegistry.getSingleton(DefaultSingletonBeanRegistry.java:222)
	at org.springframework.beans.factory.support.AbstractBeanFactory.doGetBean(AbstractBeanFactory.java:321)
	at org.springframework.beans.factory.support.AbstractBeanFactory.getBean(AbstractBeanFactory.java:202)
	at org.springframework.beans.factory.config.DependencyDescriptor.resolveCandidate(DependencyDescriptor.java:276)
	at org.springframework.beans.factory.support.DefaultListableBeanFactory.doResolveDependency(DefaultListableBeanFactory.java:1290)
	at org.springframework.beans.factory.support.DefaultListableBeanFactory.resolveDependency(DefaultListableBeanFactory.java:1210)
	at org.springframework.beans.factory.support.AbstractAutowireCapableBeanFactory.autowireByType(AbstractAutowireCapableBeanFactory.java:1511)
	... 30 common frames omitted
Caused by: org.springframework.beans.BeanInstantiationException: Failed to instantiate [org.apache.ibatis.session.SqlSessionFactory]: Factory method 'sqlSessionFactory' threw exception; nested exception is org.springframework.core.NestedIOException: Failed to parse mapping resource: 'file [C:\Users\Lenovo\Desktop\datasync\datasync_center_client\target\classes\mapper\AreaSpotMapper.xml]'; nested exception is org.apache.ibatis.builder.BuilderException: Error creating document instance.  Cause: org.xml.sax.SAXParseException; lineNumber: 40; columnNumber: 28; 元素类型 "delete" 必须后跟属性规范 ">" 或 "/>"。
	at org.springframework.beans.factory.support.SimpleInstantiationStrategy.instantiate(SimpleInstantiationStrategy.java:185)
	at org.springframework.beans.factory.support.ConstructorResolver.instantiate(ConstructorResolver.java:651)
	... 43 common frames omitted
Caused by: org.springframework.core.NestedIOException: Failed to parse mapping resource: 'file [C:\Users\Lenovo\Desktop\datasync\datasync_center_client\target\classes\mapper\AreaSpotMapper.xml]'; nested exception is org.apache.ibatis.builder.BuilderException: Error creating document instance.  Cause: org.xml.sax.SAXParseException; lineNumber: 40; columnNumber: 28; 元素类型 "delete" 必须后跟属性规范 ">" 或 "/>"。
	at org.mybatis.spring.SqlSessionFactoryBean.buildSqlSessionFactory(SqlSessionFactoryBean.java:534)
	at org.mybatis.spring.SqlSessionFactoryBean.afterPropertiesSet(SqlSessionFactoryBean.java:424)
	at org.mybatis.spring.SqlSessionFactoryBean.getObject(SqlSessionFactoryBean.java:554)
	at org.mybatis.spring.boot.autoconfigure.MybatisAutoConfiguration.sqlSessionFactory(MybatisAutoConfiguration.java:150)
	at org.mybatis.spring.boot.autoconfigure.MybatisAutoConfiguration$$EnhancerBySpringCGLIB$$ba3bdb65.CGLIB$sqlSessionFactory$1(<generated>)
	at org.mybatis.spring.boot.autoconfigure.MybatisAutoConfiguration$$EnhancerBySpringCGLIB$$ba3bdb65$$FastClassBySpringCGLIB$$faf5e9f9.invoke(<generated>)
	at org.springframework.cglib.proxy.MethodProxy.invokeSuper(MethodProxy.java:244)
	at org.springframework.context.annotation.ConfigurationClassEnhancer$BeanMethodInterceptor.intercept(ConfigurationClassEnhancer.java:331)
	at org.mybatis.spring.boot.autoconfigure.MybatisAutoConfiguration$$EnhancerBySpringCGLIB$$ba3bdb65.sqlSessionFactory(<generated>)
	at sun.reflect.NativeMethodAccessorImpl.invoke0(Native Method)
	at sun.reflect.NativeMethodAccessorImpl.invoke(NativeMethodAccessorImpl.java:62)
	at sun.reflect.DelegatingMethodAccessorImpl.invoke(DelegatingMethodAccessorImpl.java:43)
	at java.lang.reflect.Method.invoke(Method.java:498)
	at org.springframework.beans.factory.support.SimpleInstantiationStrategy.instantiate(SimpleInstantiationStrategy.java:154)
	... 44 common frames omitted
Caused by: org.apache.ibatis.builder.BuilderException: Error creating document instance.  Cause: org.xml.sax.SAXParseException; lineNumber: 40; columnNumber: 28; 元素类型 "delete" 必须后跟属性规范 ">" 或 "/>"。
	at org.apache.ibatis.parsing.XPathParser.createDocument(XPathParser.java:260)
	at org.apache.ibatis.parsing.XPathParser.<init>(XPathParser.java:126)
	at org.apache.ibatis.builder.xml.XMLMapperBuilder.<init>(XMLMapperBuilder.java:80)
	at org.mybatis.spring.SqlSessionFactoryBean.buildSqlSessionFactory(SqlSessionFactoryBean.java:531)
	... 57 common frames omitted
Caused by: org.xml.sax.SAXParseException: 元素类型 "delete" 必须后跟属性规范 ">" 或 "/>"。
	at com.sun.org.apache.xerces.internal.util.ErrorHandlerWrapper.createSAXParseException(ErrorHandlerWrapper.java:203)
	at com.sun.org.apache.xerces.internal.util.ErrorHandlerWrapper.fatalError(ErrorHandlerWrapper.java:177)
	at com.sun.org.apache.xerces.internal.impl.XMLErrorReporter.reportError(XMLErrorReporter.java:400)
	at com.sun.org.apache.xerces.internal.impl.XMLErrorReporter.reportError(XMLErrorReporter.java:327)
	at com.sun.org.apache.xerces.internal.impl.XMLScanner.reportFatalError(XMLScanner.java:1472)
	at com.sun.org.apache.xerces.internal.impl.XMLDocumentFragmentScannerImpl.seekCloseOfStartTag(XMLDocumentFragmentScannerImpl.java:1394)
	at com.sun.org.apache.xerces.internal.impl.XMLDocumentFragmentScannerImpl.scanStartElement(XMLDocumentFragmentScannerImpl.java:1324)
	at com.sun.org.apache.xerces.internal.impl.XMLDocumentFragmentScannerImpl$FragmentContentDriver.next(XMLDocumentFragmentScannerImpl.java:2784)
	at com.sun.org.apache.xerces.internal.impl.XMLDocumentScannerImpl.next(XMLDocumentScannerImpl.java:602)
	at com.sun.org.apache.xerces.internal.impl.XMLDocumentFragmentScannerImpl.scanDocument(XMLDocumentFragmentScannerImpl.java:505)
	at com.sun.org.apache.xerces.internal.parsers.XML11Configuration.parse(XML11Configuration.java:842)
	at com.sun.org.apache.xerces.internal.parsers.XML11Configuration.parse(XML11Configuration.java:771)
	at com.sun.org.apache.xerces.internal.parsers.XMLParser.parse(XMLParser.java:141)
	at com.sun.org.apache.xerces.internal.parsers.DOMParser.parse(DOMParser.java:243)
	at com.sun.org.apache.xerces.internal.jaxp.DocumentBuilderImpl.parse(DocumentBuilderImpl.java:339)
	at org.apache.ibatis.parsing.XPathParser.createDocument(XPathParser.java:258)
	... 60 common frames omitted
17:33:58.449 [main] ERROR com.ntu.common.client.EMQTTClient - 已断开连接
17:33:58.449 [main] ERROR com.ntu.common.client.EMQTTClient - 客户机未连接
17:33:58.508 [main] ERROR org.springframework.boot.diagnostics.LoggingFailureAnalysisReporter - 

***************************
APPLICATION FAILED TO START
***************************

Description:

Web server failed to start. Port 9999 was already in use.

Action:

Identify and stop the process that's listening on port 9999 or configure this application to listen on another port.

17:36:49.574 [Timer-0] ERROR org.eclipse.paho.client.mqttv3.internal.ClientState - center: Timed out as no write activity, keepAlive=30,000 lastOutboundActivity=1,589,189,736,452 lastInboundActivity=1,589,189,752,323 time=1,589,189,809,570 lastPing=1,589,189,736,452
17:45:09.737 [MQTT Call: center] ERROR com.ntu.center.sync.CenterDataReceiver - cj_node 节点的 1 号数据同步失败原因: 
### Error updating database.  Cause: java.sql.SQLException: Field 'info_id' doesn't have a default value
### The error may exist in file [C:\Users\Lenovo\Desktop\datasync\datasync_center_client\target\classes\mapper\AreaSpotMapper.xml]
### The error may involve com.ntu.center.mapper.AreaSpotMapper.insert-Inline
### The error occurred while setting parameters
### SQL: insert into area_spot (area_id, spot_id, spot_name,        spot_url, spot_historyurl, spot_obserargs,        spot_obsermeth, spot_posinfo, spot_runtime,        spot_intro)     values (?, ?, ?,        ?, ?, ?,        ?, ?, ?,        ?)
### Cause: java.sql.SQLException: Field 'info_id' doesn't have a default value
; Field 'info_id' doesn't have a default value; nested exception is java.sql.SQLException: Field 'info_id' doesn't have a default value
17:45:20.633 [MQTT Call: center] ERROR com.ntu.center.sync.CenterDataReceiver - cj_node 节点的 1 号数据同步失败原因: 
### Error updating database.  Cause: java.sql.SQLException: Field 'info_id' doesn't have a default value
### The error may exist in file [C:\Users\Lenovo\Desktop\datasync\datasync_center_client\target\classes\mapper\AreaSpotMapper.xml]
### The error may involve com.ntu.center.mapper.AreaSpotMapper.insert-Inline
### The error occurred while setting parameters
### SQL: insert into area_spot (area_id, spot_id, spot_name,        spot_url, spot_historyurl, spot_obserargs,        spot_obsermeth, spot_posinfo, spot_runtime,        spot_intro)     values (?, ?, ?,        ?, ?, ?,        ?, ?, ?,        ?)
### Cause: java.sql.SQLException: Field 'info_id' doesn't have a default value
; Field 'info_id' doesn't have a default value; nested exception is java.sql.SQLException: Field 'info_id' doesn't have a default value
17:45:31.646 [MQTT Call: center] ERROR com.ntu.center.sync.CenterDataReceiver - cj_node 节点的 1 号数据同步失败原因: 
### Error updating database.  Cause: java.sql.SQLException: Field 'info_id' doesn't have a default value
### The error may exist in file [C:\Users\Lenovo\Desktop\datasync\datasync_center_client\target\classes\mapper\AreaSpotMapper.xml]
### The error may involve com.ntu.center.mapper.AreaSpotMapper.insert-Inline
### The error occurred while setting parameters
### SQL: insert into area_spot (area_id, spot_id, spot_name,        spot_url, spot_historyurl, spot_obserargs,        spot_obsermeth, spot_posinfo, spot_runtime,        spot_intro)     values (?, ?, ?,        ?, ?, ?,        ?, ?, ?,        ?)
### Cause: java.sql.SQLException: Field 'info_id' doesn't have a default value
; Field 'info_id' doesn't have a default value; nested exception is java.sql.SQLException: Field 'info_id' doesn't have a default value
17:45:42.654 [MQTT Call: center] ERROR com.ntu.center.sync.CenterDataReceiver - cj_node 节点的 1 号数据同步失败原因: 
### Error updating database.  Cause: java.sql.SQLException: Field 'info_id' doesn't have a default value
### The error may exist in file [C:\Users\Lenovo\Desktop\datasync\datasync_center_client\target\classes\mapper\AreaSpotMapper.xml]
### The error may involve com.ntu.center.mapper.AreaSpotMapper.insert-Inline
### The error occurred while setting parameters
### SQL: insert into area_spot (area_id, spot_id, spot_name,        spot_url, spot_historyurl, spot_obserargs,        spot_obsermeth, spot_posinfo, spot_runtime,        spot_intro)     values (?, ?, ?,        ?, ?, ?,        ?, ?, ?,        ?)
### Cause: java.sql.SQLException: Field 'info_id' doesn't have a default value
; Field 'info_id' doesn't have a default value; nested exception is java.sql.SQLException: Field 'info_id' doesn't have a default value
17:45:53.677 [MQTT Call: center] ERROR com.ntu.center.sync.CenterDataReceiver - cj_node 节点的 1 号数据同步失败原因: 
### Error updating database.  Cause: java.sql.SQLException: Field 'info_id' doesn't have a default value
### The error may exist in file [C:\Users\Lenovo\Desktop\datasync\datasync_center_client\target\classes\mapper\AreaSpotMapper.xml]
### The error may involve com.ntu.center.mapper.AreaSpotMapper.insert-Inline
### The error occurred while setting parameters
### SQL: insert into area_spot (area_id, spot_id, spot_name,        spot_url, spot_historyurl, spot_obserargs,        spot_obsermeth, spot_posinfo, spot_runtime,        spot_intro)     values (?, ?, ?,        ?, ?, ?,        ?, ?, ?,        ?)
### Cause: java.sql.SQLException: Field 'info_id' doesn't have a default value
; Field 'info_id' doesn't have a default value; nested exception is java.sql.SQLException: Field 'info_id' doesn't have a default value
18:01:13.593 [MQTT Call: center] ERROR com.ntu.center.sync.CenterDataReceiver - tjh_node 节点的 4 号数据同步失败原因: 
### Error updating database.  Cause: java.sql.SQLException: Field 'info_id' doesn't have a default value
### The error may exist in file [C:\Users\Lenovo\Desktop\datasync\datasync_center_client\target\classes\mapper\TuanJieHeBuoyDianYaMapper.xml]
### The error may involve com.ntu.center.mapper.TuanJieHeBuoyDianYaMapper.insert-Inline
### The error occurred while setting parameters
### SQL: insert into nantong_tuanjiehe_buoy_dianya (area_id, spot_id, node_id,        data_time, dianya, dianliust,        state)     values (?, ?, ?,        ?, ?, ?,        ?)
### Cause: java.sql.SQLException: Field 'info_id' doesn't have a default value
; Field 'info_id' doesn't have a default value; nested exception is java.sql.SQLException: Field 'info_id' doesn't have a default value
18:01:24.474 [MQTT Call: center] ERROR com.ntu.center.sync.CenterDataReceiver - tjh_node 节点的 4 号数据同步失败原因: 
### Error updating database.  Cause: java.sql.SQLException: Field 'info_id' doesn't have a default value
### The error may exist in file [C:\Users\Lenovo\Desktop\datasync\datasync_center_client\target\classes\mapper\TuanJieHeBuoyDianYaMapper.xml]
### The error may involve com.ntu.center.mapper.TuanJieHeBuoyDianYaMapper.insert-Inline
### The error occurred while setting parameters
### SQL: insert into nantong_tuanjiehe_buoy_dianya (area_id, spot_id, node_id,        data_time, dianya, dianliust,        state)     values (?, ?, ?,        ?, ?, ?,        ?)
### Cause: java.sql.SQLException: Field 'info_id' doesn't have a default value
; Field 'info_id' doesn't have a default value; nested exception is java.sql.SQLException: Field 'info_id' doesn't have a default value
18:01:35.495 [MQTT Call: center] ERROR com.ntu.center.sync.CenterDataReceiver - tjh_node 节点的 4 号数据同步失败原因: 
### Error updating database.  Cause: java.sql.SQLException: Field 'info_id' doesn't have a default value
### The error may exist in file [C:\Users\Lenovo\Desktop\datasync\datasync_center_client\target\classes\mapper\TuanJieHeBuoyDianYaMapper.xml]
### The error may involve com.ntu.center.mapper.TuanJieHeBuoyDianYaMapper.insert-Inline
### The error occurred while setting parameters
### SQL: insert into nantong_tuanjiehe_buoy_dianya (area_id, spot_id, node_id,        data_time, dianya, dianliust,        state)     values (?, ?, ?,        ?, ?, ?,        ?)
### Cause: java.sql.SQLException: Field 'info_id' doesn't have a default value
; Field 'info_id' doesn't have a default value; nested exception is java.sql.SQLException: Field 'info_id' doesn't have a default value
18:01:46.495 [MQTT Call: center] ERROR com.ntu.center.sync.CenterDataReceiver - tjh_node 节点的 4 号数据同步失败原因: 
### Error updating database.  Cause: java.sql.SQLException: Field 'info_id' doesn't have a default value
### The error may exist in file [C:\Users\Lenovo\Desktop\datasync\datasync_center_client\target\classes\mapper\TuanJieHeBuoyDianYaMapper.xml]
### The error may involve com.ntu.center.mapper.TuanJieHeBuoyDianYaMapper.insert-Inline
### The error occurred while setting parameters
### SQL: insert into nantong_tuanjiehe_buoy_dianya (area_id, spot_id, node_id,        data_time, dianya, dianliust,        state)     values (?, ?, ?,        ?, ?, ?,        ?)
### Cause: java.sql.SQLException: Field 'info_id' doesn't have a default value
; Field 'info_id' doesn't have a default value; nested exception is java.sql.SQLException: Field 'info_id' doesn't have a default value
18:01:57.509 [MQTT Call: center] ERROR com.ntu.center.sync.CenterDataReceiver - tjh_node 节点的 4 号数据同步失败原因: 
### Error updating database.  Cause: java.sql.SQLException: Field 'info_id' doesn't have a default value
### The error may exist in file [C:\Users\Lenovo\Desktop\datasync\datasync_center_client\target\classes\mapper\TuanJieHeBuoyDianYaMapper.xml]
### The error may involve com.ntu.center.mapper.TuanJieHeBuoyDianYaMapper.insert-Inline
### The error occurred while setting parameters
### SQL: insert into nantong_tuanjiehe_buoy_dianya (area_id, spot_id, node_id,        data_time, dianya, dianliust,        state)     values (?, ?, ?,        ?, ?, ?,        ?)
### Cause: java.sql.SQLException: Field 'info_id' doesn't have a default value
; Field 'info_id' doesn't have a default value; nested exception is java.sql.SQLException: Field 'info_id' doesn't have a default value
18:04:36.620 [MQTT Call: center] ERROR com.ntu.center.sync.CenterDataReceiver - tjh_node 节点的 4 号数据同步失败原因: 
### Error updating database.  Cause: java.sql.SQLException: Field 'info_id' doesn't have a default value
### The error may exist in file [C:\Users\Lenovo\Desktop\datasync\datasync_center_client\target\classes\mapper\TuanJieHeBuoyDianYaMapper.xml]
### The error may involve com.ntu.center.mapper.TuanJieHeBuoyDianYaMapper.insert-Inline
### The error occurred while setting parameters
### SQL: insert into nantong_tuanjiehe_buoy_dianya (area_id, spot_id, node_id,        data_time, dianya, dianliust,        state)     values (?, ?, ?,        ?, ?, ?,        ?)
### Cause: java.sql.SQLException: Field 'info_id' doesn't have a default value
; Field 'info_id' doesn't have a default value; nested exception is java.sql.SQLException: Field 'info_id' doesn't have a default value
18:04:47.629 [MQTT Call: center] ERROR com.ntu.center.sync.CenterDataReceiver - tjh_node 节点的 4 号数据同步失败原因: 
### Error updating database.  Cause: java.sql.SQLException: Field 'info_id' doesn't have a default value
### The error may exist in file [C:\Users\Lenovo\Desktop\datasync\datasync_center_client\target\classes\mapper\TuanJieHeBuoyDianYaMapper.xml]
### The error may involve com.ntu.center.mapper.TuanJieHeBuoyDianYaMapper.insert-Inline
### The error occurred while setting parameters
### SQL: insert into nantong_tuanjiehe_buoy_dianya (area_id, spot_id, node_id,        data_time, dianya, dianliust,        state)     values (?, ?, ?,        ?, ?, ?,        ?)
### Cause: java.sql.SQLException: Field 'info_id' doesn't have a default value
; Field 'info_id' doesn't have a default value; nested exception is java.sql.SQLException: Field 'info_id' doesn't have a default value
18:04:58.631 [MQTT Call: center] ERROR com.ntu.center.sync.CenterDataReceiver - tjh_node 节点的 4 号数据同步失败原因: 
### Error updating database.  Cause: java.sql.SQLException: Field 'info_id' doesn't have a default value
### The error may exist in file [C:\Users\Lenovo\Desktop\datasync\datasync_center_client\target\classes\mapper\TuanJieHeBuoyDianYaMapper.xml]
### The error may involve com.ntu.center.mapper.TuanJieHeBuoyDianYaMapper.insert-Inline
### The error occurred while setting parameters
### SQL: insert into nantong_tuanjiehe_buoy_dianya (area_id, spot_id, node_id,        data_time, dianya, dianliust,        state)     values (?, ?, ?,        ?, ?, ?,        ?)
### Cause: java.sql.SQLException: Field 'info_id' doesn't have a default value
; Field 'info_id' doesn't have a default value; nested exception is java.sql.SQLException: Field 'info_id' doesn't have a default value
18:05:09.636 [MQTT Call: center] ERROR com.ntu.center.sync.CenterDataReceiver - tjh_node 节点的 4 号数据同步失败原因: 
### Error updating database.  Cause: java.sql.SQLException: Field 'info_id' doesn't have a default value
### The error may exist in file [C:\Users\Lenovo\Desktop\datasync\datasync_center_client\target\classes\mapper\TuanJieHeBuoyDianYaMapper.xml]
### The error may involve com.ntu.center.mapper.TuanJieHeBuoyDianYaMapper.insert-Inline
### The error occurred while setting parameters
### SQL: insert into nantong_tuanjiehe_buoy_dianya (area_id, spot_id, node_id,        data_time, dianya, dianliust,        state)     values (?, ?, ?,        ?, ?, ?,        ?)
### Cause: java.sql.SQLException: Field 'info_id' doesn't have a default value
; Field 'info_id' doesn't have a default value; nested exception is java.sql.SQLException: Field 'info_id' doesn't have a default value
18:05:20.631 [MQTT Call: center] ERROR com.ntu.center.sync.CenterDataReceiver - tjh_node 节点的 4 号数据同步失败原因: 
### Error updating database.  Cause: java.sql.SQLException: Field 'info_id' doesn't have a default value
### The error may exist in file [C:\Users\Lenovo\Desktop\datasync\datasync_center_client\target\classes\mapper\TuanJieHeBuoyDianYaMapper.xml]
### The error may involve com.ntu.center.mapper.TuanJieHeBuoyDianYaMapper.insert-Inline
### The error occurred while setting parameters
### SQL: insert into nantong_tuanjiehe_buoy_dianya (area_id, spot_id, node_id,        data_time, dianya, dianliust,        state)     values (?, ?, ?,        ?, ?, ?,        ?)
### Cause: java.sql.SQLException: Field 'info_id' doesn't have a default value
; Field 'info_id' doesn't have a default value; nested exception is java.sql.SQLException: Field 'info_id' doesn't have a default value
18:27:18.280 [MQTT Call: center] ERROR com.ntu.center.sync.CenterDataReceiver - cj_node 节点的 3 号数据同步失败原因: nested exception is org.apache.ibatis.binding.BindingException: Parameter 'info' not found. Available parameters are [infoId, param1]
