21:24:03.912 [MQTT Call: center] DEBUG com.ntu.center.mapper.DataSynchroMapper.findById - ==>  Preparing: select * from data_synchro where rtrim(basicinfoid)= ? and type = ? and area_name = ? 
21:24:03.954 [MQTT Call: center] DEBUG com.ntu.center.mapper.DataSynchroMapper.findById - ==> Parameters: 1(Long), S(String), tuanjiehe(String)
21:24:04.011 [MQTT Call: center] DEBUG com.ntu.center.mapper.DataSynchroMapper.findById - <==      Total: 0
21:24:04.021 [MQTT Call: center] DEBUG com.ntu.center.mapper.AreaSpotMapper.selectByPrimaryKey - ==>  Preparing: select area_id, spot_id, spot_name, spot_url, spot_historyurl, spot_obserargs, spot_obsermeth, spot_posinfo, spot_runtime , spot_intro from area_spot where area_id = ? and spot_id = ? 
21:24:04.022 [MQTT Call: center] DEBUG com.ntu.center.mapper.AreaSpotMapper.selectByPrimaryKey - ==> Parameters: 123(String), 123(String)
21:24:04.046 [MQTT Call: center] DEBUG com.ntu.center.mapper.AreaSpotMapper.selectByPrimaryKey - <==      Total: 1
21:24:04.047 [MQTT Call: center] DEBUG com.ntu.center.mapper.AreaSpotMapper.updateByPrimaryKey - ==>  Preparing: update area_spot set spot_name = ?, spot_url = ?, spot_historyurl = ?, spot_obserargs = ?, spot_obsermeth = ?, spot_posinfo = ?, spot_runtime = ? where area_id = ? and spot_id = ? 
21:24:04.047 [MQTT Call: center] DEBUG com.ntu.center.mapper.AreaSpotMapper.updateByPrimaryKey - ==> Parameters: 2131111(String), 11111111111(String), 1(String), null, null, null, null, 123(String), 123(String)
21:24:04.098 [MQTT Call: center] DEBUG com.ntu.center.mapper.AreaSpotMapper.updateByPrimaryKey - <==    Updates: 1
21:24:04.098 [MQTT Call: center] DEBUG com.ntu.center.mapper.DataSynchroMapper.insert - ==>  Preparing: insert into data_synchro (BASICINFOID, TYPE, AREA_NAME ,SA1_STATUS, SC1_TIME, SD1_NUM, SE1_TIME, SF1_MSG ) values (?, ?, ?,?, ?, ?, ?, ? ) 
21:24:04.109 [MQTT Call: center] DEBUG com.ntu.center.mapper.DataSynchroMapper.insert - ==> Parameters: 1(Long), S(String), tuanjiehe(String), 0(String), 2020-05-13 21:24:04.098(Timestamp), null, null, data synchronize success(String)
21:24:04.168 [MQTT Call: center] DEBUG com.ntu.center.mapper.DataSynchroMapper.insert - <==    Updates: 1
21:24:04.470 [MQTT Call: center] DEBUG com.ntu.center.mapper.DataSynchroMapper.findById - ==>  Preparing: select * from data_synchro where rtrim(basicinfoid)= ? and type = ? and area_name = ? 
21:24:04.470 [MQTT Call: center] DEBUG com.ntu.center.mapper.DataSynchroMapper.findById - ==> Parameters: 2(Long), B(String), tuanjiehe(String)
21:24:04.491 [MQTT Call: center] DEBUG com.ntu.center.mapper.DataSynchroMapper.findById - <==      Total: 1
21:24:04.491 [MQTT Call: center] DEBUG com.ntu.center.mapper.BoxSensorMapper.selectByPrimaryKey - ==>  Preparing: select area_id, spot_id, node_id, data_time, Conductivity, Temperature, Pressure, Salinity, DissolvedOxygen, SPAD, Turbidity, AnDan, YaXiaoDan, LinSuanYan, ORP from box_sensor where area_id = ? and spot_id = ? and node_id = ? and data_time = ? 
21:24:04.492 [MQTT Call: center] DEBUG com.ntu.center.mapper.BoxSensorMapper.selectByPrimaryKey - ==> Parameters: ss(String), ss(String), ss(String), 2020-05-26 20:14:07.0(Timestamp)
21:24:04.515 [MQTT Call: center] DEBUG com.ntu.center.mapper.BoxSensorMapper.selectByPrimaryKey - <==      Total: 1
21:24:04.515 [MQTT Call: center] DEBUG com.ntu.center.mapper.BoxSensorMapper.updateByPrimaryKey - ==>  Preparing: update box_sensor set Conductivity = ?, Temperature = ?, Pressure = ?, Salinity = ?, DissolvedOxygen = ?, SPAD = ?, Turbidity = ?, AnDan = ?, YaXiaoDan = ?, LinSuanYan = ?, ORP = ? where area_id = ? and spot_id = ? and node_id = ? and data_time = ? 
21:24:04.516 [MQTT Call: center] DEBUG com.ntu.center.mapper.BoxSensorMapper.updateByPrimaryKey - ==> Parameters: 4.41111008E8(Float), 4400.12(Float), 4.0(Float), null, null, null, null, null, null, null, null, ss(String), ss(String), ss(String), 2020-05-26 20:14:07.0(Timestamp)
21:24:04.569 [MQTT Call: center] DEBUG com.ntu.center.mapper.BoxSensorMapper.updateByPrimaryKey - <==    Updates: 1
21:24:04.600 [MQTT Call: center] DEBUG com.ntu.center.mapper.DataSynchroMapper.updateActive - ==>  Preparing: update data_synchro set SA1_STATUS = ? , SC1_TIME= ? , SF1_MSG= ? where rtrim(basicinfoid)= ? and type = ? and area_name = ? 
21:24:04.601 [MQTT Call: center] DEBUG com.ntu.center.mapper.DataSynchroMapper.updateActive - ==> Parameters: 0(String), 2020-05-13 21:24:04.57(Timestamp), data synchronize success(String), 2(Long), B(String), tuanjiehe(String)
21:24:04.653 [MQTT Call: center] DEBUG com.ntu.center.mapper.DataSynchroMapper.updateActive - <==    Updates: 1
21:25:31.528 [MQTT Call: center] DEBUG com.ntu.center.mapper.DataSynchroMapper.findById - ==>  Preparing: select * from data_synchro where rtrim(basicinfoid)= ? and type = ? and area_name = ? 
21:25:31.529 [MQTT Call: center] DEBUG com.ntu.center.mapper.DataSynchroMapper.findById - ==> Parameters: 5(Long), S(String), changjiang(String)
21:25:31.546 [MQTT Call: center] DEBUG com.ntu.center.mapper.DataSynchroMapper.findById - <==      Total: 0
21:25:31.547 [MQTT Call: center] DEBUG com.ntu.center.mapper.AreaSpotMapper.selectByPrimaryKey - ==>  Preparing: select area_id, spot_id, spot_name, spot_url, spot_historyurl, spot_obserargs, spot_obsermeth, spot_posinfo, spot_runtime , spot_intro from area_spot where area_id = ? and spot_id = ? 
21:25:31.548 [MQTT Call: center] DEBUG com.ntu.center.mapper.AreaSpotMapper.selectByPrimaryKey - ==> Parameters: 321(String), 123(String)
21:25:31.568 [MQTT Call: center] DEBUG com.ntu.center.mapper.AreaSpotMapper.selectByPrimaryKey - <==      Total: 0
21:25:31.568 [MQTT Call: center] DEBUG com.ntu.center.mapper.AreaSpotMapper.insert - ==>  Preparing: insert into area_spot (info_id,area_name,area_id, spot_id, spot_name, spot_url, spot_historyurl, spot_obserargs, spot_obsermeth, spot_posinfo, spot_runtime, spot_intro) values (?,?,?, ?, ?, ?, ?, ?, ?, ?, ?, ?) 
21:25:31.571 [MQTT Call: center] DEBUG com.ntu.center.mapper.AreaSpotMapper.insert - ==> Parameters: 5(Long), changjiang(String), 321(String), 123(String), 123(String), 213(String), 34(String), 56(String), null, null, null, 435(String)
21:25:31.628 [MQTT Call: center] DEBUG com.ntu.center.mapper.AreaSpotMapper.insert - <==    Updates: 1
21:25:31.629 [MQTT Call: center] DEBUG com.ntu.center.mapper.DataSynchroMapper.insert - ==>  Preparing: insert into data_synchro (BASICINFOID, TYPE, AREA_NAME ,SA1_STATUS, SC1_TIME, SD1_NUM, SE1_TIME, SF1_MSG ) values (?, ?, ?,?, ?, ?, ?, ? ) 
21:25:31.630 [MQTT Call: center] DEBUG com.ntu.center.mapper.DataSynchroMapper.insert - ==> Parameters: 5(Long), S(String), changjiang(String), 0(String), 2020-05-13 21:25:31.629(Timestamp), null, null, data synchronize success(String)
21:25:31.686 [MQTT Call: center] DEBUG com.ntu.center.mapper.DataSynchroMapper.insert - <==    Updates: 1
21:25:42.535 [MQTT Call: center] DEBUG com.ntu.center.mapper.DataSynchroMapper.findById - ==>  Preparing: select * from data_synchro where rtrim(basicinfoid)= ? and type = ? and area_name = ? 
21:25:42.536 [MQTT Call: center] DEBUG com.ntu.center.mapper.DataSynchroMapper.findById - ==> Parameters: 6(Long), S(String), changjiang(String)
21:25:42.557 [MQTT Call: center] DEBUG com.ntu.center.mapper.DataSynchroMapper.findById - <==      Total: 0
21:25:42.558 [MQTT Call: center] DEBUG com.ntu.center.mapper.AreaSpotMapper.selectByPrimaryKey - ==>  Preparing: select area_id, spot_id, spot_name, spot_url, spot_historyurl, spot_obserargs, spot_obsermeth, spot_posinfo, spot_runtime , spot_intro from area_spot where area_id = ? and spot_id = ? 
21:25:42.558 [MQTT Call: center] DEBUG com.ntu.center.mapper.AreaSpotMapper.selectByPrimaryKey - ==> Parameters: 456(String), 546(String)
21:25:42.578 [MQTT Call: center] DEBUG com.ntu.center.mapper.AreaSpotMapper.selectByPrimaryKey - <==      Total: 0
21:25:42.579 [MQTT Call: center] DEBUG com.ntu.center.mapper.AreaSpotMapper.insert - ==>  Preparing: insert into area_spot (info_id,area_name,area_id, spot_id, spot_name, spot_url, spot_historyurl, spot_obserargs, spot_obsermeth, spot_posinfo, spot_runtime, spot_intro) values (?,?,?, ?, ?, ?, ?, ?, ?, ?, ?, ?) 
21:25:42.580 [MQTT Call: center] DEBUG com.ntu.center.mapper.AreaSpotMapper.insert - ==> Parameters: 6(Long), changjiang(String), 456(String), 546(String), 45(String), 456(String), 657(String), 99(String), 890(String), 56(String), null, 768(String)
21:25:42.635 [MQTT Call: center] DEBUG com.ntu.center.mapper.AreaSpotMapper.insert - <==    Updates: 1
21:25:42.636 [MQTT Call: center] DEBUG com.ntu.center.mapper.DataSynchroMapper.insert - ==>  Preparing: insert into data_synchro (BASICINFOID, TYPE, AREA_NAME ,SA1_STATUS, SC1_TIME, SD1_NUM, SE1_TIME, SF1_MSG ) values (?, ?, ?,?, ?, ?, ?, ? ) 
21:25:42.637 [MQTT Call: center] DEBUG com.ntu.center.mapper.DataSynchroMapper.insert - ==> Parameters: 6(Long), S(String), changjiang(String), 0(String), 2020-05-13 21:25:42.635(Timestamp), null, null, data synchronize success(String)
21:25:42.691 [MQTT Call: center] DEBUG com.ntu.center.mapper.DataSynchroMapper.insert - <==    Updates: 1
21:25:53.547 [MQTT Call: center] DEBUG com.ntu.center.mapper.DataSynchroMapper.findById - ==>  Preparing: select * from data_synchro where rtrim(basicinfoid)= ? and type = ? and area_name = ? 
21:25:53.547 [MQTT Call: center] DEBUG com.ntu.center.mapper.DataSynchroMapper.findById - ==> Parameters: 7(Long), S(String), changjiang(String)
21:25:53.567 [MQTT Call: center] DEBUG com.ntu.center.mapper.DataSynchroMapper.findById - <==      Total: 0
21:25:53.568 [MQTT Call: center] DEBUG com.ntu.center.mapper.AreaSpotMapper.selectByPrimaryKey - ==>  Preparing: select area_id, spot_id, spot_name, spot_url, spot_historyurl, spot_obserargs, spot_obsermeth, spot_posinfo, spot_runtime , spot_intro from area_spot where area_id = ? and spot_id = ? 
21:25:53.569 [MQTT Call: center] DEBUG com.ntu.center.mapper.AreaSpotMapper.selectByPrimaryKey - ==> Parameters: 89(String), 546(String)
21:25:53.587 [MQTT Call: center] DEBUG com.ntu.center.mapper.AreaSpotMapper.selectByPrimaryKey - <==      Total: 0
21:25:53.587 [MQTT Call: center] DEBUG com.ntu.center.mapper.AreaSpotMapper.insert - ==>  Preparing: insert into area_spot (info_id,area_name,area_id, spot_id, spot_name, spot_url, spot_historyurl, spot_obserargs, spot_obsermeth, spot_posinfo, spot_runtime, spot_intro) values (?,?,?, ?, ?, ?, ?, ?, ?, ?, ?, ?) 
21:25:53.588 [MQTT Call: center] DEBUG com.ntu.center.mapper.AreaSpotMapper.insert - ==> Parameters: 7(Long), changjiang(String), 89(String), 546(String), 546(String), 456(String), 788(String), null, null, null, null, 86(String)
21:25:53.640 [MQTT Call: center] DEBUG com.ntu.center.mapper.AreaSpotMapper.insert - <==    Updates: 1
21:25:53.641 [MQTT Call: center] DEBUG com.ntu.center.mapper.DataSynchroMapper.insert - ==>  Preparing: insert into data_synchro (BASICINFOID, TYPE, AREA_NAME ,SA1_STATUS, SC1_TIME, SD1_NUM, SE1_TIME, SF1_MSG ) values (?, ?, ?,?, ?, ?, ?, ? ) 
21:25:53.642 [MQTT Call: center] DEBUG com.ntu.center.mapper.DataSynchroMapper.insert - ==> Parameters: 7(Long), S(String), changjiang(String), 0(String), 2020-05-13 21:25:53.641(Timestamp), null, null, data synchronize success(String)
21:25:53.691 [MQTT Call: center] DEBUG com.ntu.center.mapper.DataSynchroMapper.insert - <==    Updates: 1
21:26:04.558 [MQTT Call: center] DEBUG com.ntu.center.mapper.DataSynchroMapper.findById - ==>  Preparing: select * from data_synchro where rtrim(basicinfoid)= ? and type = ? and area_name = ? 
21:26:04.559 [MQTT Call: center] DEBUG com.ntu.center.mapper.DataSynchroMapper.findById - ==> Parameters: 7(Long), S(String), changjiang(String)
21:26:04.575 [MQTT Call: center] DEBUG com.ntu.center.mapper.DataSynchroMapper.findById - <==      Total: 1
21:26:04.576 [MQTT Call: center] DEBUG com.ntu.center.mapper.AreaSpotMapper.selectByPrimaryKey - ==>  Preparing: select area_id, spot_id, spot_name, spot_url, spot_historyurl, spot_obserargs, spot_obsermeth, spot_posinfo, spot_runtime , spot_intro from area_spot where area_id = ? and spot_id = ? 
21:26:04.576 [MQTT Call: center] DEBUG com.ntu.center.mapper.AreaSpotMapper.selectByPrimaryKey - ==> Parameters: 89(String), 546(String)
21:26:04.593 [MQTT Call: center] DEBUG com.ntu.center.mapper.AreaSpotMapper.selectByPrimaryKey - <==      Total: 1
21:26:04.593 [MQTT Call: center] DEBUG com.ntu.center.mapper.AreaSpotMapper.updateByPrimaryKey - ==>  Preparing: update area_spot set spot_name = ?, spot_url = ?, spot_historyurl = ?, spot_obserargs = ?, spot_obsermeth = ?, spot_posinfo = ?, spot_runtime = ? where area_id = ? and spot_id = ? 
21:26:04.594 [MQTT Call: center] DEBUG com.ntu.center.mapper.AreaSpotMapper.updateByPrimaryKey - ==> Parameters: 546(String), 456(String), 788(String), 5465(String), 4533(String), 12354(String), null, 89(String), 546(String)
21:26:04.647 [MQTT Call: center] DEBUG com.ntu.center.mapper.AreaSpotMapper.updateByPrimaryKey - <==    Updates: 1
21:26:04.647 [MQTT Call: center] DEBUG com.ntu.center.mapper.DataSynchroMapper.updateActive - ==>  Preparing: update data_synchro set SA1_STATUS = ? , SC1_TIME= ? , SF1_MSG= ? where rtrim(basicinfoid)= ? and type = ? and area_name = ? 
21:26:04.648 [MQTT Call: center] DEBUG com.ntu.center.mapper.DataSynchroMapper.updateActive - ==> Parameters: 0(String), 2020-05-13 21:26:04.647(Timestamp), data synchronize success(String), 7(Long), S(String), changjiang(String)
21:26:04.700 [MQTT Call: center] DEBUG com.ntu.center.mapper.DataSynchroMapper.updateActive - <==    Updates: 1
21:27:05.594 [MQTT Call: center] DEBUG com.ntu.center.mapper.DataSynchroMapper.findById - ==>  Preparing: select * from data_synchro where rtrim(basicinfoid)= ? and type = ? and area_name = ? 
21:27:05.595 [MQTT Call: center] DEBUG com.ntu.center.mapper.DataSynchroMapper.findById - ==> Parameters: 3(Long), B(String), changjiang(String)
21:27:05.610 [MQTT Call: center] DEBUG com.ntu.center.mapper.DataSynchroMapper.findById - <==      Total: 0
21:27:05.611 [MQTT Call: center] DEBUG com.ntu.center.mapper.BoxSensorMapper.selectByPrimaryKey - ==>  Preparing: select area_id, spot_id, node_id, data_time, Conductivity, Temperature, Pressure, Salinity, DissolvedOxygen, SPAD, Turbidity, AnDan, YaXiaoDan, LinSuanYan, ORP from box_sensor where area_id = ? and spot_id = ? and node_id = ? and data_time = ? 
21:27:05.611 [MQTT Call: center] DEBUG com.ntu.center.mapper.BoxSensorMapper.selectByPrimaryKey - ==> Parameters: 32(String), 432(String), 43(String), 2020-05-13 21:26:51.0(Timestamp)
21:27:05.629 [MQTT Call: center] DEBUG com.ntu.center.mapper.BoxSensorMapper.selectByPrimaryKey - <==      Total: 0
21:27:05.630 [MQTT Call: center] DEBUG com.ntu.center.mapper.BoxSensorMapper.insert - ==>  Preparing: insert into box_sensor (info_id,area_name,area_id, spot_id, node_id, data_time, Conductivity, Temperature, Pressure, Salinity, DissolvedOxygen, SPAD, Turbidity, AnDan, YaXiaoDan, LinSuanYan, ORP) values (?,?,?, ?, ?, ?, ?, ?, ?, ?, ?, ?, ?, ?, ?, ?, ?) 
21:27:05.631 [MQTT Call: center] DEBUG com.ntu.center.mapper.BoxSensorMapper.insert - ==> Parameters: 3(Long), changjiang(String), 32(String), 432(String), 43(String), 2020-05-13 21:26:51.0(Timestamp), 45.0(Float), 345.0(Float), 435.0(Float), null, null, null, null, null, null, null, null
21:27:05.685 [MQTT Call: center] DEBUG com.ntu.center.mapper.BoxSensorMapper.insert - <==    Updates: 1
21:27:05.685 [MQTT Call: center] DEBUG com.ntu.center.mapper.DataSynchroMapper.insert - ==>  Preparing: insert into data_synchro (BASICINFOID, TYPE, AREA_NAME ,SA1_STATUS, SC1_TIME, SD1_NUM, SE1_TIME, SF1_MSG ) values (?, ?, ?,?, ?, ?, ?, ? ) 
21:27:05.686 [MQTT Call: center] DEBUG com.ntu.center.mapper.DataSynchroMapper.insert - ==> Parameters: 3(Long), B(String), changjiang(String), 0(String), 2020-05-13 21:27:05.685(Timestamp), null, null, data synchronize success(String)
21:27:05.739 [MQTT Call: center] DEBUG com.ntu.center.mapper.DataSynchroMapper.insert - <==    Updates: 1
21:27:16.597 [MQTT Call: center] DEBUG com.ntu.center.mapper.DataSynchroMapper.findById - ==>  Preparing: select * from data_synchro where rtrim(basicinfoid)= ? and type = ? and area_name = ? 
21:27:16.597 [MQTT Call: center] DEBUG com.ntu.center.mapper.DataSynchroMapper.findById - ==> Parameters: 63(Long), B(String), changjiang(String)
21:27:16.614 [MQTT Call: center] DEBUG com.ntu.center.mapper.DataSynchroMapper.findById - <==      Total: 0
21:27:16.615 [MQTT Call: center] DEBUG com.ntu.center.mapper.BoxSensorMapper.selectByPrimaryKey - ==>  Preparing: select area_id, spot_id, node_id, data_time, Conductivity, Temperature, Pressure, Salinity, DissolvedOxygen, SPAD, Turbidity, AnDan, YaXiaoDan, LinSuanYan, ORP from box_sensor where area_id = ? and spot_id = ? and node_id = ? and data_time = ? 
21:27:16.616 [MQTT Call: center] DEBUG com.ntu.center.mapper.BoxSensorMapper.selectByPrimaryKey - ==> Parameters: 4546(String), 546(String), 213(String), 2020-05-13 21:27:10.0(Timestamp)
21:27:16.633 [MQTT Call: center] DEBUG com.ntu.center.mapper.BoxSensorMapper.selectByPrimaryKey - <==      Total: 0
21:27:16.634 [MQTT Call: center] DEBUG com.ntu.center.mapper.BoxSensorMapper.insert - ==>  Preparing: insert into box_sensor (info_id,area_name,area_id, spot_id, node_id, data_time, Conductivity, Temperature, Pressure, Salinity, DissolvedOxygen, SPAD, Turbidity, AnDan, YaXiaoDan, LinSuanYan, ORP) values (?,?,?, ?, ?, ?, ?, ?, ?, ?, ?, ?, ?, ?, ?, ?, ?) 
21:27:16.636 [MQTT Call: center] DEBUG com.ntu.center.mapper.BoxSensorMapper.insert - ==> Parameters: 63(Long), changjiang(String), 4546(String), 546(String), 213(String), 2020-05-13 21:27:10.0(Timestamp), 234.0(Float), 55.0(Float), 4365.0(Float), 46.0(Float), null, null, null, null, null, null, null
21:27:16.689 [MQTT Call: center] DEBUG com.ntu.center.mapper.BoxSensorMapper.insert - <==    Updates: 1
21:27:16.690 [MQTT Call: center] DEBUG com.ntu.center.mapper.DataSynchroMapper.insert - ==>  Preparing: insert into data_synchro (BASICINFOID, TYPE, AREA_NAME ,SA1_STATUS, SC1_TIME, SD1_NUM, SE1_TIME, SF1_MSG ) values (?, ?, ?,?, ?, ?, ?, ? ) 
21:27:16.691 [MQTT Call: center] DEBUG com.ntu.center.mapper.DataSynchroMapper.insert - ==> Parameters: 63(Long), B(String), changjiang(String), 0(String), 2020-05-13 21:27:16.69(Timestamp), null, null, data synchronize success(String)
21:27:16.739 [MQTT Call: center] DEBUG com.ntu.center.mapper.DataSynchroMapper.insert - <==    Updates: 1
21:27:27.615 [MQTT Call: center] DEBUG com.ntu.center.mapper.DataSynchroMapper.findById - ==>  Preparing: select * from data_synchro where rtrim(basicinfoid)= ? and type = ? and area_name = ? 
21:27:27.615 [MQTT Call: center] DEBUG com.ntu.center.mapper.DataSynchroMapper.findById - ==> Parameters: 64(Long), B(String), changjiang(String)
21:27:27.635 [MQTT Call: center] DEBUG com.ntu.center.mapper.DataSynchroMapper.findById - <==      Total: 0
21:27:27.636 [MQTT Call: center] DEBUG com.ntu.center.mapper.BoxSensorMapper.selectByPrimaryKey - ==>  Preparing: select area_id, spot_id, node_id, data_time, Conductivity, Temperature, Pressure, Salinity, DissolvedOxygen, SPAD, Turbidity, AnDan, YaXiaoDan, LinSuanYan, ORP from box_sensor where area_id = ? and spot_id = ? and node_id = ? and data_time = ? 
21:27:27.637 [MQTT Call: center] DEBUG com.ntu.center.mapper.BoxSensorMapper.selectByPrimaryKey - ==> Parameters: 56(String), 456(String), 456(String), 2020-05-13 21:27:21.0(Timestamp)
21:27:27.654 [MQTT Call: center] DEBUG com.ntu.center.mapper.BoxSensorMapper.selectByPrimaryKey - <==      Total: 0
21:27:27.655 [MQTT Call: center] DEBUG com.ntu.center.mapper.BoxSensorMapper.insert - ==>  Preparing: insert into box_sensor (info_id,area_name,area_id, spot_id, node_id, data_time, Conductivity, Temperature, Pressure, Salinity, DissolvedOxygen, SPAD, Turbidity, AnDan, YaXiaoDan, LinSuanYan, ORP) values (?,?,?, ?, ?, ?, ?, ?, ?, ?, ?, ?, ?, ?, ?, ?, ?) 
21:27:27.656 [MQTT Call: center] DEBUG com.ntu.center.mapper.BoxSensorMapper.insert - ==> Parameters: 64(Long), changjiang(String), 56(String), 456(String), 456(String), 2020-05-13 21:27:21.0(Timestamp), 456.0(Float), 67.0(Float), null, null, null, null, null, null, null, null, null
21:27:27.723 [MQTT Call: center] DEBUG com.ntu.center.mapper.BoxSensorMapper.insert - <==    Updates: 1
21:27:27.723 [MQTT Call: center] DEBUG com.ntu.center.mapper.DataSynchroMapper.insert - ==>  Preparing: insert into data_synchro (BASICINFOID, TYPE, AREA_NAME ,SA1_STATUS, SC1_TIME, SD1_NUM, SE1_TIME, SF1_MSG ) values (?, ?, ?,?, ?, ?, ?, ? ) 
21:27:27.724 [MQTT Call: center] DEBUG com.ntu.center.mapper.DataSynchroMapper.insert - ==> Parameters: 64(Long), B(String), changjiang(String), 0(String), 2020-05-13 21:27:27.723(Timestamp), null, null, data synchronize success(String)
21:27:27.774 [MQTT Call: center] DEBUG com.ntu.center.mapper.DataSynchroMapper.insert - <==    Updates: 1
21:27:48.627 [MQTT Call: center] DEBUG com.ntu.center.mapper.DataSynchroMapper.findById - ==>  Preparing: select * from data_synchro where rtrim(basicinfoid)= ? and type = ? and area_name = ? 
21:27:48.628 [MQTT Call: center] DEBUG com.ntu.center.mapper.DataSynchroMapper.findById - ==> Parameters: 3(Long), N(String), changjiang(String)
21:27:48.647 [MQTT Call: center] DEBUG com.ntu.center.mapper.DataSynchroMapper.findById - <==      Total: 0
21:27:48.648 [MQTT Call: center] DEBUG com.ntu.center.mapper.ChangJiangBoxEnvironmentMapper.findById - ==>  Preparing: select G_InVoltage,G_InCurrent, G_Temperature , Z_InVoltage,Z_InCurrent,Z_Temperature, Z_JueYuan,Z_LouShui,C_InVoltage, C_YunTaiDianLiu,C_Temperature,C_JueYuan,C_LouShui,Water_Deep from nantong_changjiang_box_environment where area_id = ? and spot_id = ? and node_id = ? and data_time = ? 
21:27:48.648 [MQTT Call: center] DEBUG com.ntu.center.mapper.ChangJiangBoxEnvironmentMapper.findById - ==> Parameters: 2343(String), 234(String), 234(String), 2020-05-13 21:27:38.0(Timestamp)
21:27:48.669 [MQTT Call: center] DEBUG com.ntu.center.mapper.ChangJiangBoxEnvironmentMapper.findById - <==      Total: 0
21:27:48.671 [MQTT Call: center] DEBUG com.ntu.center.mapper.ChangJiangBoxEnvironmentMapper.insert - ==>  Preparing: insert into nantong_changjiang_box_environment (info_id,area_name,area_id,spot_id,node_id,data_time,G_InVoltage,G_InCurrent, G_Temperature, Z_InVoltage,Z_InCurrent,Z_Temperature, Z_JueYuan,Z_LouShui, C_InVoltage, C_YunTaiDianLiu,C_Temperature,C_JueYuan, C_LouShui,Water_Deep) value( ?,?,?,?,?,?,?, ?,?,?, ?,?,?, ?,?,?, ?,?,?,? ) 
21:27:48.672 [MQTT Call: center] DEBUG com.ntu.center.mapper.ChangJiangBoxEnvironmentMapper.insert - ==> Parameters: 3(Long), changjiang(String), 2343(String), 234(String), 234(String), 2020-05-13 21:27:38.0(Timestamp), 23454.0(Float), 435.0(Float), 456.0(Float), 546.0(Float), null, null, null, null, null, null, null, null, null, null
21:27:48.725 [MQTT Call: center] DEBUG com.ntu.center.mapper.ChangJiangBoxEnvironmentMapper.insert - <==    Updates: 1
21:27:48.725 [MQTT Call: center] DEBUG com.ntu.center.mapper.DataSynchroMapper.insert - ==>  Preparing: insert into data_synchro (BASICINFOID, TYPE, AREA_NAME ,SA1_STATUS, SC1_TIME, SD1_NUM, SE1_TIME, SF1_MSG ) values (?, ?, ?,?, ?, ?, ?, ? ) 
21:27:48.726 [MQTT Call: center] DEBUG com.ntu.center.mapper.DataSynchroMapper.insert - ==> Parameters: 3(Long), N(String), changjiang(String), 0(String), 2020-05-13 21:27:48.725(Timestamp), null, null, data synchronize success(String)
21:27:48.794 [MQTT Call: center] DEBUG com.ntu.center.mapper.DataSynchroMapper.insert - <==    Updates: 1
21:27:59.630 [MQTT Call: center] DEBUG com.ntu.center.mapper.DataSynchroMapper.findById - ==>  Preparing: select * from data_synchro where rtrim(basicinfoid)= ? and type = ? and area_name = ? 
21:27:59.631 [MQTT Call: center] DEBUG com.ntu.center.mapper.DataSynchroMapper.findById - ==> Parameters: 71(Long), N(String), changjiang(String)
21:27:59.653 [MQTT Call: center] DEBUG com.ntu.center.mapper.DataSynchroMapper.findById - <==      Total: 0
21:27:59.653 [MQTT Call: center] DEBUG com.ntu.center.mapper.ChangJiangBoxEnvironmentMapper.findById - ==>  Preparing: select G_InVoltage,G_InCurrent, G_Temperature , Z_InVoltage,Z_InCurrent,Z_Temperature, Z_JueYuan,Z_LouShui,C_InVoltage, C_YunTaiDianLiu,C_Temperature,C_JueYuan,C_LouShui,Water_Deep from nantong_changjiang_box_environment where area_id = ? and spot_id = ? and node_id = ? and data_time = ? 
21:27:59.654 [MQTT Call: center] DEBUG com.ntu.center.mapper.ChangJiangBoxEnvironmentMapper.findById - ==> Parameters: 354(String), 345(String), 234(String), 2020-05-13 21:27:52.0(Timestamp)
21:27:59.671 [MQTT Call: center] DEBUG com.ntu.center.mapper.ChangJiangBoxEnvironmentMapper.findById - <==      Total: 0
21:27:59.672 [MQTT Call: center] DEBUG com.ntu.center.mapper.ChangJiangBoxEnvironmentMapper.insert - ==>  Preparing: insert into nantong_changjiang_box_environment (info_id,area_name,area_id,spot_id,node_id,data_time,G_InVoltage,G_InCurrent, G_Temperature, Z_InVoltage,Z_InCurrent,Z_Temperature, Z_JueYuan,Z_LouShui, C_InVoltage, C_YunTaiDianLiu,C_Temperature,C_JueYuan, C_LouShui,Water_Deep) value( ?,?,?,?,?,?,?, ?,?,?, ?,?,?, ?,?,?, ?,?,?,? ) 
21:27:59.673 [MQTT Call: center] DEBUG com.ntu.center.mapper.ChangJiangBoxEnvironmentMapper.insert - ==> Parameters: 71(Long), changjiang(String), 354(String), 345(String), 234(String), 2020-05-13 21:27:52.0(Timestamp), 32443.0(Float), 54365.0(Float), 6.0(Float), null, null, null, null, null, null, null, null, null, null, null
21:27:59.725 [MQTT Call: center] DEBUG com.ntu.center.mapper.ChangJiangBoxEnvironmentMapper.insert - <==    Updates: 1
21:27:59.726 [MQTT Call: center] DEBUG com.ntu.center.mapper.DataSynchroMapper.insert - ==>  Preparing: insert into data_synchro (BASICINFOID, TYPE, AREA_NAME ,SA1_STATUS, SC1_TIME, SD1_NUM, SE1_TIME, SF1_MSG ) values (?, ?, ?,?, ?, ?, ?, ? ) 
21:27:59.727 [MQTT Call: center] DEBUG com.ntu.center.mapper.DataSynchroMapper.insert - ==> Parameters: 71(Long), N(String), changjiang(String), 0(String), 2020-05-13 21:27:59.725(Timestamp), null, null, data synchronize success(String)
21:27:59.802 [MQTT Call: center] DEBUG com.ntu.center.mapper.DataSynchroMapper.insert - <==    Updates: 1
21:28:40.656 [MQTT Call: center] DEBUG com.ntu.center.mapper.DataSynchroMapper.findById - ==>  Preparing: select * from data_synchro where rtrim(basicinfoid)= ? and type = ? and area_name = ? 
21:28:40.656 [MQTT Call: center] DEBUG com.ntu.center.mapper.DataSynchroMapper.findById - ==> Parameters: 9(Long), M(String), changjiang(String)
21:28:40.673 [MQTT Call: center] DEBUG com.ntu.center.mapper.DataSynchroMapper.findById - <==      Total: 0
21:28:40.674 [MQTT Call: center] DEBUG com.ntu.center.mapper.ChangJiangBoxSensorMapper.findById - ==>  Preparing: select area_id, spot_id, node_id, data_time, Conductivity, Temperature, PH, Salinity, DissolvedOxygen, Turbidity from nantong_changjiang_box_sensor where area_id = ? and spot_id = ? and node_id = ? and data_time = ? 
21:28:40.675 [MQTT Call: center] DEBUG com.ntu.center.mapper.ChangJiangBoxSensorMapper.findById - ==> Parameters: dfg2(String), fg(String), dfg(String), 2020-05-19 12:12:49.0(Timestamp)
21:28:40.696 [MQTT Call: center] DEBUG com.ntu.center.mapper.ChangJiangBoxSensorMapper.findById - <==      Total: 0
21:28:40.697 [MQTT Call: center] DEBUG com.ntu.center.mapper.ChangJiangBoxSensorMapper.insert - ==>  Preparing: insert into nantong_changjiang_box_sensor( info_id, area_name, spot_id, area_id, node_id, data_time, Conductivity, Temperature, PH, Salinity, DissolvedOxygen, Turbidity ) values ( ?, ? ?, ?, ?, ?, ?, ?, ?, ?, ?, ?) 
21:28:40.698 [MQTT Call: center] DEBUG com.ntu.center.mapper.ChangJiangBoxSensorMapper.insert - ==> Parameters: 9(Long), changjiang(String), fg(String), dfg2(String), dfg(String), 2020-05-19 12:12:49.0(Timestamp), null, null, null, null, null, null
21:28:41.666 [MQTT Call: center] DEBUG com.ntu.center.mapper.DataSynchroMapper.findById - ==>  Preparing: select * from data_synchro where rtrim(basicinfoid)= ? and type = ? and area_name = ? 
21:28:41.666 [MQTT Call: center] DEBUG com.ntu.center.mapper.DataSynchroMapper.findById - ==> Parameters: 13(Long), M(String), changjiang(String)
21:28:41.682 [MQTT Call: center] DEBUG com.ntu.center.mapper.DataSynchroMapper.findById - <==      Total: 0
21:28:41.683 [MQTT Call: center] DEBUG com.ntu.center.mapper.ChangJiangBoxSensorMapper.findById - ==>  Preparing: select area_id, spot_id, node_id, data_time, Conductivity, Temperature, PH, Salinity, DissolvedOxygen, Turbidity from nantong_changjiang_box_sensor where area_id = ? and spot_id = ? and node_id = ? and data_time = ? 
21:28:41.683 [MQTT Call: center] DEBUG com.ntu.center.mapper.ChangJiangBoxSensorMapper.findById - ==> Parameters: 34(String), 23234(String), 435(String), 2020-05-13 21:28:21.0(Timestamp)
21:28:41.704 [MQTT Call: center] DEBUG com.ntu.center.mapper.ChangJiangBoxSensorMapper.findById - <==      Total: 0
21:28:41.706 [MQTT Call: center] DEBUG com.ntu.center.mapper.ChangJiangBoxSensorMapper.insert - ==>  Preparing: insert into nantong_changjiang_box_sensor( info_id, area_name, spot_id, area_id, node_id, data_time, Conductivity, Temperature, PH, Salinity, DissolvedOxygen, Turbidity ) values ( ?, ? ?, ?, ?, ?, ?, ?, ?, ?, ?, ?) 
21:28:41.707 [MQTT Call: center] DEBUG com.ntu.center.mapper.ChangJiangBoxSensorMapper.insert - ==> Parameters: 13(Long), changjiang(String), 23234(String), 34(String), 435(String), 2020-05-13 21:28:21.0(Timestamp), 45.0(Float), null, null, null, null, null
21:28:52.665 [MQTT Call: center] DEBUG com.ntu.center.mapper.DataSynchroMapper.findById - ==>  Preparing: select * from data_synchro where rtrim(basicinfoid)= ? and type = ? and area_name = ? 
21:28:52.665 [MQTT Call: center] DEBUG com.ntu.center.mapper.DataSynchroMapper.findById - ==> Parameters: 7(Long), M(String), changjiang(String)
21:28:52.682 [MQTT Call: center] DEBUG com.ntu.center.mapper.DataSynchroMapper.findById - <==      Total: 0
21:28:52.682 [MQTT Call: center] DEBUG com.ntu.center.mapper.ChangJiangBoxSensorMapper.findById - ==>  Preparing: select area_id, spot_id, node_id, data_time, Conductivity, Temperature, PH, Salinity, DissolvedOxygen, Turbidity from nantong_changjiang_box_sensor where area_id = ? and spot_id = ? and node_id = ? and data_time = ? 
21:28:52.683 [MQTT Call: center] DEBUG com.ntu.center.mapper.ChangJiangBoxSensorMapper.findById - ==> Parameters: 324w(String), 23(String), 234(String), 2020-05-21 14:27:04.0(Timestamp)
21:28:52.703 [MQTT Call: center] DEBUG com.ntu.center.mapper.ChangJiangBoxSensorMapper.findById - <==      Total: 0
21:28:52.704 [MQTT Call: center] DEBUG com.ntu.center.mapper.ChangJiangBoxSensorMapper.insert - ==>  Preparing: insert into nantong_changjiang_box_sensor( info_id, area_name, spot_id, area_id, node_id, data_time, Conductivity, Temperature, PH, Salinity, DissolvedOxygen, Turbidity ) values ( ?, ? ?, ?, ?, ?, ?, ?, ?, ?, ?, ?) 
21:28:52.704 [MQTT Call: center] DEBUG com.ntu.center.mapper.ChangJiangBoxSensorMapper.insert - ==> Parameters: 7(Long), changjiang(String), 23(String), 324w(String), 234(String), 2020-05-21 14:27:04.0(Timestamp), null, null, null, null, null, null
21:28:53.670 [MQTT Call: center] DEBUG com.ntu.center.mapper.DataSynchroMapper.findById - ==>  Preparing: select * from data_synchro where rtrim(basicinfoid)= ? and type = ? and area_name = ? 
21:28:53.670 [MQTT Call: center] DEBUG com.ntu.center.mapper.DataSynchroMapper.findById - ==> Parameters: 9(Long), M(String), changjiang(String)
21:28:53.687 [MQTT Call: center] DEBUG com.ntu.center.mapper.DataSynchroMapper.findById - <==      Total: 0
21:28:53.687 [MQTT Call: center] DEBUG com.ntu.center.mapper.ChangJiangBoxSensorMapper.findById - ==>  Preparing: select area_id, spot_id, node_id, data_time, Conductivity, Temperature, PH, Salinity, DissolvedOxygen, Turbidity from nantong_changjiang_box_sensor where area_id = ? and spot_id = ? and node_id = ? and data_time = ? 
21:28:53.688 [MQTT Call: center] DEBUG com.ntu.center.mapper.ChangJiangBoxSensorMapper.findById - ==> Parameters: dfg2(String), fg(String), dfg2(String), 2020-05-19 12:12:49.0(Timestamp)
21:28:53.706 [MQTT Call: center] DEBUG com.ntu.center.mapper.ChangJiangBoxSensorMapper.findById - <==      Total: 0
21:28:53.706 [MQTT Call: center] DEBUG com.ntu.center.mapper.ChangJiangBoxSensorMapper.insert - ==>  Preparing: insert into nantong_changjiang_box_sensor( info_id, area_name, spot_id, area_id, node_id, data_time, Conductivity, Temperature, PH, Salinity, DissolvedOxygen, Turbidity ) values ( ?, ? ?, ?, ?, ?, ?, ?, ?, ?, ?, ?) 
21:28:53.708 [MQTT Call: center] DEBUG com.ntu.center.mapper.ChangJiangBoxSensorMapper.insert - ==> Parameters: 9(Long), changjiang(String), fg(String), dfg2(String), dfg2(String), 2020-05-19 12:12:49.0(Timestamp), null, null, null, null, null, null
21:28:54.730 [MQTT Call: center] DEBUG com.ntu.center.mapper.DataSynchroMapper.findById - ==>  Preparing: select * from data_synchro where rtrim(basicinfoid)= ? and type = ? and area_name = ? 
21:28:54.731 [MQTT Call: center] DEBUG com.ntu.center.mapper.DataSynchroMapper.findById - ==> Parameters: 13(Long), M(String), changjiang(String)
21:28:54.748 [MQTT Call: center] DEBUG com.ntu.center.mapper.DataSynchroMapper.findById - <==      Total: 0
21:28:54.751 [MQTT Call: center] DEBUG com.ntu.center.mapper.ChangJiangBoxSensorMapper.findById - ==>  Preparing: select area_id, spot_id, node_id, data_time, Conductivity, Temperature, PH, Salinity, DissolvedOxygen, Turbidity from nantong_changjiang_box_sensor where area_id = ? and spot_id = ? and node_id = ? and data_time = ? 
21:28:54.752 [MQTT Call: center] DEBUG com.ntu.center.mapper.ChangJiangBoxSensorMapper.findById - ==> Parameters: 34(String), 23234(String), 435(String), 2020-05-13 21:28:21.0(Timestamp)
21:28:54.793 [MQTT Call: center] DEBUG com.ntu.center.mapper.ChangJiangBoxSensorMapper.findById - <==      Total: 0
21:28:54.793 [MQTT Call: center] DEBUG com.ntu.center.mapper.ChangJiangBoxSensorMapper.insert - ==>  Preparing: insert into nantong_changjiang_box_sensor( info_id, area_name, spot_id, area_id, node_id, data_time, Conductivity, Temperature, PH, Salinity, DissolvedOxygen, Turbidity ) values ( ?, ? ?, ?, ?, ?, ?, ?, ?, ?, ?, ?) 
21:28:54.795 [MQTT Call: center] DEBUG com.ntu.center.mapper.ChangJiangBoxSensorMapper.insert - ==> Parameters: 13(Long), changjiang(String), 23234(String), 34(String), 435(String), 2020-05-13 21:28:21.0(Timestamp), 45.0(Float), null, null, null, null, null
21:29:05.675 [MQTT Call: center] DEBUG com.ntu.center.mapper.DataSynchroMapper.findById - ==>  Preparing: select * from data_synchro where rtrim(basicinfoid)= ? and type = ? and area_name = ? 
21:29:05.675 [MQTT Call: center] DEBUG com.ntu.center.mapper.DataSynchroMapper.findById - ==> Parameters: 7(Long), M(String), changjiang(String)
21:29:05.691 [MQTT Call: center] DEBUG com.ntu.center.mapper.DataSynchroMapper.findById - <==      Total: 0
21:29:05.693 [MQTT Call: center] DEBUG com.ntu.center.mapper.ChangJiangBoxSensorMapper.findById - ==>  Preparing: select area_id, spot_id, node_id, data_time, Conductivity, Temperature, PH, Salinity, DissolvedOxygen, Turbidity from nantong_changjiang_box_sensor where area_id = ? and spot_id = ? and node_id = ? and data_time = ? 
21:29:05.694 [MQTT Call: center] DEBUG com.ntu.center.mapper.ChangJiangBoxSensorMapper.findById - ==> Parameters: 324w(String), 23(String), 234(String), 2020-05-21 14:27:04.0(Timestamp)
21:29:05.709 [MQTT Call: center] DEBUG com.ntu.center.mapper.ChangJiangBoxSensorMapper.findById - <==      Total: 0
21:29:05.710 [MQTT Call: center] DEBUG com.ntu.center.mapper.ChangJiangBoxSensorMapper.insert - ==>  Preparing: insert into nantong_changjiang_box_sensor( info_id, area_name, spot_id, area_id, node_id, data_time, Conductivity, Temperature, PH, Salinity, DissolvedOxygen, Turbidity ) values ( ?, ? ?, ?, ?, ?, ?, ?, ?, ?, ?, ?) 
21:29:05.710 [MQTT Call: center] DEBUG com.ntu.center.mapper.ChangJiangBoxSensorMapper.insert - ==> Parameters: 7(Long), changjiang(String), 23(String), 324w(String), 234(String), 2020-05-21 14:27:04.0(Timestamp), null, null, null, null, null, null
21:29:06.680 [MQTT Call: center] DEBUG com.ntu.center.mapper.DataSynchroMapper.findById - ==>  Preparing: select * from data_synchro where rtrim(basicinfoid)= ? and type = ? and area_name = ? 
21:29:06.680 [MQTT Call: center] DEBUG com.ntu.center.mapper.DataSynchroMapper.findById - ==> Parameters: 9(Long), M(String), changjiang(String)
21:29:06.697 [MQTT Call: center] DEBUG com.ntu.center.mapper.DataSynchroMapper.findById - <==      Total: 0
21:29:06.698 [MQTT Call: center] DEBUG com.ntu.center.mapper.ChangJiangBoxSensorMapper.findById - ==>  Preparing: select area_id, spot_id, node_id, data_time, Conductivity, Temperature, PH, Salinity, DissolvedOxygen, Turbidity from nantong_changjiang_box_sensor where area_id = ? and spot_id = ? and node_id = ? and data_time = ? 
21:29:06.699 [MQTT Call: center] DEBUG com.ntu.center.mapper.ChangJiangBoxSensorMapper.findById - ==> Parameters: dfg2(String), fg(String), dfg2(String), 2020-05-19 12:12:49.0(Timestamp)
21:29:06.716 [MQTT Call: center] DEBUG com.ntu.center.mapper.ChangJiangBoxSensorMapper.findById - <==      Total: 0
21:29:06.716 [MQTT Call: center] DEBUG com.ntu.center.mapper.ChangJiangBoxSensorMapper.insert - ==>  Preparing: insert into nantong_changjiang_box_sensor( info_id, area_name, spot_id, area_id, node_id, data_time, Conductivity, Temperature, PH, Salinity, DissolvedOxygen, Turbidity ) values ( ?, ? ?, ?, ?, ?, ?, ?, ?, ?, ?, ?) 
21:29:06.717 [MQTT Call: center] DEBUG com.ntu.center.mapper.ChangJiangBoxSensorMapper.insert - ==> Parameters: 9(Long), changjiang(String), fg(String), dfg2(String), dfg2(String), 2020-05-19 12:12:49.0(Timestamp), null, null, null, null, null, null
21:29:07.677 [MQTT Call: center] DEBUG com.ntu.center.mapper.DataSynchroMapper.findById - ==>  Preparing: select * from data_synchro where rtrim(basicinfoid)= ? and type = ? and area_name = ? 
21:29:07.677 [MQTT Call: center] DEBUG com.ntu.center.mapper.DataSynchroMapper.findById - ==> Parameters: 13(Long), M(String), changjiang(String)
21:29:07.695 [MQTT Call: center] DEBUG com.ntu.center.mapper.DataSynchroMapper.findById - <==      Total: 0
21:29:07.696 [MQTT Call: center] DEBUG com.ntu.center.mapper.ChangJiangBoxSensorMapper.findById - ==>  Preparing: select area_id, spot_id, node_id, data_time, Conductivity, Temperature, PH, Salinity, DissolvedOxygen, Turbidity from nantong_changjiang_box_sensor where area_id = ? and spot_id = ? and node_id = ? and data_time = ? 
21:29:07.696 [MQTT Call: center] DEBUG com.ntu.center.mapper.ChangJiangBoxSensorMapper.findById - ==> Parameters: 34(String), 23234(String), 435(String), 2020-05-13 21:28:21.0(Timestamp)
21:29:07.716 [MQTT Call: center] DEBUG com.ntu.center.mapper.ChangJiangBoxSensorMapper.findById - <==      Total: 0
21:29:07.716 [MQTT Call: center] DEBUG com.ntu.center.mapper.ChangJiangBoxSensorMapper.insert - ==>  Preparing: insert into nantong_changjiang_box_sensor( info_id, area_name, spot_id, area_id, node_id, data_time, Conductivity, Temperature, PH, Salinity, DissolvedOxygen, Turbidity ) values ( ?, ? ?, ?, ?, ?, ?, ?, ?, ?, ?, ?) 
21:29:07.716 [MQTT Call: center] DEBUG com.ntu.center.mapper.ChangJiangBoxSensorMapper.insert - ==> Parameters: 13(Long), changjiang(String), 23234(String), 34(String), 435(String), 2020-05-13 21:28:21.0(Timestamp), 45.0(Float), null, null, null, null, null
21:29:18.684 [MQTT Call: center] DEBUG com.ntu.center.mapper.DataSynchroMapper.findById - ==>  Preparing: select * from data_synchro where rtrim(basicinfoid)= ? and type = ? and area_name = ? 
21:29:18.685 [MQTT Call: center] DEBUG com.ntu.center.mapper.DataSynchroMapper.findById - ==> Parameters: 7(Long), M(String), changjiang(String)
21:29:18.701 [MQTT Call: center] DEBUG com.ntu.center.mapper.DataSynchroMapper.findById - <==      Total: 0
21:29:18.701 [MQTT Call: center] DEBUG com.ntu.center.mapper.ChangJiangBoxSensorMapper.findById - ==>  Preparing: select area_id, spot_id, node_id, data_time, Conductivity, Temperature, PH, Salinity, DissolvedOxygen, Turbidity from nantong_changjiang_box_sensor where area_id = ? and spot_id = ? and node_id = ? and data_time = ? 
21:29:18.702 [MQTT Call: center] DEBUG com.ntu.center.mapper.ChangJiangBoxSensorMapper.findById - ==> Parameters: 324w(String), 23(String), 234(String), 2020-05-21 14:27:04.0(Timestamp)
21:29:18.718 [MQTT Call: center] DEBUG com.ntu.center.mapper.ChangJiangBoxSensorMapper.findById - <==      Total: 0
21:29:18.718 [MQTT Call: center] DEBUG com.ntu.center.mapper.ChangJiangBoxSensorMapper.insert - ==>  Preparing: insert into nantong_changjiang_box_sensor( info_id, area_name, spot_id, area_id, node_id, data_time, Conductivity, Temperature, PH, Salinity, DissolvedOxygen, Turbidity ) values ( ?, ? ?, ?, ?, ?, ?, ?, ?, ?, ?, ?) 
21:29:18.719 [MQTT Call: center] DEBUG com.ntu.center.mapper.ChangJiangBoxSensorMapper.insert - ==> Parameters: 7(Long), changjiang(String), 23(String), 324w(String), 234(String), 2020-05-21 14:27:04.0(Timestamp), null, null, null, null, null, null
21:29:19.686 [MQTT Call: center] DEBUG com.ntu.center.mapper.DataSynchroMapper.findById - ==>  Preparing: select * from data_synchro where rtrim(basicinfoid)= ? and type = ? and area_name = ? 
21:29:19.686 [MQTT Call: center] DEBUG com.ntu.center.mapper.DataSynchroMapper.findById - ==> Parameters: 9(Long), M(String), changjiang(String)
21:29:19.702 [MQTT Call: center] DEBUG com.ntu.center.mapper.DataSynchroMapper.findById - <==      Total: 0
21:29:19.702 [MQTT Call: center] DEBUG com.ntu.center.mapper.ChangJiangBoxSensorMapper.findById - ==>  Preparing: select area_id, spot_id, node_id, data_time, Conductivity, Temperature, PH, Salinity, DissolvedOxygen, Turbidity from nantong_changjiang_box_sensor where area_id = ? and spot_id = ? and node_id = ? and data_time = ? 
21:29:19.702 [MQTT Call: center] DEBUG com.ntu.center.mapper.ChangJiangBoxSensorMapper.findById - ==> Parameters: dfg2(String), fg(String), dfg2(String), 2020-05-19 12:12:49.0(Timestamp)
21:29:19.719 [MQTT Call: center] DEBUG com.ntu.center.mapper.ChangJiangBoxSensorMapper.findById - <==      Total: 0
21:29:19.720 [MQTT Call: center] DEBUG com.ntu.center.mapper.ChangJiangBoxSensorMapper.insert - ==>  Preparing: insert into nantong_changjiang_box_sensor( info_id, area_name, spot_id, area_id, node_id, data_time, Conductivity, Temperature, PH, Salinity, DissolvedOxygen, Turbidity ) values ( ?, ? ?, ?, ?, ?, ?, ?, ?, ?, ?, ?) 
21:29:19.721 [MQTT Call: center] DEBUG com.ntu.center.mapper.ChangJiangBoxSensorMapper.insert - ==> Parameters: 9(Long), changjiang(String), fg(String), dfg2(String), dfg2(String), 2020-05-19 12:12:49.0(Timestamp), null, null, null, null, null, null
21:29:20.688 [MQTT Call: center] DEBUG com.ntu.center.mapper.DataSynchroMapper.findById - ==>  Preparing: select * from data_synchro where rtrim(basicinfoid)= ? and type = ? and area_name = ? 
21:29:20.688 [MQTT Call: center] DEBUG com.ntu.center.mapper.DataSynchroMapper.findById - ==> Parameters: 13(Long), M(String), changjiang(String)
21:29:20.710 [MQTT Call: center] DEBUG com.ntu.center.mapper.DataSynchroMapper.findById - <==      Total: 0
21:29:20.710 [MQTT Call: center] DEBUG com.ntu.center.mapper.ChangJiangBoxSensorMapper.findById - ==>  Preparing: select area_id, spot_id, node_id, data_time, Conductivity, Temperature, PH, Salinity, DissolvedOxygen, Turbidity from nantong_changjiang_box_sensor where area_id = ? and spot_id = ? and node_id = ? and data_time = ? 
21:29:20.711 [MQTT Call: center] DEBUG com.ntu.center.mapper.ChangJiangBoxSensorMapper.findById - ==> Parameters: 34(String), 23234(String), 435(String), 2020-05-13 21:28:21.0(Timestamp)
21:29:20.727 [MQTT Call: center] DEBUG com.ntu.center.mapper.ChangJiangBoxSensorMapper.findById - <==      Total: 0
21:29:20.727 [MQTT Call: center] DEBUG com.ntu.center.mapper.ChangJiangBoxSensorMapper.insert - ==>  Preparing: insert into nantong_changjiang_box_sensor( info_id, area_name, spot_id, area_id, node_id, data_time, Conductivity, Temperature, PH, Salinity, DissolvedOxygen, Turbidity ) values ( ?, ? ?, ?, ?, ?, ?, ?, ?, ?, ?, ?) 
21:29:20.730 [MQTT Call: center] DEBUG com.ntu.center.mapper.ChangJiangBoxSensorMapper.insert - ==> Parameters: 13(Long), changjiang(String), 23234(String), 34(String), 435(String), 2020-05-13 21:28:21.0(Timestamp), 45.0(Float), null, null, null, null, null
21:29:31.695 [MQTT Call: center] DEBUG com.ntu.center.mapper.DataSynchroMapper.findById - ==>  Preparing: select * from data_synchro where rtrim(basicinfoid)= ? and type = ? and area_name = ? 
21:29:31.696 [MQTT Call: center] DEBUG com.ntu.center.mapper.DataSynchroMapper.findById - ==> Parameters: 7(Long), M(String), changjiang(String)
21:29:31.712 [MQTT Call: center] DEBUG com.ntu.center.mapper.DataSynchroMapper.findById - <==      Total: 0
21:29:31.713 [MQTT Call: center] DEBUG com.ntu.center.mapper.ChangJiangBoxSensorMapper.findById - ==>  Preparing: select area_id, spot_id, node_id, data_time, Conductivity, Temperature, PH, Salinity, DissolvedOxygen, Turbidity from nantong_changjiang_box_sensor where area_id = ? and spot_id = ? and node_id = ? and data_time = ? 
21:29:31.714 [MQTT Call: center] DEBUG com.ntu.center.mapper.ChangJiangBoxSensorMapper.findById - ==> Parameters: 324w(String), 23(String), 234(String), 2020-05-21 14:27:04.0(Timestamp)
21:29:31.730 [MQTT Call: center] DEBUG com.ntu.center.mapper.ChangJiangBoxSensorMapper.findById - <==      Total: 0
21:29:31.730 [MQTT Call: center] DEBUG com.ntu.center.mapper.ChangJiangBoxSensorMapper.insert - ==>  Preparing: insert into nantong_changjiang_box_sensor( info_id, area_name, spot_id, area_id, node_id, data_time, Conductivity, Temperature, PH, Salinity, DissolvedOxygen, Turbidity ) values ( ?, ? ?, ?, ?, ?, ?, ?, ?, ?, ?, ?) 
21:29:31.731 [MQTT Call: center] DEBUG com.ntu.center.mapper.ChangJiangBoxSensorMapper.insert - ==> Parameters: 7(Long), changjiang(String), 23(String), 324w(String), 234(String), 2020-05-21 14:27:04.0(Timestamp), null, null, null, null, null, null
21:29:32.703 [MQTT Call: center] DEBUG com.ntu.center.mapper.DataSynchroMapper.findById - ==>  Preparing: select * from data_synchro where rtrim(basicinfoid)= ? and type = ? and area_name = ? 
21:29:32.703 [MQTT Call: center] DEBUG com.ntu.center.mapper.DataSynchroMapper.findById - ==> Parameters: 9(Long), M(String), changjiang(String)
21:29:32.720 [MQTT Call: center] DEBUG com.ntu.center.mapper.DataSynchroMapper.findById - <==      Total: 0
21:29:32.720 [MQTT Call: center] DEBUG com.ntu.center.mapper.ChangJiangBoxSensorMapper.findById - ==>  Preparing: select area_id, spot_id, node_id, data_time, Conductivity, Temperature, PH, Salinity, DissolvedOxygen, Turbidity from nantong_changjiang_box_sensor where area_id = ? and spot_id = ? and node_id = ? and data_time = ? 
21:29:32.721 [MQTT Call: center] DEBUG com.ntu.center.mapper.ChangJiangBoxSensorMapper.findById - ==> Parameters: dfg2(String), fg(String), dfg2(String), 2020-05-19 12:12:49.0(Timestamp)
21:29:32.740 [MQTT Call: center] DEBUG com.ntu.center.mapper.ChangJiangBoxSensorMapper.findById - <==      Total: 0
21:29:32.740 [MQTT Call: center] DEBUG com.ntu.center.mapper.ChangJiangBoxSensorMapper.insert - ==>  Preparing: insert into nantong_changjiang_box_sensor( info_id, area_name, spot_id, area_id, node_id, data_time, Conductivity, Temperature, PH, Salinity, DissolvedOxygen, Turbidity ) values ( ?, ? ?, ?, ?, ?, ?, ?, ?, ?, ?, ?) 
21:29:32.741 [MQTT Call: center] DEBUG com.ntu.center.mapper.ChangJiangBoxSensorMapper.insert - ==> Parameters: 9(Long), changjiang(String), fg(String), dfg2(String), dfg2(String), 2020-05-19 12:12:49.0(Timestamp), null, null, null, null, null, null
21:29:33.703 [MQTT Call: center] DEBUG com.ntu.center.mapper.DataSynchroMapper.findById - ==>  Preparing: select * from data_synchro where rtrim(basicinfoid)= ? and type = ? and area_name = ? 
21:29:33.704 [MQTT Call: center] DEBUG com.ntu.center.mapper.DataSynchroMapper.findById - ==> Parameters: 13(Long), M(String), changjiang(String)
21:29:33.722 [MQTT Call: center] DEBUG com.ntu.center.mapper.DataSynchroMapper.findById - <==      Total: 0
21:29:33.723 [MQTT Call: center] DEBUG com.ntu.center.mapper.ChangJiangBoxSensorMapper.findById - ==>  Preparing: select area_id, spot_id, node_id, data_time, Conductivity, Temperature, PH, Salinity, DissolvedOxygen, Turbidity from nantong_changjiang_box_sensor where area_id = ? and spot_id = ? and node_id = ? and data_time = ? 
21:29:33.723 [MQTT Call: center] DEBUG com.ntu.center.mapper.ChangJiangBoxSensorMapper.findById - ==> Parameters: 34(String), 23234(String), 435(String), 2020-05-13 21:28:21.0(Timestamp)
21:29:33.738 [MQTT Call: center] DEBUG com.ntu.center.mapper.ChangJiangBoxSensorMapper.findById - <==      Total: 0
21:29:33.738 [MQTT Call: center] DEBUG com.ntu.center.mapper.ChangJiangBoxSensorMapper.insert - ==>  Preparing: insert into nantong_changjiang_box_sensor( info_id, area_name, spot_id, area_id, node_id, data_time, Conductivity, Temperature, PH, Salinity, DissolvedOxygen, Turbidity ) values ( ?, ? ?, ?, ?, ?, ?, ?, ?, ?, ?, ?) 
21:29:33.740 [MQTT Call: center] DEBUG com.ntu.center.mapper.ChangJiangBoxSensorMapper.insert - ==> Parameters: 13(Long), changjiang(String), 23234(String), 34(String), 435(String), 2020-05-13 21:28:21.0(Timestamp), 45.0(Float), null, null, null, null, null
21:29:44.706 [MQTT Call: center] DEBUG com.ntu.center.mapper.DataSynchroMapper.findById - ==>  Preparing: select * from data_synchro where rtrim(basicinfoid)= ? and type = ? and area_name = ? 
21:29:44.707 [MQTT Call: center] DEBUG com.ntu.center.mapper.DataSynchroMapper.findById - ==> Parameters: 7(Long), M(String), changjiang(String)
21:29:44.725 [MQTT Call: center] DEBUG com.ntu.center.mapper.DataSynchroMapper.findById - <==      Total: 0
21:29:44.726 [MQTT Call: center] DEBUG com.ntu.center.mapper.ChangJiangBoxSensorMapper.findById - ==>  Preparing: select area_id, spot_id, node_id, data_time, Conductivity, Temperature, PH, Salinity, DissolvedOxygen, Turbidity from nantong_changjiang_box_sensor where area_id = ? and spot_id = ? and node_id = ? and data_time = ? 
21:29:44.726 [MQTT Call: center] DEBUG com.ntu.center.mapper.ChangJiangBoxSensorMapper.findById - ==> Parameters: 324w(String), 23(String), 234(String), 2020-05-21 14:27:04.0(Timestamp)
21:29:44.742 [MQTT Call: center] DEBUG com.ntu.center.mapper.ChangJiangBoxSensorMapper.findById - <==      Total: 0
21:29:44.742 [MQTT Call: center] DEBUG com.ntu.center.mapper.ChangJiangBoxSensorMapper.insert - ==>  Preparing: insert into nantong_changjiang_box_sensor( info_id, area_name, spot_id, area_id, node_id, data_time, Conductivity, Temperature, PH, Salinity, DissolvedOxygen, Turbidity ) values ( ?, ? ?, ?, ?, ?, ?, ?, ?, ?, ?, ?) 
21:29:44.743 [MQTT Call: center] DEBUG com.ntu.center.mapper.ChangJiangBoxSensorMapper.insert - ==> Parameters: 7(Long), changjiang(String), 23(String), 324w(String), 234(String), 2020-05-21 14:27:04.0(Timestamp), null, null, null, null, null, null
21:29:45.708 [MQTT Call: center] DEBUG com.ntu.center.mapper.DataSynchroMapper.findById - ==>  Preparing: select * from data_synchro where rtrim(basicinfoid)= ? and type = ? and area_name = ? 
21:29:45.708 [MQTT Call: center] DEBUG com.ntu.center.mapper.DataSynchroMapper.findById - ==> Parameters: 9(Long), M(String), changjiang(String)
21:29:45.727 [MQTT Call: center] DEBUG com.ntu.center.mapper.DataSynchroMapper.findById - <==      Total: 0
21:29:45.728 [MQTT Call: center] DEBUG com.ntu.center.mapper.ChangJiangBoxSensorMapper.findById - ==>  Preparing: select area_id, spot_id, node_id, data_time, Conductivity, Temperature, PH, Salinity, DissolvedOxygen, Turbidity from nantong_changjiang_box_sensor where area_id = ? and spot_id = ? and node_id = ? and data_time = ? 
21:29:45.729 [MQTT Call: center] DEBUG com.ntu.center.mapper.ChangJiangBoxSensorMapper.findById - ==> Parameters: dfg2(String), fg(String), dfg2(String), 2020-05-19 12:12:49.0(Timestamp)
21:29:45.744 [MQTT Call: center] DEBUG com.ntu.center.mapper.ChangJiangBoxSensorMapper.findById - <==      Total: 0
21:29:45.746 [MQTT Call: center] DEBUG com.ntu.center.mapper.ChangJiangBoxSensorMapper.insert - ==>  Preparing: insert into nantong_changjiang_box_sensor( info_id, area_name, spot_id, area_id, node_id, data_time, Conductivity, Temperature, PH, Salinity, DissolvedOxygen, Turbidity ) values ( ?, ? ?, ?, ?, ?, ?, ?, ?, ?, ?, ?) 
21:29:45.750 [MQTT Call: center] DEBUG com.ntu.center.mapper.ChangJiangBoxSensorMapper.insert - ==> Parameters: 9(Long), changjiang(String), fg(String), dfg2(String), dfg2(String), 2020-05-19 12:12:49.0(Timestamp), null, null, null, null, null, null
21:36:06.935 [MQTT Call: center] DEBUG com.ntu.center.mapper.DataSynchroMapper.findById - ==>  Preparing: select * from data_synchro where rtrim(basicinfoid)= ? and type = ? and area_name = ? 
21:36:06.935 [MQTT Call: center] DEBUG com.ntu.center.mapper.DataSynchroMapper.findById - ==> Parameters: 9(Long), P(String), changjiang(String)
21:36:06.952 [MQTT Call: center] DEBUG com.ntu.center.mapper.DataSynchroMapper.findById - <==      Total: 0
21:36:06.953 [MQTT Call: center] DEBUG com.ntu.center.mapper.SpotNodeMapper.selectByPrimaryKey - ==>  Preparing: select node_id, spot_id, area_id, node_name, node_type , node_note from spot_node where node_id = ? and spot_id = ? and area_id = ? 
21:36:06.953 [MQTT Call: center] DEBUG com.ntu.center.mapper.SpotNodeMapper.selectByPrimaryKey - ==> Parameters: 123(String), 321(String), 321(String)
21:36:06.969 [MQTT Call: center] DEBUG com.ntu.center.mapper.SpotNodeMapper.selectByPrimaryKey - <==      Total: 0
21:36:06.969 [MQTT Call: center] DEBUG com.ntu.center.mapper.SpotNodeMapper.insert - ==>  Preparing: insert into spot_node (info_id,area_name,node_id, spot_id, area_id, node_name, node_type, node_note ) values (?,?,?, ?, ?, ?, ?, ? ) 
21:36:06.970 [MQTT Call: center] DEBUG com.ntu.center.mapper.SpotNodeMapper.insert - ==> Parameters: 9(Long), changjiang(String), 123(String), 321(String), 321(String), 45(String), 1(String), null
21:36:07.020 [MQTT Call: center] DEBUG com.ntu.center.mapper.SpotNodeMapper.insert - <==    Updates: 1
21:36:07.020 [MQTT Call: center] DEBUG com.ntu.center.mapper.DataSynchroMapper.insert - ==>  Preparing: insert into data_synchro (BASICINFOID, TYPE, AREA_NAME ,SA1_STATUS, SC1_TIME, SD1_NUM, SE1_TIME, SF1_MSG ) values (?, ?, ?,?, ?, ?, ?, ? ) 
21:36:07.021 [MQTT Call: center] DEBUG com.ntu.center.mapper.DataSynchroMapper.insert - ==> Parameters: 9(Long), P(String), changjiang(String), 0(String), 2020-05-13 21:36:07.02(Timestamp), null, null, data synchronize success(String)
21:36:07.089 [MQTT Call: center] DEBUG com.ntu.center.mapper.DataSynchroMapper.insert - <==    Updates: 1
21:36:34.950 [MQTT Call: center] DEBUG com.ntu.center.mapper.DataSynchroMapper.findById - ==>  Preparing: select * from data_synchro where rtrim(basicinfoid)= ? and type = ? and area_name = ? 
21:36:34.951 [MQTT Call: center] DEBUG com.ntu.center.mapper.DataSynchroMapper.findById - ==> Parameters: 4(Long), B(String), tuanjiehe(String)
21:36:34.968 [MQTT Call: center] DEBUG com.ntu.center.mapper.DataSynchroMapper.findById - <==      Total: 0
21:36:34.969 [MQTT Call: center] DEBUG com.ntu.center.mapper.BoxSensorMapper.selectByPrimaryKey - ==>  Preparing: select area_id, spot_id, node_id, data_time, Conductivity, Temperature, Pressure, Salinity, DissolvedOxygen, SPAD, Turbidity, AnDan, YaXiaoDan, LinSuanYan, ORP from box_sensor where area_id = ? and spot_id = ? and node_id = ? and data_time = ? 
21:36:34.969 [MQTT Call: center] DEBUG com.ntu.center.mapper.BoxSensorMapper.selectByPrimaryKey - ==> Parameters: 12(String), 2(String), 2(String), 2020-05-13 21:36:27.0(Timestamp)
21:36:34.986 [MQTT Call: center] DEBUG com.ntu.center.mapper.BoxSensorMapper.selectByPrimaryKey - <==      Total: 0
21:36:34.987 [MQTT Call: center] DEBUG com.ntu.center.mapper.BoxSensorMapper.insert - ==>  Preparing: insert into box_sensor (info_id,area_name,area_id, spot_id, node_id, data_time, Conductivity, Temperature, Pressure, Salinity, DissolvedOxygen, SPAD, Turbidity, AnDan, YaXiaoDan, LinSuanYan, ORP) values (?,?,?, ?, ?, ?, ?, ?, ?, ?, ?, ?, ?, ?, ?, ?, ?) 
21:36:34.988 [MQTT Call: center] DEBUG com.ntu.center.mapper.BoxSensorMapper.insert - ==> Parameters: 4(Long), tuanjiehe(String), 12(String), 2(String), 2(String), 2020-05-13 21:36:27.0(Timestamp), 123.0(Float), 45.0(Float), 54.0(Float), null, null, null, null, null, null, null, null
21:36:35.043 [MQTT Call: center] DEBUG com.ntu.center.mapper.BoxSensorMapper.insert - <==    Updates: 1
21:36:35.043 [MQTT Call: center] DEBUG com.ntu.center.mapper.DataSynchroMapper.insert - ==>  Preparing: insert into data_synchro (BASICINFOID, TYPE, AREA_NAME ,SA1_STATUS, SC1_TIME, SD1_NUM, SE1_TIME, SF1_MSG ) values (?, ?, ?,?, ?, ?, ?, ? ) 
21:36:35.044 [MQTT Call: center] DEBUG com.ntu.center.mapper.DataSynchroMapper.insert - ==> Parameters: 4(Long), B(String), tuanjiehe(String), 0(String), 2020-05-13 21:36:35.043(Timestamp), null, null, data synchronize success(String)
21:36:35.108 [MQTT Call: center] DEBUG com.ntu.center.mapper.DataSynchroMapper.insert - <==    Updates: 1
21:36:54.964 [MQTT Call: center] DEBUG com.ntu.center.mapper.DataSynchroMapper.findById - ==>  Preparing: select * from data_synchro where rtrim(basicinfoid)= ? and type = ? and area_name = ? 
21:36:54.965 [MQTT Call: center] DEBUG com.ntu.center.mapper.DataSynchroMapper.findById - ==> Parameters: 7(Long), D(String), tuanjiehe(String)
21:36:54.982 [MQTT Call: center] DEBUG com.ntu.center.mapper.DataSynchroMapper.findById - <==      Total: 0
21:36:54.983 [MQTT Call: center] DEBUG com.ntu.center.mapper.TuanJieHeBuoyDianYaMapper.selectByPrimaryKey - ==>  Preparing: select area_id, spot_id, node_id, data_time, dianya, dianliust, state from nantong_tuanjiehe_buoy_dianya where area_id = ? and spot_id = ? and node_id = ? and data_time = ? 
21:36:54.983 [MQTT Call: center] DEBUG com.ntu.center.mapper.TuanJieHeBuoyDianYaMapper.selectByPrimaryKey - ==> Parameters: 452(String), 54(String), 635(String), 2020-05-26 21:36:46.0(Timestamp)
21:36:55.003 [MQTT Call: center] DEBUG com.ntu.center.mapper.TuanJieHeBuoyDianYaMapper.selectByPrimaryKey - <==      Total: 0
21:36:55.003 [MQTT Call: center] DEBUG com.ntu.center.mapper.TuanJieHeBuoyDianYaMapper.insert - ==>  Preparing: insert into nantong_tuanjiehe_buoy_dianya (info_id,area_name,area_id, spot_id, node_id, data_time, dianya, dianliust, state) values (?,?,?, ?, ?, ?, ?, ?, ?) 
21:36:55.004 [MQTT Call: center] DEBUG com.ntu.center.mapper.TuanJieHeBuoyDianYaMapper.insert - ==> Parameters: 7(Long), tuanjiehe(String), 452(String), 54(String), 635(String), 2020-05-26 21:36:46.0(Timestamp), null, null, null
21:36:55.049 [MQTT Call: center] DEBUG com.ntu.center.mapper.TuanJieHeBuoyDianYaMapper.insert - <==    Updates: 1
21:36:55.049 [MQTT Call: center] DEBUG com.ntu.center.mapper.DataSynchroMapper.insert - ==>  Preparing: insert into data_synchro (BASICINFOID, TYPE, AREA_NAME ,SA1_STATUS, SC1_TIME, SD1_NUM, SE1_TIME, SF1_MSG ) values (?, ?, ?,?, ?, ?, ?, ? ) 
21:36:55.050 [MQTT Call: center] DEBUG com.ntu.center.mapper.DataSynchroMapper.insert - ==> Parameters: 7(Long), D(String), tuanjiehe(String), 0(String), 2020-05-13 21:36:55.049(Timestamp), null, null, data synchronize success(String)
21:36:55.100 [MQTT Call: center] DEBUG com.ntu.center.mapper.DataSynchroMapper.insert - <==    Updates: 1
