21:28:40.930 [MQTT Call: center] ERROR com.ntu.center.sync.CenterDataReceiver - cj_node 节点的 9 号数据同步失败原因: 
### Error updating database.  Cause: java.sql.SQLException: Column count doesn't match value count at row 1
### The error may exist in file [C:\Users\Lenovo\Desktop\datasync\datasync_center_client\target\classes\mapper\ChangJiangBoxSensorMapper.xml]
### The error may involve defaultParameterMap
### The error occurred while setting parameters
### SQL: insert into nantong_changjiang_box_sensor(                 info_id,                 area_name,                 spot_id,                 area_id,                 node_id,                 data_time,                 Conductivity,                 Temperature,                 PH,                 Salinity,                 DissolvedOxygen,                 Turbidity                 )         values (                 ?,                 ?                 ?,                 ?,                 ?,                 ?,                 ?,                 ?,                 ?,                 ?,                 ?,                 ?)
### Cause: java.sql.SQLException: Column count doesn't match value count at row 1
; bad SQL grammar []; nested exception is java.sql.SQLException: Column count doesn't match value count at row 1
21:28:41.744 [MQTT Call: center] ERROR com.ntu.center.sync.CenterDataReceiver - cj_node 节点的 13 号数据同步失败原因: 
### Error updating database.  Cause: java.sql.SQLException: Column count doesn't match value count at row 1
### The error may exist in file [C:\Users\Lenovo\Desktop\datasync\datasync_center_client\target\classes\mapper\ChangJiangBoxSensorMapper.xml]
### The error may involve defaultParameterMap
### The error occurred while setting parameters
### SQL: insert into nantong_changjiang_box_sensor(                 info_id,                 area_name,                 spot_id,                 area_id,                 node_id,                 data_time,                 Conductivity,                 Temperature,                 PH,                 Salinity,                 DissolvedOxygen,                 Turbidity                 )         values (                 ?,                 ?                 ?,                 ?,                 ?,                 ?,                 ?,                 ?,                 ?,                 ?,                 ?,                 ?)
### Cause: java.sql.SQLException: Column count doesn't match value count at row 1
; bad SQL grammar []; nested exception is java.sql.SQLException: Column count doesn't match value count at row 1
21:28:52.738 [MQTT Call: center] ERROR com.ntu.center.sync.CenterDataReceiver - cj_node 节点的 7 号数据同步失败原因: 
### Error updating database.  Cause: java.sql.SQLException: Column count doesn't match value count at row 1
### The error may exist in file [C:\Users\Lenovo\Desktop\datasync\datasync_center_client\target\classes\mapper\ChangJiangBoxSensorMapper.xml]
### The error may involve defaultParameterMap
### The error occurred while setting parameters
### SQL: insert into nantong_changjiang_box_sensor(                 info_id,                 area_name,                 spot_id,                 area_id,                 node_id,                 data_time,                 Conductivity,                 Temperature,                 PH,                 Salinity,                 DissolvedOxygen,                 Turbidity                 )         values (                 ?,                 ?                 ?,                 ?,                 ?,                 ?,                 ?,                 ?,                 ?,                 ?,                 ?,                 ?)
### Cause: java.sql.SQLException: Column count doesn't match value count at row 1
; bad SQL grammar []; nested exception is java.sql.SQLException: Column count doesn't match value count at row 1
21:28:53.741 [MQTT Call: center] ERROR com.ntu.center.sync.CenterDataReceiver - cj_node 节点的 9 号数据同步失败原因: 
### Error updating database.  Cause: java.sql.SQLException: Column count doesn't match value count at row 1
### The error may exist in file [C:\Users\Lenovo\Desktop\datasync\datasync_center_client\target\classes\mapper\ChangJiangBoxSensorMapper.xml]
### The error may involve defaultParameterMap
### The error occurred while setting parameters
### SQL: insert into nantong_changjiang_box_sensor(                 info_id,                 area_name,                 spot_id,                 area_id,                 node_id,                 data_time,                 Conductivity,                 Temperature,                 PH,                 Salinity,                 DissolvedOxygen,                 Turbidity                 )         values (                 ?,                 ?                 ?,                 ?,                 ?,                 ?,                 ?,                 ?,                 ?,                 ?,                 ?,                 ?)
### Cause: java.sql.SQLException: Column count doesn't match value count at row 1
; bad SQL grammar []; nested exception is java.sql.SQLException: Column count doesn't match value count at row 1
21:28:54.829 [MQTT Call: center] ERROR com.ntu.center.sync.CenterDataReceiver - cj_node 节点的 13 号数据同步失败原因: 
### Error updating database.  Cause: java.sql.SQLException: Column count doesn't match value count at row 1
### The error may exist in file [C:\Users\Lenovo\Desktop\datasync\datasync_center_client\target\classes\mapper\ChangJiangBoxSensorMapper.xml]
### The error may involve defaultParameterMap
### The error occurred while setting parameters
### SQL: insert into nantong_changjiang_box_sensor(                 info_id,                 area_name,                 spot_id,                 area_id,                 node_id,                 data_time,                 Conductivity,                 Temperature,                 PH,                 Salinity,                 DissolvedOxygen,                 Turbidity                 )         values (                 ?,                 ?                 ?,                 ?,                 ?,                 ?,                 ?,                 ?,                 ?,                 ?,                 ?,                 ?)
### Cause: java.sql.SQLException: Column count doesn't match value count at row 1
; bad SQL grammar []; nested exception is java.sql.SQLException: Column count doesn't match value count at row 1
21:29:05.746 [MQTT Call: center] ERROR com.ntu.center.sync.CenterDataReceiver - cj_node 节点的 7 号数据同步失败原因: 
### Error updating database.  Cause: java.sql.SQLException: Column count doesn't match value count at row 1
### The error may exist in file [C:\Users\Lenovo\Desktop\datasync\datasync_center_client\target\classes\mapper\ChangJiangBoxSensorMapper.xml]
### The error may involve defaultParameterMap
### The error occurred while setting parameters
### SQL: insert into nantong_changjiang_box_sensor(                 info_id,                 area_name,                 spot_id,                 area_id,                 node_id,                 data_time,                 Conductivity,                 Temperature,                 PH,                 Salinity,                 DissolvedOxygen,                 Turbidity                 )         values (                 ?,                 ?                 ?,                 ?,                 ?,                 ?,                 ?,                 ?,                 ?,                 ?,                 ?,                 ?)
### Cause: java.sql.SQLException: Column count doesn't match value count at row 1
; bad SQL grammar []; nested exception is java.sql.SQLException: Column count doesn't match value count at row 1
21:29:06.748 [MQTT Call: center] ERROR com.ntu.center.sync.CenterDataReceiver - cj_node 节点的 9 号数据同步失败原因: 
### Error updating database.  Cause: java.sql.SQLException: Column count doesn't match value count at row 1
### The error may exist in file [C:\Users\Lenovo\Desktop\datasync\datasync_center_client\target\classes\mapper\ChangJiangBoxSensorMapper.xml]
### The error may involve defaultParameterMap
### The error occurred while setting parameters
### SQL: insert into nantong_changjiang_box_sensor(                 info_id,                 area_name,                 spot_id,                 area_id,                 node_id,                 data_time,                 Conductivity,                 Temperature,                 PH,                 Salinity,                 DissolvedOxygen,                 Turbidity                 )         values (                 ?,                 ?                 ?,                 ?,                 ?,                 ?,                 ?,                 ?,                 ?,                 ?,                 ?,                 ?)
### Cause: java.sql.SQLException: Column count doesn't match value count at row 1
; bad SQL grammar []; nested exception is java.sql.SQLException: Column count doesn't match value count at row 1
21:29:07.753 [MQTT Call: center] ERROR com.ntu.center.sync.CenterDataReceiver - cj_node 节点的 13 号数据同步失败原因: 
### Error updating database.  Cause: java.sql.SQLException: Column count doesn't match value count at row 1
### The error may exist in file [C:\Users\Lenovo\Desktop\datasync\datasync_center_client\target\classes\mapper\ChangJiangBoxSensorMapper.xml]
### The error may involve defaultParameterMap
### The error occurred while setting parameters
### SQL: insert into nantong_changjiang_box_sensor(                 info_id,                 area_name,                 spot_id,                 area_id,                 node_id,                 data_time,                 Conductivity,                 Temperature,                 PH,                 Salinity,                 DissolvedOxygen,                 Turbidity                 )         values (                 ?,                 ?                 ?,                 ?,                 ?,                 ?,                 ?,                 ?,                 ?,                 ?,                 ?,                 ?)
### Cause: java.sql.SQLException: Column count doesn't match value count at row 1
; bad SQL grammar []; nested exception is java.sql.SQLException: Column count doesn't match value count at row 1
21:29:18.750 [MQTT Call: center] ERROR com.ntu.center.sync.CenterDataReceiver - cj_node 节点的 7 号数据同步失败原因: 
### Error updating database.  Cause: java.sql.SQLException: Column count doesn't match value count at row 1
### The error may exist in file [C:\Users\Lenovo\Desktop\datasync\datasync_center_client\target\classes\mapper\ChangJiangBoxSensorMapper.xml]
### The error may involve defaultParameterMap
### The error occurred while setting parameters
### SQL: insert into nantong_changjiang_box_sensor(                 info_id,                 area_name,                 spot_id,                 area_id,                 node_id,                 data_time,                 Conductivity,                 Temperature,                 PH,                 Salinity,                 DissolvedOxygen,                 Turbidity                 )         values (                 ?,                 ?                 ?,                 ?,                 ?,                 ?,                 ?,                 ?,                 ?,                 ?,                 ?,                 ?)
### Cause: java.sql.SQLException: Column count doesn't match value count at row 1
; bad SQL grammar []; nested exception is java.sql.SQLException: Column count doesn't match value count at row 1
21:29:19.755 [MQTT Call: center] ERROR com.ntu.center.sync.CenterDataReceiver - cj_node 节点的 9 号数据同步失败原因: 
### Error updating database.  Cause: java.sql.SQLException: Column count doesn't match value count at row 1
### The error may exist in file [C:\Users\Lenovo\Desktop\datasync\datasync_center_client\target\classes\mapper\ChangJiangBoxSensorMapper.xml]
### The error may involve defaultParameterMap
### The error occurred while setting parameters
### SQL: insert into nantong_changjiang_box_sensor(                 info_id,                 area_name,                 spot_id,                 area_id,                 node_id,                 data_time,                 Conductivity,                 Temperature,                 PH,                 Salinity,                 DissolvedOxygen,                 Turbidity                 )         values (                 ?,                 ?                 ?,                 ?,                 ?,                 ?,                 ?,                 ?,                 ?,                 ?,                 ?,                 ?)
### Cause: java.sql.SQLException: Column count doesn't match value count at row 1
; bad SQL grammar []; nested exception is java.sql.SQLException: Column count doesn't match value count at row 1
21:29:20.769 [MQTT Call: center] ERROR com.ntu.center.sync.CenterDataReceiver - cj_node 节点的 13 号数据同步失败原因: 
### Error updating database.  Cause: java.sql.SQLException: Column count doesn't match value count at row 1
### The error may exist in file [C:\Users\Lenovo\Desktop\datasync\datasync_center_client\target\classes\mapper\ChangJiangBoxSensorMapper.xml]
### The error may involve defaultParameterMap
### The error occurred while setting parameters
### SQL: insert into nantong_changjiang_box_sensor(                 info_id,                 area_name,                 spot_id,                 area_id,                 node_id,                 data_time,                 Conductivity,                 Temperature,                 PH,                 Salinity,                 DissolvedOxygen,                 Turbidity                 )         values (                 ?,                 ?                 ?,                 ?,                 ?,                 ?,                 ?,                 ?,                 ?,                 ?,                 ?,                 ?)
### Cause: java.sql.SQLException: Column count doesn't match value count at row 1
; bad SQL grammar []; nested exception is java.sql.SQLException: Column count doesn't match value count at row 1
21:29:31.768 [MQTT Call: center] ERROR com.ntu.center.sync.CenterDataReceiver - cj_node 节点的 7 号数据同步失败原因: 
### Error updating database.  Cause: java.sql.SQLException: Column count doesn't match value count at row 1
### The error may exist in file [C:\Users\Lenovo\Desktop\datasync\datasync_center_client\target\classes\mapper\ChangJiangBoxSensorMapper.xml]
### The error may involve defaultParameterMap
### The error occurred while setting parameters
### SQL: insert into nantong_changjiang_box_sensor(                 info_id,                 area_name,                 spot_id,                 area_id,                 node_id,                 data_time,                 Conductivity,                 Temperature,                 PH,                 Salinity,                 DissolvedOxygen,                 Turbidity                 )         values (                 ?,                 ?                 ?,                 ?,                 ?,                 ?,                 ?,                 ?,                 ?,                 ?,                 ?,                 ?)
### Cause: java.sql.SQLException: Column count doesn't match value count at row 1
; bad SQL grammar []; nested exception is java.sql.SQLException: Column count doesn't match value count at row 1
21:29:32.776 [MQTT Call: center] ERROR com.ntu.center.sync.CenterDataReceiver - cj_node 节点的 9 号数据同步失败原因: 
### Error updating database.  Cause: java.sql.SQLException: Column count doesn't match value count at row 1
### The error may exist in file [C:\Users\Lenovo\Desktop\datasync\datasync_center_client\target\classes\mapper\ChangJiangBoxSensorMapper.xml]
### The error may involve defaultParameterMap
### The error occurred while setting parameters
### SQL: insert into nantong_changjiang_box_sensor(                 info_id,                 area_name,                 spot_id,                 area_id,                 node_id,                 data_time,                 Conductivity,                 Temperature,                 PH,                 Salinity,                 DissolvedOxygen,                 Turbidity                 )         values (                 ?,                 ?                 ?,                 ?,                 ?,                 ?,                 ?,                 ?,                 ?,                 ?,                 ?,                 ?)
### Cause: java.sql.SQLException: Column count doesn't match value count at row 1
; bad SQL grammar []; nested exception is java.sql.SQLException: Column count doesn't match value count at row 1
21:29:33.773 [MQTT Call: center] ERROR com.ntu.center.sync.CenterDataReceiver - cj_node 节点的 13 号数据同步失败原因: 
### Error updating database.  Cause: java.sql.SQLException: Column count doesn't match value count at row 1
### The error may exist in file [C:\Users\Lenovo\Desktop\datasync\datasync_center_client\target\classes\mapper\ChangJiangBoxSensorMapper.xml]
### The error may involve defaultParameterMap
### The error occurred while setting parameters
### SQL: insert into nantong_changjiang_box_sensor(                 info_id,                 area_name,                 spot_id,                 area_id,                 node_id,                 data_time,                 Conductivity,                 Temperature,                 PH,                 Salinity,                 DissolvedOxygen,                 Turbidity                 )         values (                 ?,                 ?                 ?,                 ?,                 ?,                 ?,                 ?,                 ?,                 ?,                 ?,                 ?,                 ?)
### Cause: java.sql.SQLException: Column count doesn't match value count at row 1
; bad SQL grammar []; nested exception is java.sql.SQLException: Column count doesn't match value count at row 1
21:29:44.776 [MQTT Call: center] ERROR com.ntu.center.sync.CenterDataReceiver - cj_node 节点的 7 号数据同步失败原因: 
### Error updating database.  Cause: java.sql.SQLException: Column count doesn't match value count at row 1
### The error may exist in file [C:\Users\Lenovo\Desktop\datasync\datasync_center_client\target\classes\mapper\ChangJiangBoxSensorMapper.xml]
### The error may involve defaultParameterMap
### The error occurred while setting parameters
### SQL: insert into nantong_changjiang_box_sensor(                 info_id,                 area_name,                 spot_id,                 area_id,                 node_id,                 data_time,                 Conductivity,                 Temperature,                 PH,                 Salinity,                 DissolvedOxygen,                 Turbidity                 )         values (                 ?,                 ?                 ?,                 ?,                 ?,                 ?,                 ?,                 ?,                 ?,                 ?,                 ?,                 ?)
### Cause: java.sql.SQLException: Column count doesn't match value count at row 1
; bad SQL grammar []; nested exception is java.sql.SQLException: Column count doesn't match value count at row 1
21:29:45.786 [MQTT Call: center] ERROR com.ntu.center.sync.CenterDataReceiver - cj_node 节点的 9 号数据同步失败原因: 
### Error updating database.  Cause: java.sql.SQLException: Column count doesn't match value count at row 1
### The error may exist in file [C:\Users\Lenovo\Desktop\datasync\datasync_center_client\target\classes\mapper\ChangJiangBoxSensorMapper.xml]
### The error may involve defaultParameterMap
### The error occurred while setting parameters
### SQL: insert into nantong_changjiang_box_sensor(                 info_id,                 area_name,                 spot_id,                 area_id,                 node_id,                 data_time,                 Conductivity,                 Temperature,                 PH,                 Salinity,                 DissolvedOxygen,                 Turbidity                 )         values (                 ?,                 ?                 ?,                 ?,                 ?,                 ?,                 ?,                 ?,                 ?,                 ?,                 ?,                 ?)
### Cause: java.sql.SQLException: Column count doesn't match value count at row 1
; bad SQL grammar []; nested exception is java.sql.SQLException: Column count doesn't match value count at row 1
23:19:59.685 [http-nio-9999-exec-9] ERROR org.apache.catalina.core.ContainerBase.[Tomcat].[localhost].[/].[dispatcherServlet] - Servlet.service() for servlet [dispatcherServlet] in context with path [] threw exception
java.io.FileNotFoundException: logs\center\data_sync-error..log (系统找不到指定的文件。)
	at java.io.FileInputStream.open0(Native Method)
	at java.io.FileInputStream.open(FileInputStream.java:195)
	at java.io.FileInputStream.<init>(FileInputStream.java:138)
	at java.io.FileInputStream.<init>(FileInputStream.java:93)
	at com.ntu.center.controller.LogInfoController.getLogError(LogInfoController.java:49)
	at sun.reflect.NativeMethodAccessorImpl.invoke0(Native Method)
	at sun.reflect.NativeMethodAccessorImpl.invoke(NativeMethodAccessorImpl.java:62)
	at sun.reflect.DelegatingMethodAccessorImpl.invoke(DelegatingMethodAccessorImpl.java:43)
	at java.lang.reflect.Method.invoke(Method.java:498)
	at org.springframework.web.method.support.InvocableHandlerMethod.doInvoke(InvocableHandlerMethod.java:190)
	at org.springframework.web.method.support.InvocableHandlerMethod.invokeForRequest(InvocableHandlerMethod.java:138)
	at org.springframework.web.servlet.mvc.method.annotation.ServletInvocableHandlerMethod.invokeAndHandle(ServletInvocableHandlerMethod.java:105)
	at org.springframework.web.servlet.mvc.method.annotation.RequestMappingHandlerAdapter.invokeHandlerMethod(RequestMappingHandlerAdapter.java:879)
	at org.springframework.web.servlet.mvc.method.annotation.RequestMappingHandlerAdapter.handleInternal(RequestMappingHandlerAdapter.java:793)
	at org.springframework.web.servlet.mvc.method.AbstractHandlerMethodAdapter.handle(AbstractHandlerMethodAdapter.java:87)
	at org.springframework.web.servlet.DispatcherServlet.doDispatch(DispatcherServlet.java:1040)
	at org.springframework.web.servlet.DispatcherServlet.doService(DispatcherServlet.java:943)
	at org.springframework.web.servlet.FrameworkServlet.processRequest(FrameworkServlet.java:1006)
	at org.springframework.web.servlet.FrameworkServlet.doPost(FrameworkServlet.java:909)
	at javax.servlet.http.HttpServlet.service(HttpServlet.java:660)
	at org.springframework.web.servlet.FrameworkServlet.service(FrameworkServlet.java:883)
	at javax.servlet.http.HttpServlet.service(HttpServlet.java:741)
	at org.apache.catalina.core.ApplicationFilterChain.internalDoFilter(ApplicationFilterChain.java:231)
	at org.apache.catalina.core.ApplicationFilterChain.doFilter(ApplicationFilterChain.java:166)
	at org.apache.tomcat.websocket.server.WsFilter.doFilter(WsFilter.java:53)
	at org.apache.catalina.core.ApplicationFilterChain.internalDoFilter(ApplicationFilterChain.java:193)
	at org.apache.catalina.core.ApplicationFilterChain.doFilter(ApplicationFilterChain.java:166)
	at org.springframework.web.filter.RequestContextFilter.doFilterInternal(RequestContextFilter.java:100)
	at org.springframework.web.filter.OncePerRequestFilter.doFilter(OncePerRequestFilter.java:119)
	at org.apache.catalina.core.ApplicationFilterChain.internalDoFilter(ApplicationFilterChain.java:193)
	at org.apache.catalina.core.ApplicationFilterChain.doFilter(ApplicationFilterChain.java:166)
	at org.springframework.web.filter.FormContentFilter.doFilterInternal(FormContentFilter.java:93)
	at org.springframework.web.filter.OncePerRequestFilter.doFilter(OncePerRequestFilter.java:119)
	at org.apache.catalina.core.ApplicationFilterChain.internalDoFilter(ApplicationFilterChain.java:193)
	at org.apache.catalina.core.ApplicationFilterChain.doFilter(ApplicationFilterChain.java:166)
	at org.springframework.web.filter.CharacterEncodingFilter.doFilterInternal(CharacterEncodingFilter.java:201)
	at org.springframework.web.filter.OncePerRequestFilter.doFilter(OncePerRequestFilter.java:119)
	at org.apache.catalina.core.ApplicationFilterChain.internalDoFilter(ApplicationFilterChain.java:193)
	at org.apache.catalina.core.ApplicationFilterChain.doFilter(ApplicationFilterChain.java:166)
	at org.apache.catalina.core.StandardWrapperValve.invoke(StandardWrapperValve.java:202)
	at org.apache.catalina.core.StandardContextValve.invoke(StandardContextValve.java:96)
	at org.apache.catalina.authenticator.AuthenticatorBase.invoke(AuthenticatorBase.java:541)
	at org.apache.catalina.core.StandardHostValve.invoke(StandardHostValve.java:139)
	at org.apache.catalina.valves.ErrorReportValve.invoke(ErrorReportValve.java:92)
	at org.apache.catalina.core.StandardEngineValve.invoke(StandardEngineValve.java:74)
	at org.apache.catalina.connector.CoyoteAdapter.service(CoyoteAdapter.java:343)
	at org.apache.coyote.http11.Http11Processor.service(Http11Processor.java:373)
	at org.apache.coyote.AbstractProcessorLight.process(AbstractProcessorLight.java:65)
	at org.apache.coyote.AbstractProtocol$ConnectionHandler.process(AbstractProtocol.java:868)
	at org.apache.tomcat.util.net.NioEndpoint$SocketProcessor.doRun(NioEndpoint.java:1594)
	at org.apache.tomcat.util.net.SocketProcessorBase.run(SocketProcessorBase.java:49)
	at java.util.concurrent.ThreadPoolExecutor.runWorker(ThreadPoolExecutor.java:1149)
	at java.util.concurrent.ThreadPoolExecutor$Worker.run(ThreadPoolExecutor.java:624)
	at org.apache.tomcat.util.threads.TaskThread$WrappingRunnable.run(TaskThread.java:61)
	at java.lang.Thread.run(Thread.java:748)
