14:52:33.245 [main] INFO  com.ntu.node.Node1ClientApplication - Starting Node1ClientApplication on LAPTOP-6SA701DM with PID 3160 (C:\Users\Lenovo\Desktop\datasync\datasync_node1_client\target\classes started by Lenovo in C:\Users\Lenovo\Desktop\datasync)
14:52:33.260 [main] INFO  com.ntu.node.Node1ClientApplication - No active profile set, falling back to default profiles: default
14:52:36.808 [main] INFO  org.springframework.boot.web.embedded.tomcat.TomcatWebServer - Tomcat initialized with port(s): 8083 (http)
14:52:36.823 [main] INFO  org.apache.coyote.http11.Http11NioProtocol - Initializing ProtocolHandler ["http-nio-8083"]
14:52:36.823 [main] INFO  org.apache.catalina.core.StandardService - Starting service [Tomcat]
14:52:36.823 [main] INFO  org.apache.catalina.core.StandardEngine - Starting Servlet engine: [Apache Tomcat/9.0.33]
14:52:37.089 [main] INFO  org.apache.catalina.core.ContainerBase.[Tomcat].[localhost].[/] - Initializing Spring embedded WebApplicationContext
14:52:37.105 [main] INFO  org.springframework.web.context.ContextLoader - Root WebApplicationContext: initialization completed in 3657 ms
14:52:38.682 [main] INFO  org.springframework.scheduling.concurrent.ThreadPoolTaskExecutor - Initializing ExecutorService 'applicationTaskExecutor'
14:52:38.964 [main] INFO  springfox.documentation.spring.web.plugins.DocumentationPluginsBootstrapper - Context refreshed
14:52:39.010 [main] INFO  springfox.documentation.spring.web.plugins.DocumentationPluginsBootstrapper - Found 1 custom documentation plugin(s)
14:52:39.026 [main] INFO  springfox.documentation.spring.web.scanners.ApiListingReferenceScanner - Scanning for api listing references
14:52:39.448 [main] INFO  com.ntu.common.client.EMQTTClient - connecting to server: ssl://127.0.0.1:8883
18:33:56.855 [main] INFO  com.ntu.node.Node1ClientApplication - Starting Node1ClientApplication on LAPTOP-6SA701DM with PID 14456 (C:\Users\Lenovo\Desktop\datasync\datasync_node1_client\target\classes started by Lenovo in C:\Users\Lenovo\Desktop\datasync)
18:33:56.917 [main] INFO  com.ntu.node.Node1ClientApplication - No active profile set, falling back to default profiles: default
18:33:59.728 [main] INFO  org.springframework.boot.web.embedded.tomcat.TomcatWebServer - Tomcat initialized with port(s): 8083 (http)
18:33:59.748 [main] INFO  org.apache.coyote.http11.Http11NioProtocol - Initializing ProtocolHandler ["http-nio-8083"]
18:33:59.749 [main] INFO  org.apache.catalina.core.StandardService - Starting service [Tomcat]
18:33:59.749 [main] INFO  org.apache.catalina.core.StandardEngine - Starting Servlet engine: [Apache Tomcat/9.0.33]
18:34:00.220 [main] INFO  org.apache.catalina.core.ContainerBase.[Tomcat].[localhost].[/] - Initializing Spring embedded WebApplicationContext
18:34:00.220 [main] INFO  org.springframework.web.context.ContextLoader - Root WebApplicationContext: initialization completed in 3201 ms
18:34:02.056 [main] INFO  org.springframework.scheduling.concurrent.ThreadPoolTaskExecutor - Initializing ExecutorService 'applicationTaskExecutor'
18:34:02.331 [main] INFO  springfox.documentation.spring.web.plugins.DocumentationPluginsBootstrapper - Context refreshed
18:34:02.361 [main] INFO  springfox.documentation.spring.web.plugins.DocumentationPluginsBootstrapper - Found 1 custom documentation plugin(s)
18:34:02.387 [main] INFO  springfox.documentation.spring.web.scanners.ApiListingReferenceScanner - Scanning for api listing references
18:34:02.815 [main] INFO  com.ntu.common.client.EMQTTClient - connecting to server: ssl://127.0.0.1:8883
18:34:09.420 [main] INFO  com.ntu.node.ClientStart - 长江结点成功连接至MQTT服务器.........
18:34:09.424 [main] INFO  org.apache.coyote.http11.Http11NioProtocol - Starting ProtocolHandler ["http-nio-8083"]
18:34:09.466 [main] INFO  org.springframework.boot.web.embedded.tomcat.TomcatWebServer - Tomcat started on port(s): 8083 (http) with context path ''
18:34:09.472 [main] INFO  com.ntu.node.Node1ClientApplication - Started Node1ClientApplication in 14.051 seconds (JVM running for 20.787)
18:35:26.112 [http-nio-8083-exec-1] INFO  org.apache.tomcat.util.http.parser.Cookie - A cookie header was received [1589695570,1589812157,1589872028] that contained an invalid cookie. That cookie will be ignored.
 Note: further occurrences of this error will be logged at DEBUG level.
18:35:26.193 [http-nio-8083-exec-1] INFO  org.apache.catalina.core.ContainerBase.[Tomcat].[localhost].[/] - Initializing Spring DispatcherServlet 'dispatcherServlet'
18:35:26.193 [http-nio-8083-exec-1] INFO  org.springframework.web.servlet.DispatcherServlet - Initializing Servlet 'dispatcherServlet'
18:35:26.207 [http-nio-8083-exec-1] INFO  org.springframework.web.servlet.DispatcherServlet - Completed initialization in 13 ms
18:35:50.081 [node1] INFO  com.ntu.node.sync.SendThread - DataSync(infoId=144, infoType=M, syncType=1, syncStatus=1, successTime=null, failTime=null, failCount=0, syncMsg=未开始数据同步, infoNode=null)
18:35:50.368 [node1] INFO  com.ntu.node.sync.SendThread - 发送消息:MonitorData(infoId=144, areaId=nantong, spotId=changjiang1, nodeId=node1, dataTime=Sun May 10 18:00:03 CST 2020, conductivity=21313.0, temperature=28.69, ph=8.18, salinity=0.12, dissolvedOxygen=9.38, turbidity=93.89, infoNode=null)
18:35:50.368 [node1] INFO  com.ntu.node.sync.SendThread - DataSync(infoId=145, infoType=M, syncType=1, syncStatus=1, successTime=null, failTime=null, failCount=0, syncMsg=未开始数据同步, infoNode=null)
18:35:51.370 [node1] INFO  com.ntu.node.sync.SendThread - 发送消息:MonitorData(infoId=145, areaId=nantong, spotId=changjiang1, nodeId=node1, dataTime=Sun May 10 18:05:03 CST 2020, conductivity=255.42, temperature=28.56, ph=8.13, salinity=0.12, dissolvedOxygen=9.04, turbidity=94.79, infoNode=null)
18:35:51.370 [node1] INFO  com.ntu.node.sync.SendThread - DataSync(infoId=146, infoType=M, syncType=1, syncStatus=1, successTime=null, failTime=null, failCount=0, syncMsg=未开始数据同步, infoNode=null)
18:35:51.377 [MQTT Call: cj_node] INFO  com.ntu.node.sync.NodeDataReceiver - 收到确认消息.....
18:35:51.377 [MQTT Call: cj_node] INFO  com.ntu.node.sync.NodeDataReceiver - MONITOR_DATA表中 144 号数据同步成功....
18:35:52.371 [node1] INFO  com.ntu.node.sync.SendThread - 发送消息:MonitorData(infoId=146, areaId=nantong, spotId=changjiang1, nodeId=node1, dataTime=Sun May 10 18:10:03 CST 2020, conductivity=255.61, temperature=28.68, ph=8.11, salinity=0.12, dissolvedOxygen=9.05, turbidity=98.66, infoNode=null)
18:35:52.371 [node1] INFO  com.ntu.node.sync.SendThread - DataSync(infoId=147, infoType=M, syncType=1, syncStatus=1, successTime=null, failTime=null, failCount=0, syncMsg=未开始数据同步, infoNode=null)
18:35:52.410 [MQTT Call: cj_node] INFO  com.ntu.node.sync.NodeDataReceiver - 收到确认消息.....
18:35:52.410 [MQTT Call: cj_node] INFO  com.ntu.node.sync.NodeDataReceiver - MONITOR_DATA表中 145 号数据同步成功....
18:35:53.375 [node1] INFO  com.ntu.node.sync.SendThread - 发送消息:MonitorData(infoId=147, areaId=nantong, spotId=changjiang1, nodeId=node1, dataTime=Sun May 10 18:15:03 CST 2020, conductivity=255.28, temperature=28.56, ph=8.12, salinity=0.12, dissolvedOxygen=9.41, turbidity=96.66, infoNode=null)
18:35:53.375 [node1] INFO  com.ntu.node.sync.SendThread - DataSync(infoId=148, infoType=M, syncType=1, syncStatus=1, successTime=null, failTime=null, failCount=0, syncMsg=未开始数据同步, infoNode=null)
18:35:54.372 [node1] INFO  com.ntu.node.sync.SendThread - 发送消息:MonitorData(infoId=148, areaId=nantong, spotId=changjiang1, nodeId=node1, dataTime=Sun May 10 18:20:03 CST 2020, conductivity=257.27, temperature=28.58, ph=8.11, salinity=0.12, dissolvedOxygen=9.4, turbidity=92.53, infoNode=null)
18:35:54.372 [node1] INFO  com.ntu.node.sync.SendThread - DataSync(infoId=149, infoType=M, syncType=1, syncStatus=1, successTime=null, failTime=null, failCount=0, syncMsg=未开始数据同步, infoNode=null)
18:35:54.454 [MQTT Call: cj_node] INFO  com.ntu.node.sync.NodeDataReceiver - 收到确认消息.....
18:35:54.454 [MQTT Call: cj_node] INFO  com.ntu.node.sync.NodeDataReceiver - MONITOR_DATA表中 146 号数据同步成功....
18:35:55.372 [node1] INFO  com.ntu.node.sync.SendThread - 发送消息:MonitorData(infoId=149, areaId=nantong, spotId=changjiang1, nodeId=node1, dataTime=Sun May 10 18:21:03 CST 2020, conductivity=264.31, temperature=28.54, ph=8.1, salinity=0.12, dissolvedOxygen=9.15, turbidity=95.9, infoNode=null)
18:35:55.373 [node1] INFO  com.ntu.node.sync.SendThread - DataSync(infoId=150, infoType=M, syncType=1, syncStatus=1, successTime=null, failTime=null, failCount=0, syncMsg=未开始数据同步, infoNode=null)
18:35:55.429 [MQTT Call: cj_node] INFO  com.ntu.node.sync.NodeDataReceiver - 收到确认消息.....
18:35:55.430 [MQTT Call: cj_node] INFO  com.ntu.node.sync.NodeDataReceiver - MONITOR_DATA表中 147 号数据同步成功....
18:35:56.455 [node1] INFO  com.ntu.node.sync.SendThread - 发送消息:MonitorData(infoId=150, areaId=nantong, spotId=changjiang3, nodeId=node1, dataTime=Sun May 10 18:22:03 CST 2020, conductivity=262.73, temperature=28.51, ph=8.13, salinity=0.12, dissolvedOxygen=9.14, turbidity=94.51, infoNode=null)
18:35:56.455 [node1] INFO  com.ntu.node.sync.SendThread - DataSync(infoId=151, infoType=M, syncType=1, syncStatus=1, successTime=null, failTime=null, failCount=0, syncMsg=未开始数据同步, infoNode=null)
18:35:56.614 [MQTT Call: cj_node] INFO  com.ntu.node.sync.NodeDataReceiver - 收到确认消息.....
18:35:56.615 [MQTT Call: cj_node] INFO  com.ntu.node.sync.NodeDataReceiver - MONITOR_DATA表中 148 号数据同步成功....
18:35:57.373 [node1] INFO  com.ntu.node.sync.SendThread - 发送消息:MonitorData(infoId=151, areaId=nantong, spotId=changjiang3, nodeId=node1, dataTime=Sun May 10 18:24:03 CST 2020, conductivity=259.31, temperature=28.69, ph=8.17, salinity=0.12, dissolvedOxygen=9.01, turbidity=96.67, infoNode=null)
18:35:57.374 [node1] INFO  com.ntu.node.sync.SendThread - DataSync(infoId=152, infoType=M, syncType=1, syncStatus=1, successTime=null, failTime=null, failCount=0, syncMsg=未开始数据同步, infoNode=null)
18:35:57.464 [MQTT Call: cj_node] INFO  com.ntu.node.sync.NodeDataReceiver - 收到确认消息.....
18:35:57.464 [MQTT Call: cj_node] INFO  com.ntu.node.sync.NodeDataReceiver - MONITOR_DATA表中 149 号数据同步成功....
18:35:58.374 [node1] INFO  com.ntu.node.sync.SendThread - 发送消息:MonitorData(infoId=152, areaId=nantong, spotId=changjiang3, nodeId=node1, dataTime=Sun May 10 18:25:03 CST 2020, conductivity=257.45, temperature=28.52, ph=8.1, salinity=0.12, dissolvedOxygen=9.12, turbidity=98.94, infoNode=null)
18:35:58.374 [node1] INFO  com.ntu.node.sync.SendThread - DataSync(infoId=153, infoType=M, syncType=1, syncStatus=1, successTime=null, failTime=null, failCount=0, syncMsg=未开始数据同步, infoNode=null)
18:35:58.381 [MQTT Call: cj_node] INFO  com.ntu.node.sync.NodeDataReceiver - 收到确认消息.....
18:35:58.381 [MQTT Call: cj_node] INFO  com.ntu.node.sync.NodeDataReceiver - MONITOR_DATA表中 150 号数据同步成功....
18:35:59.375 [node1] INFO  com.ntu.node.sync.SendThread - 发送消息:MonitorData(infoId=153, areaId=nantong, spotId=changjiang3, nodeId=node1, dataTime=Sun May 10 18:30:03 CST 2020, conductivity=255.47, temperature=28.59, ph=8.1, salinity=0.12, dissolvedOxygen=9.1, turbidity=97.47, infoNode=null)
18:35:59.375 [node1] INFO  com.ntu.node.sync.SendThread - DataSync(infoId=154, infoType=M, syncType=1, syncStatus=1, successTime=null, failTime=null, failCount=0, syncMsg=未开始数据同步, infoNode=null)
18:35:59.423 [MQTT Call: cj_node] INFO  com.ntu.node.sync.NodeDataReceiver - 收到确认消息.....
18:35:59.423 [MQTT Call: cj_node] INFO  com.ntu.node.sync.NodeDataReceiver - MONITOR_DATA表中 151 号数据同步成功....
18:36:00.377 [node1] INFO  com.ntu.node.sync.SendThread - 发送消息:MonitorData(infoId=154, areaId=nantong, spotId=changjiang1, nodeId=node1, dataTime=Sun May 10 18:35:03 CST 2020, conductivity=255.53, temperature=28.54, ph=8.14, salinity=0.12, dissolvedOxygen=9.39, turbidity=98.25, infoNode=null)
18:36:00.377 [node1] INFO  com.ntu.node.sync.SendThread - DataSync(infoId=155, infoType=M, syncType=1, syncStatus=1, successTime=null, failTime=null, failCount=0, syncMsg=未开始数据同步, infoNode=null)
18:36:00.471 [MQTT Call: cj_node] INFO  com.ntu.node.sync.NodeDataReceiver - 收到确认消息.....
18:36:00.471 [MQTT Call: cj_node] INFO  com.ntu.node.sync.NodeDataReceiver - MONITOR_DATA表中 152 号数据同步成功....
18:36:01.377 [node1] INFO  com.ntu.node.sync.SendThread - 发送消息:MonitorData(infoId=155, areaId=nantong, spotId=changjiang1, nodeId=node1, dataTime=Thu May 21 18:40:03 CST 2020, conductivity=257.54, temperature=28.58, ph=8.18, salinity=0.12, dissolvedOxygen=9.38, turbidity=92.04, infoNode=null)
18:36:01.377 [node1] INFO  com.ntu.node.sync.SendThread - DataSync(infoId=156, infoType=M, syncType=1, syncStatus=1, successTime=null, failTime=null, failCount=0, syncMsg=未开始数据同步, infoNode=null)
18:36:01.415 [MQTT Call: cj_node] INFO  com.ntu.node.sync.NodeDataReceiver - 收到确认消息.....
18:36:01.415 [MQTT Call: cj_node] INFO  com.ntu.node.sync.NodeDataReceiver - MONITOR_DATA表中 153 号数据同步成功....
18:36:02.377 [node1] INFO  com.ntu.node.sync.SendThread - 发送消息:MonitorData(infoId=156, areaId=nantong, spotId=changjiang1, nodeId=node1, dataTime=Sun May 10 18:45:03 CST 2020, conductivity=262.43, temperature=28.69, ph=8.13, salinity=0.12, dissolvedOxygen=9.19, turbidity=98.07, infoNode=null)
18:36:02.377 [node1] INFO  com.ntu.node.sync.SendThread - DataSync(infoId=157, infoType=M, syncType=1, syncStatus=1, successTime=null, failTime=null, failCount=0, syncMsg=未开始数据同步, infoNode=null)
18:36:02.412 [MQTT Call: cj_node] INFO  com.ntu.node.sync.NodeDataReceiver - 收到确认消息.....
18:36:02.412 [MQTT Call: cj_node] INFO  com.ntu.node.sync.NodeDataReceiver - MONITOR_DATA表中 154 号数据同步成功....
18:36:03.381 [node1] INFO  com.ntu.node.sync.SendThread - 发送消息:MonitorData(infoId=157, areaId=nantong, spotId=changjiang3, nodeId=node1, dataTime=Sun May 10 18:50:03 CST 2020, conductivity=261.05, temperature=28.67, ph=8.19, salinity=0.12, dissolvedOxygen=9.41, turbidity=97.82, infoNode=null)
18:36:03.382 [node1] INFO  com.ntu.node.sync.SendThread - DataSync(infoId=158, infoType=M, syncType=1, syncStatus=1, successTime=null, failTime=null, failCount=0, syncMsg=未开始数据同步, infoNode=null)
18:36:03.390 [MQTT Call: cj_node] INFO  com.ntu.node.sync.NodeDataReceiver - 收到确认消息.....
18:36:03.390 [MQTT Call: cj_node] INFO  com.ntu.node.sync.NodeDataReceiver - MONITOR_DATA表中 155 号数据同步成功....
18:36:04.378 [node1] INFO  com.ntu.node.sync.SendThread - 发送消息:MonitorData(infoId=158, areaId=nantong, spotId=changjiang3, nodeId=node1, dataTime=Sun May 10 18:55:03 CST 2020, conductivity=259.93, temperature=28.54, ph=8.15, salinity=0.12, dissolvedOxygen=9.11, turbidity=98.23, infoNode=null)
18:36:04.378 [node1] INFO  com.ntu.node.sync.SendThread - DataSync(infoId=159, infoType=M, syncType=1, syncStatus=1, successTime=null, failTime=null, failCount=0, syncMsg=未开始数据同步, infoNode=null)
18:36:04.387 [MQTT Call: cj_node] INFO  com.ntu.node.sync.NodeDataReceiver - 收到确认消息.....
18:36:04.387 [MQTT Call: cj_node] INFO  com.ntu.node.sync.NodeDataReceiver - MONITOR_DATA表中 156 号数据同步成功....
18:36:05.379 [node1] INFO  com.ntu.node.sync.SendThread - 发送消息:MonitorData(infoId=159, areaId=nantong, spotId=changjiang1, nodeId=node1, dataTime=Sun May 10 18:58:03 CST 2020, conductivity=256.37, temperature=28.63, ph=8.13, salinity=0.12, dissolvedOxygen=9.33, turbidity=92.28, infoNode=null)
18:36:05.379 [node1] INFO  com.ntu.node.sync.SendThread - DataSync(infoId=160, infoType=M, syncType=1, syncStatus=1, successTime=null, failTime=null, failCount=0, syncMsg=未开始数据同步, infoNode=null)
18:36:05.444 [MQTT Call: cj_node] INFO  com.ntu.node.sync.NodeDataReceiver - 收到确认消息.....
18:36:05.444 [MQTT Call: cj_node] INFO  com.ntu.node.sync.NodeDataReceiver - MONITOR_DATA表中 157 号数据同步成功....
18:36:06.381 [node1] INFO  com.ntu.node.sync.SendThread - 发送消息:MonitorData(infoId=160, areaId=nantong, spotId=changjiang1, nodeId=node1, dataTime=Sun May 10 19:00:03 CST 2020, conductivity=257.35, temperature=28.6, ph=8.15, salinity=0.12, dissolvedOxygen=9.04, turbidity=99.4, infoNode=null)
18:36:06.381 [node1] INFO  com.ntu.node.sync.SendThread - DataSync(infoId=161, infoType=M, syncType=1, syncStatus=1, successTime=null, failTime=null, failCount=0, syncMsg=未开始数据同步, infoNode=null)
18:36:06.422 [MQTT Call: cj_node] INFO  com.ntu.node.sync.NodeDataReceiver - 收到确认消息.....
18:36:06.422 [MQTT Call: cj_node] INFO  com.ntu.node.sync.NodeDataReceiver - MONITOR_DATA表中 158 号数据同步成功....
18:36:07.382 [node1] INFO  com.ntu.node.sync.SendThread - 发送消息:MonitorData(infoId=161, areaId=nantong, spotId=changjiang1, nodeId=node1, dataTime=Sun May 10 19:05:03 CST 2020, conductivity=255.03, temperature=28.69, ph=8.14, salinity=0.12, dissolvedOxygen=9.11, turbidity=95.54, infoNode=null)
18:36:07.382 [node1] INFO  com.ntu.node.sync.SendThread - DataSync(infoId=162, infoType=M, syncType=1, syncStatus=1, successTime=null, failTime=null, failCount=0, syncMsg=未开始数据同步, infoNode=null)
18:36:07.448 [MQTT Call: cj_node] INFO  com.ntu.node.sync.NodeDataReceiver - 收到确认消息.....
18:36:07.448 [MQTT Call: cj_node] INFO  com.ntu.node.sync.NodeDataReceiver - MONITOR_DATA表中 159 号数据同步成功....
18:36:08.382 [node1] INFO  com.ntu.node.sync.SendThread - 发送消息:MonitorData(infoId=162, areaId=nantong, spotId=changjiang1, nodeId=node1, dataTime=Sun May 10 19:10:03 CST 2020, conductivity=258.55, temperature=28.59, ph=8.12, salinity=0.12, dissolvedOxygen=9.33, turbidity=97.14, infoNode=null)
18:36:08.382 [node1] INFO  com.ntu.node.sync.SendThread - DataSync(infoId=163, infoType=M, syncType=1, syncStatus=1, successTime=null, failTime=null, failCount=0, syncMsg=未开始数据同步, infoNode=null)
18:36:08.446 [MQTT Call: cj_node] INFO  com.ntu.node.sync.NodeDataReceiver - 收到确认消息.....
18:36:08.446 [MQTT Call: cj_node] INFO  com.ntu.node.sync.NodeDataReceiver - MONITOR_DATA表中 160 号数据同步成功....
18:36:09.393 [node1] INFO  com.ntu.node.sync.SendThread - 发送消息:MonitorData(infoId=163, areaId=nantong, spotId=changjiang1, nodeId=node1, dataTime=Sun May 10 19:12:03 CST 2020, conductivity=256.95, temperature=28.62, ph=8.15, salinity=0.12, dissolvedOxygen=9.46, turbidity=92.9, infoNode=null)
18:36:09.394 [node1] INFO  com.ntu.node.sync.SendThread - DataSync(infoId=164, infoType=M, syncType=1, syncStatus=1, successTime=null, failTime=null, failCount=0, syncMsg=未开始数据同步, infoNode=null)
18:36:09.563 [MQTT Call: cj_node] INFO  com.ntu.node.sync.NodeDataReceiver - 收到确认消息.....
18:36:09.563 [MQTT Call: cj_node] INFO  com.ntu.node.sync.NodeDataReceiver - MONITOR_DATA表中 161 号数据同步成功....
18:36:10.384 [node1] INFO  com.ntu.node.sync.SendThread - 发送消息:MonitorData(infoId=164, areaId=nantong, spotId=changjiang1, nodeId=node1, dataTime=Sun May 10 19:16:03 CST 2020, conductivity=259.97, temperature=28.63, ph=8.16, salinity=0.12, dissolvedOxygen=9.18, turbidity=92.51, infoNode=null)
18:36:10.385 [node1] INFO  com.ntu.node.sync.SendThread - DataSync(infoId=165, infoType=M, syncType=1, syncStatus=1, successTime=null, failTime=null, failCount=0, syncMsg=未开始数据同步, infoNode=null)
18:36:10.390 [MQTT Call: cj_node] INFO  com.ntu.node.sync.NodeDataReceiver - 收到确认消息.....
18:36:10.390 [MQTT Call: cj_node] INFO  com.ntu.node.sync.NodeDataReceiver - MONITOR_DATA表中 162 号数据同步成功....
18:36:11.387 [node1] INFO  com.ntu.node.sync.SendThread - 发送消息:MonitorData(infoId=165, areaId=nantong, spotId=changjiang, nodeId=node1, dataTime=Sun May 10 19:20:03 CST 2020, conductivity=262.64, temperature=28.66, ph=8.15, salinity=0.12, dissolvedOxygen=9.45, turbidity=94.87, infoNode=null)
18:36:11.388 [node1] INFO  com.ntu.node.sync.SendThread - DataSync(infoId=166, infoType=M, syncType=1, syncStatus=1, successTime=null, failTime=null, failCount=0, syncMsg=未开始数据同步, infoNode=null)
18:36:11.437 [MQTT Call: cj_node] INFO  com.ntu.node.sync.NodeDataReceiver - 收到确认消息.....
18:36:11.438 [MQTT Call: cj_node] INFO  com.ntu.node.sync.NodeDataReceiver - MONITOR_DATA表中 163 号数据同步成功....
18:36:12.386 [node1] INFO  com.ntu.node.sync.SendThread - 发送消息:MonitorData(infoId=166, areaId=nantong, spotId=changjiang, nodeId=node1, dataTime=Sun May 10 19:25:03 CST 2020, conductivity=259.94, temperature=28.54, ph=8.12, salinity=0.12, dissolvedOxygen=9.45, turbidity=95.64, infoNode=null)
18:36:12.386 [node1] INFO  com.ntu.node.sync.SendThread - DataSync(infoId=167, infoType=M, syncType=1, syncStatus=1, successTime=null, failTime=null, failCount=0, syncMsg=未开始数据同步, infoNode=null)
18:36:12.473 [MQTT Call: cj_node] INFO  com.ntu.node.sync.NodeDataReceiver - 收到确认消息.....
18:36:12.474 [MQTT Call: cj_node] INFO  com.ntu.node.sync.NodeDataReceiver - MONITOR_DATA表中 164 号数据同步成功....
18:36:13.387 [node1] INFO  com.ntu.node.sync.SendThread - 发送消息:MonitorData(infoId=167, areaId=nantong, spotId=changjiang, nodeId=node1, dataTime=Sun May 10 19:27:03 CST 2020, conductivity=257.1, temperature=28.58, ph=8.15, salinity=0.12, dissolvedOxygen=9.23, turbidity=95.19, infoNode=null)
18:36:13.387 [node1] INFO  com.ntu.node.sync.SendThread - DataSync(infoId=168, infoType=M, syncType=1, syncStatus=1, successTime=null, failTime=null, failCount=0, syncMsg=未开始数据同步, infoNode=null)
18:36:13.458 [MQTT Call: cj_node] INFO  com.ntu.node.sync.NodeDataReceiver - 收到确认消息.....
18:36:13.458 [MQTT Call: cj_node] INFO  com.ntu.node.sync.NodeDataReceiver - MONITOR_DATA表中 165 号数据同步成功....
18:36:14.387 [node1] INFO  com.ntu.node.sync.SendThread - 发送消息:MonitorData(infoId=168, areaId=nantong, spotId=changjiang, nodeId=node1, dataTime=Sun May 10 19:29:03 CST 2020, conductivity=257.68, temperature=28.5, ph=8.15, salinity=0.12, dissolvedOxygen=9.32, turbidity=91.15, infoNode=null)
18:36:14.387 [node1] INFO  com.ntu.node.sync.SendThread - DataSync(infoId=169, infoType=M, syncType=1, syncStatus=1, successTime=null, failTime=null, failCount=0, syncMsg=未开始数据同步, infoNode=null)
18:36:14.423 [MQTT Call: cj_node] INFO  com.ntu.node.sync.NodeDataReceiver - 收到确认消息.....
18:36:14.423 [MQTT Call: cj_node] INFO  com.ntu.node.sync.NodeDataReceiver - MONITOR_DATA表中 166 号数据同步成功....
18:36:15.389 [node1] INFO  com.ntu.node.sync.SendThread - 发送消息:MonitorData(infoId=169, areaId=nantong, spotId=changjiang, nodeId=node1, dataTime=Sun May 10 19:30:03 CST 2020, conductivity=255.24, temperature=28.51, ph=8.1, salinity=0.12, dissolvedOxygen=9.43, turbidity=91.56, infoNode=null)
18:36:15.389 [node1] INFO  com.ntu.node.sync.SendThread - DataSync(infoId=170, infoType=M, syncType=1, syncStatus=1, successTime=null, failTime=null, failCount=0, syncMsg=未开始数据同步, infoNode=null)
18:36:15.467 [MQTT Call: cj_node] INFO  com.ntu.node.sync.NodeDataReceiver - 收到确认消息.....
18:36:15.467 [MQTT Call: cj_node] INFO  com.ntu.node.sync.NodeDataReceiver - MONITOR_DATA表中 167 号数据同步成功....
18:36:16.390 [node1] INFO  com.ntu.node.sync.SendThread - 发送消息:MonitorData(infoId=170, areaId=nantong, spotId=changjiang, nodeId=node1, dataTime=Sun May 10 19:35:03 CST 2020, conductivity=256.77, temperature=28.61, ph=8.18, salinity=0.12, dissolvedOxygen=9.49, turbidity=92.24, infoNode=null)
18:36:16.390 [node1] INFO  com.ntu.node.sync.SendThread - DataSync(infoId=171, infoType=M, syncType=1, syncStatus=1, successTime=null, failTime=null, failCount=0, syncMsg=未开始数据同步, infoNode=null)
18:36:16.442 [MQTT Call: cj_node] INFO  com.ntu.node.sync.NodeDataReceiver - 收到确认消息.....
18:36:16.442 [MQTT Call: cj_node] INFO  com.ntu.node.sync.NodeDataReceiver - MONITOR_DATA表中 168 号数据同步成功....
18:36:17.391 [node1] INFO  com.ntu.node.sync.SendThread - 发送消息:MonitorData(infoId=171, areaId=nantong, spotId=changjiang, nodeId=node1, dataTime=Sun May 10 19:17:03 CST 2020, conductivity=257.36, temperature=28.5, ph=8.15, salinity=0.12, dissolvedOxygen=9.07, turbidity=98.63, infoNode=null)
18:36:17.391 [node1] INFO  com.ntu.node.sync.SendThread - DataSync(infoId=172, infoType=M, syncType=1, syncStatus=1, successTime=null, failTime=null, failCount=0, syncMsg=未开始数据同步, infoNode=null)
18:36:17.455 [MQTT Call: cj_node] INFO  com.ntu.node.sync.NodeDataReceiver - 收到确认消息.....
18:36:17.455 [MQTT Call: cj_node] INFO  com.ntu.node.sync.NodeDataReceiver - MONITOR_DATA表中 169 号数据同步成功....
18:36:18.392 [node1] INFO  com.ntu.node.sync.SendThread - 发送消息:MonitorData(infoId=172, areaId=nantong, spotId=changjiang, nodeId=node1, dataTime=Sun May 10 19:40:03 CST 2020, conductivity=257.51, temperature=28.69, ph=8.12, salinity=0.12, dissolvedOxygen=9.34, turbidity=98.24, infoNode=null)
18:36:18.392 [node1] INFO  com.ntu.node.sync.SendThread - DataSync(infoId=173, infoType=M, syncType=1, syncStatus=1, successTime=null, failTime=null, failCount=0, syncMsg=未开始数据同步, infoNode=null)
18:36:18.429 [MQTT Call: cj_node] INFO  com.ntu.node.sync.NodeDataReceiver - 收到确认消息.....
18:36:18.429 [MQTT Call: cj_node] INFO  com.ntu.node.sync.NodeDataReceiver - MONITOR_DATA表中 170 号数据同步成功....
18:36:19.394 [node1] INFO  com.ntu.node.sync.SendThread - 发送消息:MonitorData(infoId=173, areaId=nantong, spotId=changjiang, nodeId=node1, dataTime=Sun May 10 19:45:03 CST 2020, conductivity=261.75, temperature=28.62, ph=8.12, salinity=0.12, dissolvedOxygen=9.38, turbidity=99.02, infoNode=null)
18:36:19.394 [node1] INFO  com.ntu.node.sync.SendThread - DataSync(infoId=174, infoType=M, syncType=1, syncStatus=1, successTime=null, failTime=null, failCount=0, syncMsg=未开始数据同步, infoNode=null)
18:36:19.492 [MQTT Call: cj_node] INFO  com.ntu.node.sync.NodeDataReceiver - 收到确认消息.....
18:36:19.492 [MQTT Call: cj_node] INFO  com.ntu.node.sync.NodeDataReceiver - MONITOR_DATA表中 171 号数据同步成功....
18:36:20.394 [node1] INFO  com.ntu.node.sync.SendThread - 发送消息:MonitorData(infoId=174, areaId=nantong, spotId=changjiang, nodeId=node1, dataTime=Sun May 10 19:48:03 CST 2020, conductivity=261.5, temperature=28.57, ph=8.15, salinity=0.12, dissolvedOxygen=9.29, turbidity=96.14, infoNode=null)
18:36:20.399 [MQTT Call: cj_node] INFO  com.ntu.node.sync.NodeDataReceiver - 收到确认消息.....
18:36:20.399 [MQTT Call: cj_node] INFO  com.ntu.node.sync.NodeDataReceiver - MONITOR_DATA表中 172 号数据同步成功....
18:36:21.397 [MQTT Call: cj_node] INFO  com.ntu.node.sync.NodeDataReceiver - 收到确认消息.....
18:36:21.397 [MQTT Call: cj_node] INFO  com.ntu.node.sync.NodeDataReceiver - MONITOR_DATA表中 173 号数据同步成功....
18:36:22.396 [MQTT Call: cj_node] INFO  com.ntu.node.sync.NodeDataReceiver - 收到确认消息.....
18:36:22.396 [MQTT Call: cj_node] INFO  com.ntu.node.sync.NodeDataReceiver - MONITOR_DATA表中 174 号数据同步成功....
18:37:37.575 [main] INFO  com.ntu.node.Node1ClientApplication - Starting Node1ClientApplication on LAPTOP-6SA701DM with PID 13308 (C:\Users\Lenovo\Desktop\datasync\datasync_node1_client\target\classes started by Lenovo in C:\Users\Lenovo\Desktop\datasync)
18:37:37.583 [main] INFO  com.ntu.node.Node1ClientApplication - No active profile set, falling back to default profiles: default
18:37:40.659 [main] INFO  org.springframework.boot.web.embedded.tomcat.TomcatWebServer - Tomcat initialized with port(s): 8083 (http)
18:37:40.678 [main] INFO  org.apache.coyote.http11.Http11NioProtocol - Initializing ProtocolHandler ["http-nio-8083"]
18:37:40.679 [main] INFO  org.apache.catalina.core.StandardService - Starting service [Tomcat]
18:37:40.679 [main] INFO  org.apache.catalina.core.StandardEngine - Starting Servlet engine: [Apache Tomcat/9.0.33]
18:37:40.948 [main] INFO  org.apache.catalina.core.ContainerBase.[Tomcat].[localhost].[/] - Initializing Spring embedded WebApplicationContext
18:37:40.949 [main] INFO  org.springframework.web.context.ContextLoader - Root WebApplicationContext: initialization completed in 3211 ms
18:37:42.353 [main] INFO  org.springframework.scheduling.concurrent.ThreadPoolTaskExecutor - Initializing ExecutorService 'applicationTaskExecutor'
18:37:42.596 [main] INFO  springfox.documentation.spring.web.plugins.DocumentationPluginsBootstrapper - Context refreshed
18:37:42.624 [main] INFO  springfox.documentation.spring.web.plugins.DocumentationPluginsBootstrapper - Found 1 custom documentation plugin(s)
18:37:42.651 [main] INFO  springfox.documentation.spring.web.scanners.ApiListingReferenceScanner - Scanning for api listing references
18:37:43.032 [main] INFO  com.ntu.common.client.EMQTTClient - connecting to server: ssl://127.0.0.1:8883
18:37:49.525 [main] INFO  com.ntu.node.ClientStart - 长江结点成功连接至MQTT服务器.........
18:37:49.529 [main] INFO  org.apache.coyote.http11.Http11NioProtocol - Starting ProtocolHandler ["http-nio-8083"]
18:37:49.571 [main] INFO  org.springframework.boot.web.embedded.tomcat.TomcatWebServer - Tomcat started on port(s): 8083 (http) with context path ''
18:37:49.576 [main] INFO  com.ntu.node.Node1ClientApplication - Started Node1ClientApplication in 13.067 seconds (JVM running for 16.983)
18:51:26.722 [http-nio-8083-exec-1] INFO  org.apache.tomcat.util.http.parser.Cookie - A cookie header was received [1589812157,1589872028,1589970932; Hm_lpvt_eaa57ca47dacb4ad4f5a257001a3457c=1589970932] that contained an invalid cookie. That cookie will be ignored.
 Note: further occurrences of this error will be logged at DEBUG level.
18:51:26.737 [http-nio-8083-exec-1] INFO  org.apache.catalina.core.ContainerBase.[Tomcat].[localhost].[/] - Initializing Spring DispatcherServlet 'dispatcherServlet'
18:51:26.738 [http-nio-8083-exec-1] INFO  org.springframework.web.servlet.DispatcherServlet - Initializing Servlet 'dispatcherServlet'
18:51:26.750 [http-nio-8083-exec-1] INFO  org.springframework.web.servlet.DispatcherServlet - Completed initialization in 12 ms
18:51:30.298 [node1] INFO  com.ntu.node.sync.SendThread - DataSync(infoId=175, infoType=M, syncType=1, syncStatus=1, successTime=null, failTime=null, failCount=0, syncMsg=未开始数据同步, infoNode=null)
18:51:30.906 [node1] INFO  com.ntu.node.sync.SendThread - 发送消息:MonitorData(infoId=175, areaId=nantong, spotId=changjiang1, nodeId=node1, dataTime=Sun May 10 18:00:03 CST 2020, conductivity=21313.0, temperature=28.69, ph=8.18, salinity=0.12, dissolvedOxygen=9.38, turbidity=93.89, infoNode=null)
18:51:30.906 [node1] INFO  com.ntu.node.sync.SendThread - DataSync(infoId=176, infoType=M, syncType=1, syncStatus=1, successTime=null, failTime=null, failCount=0, syncMsg=未开始数据同步, infoNode=null)
18:51:31.907 [node1] INFO  com.ntu.node.sync.SendThread - 发送消息:MonitorData(infoId=176, areaId=nantong, spotId=changjiang1, nodeId=node1, dataTime=Sun May 10 18:05:03 CST 2020, conductivity=255.42, temperature=28.56, ph=8.13, salinity=0.12, dissolvedOxygen=9.04, turbidity=94.79, infoNode=null)
18:51:31.907 [node1] INFO  com.ntu.node.sync.SendThread - DataSync(infoId=177, infoType=M, syncType=1, syncStatus=1, successTime=null, failTime=null, failCount=0, syncMsg=未开始数据同步, infoNode=null)
18:51:31.970 [MQTT Call: cj_node] INFO  com.ntu.node.sync.NodeDataReceiver - 收到确认消息.....
18:51:31.971 [MQTT Call: cj_node] INFO  com.ntu.node.sync.NodeDataReceiver - MONITOR_DATA表中 175 号数据同步成功....
18:51:32.906 [node1] INFO  com.ntu.node.sync.SendThread - 发送消息:MonitorData(infoId=177, areaId=nantong, spotId=changjiang1, nodeId=node1, dataTime=Sun May 10 18:10:03 CST 2020, conductivity=255.61, temperature=28.68, ph=8.11, salinity=0.12, dissolvedOxygen=9.05, turbidity=98.66, infoNode=null)
18:51:32.907 [node1] INFO  com.ntu.node.sync.SendThread - DataSync(infoId=178, infoType=M, syncType=1, syncStatus=1, successTime=null, failTime=null, failCount=0, syncMsg=未开始数据同步, infoNode=null)
18:51:32.913 [MQTT Call: cj_node] INFO  com.ntu.node.sync.NodeDataReceiver - 收到确认消息.....
18:51:32.913 [MQTT Call: cj_node] INFO  com.ntu.node.sync.NodeDataReceiver - MONITOR_DATA表中 176 号数据同步成功....
18:51:33.908 [node1] INFO  com.ntu.node.sync.SendThread - 发送消息:MonitorData(infoId=178, areaId=nantong, spotId=changjiang1, nodeId=node1, dataTime=Sun May 10 18:15:03 CST 2020, conductivity=255.28, temperature=28.56, ph=8.12, salinity=0.12, dissolvedOxygen=9.41, turbidity=96.66, infoNode=null)
18:51:33.909 [node1] INFO  com.ntu.node.sync.SendThread - DataSync(infoId=179, infoType=M, syncType=1, syncStatus=1, successTime=null, failTime=null, failCount=0, syncMsg=未开始数据同步, infoNode=null)
18:51:33.981 [MQTT Call: cj_node] INFO  com.ntu.node.sync.NodeDataReceiver - 收到确认消息.....
18:51:33.981 [MQTT Call: cj_node] INFO  com.ntu.node.sync.NodeDataReceiver - MONITOR_DATA表中 177 号数据同步成功....
18:51:34.911 [node1] INFO  com.ntu.node.sync.SendThread - 发送消息:MonitorData(infoId=179, areaId=nantong, spotId=changjiang1, nodeId=node1, dataTime=Sun May 10 18:20:03 CST 2020, conductivity=257.27, temperature=28.58, ph=8.11, salinity=0.12, dissolvedOxygen=9.4, turbidity=92.53, infoNode=null)
18:51:34.911 [node1] INFO  com.ntu.node.sync.SendThread - DataSync(infoId=180, infoType=M, syncType=1, syncStatus=1, successTime=null, failTime=null, failCount=0, syncMsg=未开始数据同步, infoNode=null)
18:51:34.981 [MQTT Call: cj_node] INFO  com.ntu.node.sync.NodeDataReceiver - 收到确认消息.....
18:51:34.982 [MQTT Call: cj_node] INFO  com.ntu.node.sync.NodeDataReceiver - MONITOR_DATA表中 178 号数据同步成功....
18:51:35.909 [node1] INFO  com.ntu.node.sync.SendThread - 发送消息:MonitorData(infoId=180, areaId=nantong, spotId=changjiang1, nodeId=node1, dataTime=Sun May 10 18:21:03 CST 2020, conductivity=264.31, temperature=28.54, ph=8.1, salinity=0.12, dissolvedOxygen=9.15, turbidity=95.9, infoNode=null)
18:51:35.910 [node1] INFO  com.ntu.node.sync.SendThread - DataSync(infoId=181, infoType=M, syncType=1, syncStatus=1, successTime=null, failTime=null, failCount=0, syncMsg=未开始数据同步, infoNode=null)
18:51:35.995 [MQTT Call: cj_node] INFO  com.ntu.node.sync.NodeDataReceiver - 收到确认消息.....
18:51:35.995 [MQTT Call: cj_node] INFO  com.ntu.node.sync.NodeDataReceiver - MONITOR_DATA表中 179 号数据同步成功....
18:51:36.910 [node1] INFO  com.ntu.node.sync.SendThread - 发送消息:MonitorData(infoId=181, areaId=nantong, spotId=changjiang3, nodeId=node1, dataTime=Sun May 10 18:22:03 CST 2020, conductivity=262.73, temperature=28.51, ph=8.13, salinity=0.12, dissolvedOxygen=9.14, turbidity=94.51, infoNode=null)
18:51:36.910 [node1] INFO  com.ntu.node.sync.SendThread - DataSync(infoId=182, infoType=M, syncType=1, syncStatus=1, successTime=null, failTime=null, failCount=0, syncMsg=未开始数据同步, infoNode=null)
18:51:36.930 [MQTT Call: cj_node] INFO  com.ntu.node.sync.NodeDataReceiver - 收到确认消息.....
18:51:36.930 [MQTT Call: cj_node] INFO  com.ntu.node.sync.NodeDataReceiver - MONITOR_DATA表中 180 号数据同步成功....
18:51:37.910 [node1] INFO  com.ntu.node.sync.SendThread - 发送消息:MonitorData(infoId=182, areaId=nantong, spotId=changjiang3, nodeId=node1, dataTime=Sun May 10 18:24:03 CST 2020, conductivity=259.31, temperature=28.69, ph=8.17, salinity=0.12, dissolvedOxygen=9.01, turbidity=96.67, infoNode=null)
18:51:37.910 [node1] INFO  com.ntu.node.sync.SendThread - DataSync(infoId=183, infoType=M, syncType=1, syncStatus=1, successTime=null, failTime=null, failCount=0, syncMsg=未开始数据同步, infoNode=null)
18:51:37.916 [MQTT Call: cj_node] INFO  com.ntu.node.sync.NodeDataReceiver - 收到确认消息.....
18:51:37.917 [MQTT Call: cj_node] INFO  com.ntu.node.sync.NodeDataReceiver - MONITOR_DATA表中 181 号数据同步成功....
18:51:38.911 [node1] INFO  com.ntu.node.sync.SendThread - 发送消息:MonitorData(infoId=183, areaId=nantong, spotId=changjiang3, nodeId=node1, dataTime=Sun May 10 18:25:03 CST 2020, conductivity=257.45, temperature=28.52, ph=8.1, salinity=0.12, dissolvedOxygen=9.12, turbidity=98.94, infoNode=null)
18:51:38.911 [node1] INFO  com.ntu.node.sync.SendThread - DataSync(infoId=184, infoType=M, syncType=1, syncStatus=1, successTime=null, failTime=null, failCount=0, syncMsg=未开始数据同步, infoNode=null)
18:51:38.939 [MQTT Call: cj_node] INFO  com.ntu.node.sync.NodeDataReceiver - 收到确认消息.....
18:51:38.939 [MQTT Call: cj_node] INFO  com.ntu.node.sync.NodeDataReceiver - MONITOR_DATA表中 182 号数据同步成功....
18:51:39.912 [node1] INFO  com.ntu.node.sync.SendThread - 发送消息:MonitorData(infoId=184, areaId=nantong, spotId=changjiang3, nodeId=node1, dataTime=Sun May 10 18:30:03 CST 2020, conductivity=255.47, temperature=28.59, ph=8.1, salinity=0.12, dissolvedOxygen=9.1, turbidity=97.47, infoNode=null)
18:51:39.912 [node1] INFO  com.ntu.node.sync.SendThread - DataSync(infoId=185, infoType=M, syncType=1, syncStatus=1, successTime=null, failTime=null, failCount=0, syncMsg=未开始数据同步, infoNode=null)
18:51:39.934 [MQTT Call: cj_node] INFO  com.ntu.node.sync.NodeDataReceiver - 收到确认消息.....
18:51:39.934 [MQTT Call: cj_node] INFO  com.ntu.node.sync.NodeDataReceiver - MONITOR_DATA表中 183 号数据同步成功....
18:51:40.914 [node1] INFO  com.ntu.node.sync.SendThread - 发送消息:MonitorData(infoId=185, areaId=nantong, spotId=changjiang1, nodeId=node1, dataTime=Sun May 10 18:35:03 CST 2020, conductivity=255.53, temperature=28.54, ph=8.14, salinity=0.12, dissolvedOxygen=9.39, turbidity=98.25, infoNode=null)
18:51:40.914 [node1] INFO  com.ntu.node.sync.SendThread - DataSync(infoId=186, infoType=M, syncType=1, syncStatus=1, successTime=null, failTime=null, failCount=0, syncMsg=未开始数据同步, infoNode=null)
18:51:40.920 [MQTT Call: cj_node] INFO  com.ntu.node.sync.NodeDataReceiver - 收到确认消息.....
18:51:40.920 [MQTT Call: cj_node] INFO  com.ntu.node.sync.NodeDataReceiver - MONITOR_DATA表中 184 号数据同步成功....
18:51:41.915 [node1] INFO  com.ntu.node.sync.SendThread - 发送消息:MonitorData(infoId=186, areaId=nantong, spotId=changjiang1, nodeId=node1, dataTime=Thu May 21 18:40:03 CST 2020, conductivity=257.54, temperature=28.58, ph=8.18, salinity=0.12, dissolvedOxygen=9.38, turbidity=92.04, infoNode=null)
18:51:41.915 [node1] INFO  com.ntu.node.sync.SendThread - DataSync(infoId=187, infoType=M, syncType=1, syncStatus=1, successTime=null, failTime=null, failCount=0, syncMsg=未开始数据同步, infoNode=null)
18:51:41.921 [MQTT Call: cj_node] INFO  com.ntu.node.sync.NodeDataReceiver - 收到确认消息.....
18:51:41.921 [MQTT Call: cj_node] INFO  com.ntu.node.sync.NodeDataReceiver - MONITOR_DATA表中 185 号数据同步成功....
18:51:42.915 [node1] INFO  com.ntu.node.sync.SendThread - 发送消息:MonitorData(infoId=187, areaId=nantong, spotId=changjiang1, nodeId=node1, dataTime=Sun May 10 18:45:03 CST 2020, conductivity=262.43, temperature=28.69, ph=8.13, salinity=0.12, dissolvedOxygen=9.19, turbidity=98.07, infoNode=null)
18:51:42.915 [node1] INFO  com.ntu.node.sync.SendThread - DataSync(infoId=188, infoType=M, syncType=1, syncStatus=1, successTime=null, failTime=null, failCount=0, syncMsg=未开始数据同步, infoNode=null)
18:51:43.002 [MQTT Call: cj_node] INFO  com.ntu.node.sync.NodeDataReceiver - 收到确认消息.....
18:51:43.002 [MQTT Call: cj_node] INFO  com.ntu.node.sync.NodeDataReceiver - MONITOR_DATA表中 186 号数据同步成功....
18:51:43.915 [node1] INFO  com.ntu.node.sync.SendThread - 发送消息:MonitorData(infoId=188, areaId=nantong, spotId=changjiang3, nodeId=node1, dataTime=Sun May 10 18:50:03 CST 2020, conductivity=261.05, temperature=28.67, ph=8.19, salinity=0.12, dissolvedOxygen=9.41, turbidity=97.82, infoNode=null)
18:51:43.915 [node1] INFO  com.ntu.node.sync.SendThread - DataSync(infoId=189, infoType=M, syncType=1, syncStatus=1, successTime=null, failTime=null, failCount=0, syncMsg=未开始数据同步, infoNode=null)
18:51:43.943 [MQTT Call: cj_node] INFO  com.ntu.node.sync.NodeDataReceiver - 收到确认消息.....
18:51:43.943 [MQTT Call: cj_node] INFO  com.ntu.node.sync.NodeDataReceiver - MONITOR_DATA表中 187 号数据同步成功....
18:51:44.917 [node1] INFO  com.ntu.node.sync.SendThread - 发送消息:MonitorData(infoId=189, areaId=nantong, spotId=changjiang3, nodeId=node1, dataTime=Sun May 10 18:55:03 CST 2020, conductivity=259.93, temperature=28.54, ph=8.15, salinity=0.12, dissolvedOxygen=9.11, turbidity=98.23, infoNode=null)
18:51:44.917 [node1] INFO  com.ntu.node.sync.SendThread - DataSync(infoId=190, infoType=M, syncType=1, syncStatus=1, successTime=null, failTime=null, failCount=0, syncMsg=未开始数据同步, infoNode=null)
18:51:44.926 [MQTT Call: cj_node] INFO  com.ntu.node.sync.NodeDataReceiver - 收到确认消息.....
18:51:44.926 [MQTT Call: cj_node] INFO  com.ntu.node.sync.NodeDataReceiver - MONITOR_DATA表中 188 号数据同步成功....
18:51:45.918 [node1] INFO  com.ntu.node.sync.SendThread - 发送消息:MonitorData(infoId=190, areaId=nantong, spotId=changjiang1, nodeId=node1, dataTime=Sun May 10 18:58:03 CST 2020, conductivity=256.37, temperature=28.63, ph=8.13, salinity=0.12, dissolvedOxygen=9.33, turbidity=92.28, infoNode=null)
18:51:45.918 [node1] INFO  com.ntu.node.sync.SendThread - DataSync(infoId=191, infoType=M, syncType=1, syncStatus=1, successTime=null, failTime=null, failCount=0, syncMsg=未开始数据同步, infoNode=null)
18:51:45.945 [MQTT Call: cj_node] INFO  com.ntu.node.sync.NodeDataReceiver - 收到确认消息.....
18:51:45.945 [MQTT Call: cj_node] INFO  com.ntu.node.sync.NodeDataReceiver - MONITOR_DATA表中 189 号数据同步成功....
18:51:46.919 [node1] INFO  com.ntu.node.sync.SendThread - 发送消息:MonitorData(infoId=191, areaId=nantong, spotId=changjiang1, nodeId=node1, dataTime=Sun May 10 19:00:03 CST 2020, conductivity=257.35, temperature=28.6, ph=8.15, salinity=0.12, dissolvedOxygen=9.04, turbidity=99.4, infoNode=null)
18:51:46.919 [node1] INFO  com.ntu.node.sync.SendThread - DataSync(infoId=192, infoType=M, syncType=1, syncStatus=1, successTime=null, failTime=null, failCount=0, syncMsg=未开始数据同步, infoNode=null)
18:51:46.952 [MQTT Call: cj_node] INFO  com.ntu.node.sync.NodeDataReceiver - 收到确认消息.....
18:51:46.953 [MQTT Call: cj_node] INFO  com.ntu.node.sync.NodeDataReceiver - MONITOR_DATA表中 190 号数据同步成功....
18:51:47.920 [node1] INFO  com.ntu.node.sync.SendThread - 发送消息:MonitorData(infoId=192, areaId=nantong, spotId=changjiang1, nodeId=node1, dataTime=Sun May 10 19:05:03 CST 2020, conductivity=255.03, temperature=28.69, ph=8.14, salinity=0.12, dissolvedOxygen=9.11, turbidity=95.54, infoNode=null)
18:51:47.920 [node1] INFO  com.ntu.node.sync.SendThread - DataSync(infoId=193, infoType=M, syncType=1, syncStatus=1, successTime=null, failTime=null, failCount=0, syncMsg=未开始数据同步, infoNode=null)
18:51:47.962 [MQTT Call: cj_node] INFO  com.ntu.node.sync.NodeDataReceiver - 收到确认消息.....
18:51:47.963 [MQTT Call: cj_node] INFO  com.ntu.node.sync.NodeDataReceiver - MONITOR_DATA表中 191 号数据同步成功....
18:51:48.921 [node1] INFO  com.ntu.node.sync.SendThread - 发送消息:MonitorData(infoId=193, areaId=nantong, spotId=changjiang1, nodeId=node1, dataTime=Sun May 10 19:10:03 CST 2020, conductivity=258.55, temperature=28.59, ph=8.12, salinity=0.12, dissolvedOxygen=9.33, turbidity=97.14, infoNode=null)
18:51:48.921 [node1] INFO  com.ntu.node.sync.SendThread - DataSync(infoId=194, infoType=M, syncType=1, syncStatus=1, successTime=null, failTime=null, failCount=0, syncMsg=未开始数据同步, infoNode=null)
18:51:49.003 [MQTT Call: cj_node] INFO  com.ntu.node.sync.NodeDataReceiver - 收到确认消息.....
18:51:49.003 [MQTT Call: cj_node] INFO  com.ntu.node.sync.NodeDataReceiver - MONITOR_DATA表中 192 号数据同步成功....
18:51:49.922 [node1] INFO  com.ntu.node.sync.SendThread - 发送消息:MonitorData(infoId=194, areaId=nantong, spotId=changjiang1, nodeId=node1, dataTime=Sun May 10 19:12:03 CST 2020, conductivity=256.95, temperature=28.62, ph=8.15, salinity=0.12, dissolvedOxygen=9.46, turbidity=92.9, infoNode=null)
18:51:49.922 [node1] INFO  com.ntu.node.sync.SendThread - DataSync(infoId=195, infoType=M, syncType=1, syncStatus=1, successTime=null, failTime=null, failCount=0, syncMsg=未开始数据同步, infoNode=null)
18:51:49.948 [MQTT Call: cj_node] INFO  com.ntu.node.sync.NodeDataReceiver - 收到确认消息.....
18:51:49.948 [MQTT Call: cj_node] INFO  com.ntu.node.sync.NodeDataReceiver - MONITOR_DATA表中 193 号数据同步成功....
18:51:50.923 [node1] INFO  com.ntu.node.sync.SendThread - 发送消息:MonitorData(infoId=195, areaId=nantong, spotId=changjiang1, nodeId=node1, dataTime=Sun May 10 19:16:03 CST 2020, conductivity=259.97, temperature=28.63, ph=8.16, salinity=0.12, dissolvedOxygen=9.18, turbidity=92.51, infoNode=null)
18:51:50.923 [node1] INFO  com.ntu.node.sync.SendThread - DataSync(infoId=196, infoType=M, syncType=1, syncStatus=1, successTime=null, failTime=null, failCount=0, syncMsg=未开始数据同步, infoNode=null)
18:51:50.995 [MQTT Call: cj_node] INFO  com.ntu.node.sync.NodeDataReceiver - 收到确认消息.....
18:51:50.995 [MQTT Call: cj_node] INFO  com.ntu.node.sync.NodeDataReceiver - MONITOR_DATA表中 194 号数据同步成功....
18:51:51.923 [node1] INFO  com.ntu.node.sync.SendThread - 发送消息:MonitorData(infoId=196, areaId=nantong, spotId=changjiang, nodeId=node1, dataTime=Sun May 10 19:20:03 CST 2020, conductivity=262.64, temperature=28.66, ph=8.15, salinity=0.12, dissolvedOxygen=9.45, turbidity=94.87, infoNode=null)
18:51:51.923 [node1] INFO  com.ntu.node.sync.SendThread - DataSync(infoId=197, infoType=M, syncType=1, syncStatus=1, successTime=null, failTime=null, failCount=0, syncMsg=未开始数据同步, infoNode=null)
18:51:51.994 [MQTT Call: cj_node] INFO  com.ntu.node.sync.NodeDataReceiver - 收到确认消息.....
18:51:51.994 [MQTT Call: cj_node] INFO  com.ntu.node.sync.NodeDataReceiver - MONITOR_DATA表中 195 号数据同步成功....
18:51:52.923 [node1] INFO  com.ntu.node.sync.SendThread - 发送消息:MonitorData(infoId=197, areaId=nantong, spotId=changjiang, nodeId=node1, dataTime=Sun May 10 19:25:03 CST 2020, conductivity=259.94, temperature=28.54, ph=8.12, salinity=0.12, dissolvedOxygen=9.45, turbidity=95.64, infoNode=null)
18:51:52.923 [node1] INFO  com.ntu.node.sync.SendThread - DataSync(infoId=198, infoType=M, syncType=1, syncStatus=1, successTime=null, failTime=null, failCount=0, syncMsg=未开始数据同步, infoNode=null)
18:51:52.928 [MQTT Call: cj_node] INFO  com.ntu.node.sync.NodeDataReceiver - 收到确认消息.....
18:51:52.928 [MQTT Call: cj_node] INFO  com.ntu.node.sync.NodeDataReceiver - MONITOR_DATA表中 196 号数据同步成功....
18:51:53.924 [node1] INFO  com.ntu.node.sync.SendThread - 发送消息:MonitorData(infoId=198, areaId=nantong, spotId=changjiang, nodeId=node1, dataTime=Sun May 10 19:27:03 CST 2020, conductivity=257.1, temperature=28.58, ph=8.15, salinity=0.12, dissolvedOxygen=9.23, turbidity=95.19, infoNode=null)
18:51:53.924 [node1] INFO  com.ntu.node.sync.SendThread - DataSync(infoId=199, infoType=M, syncType=1, syncStatus=1, successTime=null, failTime=null, failCount=0, syncMsg=未开始数据同步, infoNode=null)
18:51:53.976 [MQTT Call: cj_node] INFO  com.ntu.node.sync.NodeDataReceiver - 收到确认消息.....
18:51:53.976 [MQTT Call: cj_node] INFO  com.ntu.node.sync.NodeDataReceiver - MONITOR_DATA表中 197 号数据同步成功....
18:51:54.925 [node1] INFO  com.ntu.node.sync.SendThread - 发送消息:MonitorData(infoId=199, areaId=nantong, spotId=changjiang, nodeId=node1, dataTime=Sun May 10 19:29:03 CST 2020, conductivity=257.68, temperature=28.5, ph=8.15, salinity=0.12, dissolvedOxygen=9.32, turbidity=91.15, infoNode=null)
18:51:54.925 [node1] INFO  com.ntu.node.sync.SendThread - DataSync(infoId=200, infoType=M, syncType=1, syncStatus=1, successTime=null, failTime=null, failCount=0, syncMsg=未开始数据同步, infoNode=null)
18:51:55.002 [MQTT Call: cj_node] INFO  com.ntu.node.sync.NodeDataReceiver - 收到确认消息.....
18:51:55.002 [MQTT Call: cj_node] INFO  com.ntu.node.sync.NodeDataReceiver - MONITOR_DATA表中 198 号数据同步成功....
18:51:55.926 [node1] INFO  com.ntu.node.sync.SendThread - 发送消息:MonitorData(infoId=200, areaId=nantong, spotId=changjiang, nodeId=node1, dataTime=Sun May 10 19:30:03 CST 2020, conductivity=255.24, temperature=28.51, ph=8.1, salinity=0.12, dissolvedOxygen=9.43, turbidity=91.56, infoNode=null)
18:51:55.926 [node1] INFO  com.ntu.node.sync.SendThread - DataSync(infoId=201, infoType=M, syncType=1, syncStatus=1, successTime=null, failTime=null, failCount=0, syncMsg=未开始数据同步, infoNode=null)
18:51:55.985 [MQTT Call: cj_node] INFO  com.ntu.node.sync.NodeDataReceiver - 收到确认消息.....
18:51:55.986 [MQTT Call: cj_node] INFO  com.ntu.node.sync.NodeDataReceiver - MONITOR_DATA表中 199 号数据同步成功....
18:51:56.927 [node1] INFO  com.ntu.node.sync.SendThread - 发送消息:MonitorData(infoId=201, areaId=nantong, spotId=changjiang, nodeId=node1, dataTime=Sun May 10 19:35:03 CST 2020, conductivity=256.77, temperature=28.61, ph=8.18, salinity=0.12, dissolvedOxygen=9.49, turbidity=92.24, infoNode=null)
18:51:56.927 [node1] INFO  com.ntu.node.sync.SendThread - DataSync(infoId=202, infoType=M, syncType=1, syncStatus=1, successTime=null, failTime=null, failCount=0, syncMsg=未开始数据同步, infoNode=null)
18:51:56.953 [MQTT Call: cj_node] INFO  com.ntu.node.sync.NodeDataReceiver - 收到确认消息.....
18:51:56.953 [MQTT Call: cj_node] INFO  com.ntu.node.sync.NodeDataReceiver - MONITOR_DATA表中 200 号数据同步成功....
18:51:57.927 [node1] INFO  com.ntu.node.sync.SendThread - 发送消息:MonitorData(infoId=202, areaId=nantong, spotId=changjiang, nodeId=node1, dataTime=Sun May 10 19:17:03 CST 2020, conductivity=257.36, temperature=28.5, ph=8.15, salinity=0.12, dissolvedOxygen=9.07, turbidity=98.63, infoNode=null)
18:51:57.927 [node1] INFO  com.ntu.node.sync.SendThread - DataSync(infoId=203, infoType=M, syncType=1, syncStatus=1, successTime=null, failTime=null, failCount=0, syncMsg=未开始数据同步, infoNode=null)
18:51:58.011 [MQTT Call: cj_node] INFO  com.ntu.node.sync.NodeDataReceiver - 收到确认消息.....
18:51:58.011 [MQTT Call: cj_node] INFO  com.ntu.node.sync.NodeDataReceiver - MONITOR_DATA表中 201 号数据同步成功....
18:51:58.927 [node1] INFO  com.ntu.node.sync.SendThread - 发送消息:MonitorData(infoId=203, areaId=nantong, spotId=changjiang, nodeId=node1, dataTime=Sun May 10 19:40:03 CST 2020, conductivity=257.51, temperature=28.69, ph=8.12, salinity=0.12, dissolvedOxygen=9.34, turbidity=98.24, infoNode=null)
18:51:58.927 [node1] INFO  com.ntu.node.sync.SendThread - DataSync(infoId=204, infoType=M, syncType=1, syncStatus=1, successTime=null, failTime=null, failCount=0, syncMsg=未开始数据同步, infoNode=null)
18:51:58.995 [MQTT Call: cj_node] INFO  com.ntu.node.sync.NodeDataReceiver - 收到确认消息.....
18:51:58.995 [MQTT Call: cj_node] INFO  com.ntu.node.sync.NodeDataReceiver - MONITOR_DATA表中 202 号数据同步成功....
18:51:59.929 [node1] INFO  com.ntu.node.sync.SendThread - 发送消息:MonitorData(infoId=204, areaId=nantong, spotId=changjiang, nodeId=node1, dataTime=Sun May 10 19:45:03 CST 2020, conductivity=261.75, temperature=28.62, ph=8.12, salinity=0.12, dissolvedOxygen=9.38, turbidity=99.02, infoNode=null)
18:51:59.929 [node1] INFO  com.ntu.node.sync.SendThread - DataSync(infoId=205, infoType=M, syncType=1, syncStatus=1, successTime=null, failTime=null, failCount=0, syncMsg=未开始数据同步, infoNode=null)
18:52:00.033 [MQTT Call: cj_node] INFO  com.ntu.node.sync.NodeDataReceiver - 收到确认消息.....
18:52:00.033 [MQTT Call: cj_node] INFO  com.ntu.node.sync.NodeDataReceiver - MONITOR_DATA表中 203 号数据同步成功....
18:52:00.929 [node1] INFO  com.ntu.node.sync.SendThread - 发送消息:MonitorData(infoId=205, areaId=nantong, spotId=changjiang, nodeId=node1, dataTime=Sun May 10 19:48:03 CST 2020, conductivity=261.5, temperature=28.57, ph=8.15, salinity=0.12, dissolvedOxygen=9.29, turbidity=96.14, infoNode=null)
18:52:00.933 [MQTT Call: cj_node] INFO  com.ntu.node.sync.NodeDataReceiver - 收到确认消息.....
18:52:00.933 [MQTT Call: cj_node] INFO  com.ntu.node.sync.NodeDataReceiver - MONITOR_DATA表中 204 号数据同步成功....
18:52:01.931 [MQTT Call: cj_node] INFO  com.ntu.node.sync.NodeDataReceiver - 收到确认消息.....
20:06:41.709 [node1] INFO  com.ntu.node.sync.SendThread - DataSync(infoId=39, infoType=P, syncType=4, syncStatus=1, successTime=null, failTime=null, failCount=0, syncMsg=未开始数据同步, infoNode=null)
20:06:42.666 [node1] INFO  com.ntu.node.sync.SendThread - 发送消息:SpotNode(infoId=39, nodeId=node2, spotId=nantongsite2, areaId=nantong, nodeName=长江监测点233, nodeType=水面监测, nodeNote=null, infoNode=null)
20:06:52.668 [node1] INFO  com.ntu.node.sync.SendThread - DataSync(infoId=39, infoType=P, syncType=4, syncStatus=1, successTime=null, failTime=null, failCount=0, syncMsg=未开始数据同步, infoNode=null)
20:06:53.673 [node1] INFO  com.ntu.node.sync.SendThread - 发送消息:SpotNode(infoId=39, nodeId=node2, spotId=nantongsite2, areaId=nantong, nodeName=长江监测点233, nodeType=水面监测, nodeNote=null, infoNode=null)
20:07:03.675 [node1] INFO  com.ntu.node.sync.SendThread - DataSync(infoId=39, infoType=P, syncType=4, syncStatus=1, successTime=null, failTime=null, failCount=0, syncMsg=未开始数据同步, infoNode=null)
20:07:04.680 [node1] INFO  com.ntu.node.sync.SendThread - 发送消息:SpotNode(infoId=39, nodeId=node2, spotId=nantongsite2, areaId=nantong, nodeName=长江监测点233, nodeType=水面监测, nodeNote=null, infoNode=null)
20:07:14.683 [node1] INFO  com.ntu.node.sync.SendThread - DataSync(infoId=39, infoType=P, syncType=4, syncStatus=1, successTime=null, failTime=null, failCount=0, syncMsg=未开始数据同步, infoNode=null)
20:07:15.688 [node1] INFO  com.ntu.node.sync.SendThread - 发送消息:SpotNode(infoId=39, nodeId=node2, spotId=nantongsite2, areaId=nantong, nodeName=长江监测点233, nodeType=水面监测, nodeNote=null, infoNode=null)
20:07:25.691 [node1] INFO  com.ntu.node.sync.SendThread - DataSync(infoId=39, infoType=P, syncType=4, syncStatus=1, successTime=null, failTime=null, failCount=0, syncMsg=未开始数据同步, infoNode=null)
20:07:26.694 [node1] INFO  com.ntu.node.sync.SendThread - 发送消息:SpotNode(infoId=39, nodeId=node2, spotId=nantongsite2, areaId=nantong, nodeName=长江监测点233, nodeType=水面监测, nodeNote=null, infoNode=null)
20:07:36.697 [node1] INFO  com.ntu.node.sync.SendThread - DataSync(infoId=39, infoType=P, syncType=4, syncStatus=1, successTime=null, failTime=null, failCount=0, syncMsg=未开始数据同步, infoNode=null)
20:07:37.702 [node1] INFO  com.ntu.node.sync.SendThread - 发送消息:SpotNode(infoId=39, nodeId=node2, spotId=nantongsite2, areaId=nantong, nodeName=长江监测点233, nodeType=水面监测, nodeNote=null, infoNode=null)
20:07:37.709 [MQTT Call: cj_node] INFO  com.ntu.node.sync.NodeDataReceiver - 收到确认消息.....
20:18:00.922 [main] INFO  com.ntu.node.Node1ClientApplication - Starting Node1ClientApplication on LAPTOP-6SA701DM with PID 15420 (C:\Users\Lenovo\Desktop\datasync\datasync_node1_client\target\classes started by Lenovo in C:\Users\Lenovo\Desktop\datasync)
20:18:00.931 [main] INFO  com.ntu.node.Node1ClientApplication - No active profile set, falling back to default profiles: default
20:18:06.694 [main] INFO  org.springframework.boot.web.embedded.tomcat.TomcatWebServer - Tomcat initialized with port(s): 8083 (http)
20:18:06.733 [main] INFO  org.apache.coyote.http11.Http11NioProtocol - Initializing ProtocolHandler ["http-nio-8083"]
20:18:06.735 [main] INFO  org.apache.catalina.core.StandardService - Starting service [Tomcat]
20:18:06.735 [main] INFO  org.apache.catalina.core.StandardEngine - Starting Servlet engine: [Apache Tomcat/9.0.33]
20:18:07.254 [main] INFO  org.apache.catalina.core.ContainerBase.[Tomcat].[localhost].[/] - Initializing Spring embedded WebApplicationContext
20:18:07.255 [main] INFO  org.springframework.web.context.ContextLoader - Root WebApplicationContext: initialization completed in 6084 ms
20:18:09.519 [main] INFO  org.springframework.scheduling.concurrent.ThreadPoolTaskExecutor - Initializing ExecutorService 'applicationTaskExecutor'
20:18:09.875 [main] INFO  springfox.documentation.spring.web.plugins.DocumentationPluginsBootstrapper - Context refreshed
20:18:09.916 [main] INFO  springfox.documentation.spring.web.plugins.DocumentationPluginsBootstrapper - Found 1 custom documentation plugin(s)
20:18:09.954 [main] INFO  springfox.documentation.spring.web.scanners.ApiListingReferenceScanner - Scanning for api listing references
20:18:10.404 [main] INFO  com.ntu.common.client.EMQTTClient - connecting to server: ssl://127.0.0.1:8883
20:18:16.921 [main] INFO  com.ntu.node.ClientStart - 长江结点成功连接至MQTT服务器.........
20:18:16.925 [main] INFO  org.apache.coyote.http11.Http11NioProtocol - Starting ProtocolHandler ["http-nio-8083"]
20:18:16.965 [main] INFO  org.springframework.boot.web.embedded.tomcat.TomcatWebServer - Tomcat started on port(s): 8083 (http) with context path ''
20:18:16.970 [main] INFO  com.ntu.node.Node1ClientApplication - Started Node1ClientApplication in 17.599 seconds (JVM running for 21.365)
20:18:27.549 [node1] INFO  com.ntu.node.sync.SendThread - DataSync(infoId=502, infoType=S, syncType=4, syncStatus=1, successTime=null, failTime=null, failCount=0, syncMsg=未开始数据同步, infoNode=null)
20:18:27.811 [node1] INFO  com.ntu.node.sync.SendThread - 发送消息:AreaSpot(infoId=502, infoNode=null, areaId=nantong, spotId=changjiang2, spotName=长江监测点, spotUrl=jsp/nanhai/nanhaisite2, spotHistoryurl=jsp/nanhai/nanhaisite2_history, spotObserargs=电导率、pH、水温、溶解氧、浊度、盐度, spotObsermeth=水下接驳盒, spotPosinfo=长江, spotRuntime=2018年12月-至今, spotIntro=监测天气数据.22112)
20:18:28.823 [MQTT Call: cj_node] INFO  com.ntu.node.sync.NodeDataReceiver - 收到确认消息.....
20:18:28.823 [MQTT Call: cj_node] INFO  com.ntu.node.sync.NodeDataReceiver - AREA_SPOT表中 502 号数据同步成功....
20:27:17.969 [node1] INFO  com.ntu.node.sync.SendThread - DataSync(infoId=40, infoType=P, syncType=1, syncStatus=1, successTime=null, failTime=null, failCount=0, syncMsg=未开始数据同步, infoNode=null)
20:27:18.151 [node1] INFO  com.ntu.node.sync.SendThread - 发送消息:SpotNode(infoId=40, nodeId=123, spotId=465, areaId=23132, nodeName=15456, nodeType=6574, nodeNote=null, infoNode=null)
20:27:23.141 [MQTT Call: cj_node] INFO  com.ntu.node.sync.NodeDataReceiver - 收到确认消息.....
20:27:23.141 [MQTT Call: cj_node] INFO  com.ntu.node.sync.NodeDataReceiver - SPOT_NODE表中 40 号数据同步成功....
22:41:18.223 [main] INFO  com.ntu.node.Node1ClientApplication - Starting Node1ClientApplication on LAPTOP-6SA701DM with PID 17884 (C:\Users\Lenovo\Desktop\datasync\datasync_node1_client\target\classes started by Lenovo in C:\Users\Lenovo\Desktop\datasync)
22:41:18.241 [main] INFO  com.ntu.node.Node1ClientApplication - No active profile set, falling back to default profiles: default
22:41:21.298 [main] INFO  org.springframework.boot.web.embedded.tomcat.TomcatWebServer - Tomcat initialized with port(s): 8083 (http)
22:41:21.317 [main] INFO  org.apache.coyote.http11.Http11NioProtocol - Initializing ProtocolHandler ["http-nio-8083"]
22:41:21.318 [main] INFO  org.apache.catalina.core.StandardService - Starting service [Tomcat]
22:41:21.319 [main] INFO  org.apache.catalina.core.StandardEngine - Starting Servlet engine: [Apache Tomcat/9.0.33]
22:41:21.649 [main] INFO  org.apache.catalina.core.ContainerBase.[Tomcat].[localhost].[/] - Initializing Spring embedded WebApplicationContext
22:41:21.649 [main] INFO  org.springframework.web.context.ContextLoader - Root WebApplicationContext: initialization completed in 3080 ms
22:41:22.920 [main] INFO  org.springframework.scheduling.concurrent.ThreadPoolTaskExecutor - Initializing ExecutorService 'applicationTaskExecutor'
22:41:23.166 [main] INFO  springfox.documentation.spring.web.plugins.DocumentationPluginsBootstrapper - Context refreshed
22:41:23.192 [main] INFO  springfox.documentation.spring.web.plugins.DocumentationPluginsBootstrapper - Found 1 custom documentation plugin(s)
22:41:23.218 [main] INFO  springfox.documentation.spring.web.scanners.ApiListingReferenceScanner - Scanning for api listing references
22:41:23.553 [main] INFO  com.ntu.common.client.EMQTTClient - connecting to server: ssl://127.0.0.1:8883
22:41:30.084 [main] INFO  com.ntu.node.ClientStart - 长江结点成功连接至MQTT服务器.........
22:41:30.088 [main] INFO  org.apache.coyote.http11.Http11NioProtocol - Starting ProtocolHandler ["http-nio-8083"]
22:41:30.129 [main] INFO  org.springframework.boot.web.embedded.tomcat.TomcatWebServer - Tomcat started on port(s): 8083 (http) with context path ''
22:41:30.134 [main] INFO  com.ntu.node.Node1ClientApplication - Started Node1ClientApplication in 13.387 seconds (JVM running for 17.525)
22:41:50.806 [node1] INFO  com.ntu.node.sync.SendThread - DataSync(infoId=40, infoType=P, syncType=4, syncStatus=1, successTime=null, failTime=null, failCount=0, syncMsg=未开始数据同步, infoNode=null)
22:41:50.948 [node1] INFO  com.ntu.node.sync.SendThread - 发送消息:SpotNode(infoId=40, nodeId=123, spotId=465, areaId=23132, nodeName=15456, nodeType=6574, nodeNote=null, infoNode=null)
22:41:52.960 [MQTT Call: cj_node] INFO  com.ntu.node.sync.NodeDataReceiver - 收到确认消息.....
22:41:52.960 [MQTT Call: cj_node] INFO  com.ntu.node.sync.NodeDataReceiver - SPOT_NODE表中 40 号数据同步成功....
22:49:51.106 [node1] INFO  com.ntu.node.sync.SendThread - DataSync(infoId=40, infoType=P, syncType=4, syncStatus=1, successTime=null, failTime=null, failCount=0, syncMsg=未开始数据同步, infoNode=null)
22:49:51.252 [node1] INFO  com.ntu.node.sync.SendThread - 发送消息:SpotNode(infoId=40, nodeId=123, spotId=465, areaId=23132, nodeName=15456, nodeType=6574, nodeNote=null, infoNode=null)
22:49:55.257 [MQTT Call: cj_node] INFO  com.ntu.node.sync.NodeDataReceiver - 收到确认消息.....
22:49:55.257 [MQTT Call: cj_node] INFO  com.ntu.node.sync.NodeDataReceiver - SPOT_NODE表中 40 号数据同步成功....
22:51:01.269 [node1] INFO  com.ntu.node.sync.SendThread - DataSync(infoId=41, infoType=P, syncType=1, syncStatus=1, successTime=null, failTime=null, failCount=0, syncMsg=未开始数据同步, infoNode=null)
22:51:02.293 [node1] INFO  com.ntu.node.sync.SendThread - 发送消息:SpotNode(infoId=41, nodeId=3423423, spotId=234, areaId=324, nodeName=234, nodeType=234, nodeNote=null, infoNode=null)
22:51:02.301 [MQTT Call: cj_node] INFO  com.ntu.node.sync.NodeDataReceiver - 收到确认消息.....
22:51:02.301 [MQTT Call: cj_node] INFO  com.ntu.node.sync.NodeDataReceiver - SPOT_NODE表中 41 号数据同步成功....
22:52:42.326 [node1] INFO  com.ntu.node.sync.SendThread - DataSync(infoId=41, infoType=P, syncType=4, syncStatus=1, successTime=null, failTime=null, failCount=0, syncMsg=未开始数据同步, infoNode=null)
22:52:43.352 [node1] INFO  com.ntu.node.sync.SendThread - 发送消息:SpotNode(infoId=41, nodeId=3423423, spotId=234, areaId=324, nodeName=234, nodeType=234, nodeNote=null, infoNode=null)
22:52:47.354 [MQTT Call: cj_node] INFO  com.ntu.node.sync.NodeDataReceiver - 收到确认消息.....
22:52:47.354 [MQTT Call: cj_node] INFO  com.ntu.node.sync.NodeDataReceiver - SPOT_NODE表中 41 号数据同步成功....
22:53:13.360 [node1] INFO  com.ntu.node.sync.SendThread - DataSync(infoId=41, infoType=P, syncType=4, syncStatus=1, successTime=null, failTime=null, failCount=0, syncMsg=未开始数据同步, infoNode=null)
22:53:14.363 [node1] INFO  com.ntu.node.sync.SendThread - 发送消息:SpotNode(infoId=41, nodeId=3423423, spotId=234, areaId=324, nodeName=234, nodeType=234, nodeNote=null, infoNode=null)
22:53:24.365 [node1] INFO  com.ntu.node.sync.SendThread - DataSync(infoId=41, infoType=P, syncType=4, syncStatus=1, successTime=null, failTime=null, failCount=0, syncMsg=未开始数据同步, infoNode=null)
22:53:25.367 [node1] INFO  com.ntu.node.sync.SendThread - 发送消息:SpotNode(infoId=41, nodeId=3423423, spotId=234, areaId=324, nodeName=234, nodeType=234, nodeNote=null, infoNode=null)
22:53:35.369 [node1] INFO  com.ntu.node.sync.SendThread - DataSync(infoId=41, infoType=P, syncType=4, syncStatus=1, successTime=null, failTime=null, failCount=0, syncMsg=未开始数据同步, infoNode=null)
22:53:36.392 [node1] INFO  com.ntu.node.sync.SendThread - 发送消息:SpotNode(infoId=41, nodeId=3423423, spotId=234, areaId=324, nodeName=234, nodeType=234, nodeNote=null, infoNode=null)
22:53:46.447 [node1] INFO  com.ntu.node.sync.SendThread - DataSync(infoId=41, infoType=P, syncType=4, syncStatus=1, successTime=null, failTime=null, failCount=0, syncMsg=未开始数据同步, infoNode=null)
22:53:47.381 [node1] INFO  com.ntu.node.sync.SendThread - 发送消息:SpotNode(infoId=41, nodeId=3423423, spotId=234, areaId=324, nodeName=234, nodeType=234, nodeNote=null, infoNode=null)
22:53:57.383 [node1] INFO  com.ntu.node.sync.SendThread - DataSync(infoId=41, infoType=P, syncType=4, syncStatus=1, successTime=null, failTime=null, failCount=0, syncMsg=未开始数据同步, infoNode=null)
22:53:58.385 [node1] INFO  com.ntu.node.sync.SendThread - 发送消息:SpotNode(infoId=41, nodeId=3423423, spotId=234, areaId=324, nodeName=234, nodeType=234, nodeNote=null, infoNode=null)
22:54:08.388 [node1] INFO  com.ntu.node.sync.SendThread - DataSync(infoId=41, infoType=P, syncType=4, syncStatus=1, successTime=null, failTime=null, failCount=0, syncMsg=未开始数据同步, infoNode=null)
22:54:09.393 [node1] INFO  com.ntu.node.sync.SendThread - 发送消息:SpotNode(infoId=41, nodeId=3423423, spotId=234, areaId=324, nodeName=234, nodeType=234, nodeNote=null, infoNode=null)
22:54:11.396 [MQTT Call: cj_node] INFO  com.ntu.node.sync.NodeDataReceiver - 收到确认消息.....
22:54:11.396 [MQTT Call: cj_node] INFO  com.ntu.node.sync.NodeDataReceiver - SPOT_NODE表中 41 号数据同步成功....
22:58:59.459 [node1] INFO  com.ntu.node.sync.SendThread - DataSync(infoId=40, infoType=P, syncType=4, syncStatus=1, successTime=null, failTime=null, failCount=0, syncMsg=未开始数据同步, infoNode=null)
22:58:59.546 [node1] INFO  com.ntu.node.sync.SendThread - 发送消息:SpotNode(infoId=40, nodeId=123, spotId=465, areaId=23132, nodeName=15456, nodeType=6574, nodeNote=null, infoNode=null)
22:59:01.551 [MQTT Call: cj_node] INFO  com.ntu.node.sync.NodeDataReceiver - 收到确认消息.....
22:59:01.551 [MQTT Call: cj_node] INFO  com.ntu.node.sync.NodeDataReceiver - SPOT_NODE表中 40 号数据同步成功....
22:59:52.433 [main] INFO  com.ntu.node.Node1ClientApplication - Starting Node1ClientApplication on LAPTOP-6SA701DM with PID 10344 (C:\Users\Lenovo\Desktop\datasync\datasync_node1_client\target\classes started by Lenovo in C:\Users\Lenovo\Desktop\datasync)
22:59:52.440 [main] INFO  com.ntu.node.Node1ClientApplication - No active profile set, falling back to default profiles: default
22:59:56.213 [main] INFO  org.springframework.boot.web.embedded.tomcat.TomcatWebServer - Tomcat initialized with port(s): 8083 (http)
22:59:56.233 [main] INFO  org.apache.coyote.http11.Http11NioProtocol - Initializing ProtocolHandler ["http-nio-8083"]
22:59:56.234 [main] INFO  org.apache.catalina.core.StandardService - Starting service [Tomcat]
22:59:56.234 [main] INFO  org.apache.catalina.core.StandardEngine - Starting Servlet engine: [Apache Tomcat/9.0.33]
22:59:56.677 [main] INFO  org.apache.catalina.core.ContainerBase.[Tomcat].[localhost].[/] - Initializing Spring embedded WebApplicationContext
22:59:56.677 [main] INFO  org.springframework.web.context.ContextLoader - Root WebApplicationContext: initialization completed in 4061 ms
22:59:58.158 [main] INFO  org.springframework.scheduling.concurrent.ThreadPoolTaskExecutor - Initializing ExecutorService 'applicationTaskExecutor'
22:59:58.399 [main] INFO  springfox.documentation.spring.web.plugins.DocumentationPluginsBootstrapper - Context refreshed
22:59:58.425 [main] INFO  springfox.documentation.spring.web.plugins.DocumentationPluginsBootstrapper - Found 1 custom documentation plugin(s)
22:59:58.449 [main] INFO  springfox.documentation.spring.web.scanners.ApiListingReferenceScanner - Scanning for api listing references
22:59:58.783 [main] INFO  com.ntu.common.client.EMQTTClient - connecting to server: ssl://127.0.0.1:8883
23:00:05.743 [main] INFO  com.ntu.node.ClientStart - 长江结点成功连接至MQTT服务器.........
23:00:05.748 [main] INFO  org.apache.coyote.http11.Http11NioProtocol - Starting ProtocolHandler ["http-nio-8083"]
23:00:05.798 [main] INFO  org.springframework.boot.web.embedded.tomcat.TomcatWebServer - Tomcat started on port(s): 8083 (http) with context path ''
23:00:05.804 [main] INFO  com.ntu.node.Node1ClientApplication - Started Node1ClientApplication in 15.323 seconds (JVM running for 19.039)
23:00:46.300 [node1] INFO  com.ntu.node.sync.SendThread - DataSync(infoId=40, infoType=P, syncType=4, syncStatus=1, successTime=null, failTime=null, failCount=0, syncMsg=未开始数据同步, infoNode=null)
23:00:46.624 [node1] INFO  com.ntu.node.sync.SendThread - 发送消息:SpotNode(infoId=40, nodeId=123, spotId=465, areaId=23132, nodeName=15456, nodeType=6574, nodeNote=null, infoNode=null)
23:00:47.631 [MQTT Call: cj_node] INFO  com.ntu.node.sync.NodeDataReceiver - 收到确认消息.....
23:00:47.631 [MQTT Call: cj_node] INFO  com.ntu.node.sync.NodeDataReceiver - SPOT_NODE表中 40 号数据同步成功....
23:03:14.839 [main] INFO  com.ntu.node.Node1ClientApplication - Starting Node1ClientApplication on LAPTOP-6SA701DM with PID 1656 (C:\Users\Lenovo\Desktop\datasync\datasync_node1_client\target\classes started by Lenovo in C:\Users\Lenovo\Desktop\datasync)
23:03:14.852 [main] INFO  com.ntu.node.Node1ClientApplication - No active profile set, falling back to default profiles: default
23:03:18.387 [main] INFO  org.springframework.boot.web.embedded.tomcat.TomcatWebServer - Tomcat initialized with port(s): 8083 (http)
23:03:18.405 [main] INFO  org.apache.coyote.http11.Http11NioProtocol - Initializing ProtocolHandler ["http-nio-8083"]
23:03:18.406 [main] INFO  org.apache.catalina.core.StandardService - Starting service [Tomcat]
23:03:18.406 [main] INFO  org.apache.catalina.core.StandardEngine - Starting Servlet engine: [Apache Tomcat/9.0.33]
23:03:18.745 [main] INFO  org.apache.catalina.core.ContainerBase.[Tomcat].[localhost].[/] - Initializing Spring embedded WebApplicationContext
23:03:18.746 [main] INFO  org.springframework.web.context.ContextLoader - Root WebApplicationContext: initialization completed in 3674 ms
23:03:20.188 [main] INFO  org.springframework.scheduling.concurrent.ThreadPoolTaskExecutor - Initializing ExecutorService 'applicationTaskExecutor'
23:03:20.506 [main] INFO  springfox.documentation.spring.web.plugins.DocumentationPluginsBootstrapper - Context refreshed
23:03:20.546 [main] INFO  springfox.documentation.spring.web.plugins.DocumentationPluginsBootstrapper - Found 1 custom documentation plugin(s)
23:03:20.579 [main] INFO  springfox.documentation.spring.web.scanners.ApiListingReferenceScanner - Scanning for api listing references
23:03:20.951 [main] INFO  com.ntu.common.client.EMQTTClient - connecting to server: ssl://127.0.0.1:8883
23:03:27.437 [main] INFO  com.ntu.node.ClientStart - 长江结点成功连接至MQTT服务器.........
23:03:27.441 [main] INFO  org.apache.coyote.http11.Http11NioProtocol - Starting ProtocolHandler ["http-nio-8083"]
23:03:27.482 [main] INFO  org.springframework.boot.web.embedded.tomcat.TomcatWebServer - Tomcat started on port(s): 8083 (http) with context path ''
23:03:27.486 [main] INFO  com.ntu.node.Node1ClientApplication - Started Node1ClientApplication in 14.593 seconds (JVM running for 18.59)
23:03:48.000 [node1] INFO  com.ntu.node.sync.SendThread - DataSync(infoId=40, infoType=P, syncType=4, syncStatus=1, successTime=null, failTime=null, failCount=0, syncMsg=未开始数据同步, infoNode=null)
23:03:48.339 [node1] INFO  com.ntu.node.sync.SendThread - 发送消息:SpotNode(infoId=40, nodeId=123, spotId=465, areaId=23132, nodeName=15456, nodeType=6574, nodeNote=lkl;k;l2212, infoNode=null)
23:03:52.349 [MQTT Call: cj_node] INFO  com.ntu.node.sync.NodeDataReceiver - 收到确认消息.....
23:03:52.350 [MQTT Call: cj_node] INFO  com.ntu.node.sync.NodeDataReceiver - SPOT_NODE表中 40 号数据同步成功....
23:06:38.412 [node1] INFO  com.ntu.node.sync.SendThread - DataSync(infoId=40, infoType=P, syncType=4, syncStatus=1, successTime=null, failTime=null, failCount=0, syncMsg=未开始数据同步, infoNode=null)
23:06:39.433 [node1] INFO  com.ntu.node.sync.SendThread - 发送消息:SpotNode(infoId=40, nodeId=123, spotId=465, areaId=23132, nodeName=15456, nodeType=657422, nodeNote=lkl;k;l2212, infoNode=null)
23:06:42.438 [MQTT Call: cj_node] INFO  com.ntu.node.sync.NodeDataReceiver - 收到确认消息.....
23:06:42.439 [MQTT Call: cj_node] INFO  com.ntu.node.sync.NodeDataReceiver - SPOT_NODE表中 40 号数据同步成功....
