23:15:42.671 [node1] ERROR com.ntu.node.sync.SendThread - null
23:15:52.674 [node1] ERROR com.ntu.node.sync.SendThread - null
23:16:02.679 [node1] ERROR com.ntu.node.sync.SendThread - null
23:16:12.683 [node1] ERROR com.ntu.node.sync.SendThread - null
23:16:22.685 [node1] ERROR com.ntu.node.sync.SendThread - null
23:16:32.688 [node1] ERROR com.ntu.node.sync.SendThread - null
23:16:42.691 [node1] ERROR com.ntu.node.sync.SendThread - null
23:16:52.695 [node1] ERROR com.ntu.node.sync.SendThread - null
23:17:02.699 [node1] ERROR com.ntu.node.sync.SendThread - null
23:17:12.702 [node1] ERROR com.ntu.node.sync.SendThread - null
23:17:22.706 [node1] ERROR com.ntu.node.sync.SendThread - null
23:17:32.709 [node1] ERROR com.ntu.node.sync.SendThread - null
23:17:42.712 [node1] ERROR com.ntu.node.sync.SendThread - null
23:17:52.716 [node1] ERROR com.ntu.node.sync.SendThread - null
23:18:02.721 [node1] ERROR com.ntu.node.sync.SendThread - null
23:18:12.726 [node1] ERROR com.ntu.node.sync.SendThread - null
23:18:22.729 [node1] ERROR com.ntu.node.sync.SendThread - null
23:18:32.733 [node1] ERROR com.ntu.node.sync.SendThread - null
23:18:42.735 [node1] ERROR com.ntu.node.sync.SendThread - null
23:18:52.740 [node1] ERROR com.ntu.node.sync.SendThread - null
23:19:34.731 [node1] ERROR com.ntu.node.sync.SendThread - null
23:19:44.733 [node1] ERROR com.ntu.node.sync.SendThread - null
23:19:54.738 [node1] ERROR com.ntu.node.sync.SendThread - null
23:20:04.743 [node1] ERROR com.ntu.node.sync.SendThread - null
23:20:14.747 [node1] ERROR com.ntu.node.sync.SendThread - null
23:20:24.752 [node1] ERROR com.ntu.node.sync.SendThread - null
23:20:59.756 [node1] ERROR com.ntu.node.sync.SendThread - null
java.lang.NullPointerException: null
	at com.ntu.node.sync.SendThread.run(SendThread.java:64)
	at java.lang.Thread.run(Thread.java:748)
23:21:09.759 [node1] ERROR com.ntu.node.sync.SendThread - null
java.lang.NullPointerException: null
	at com.ntu.node.sync.SendThread.run(SendThread.java:64)
	at java.lang.Thread.run(Thread.java:748)
23:21:19.762 [node1] ERROR com.ntu.node.sync.SendThread - null
java.lang.NullPointerException: null
	at com.ntu.node.sync.SendThread.run(SendThread.java:64)
	at java.lang.Thread.run(Thread.java:748)
23:21:29.766 [node1] ERROR com.ntu.node.sync.SendThread - null
java.lang.NullPointerException: null
	at com.ntu.node.sync.SendThread.run(SendThread.java:64)
	at java.lang.Thread.run(Thread.java:748)
23:21:39.770 [node1] ERROR com.ntu.node.sync.SendThread - null
java.lang.NullPointerException: null
	at com.ntu.node.sync.SendThread.run(SendThread.java:64)
	at java.lang.Thread.run(Thread.java:748)
23:21:49.774 [node1] ERROR com.ntu.node.sync.SendThread - null
java.lang.NullPointerException: null
	at com.ntu.node.sync.SendThread.run(SendThread.java:64)
	at java.lang.Thread.run(Thread.java:748)
23:21:59.778 [node1] ERROR com.ntu.node.sync.SendThread - null
java.lang.NullPointerException: null
	at com.ntu.node.sync.SendThread.run(SendThread.java:64)
	at java.lang.Thread.run(Thread.java:748)
23:30:31.089 [node1] ERROR com.ntu.node.sync.SendThread - java.io.NotSerializableException: com.ntu.common.model.po.DataSync
java.lang.RuntimeException: java.io.NotSerializableException: com.ntu.common.model.po.DataSync
	at com.ntu.common.config.MsgSerializer.encode(MsgSerializer.java:24)
	at com.ntu.node.sync.SendThread.run(SendThread.java:106)
	at java.lang.Thread.run(Thread.java:748)
Caused by: java.io.NotSerializableException: com.ntu.common.model.po.DataSync
	at java.io.ObjectOutputStream.writeObject0(ObjectOutputStream.java:1184)
	at java.io.ObjectOutputStream.defaultWriteFields(ObjectOutputStream.java:1548)
	at java.io.ObjectOutputStream.writeSerialData(ObjectOutputStream.java:1509)
	at java.io.ObjectOutputStream.writeOrdinaryObject(ObjectOutputStream.java:1432)
	at java.io.ObjectOutputStream.writeObject0(ObjectOutputStream.java:1178)
	at java.io.ObjectOutputStream.writeObject(ObjectOutputStream.java:348)
	at com.ntu.common.config.MsgSerializer.encode(MsgSerializer.java:19)
	... 2 common frames omitted
23:30:41.096 [node1] ERROR com.ntu.node.sync.SendThread - java.io.NotSerializableException: com.ntu.common.model.po.DataSync
java.lang.RuntimeException: java.io.NotSerializableException: com.ntu.common.model.po.DataSync
	at com.ntu.common.config.MsgSerializer.encode(MsgSerializer.java:24)
	at com.ntu.node.sync.SendThread.run(SendThread.java:106)
	at java.lang.Thread.run(Thread.java:748)
Caused by: java.io.NotSerializableException: com.ntu.common.model.po.DataSync
	at java.io.ObjectOutputStream.writeObject0(ObjectOutputStream.java:1184)
	at java.io.ObjectOutputStream.defaultWriteFields(ObjectOutputStream.java:1548)
	at java.io.ObjectOutputStream.writeSerialData(ObjectOutputStream.java:1509)
	at java.io.ObjectOutputStream.writeOrdinaryObject(ObjectOutputStream.java:1432)
	at java.io.ObjectOutputStream.writeObject0(ObjectOutputStream.java:1178)
	at java.io.ObjectOutputStream.writeObject(ObjectOutputStream.java:348)
	at com.ntu.common.config.MsgSerializer.encode(MsgSerializer.java:19)
	... 2 common frames omitted
23:30:51.103 [node1] ERROR com.ntu.node.sync.SendThread - java.io.NotSerializableException: com.ntu.common.model.po.DataSync
java.lang.RuntimeException: java.io.NotSerializableException: com.ntu.common.model.po.DataSync
	at com.ntu.common.config.MsgSerializer.encode(MsgSerializer.java:24)
	at com.ntu.node.sync.SendThread.run(SendThread.java:106)
	at java.lang.Thread.run(Thread.java:748)
Caused by: java.io.NotSerializableException: com.ntu.common.model.po.DataSync
	at java.io.ObjectOutputStream.writeObject0(ObjectOutputStream.java:1184)
	at java.io.ObjectOutputStream.defaultWriteFields(ObjectOutputStream.java:1548)
	at java.io.ObjectOutputStream.writeSerialData(ObjectOutputStream.java:1509)
	at java.io.ObjectOutputStream.writeOrdinaryObject(ObjectOutputStream.java:1432)
	at java.io.ObjectOutputStream.writeObject0(ObjectOutputStream.java:1178)
	at java.io.ObjectOutputStream.writeObject(ObjectOutputStream.java:348)
	at com.ntu.common.config.MsgSerializer.encode(MsgSerializer.java:19)
	... 2 common frames omitted
23:31:01.110 [node1] ERROR com.ntu.node.sync.SendThread - java.io.NotSerializableException: com.ntu.common.model.po.DataSync
java.lang.RuntimeException: java.io.NotSerializableException: com.ntu.common.model.po.DataSync
	at com.ntu.common.config.MsgSerializer.encode(MsgSerializer.java:24)
	at com.ntu.node.sync.SendThread.run(SendThread.java:106)
	at java.lang.Thread.run(Thread.java:748)
Caused by: java.io.NotSerializableException: com.ntu.common.model.po.DataSync
	at java.io.ObjectOutputStream.writeObject0(ObjectOutputStream.java:1184)
	at java.io.ObjectOutputStream.defaultWriteFields(ObjectOutputStream.java:1548)
	at java.io.ObjectOutputStream.writeSerialData(ObjectOutputStream.java:1509)
	at java.io.ObjectOutputStream.writeOrdinaryObject(ObjectOutputStream.java:1432)
	at java.io.ObjectOutputStream.writeObject0(ObjectOutputStream.java:1178)
	at java.io.ObjectOutputStream.writeObject(ObjectOutputStream.java:348)
	at com.ntu.common.config.MsgSerializer.encode(MsgSerializer.java:19)
	... 2 common frames omitted
23:31:11.120 [node1] ERROR com.ntu.node.sync.SendThread - java.io.NotSerializableException: com.ntu.common.model.po.DataSync
java.lang.RuntimeException: java.io.NotSerializableException: com.ntu.common.model.po.DataSync
	at com.ntu.common.config.MsgSerializer.encode(MsgSerializer.java:24)
	at com.ntu.node.sync.SendThread.run(SendThread.java:106)
	at java.lang.Thread.run(Thread.java:748)
Caused by: java.io.NotSerializableException: com.ntu.common.model.po.DataSync
	at java.io.ObjectOutputStream.writeObject0(ObjectOutputStream.java:1184)
	at java.io.ObjectOutputStream.defaultWriteFields(ObjectOutputStream.java:1548)
	at java.io.ObjectOutputStream.writeSerialData(ObjectOutputStream.java:1509)
	at java.io.ObjectOutputStream.writeOrdinaryObject(ObjectOutputStream.java:1432)
	at java.io.ObjectOutputStream.writeObject0(ObjectOutputStream.java:1178)
	at java.io.ObjectOutputStream.writeObject(ObjectOutputStream.java:348)
	at com.ntu.common.config.MsgSerializer.encode(MsgSerializer.java:19)
	... 2 common frames omitted
23:31:21.129 [node1] ERROR com.ntu.node.sync.SendThread - java.io.NotSerializableException: com.ntu.common.model.po.DataSync
java.lang.RuntimeException: java.io.NotSerializableException: com.ntu.common.model.po.DataSync
	at com.ntu.common.config.MsgSerializer.encode(MsgSerializer.java:24)
	at com.ntu.node.sync.SendThread.run(SendThread.java:106)
	at java.lang.Thread.run(Thread.java:748)
Caused by: java.io.NotSerializableException: com.ntu.common.model.po.DataSync
	at java.io.ObjectOutputStream.writeObject0(ObjectOutputStream.java:1184)
	at java.io.ObjectOutputStream.defaultWriteFields(ObjectOutputStream.java:1548)
	at java.io.ObjectOutputStream.writeSerialData(ObjectOutputStream.java:1509)
	at java.io.ObjectOutputStream.writeOrdinaryObject(ObjectOutputStream.java:1432)
	at java.io.ObjectOutputStream.writeObject0(ObjectOutputStream.java:1178)
	at java.io.ObjectOutputStream.writeObject(ObjectOutputStream.java:348)
	at com.ntu.common.config.MsgSerializer.encode(MsgSerializer.java:19)
	... 2 common frames omitted
23:31:31.140 [node1] ERROR com.ntu.node.sync.SendThread - java.io.NotSerializableException: com.ntu.common.model.po.DataSync
java.lang.RuntimeException: java.io.NotSerializableException: com.ntu.common.model.po.DataSync
	at com.ntu.common.config.MsgSerializer.encode(MsgSerializer.java:24)
	at com.ntu.node.sync.SendThread.run(SendThread.java:106)
	at java.lang.Thread.run(Thread.java:748)
Caused by: java.io.NotSerializableException: com.ntu.common.model.po.DataSync
	at java.io.ObjectOutputStream.writeObject0(ObjectOutputStream.java:1184)
	at java.io.ObjectOutputStream.defaultWriteFields(ObjectOutputStream.java:1548)
	at java.io.ObjectOutputStream.writeSerialData(ObjectOutputStream.java:1509)
	at java.io.ObjectOutputStream.writeOrdinaryObject(ObjectOutputStream.java:1432)
	at java.io.ObjectOutputStream.writeObject0(ObjectOutputStream.java:1178)
	at java.io.ObjectOutputStream.writeObject(ObjectOutputStream.java:348)
	at com.ntu.common.config.MsgSerializer.encode(MsgSerializer.java:19)
	... 2 common frames omitted
23:31:41.152 [node1] ERROR com.ntu.node.sync.SendThread - java.io.NotSerializableException: com.ntu.common.model.po.DataSync
java.lang.RuntimeException: java.io.NotSerializableException: com.ntu.common.model.po.DataSync
	at com.ntu.common.config.MsgSerializer.encode(MsgSerializer.java:24)
	at com.ntu.node.sync.SendThread.run(SendThread.java:106)
	at java.lang.Thread.run(Thread.java:748)
Caused by: java.io.NotSerializableException: com.ntu.common.model.po.DataSync
	at java.io.ObjectOutputStream.writeObject0(ObjectOutputStream.java:1184)
	at java.io.ObjectOutputStream.defaultWriteFields(ObjectOutputStream.java:1548)
	at java.io.ObjectOutputStream.writeSerialData(ObjectOutputStream.java:1509)
	at java.io.ObjectOutputStream.writeOrdinaryObject(ObjectOutputStream.java:1432)
	at java.io.ObjectOutputStream.writeObject0(ObjectOutputStream.java:1178)
	at java.io.ObjectOutputStream.writeObject(ObjectOutputStream.java:348)
	at com.ntu.common.config.MsgSerializer.encode(MsgSerializer.java:19)
	... 2 common frames omitted
23:31:51.185 [node1] ERROR com.ntu.node.sync.SendThread - java.io.NotSerializableException: com.ntu.common.model.po.DataSync
java.lang.RuntimeException: java.io.NotSerializableException: com.ntu.common.model.po.DataSync
	at com.ntu.common.config.MsgSerializer.encode(MsgSerializer.java:24)
	at com.ntu.node.sync.SendThread.run(SendThread.java:106)
	at java.lang.Thread.run(Thread.java:748)
Caused by: java.io.NotSerializableException: com.ntu.common.model.po.DataSync
	at java.io.ObjectOutputStream.writeObject0(ObjectOutputStream.java:1184)
	at java.io.ObjectOutputStream.defaultWriteFields(ObjectOutputStream.java:1548)
	at java.io.ObjectOutputStream.writeSerialData(ObjectOutputStream.java:1509)
	at java.io.ObjectOutputStream.writeOrdinaryObject(ObjectOutputStream.java:1432)
	at java.io.ObjectOutputStream.writeObject0(ObjectOutputStream.java:1178)
	at java.io.ObjectOutputStream.writeObject(ObjectOutputStream.java:348)
	at com.ntu.common.config.MsgSerializer.encode(MsgSerializer.java:19)
	... 2 common frames omitted
23:32:01.193 [node1] ERROR com.ntu.node.sync.SendThread - java.io.NotSerializableException: com.ntu.common.model.po.DataSync
java.lang.RuntimeException: java.io.NotSerializableException: com.ntu.common.model.po.DataSync
	at com.ntu.common.config.MsgSerializer.encode(MsgSerializer.java:24)
	at com.ntu.node.sync.SendThread.run(SendThread.java:106)
	at java.lang.Thread.run(Thread.java:748)
Caused by: java.io.NotSerializableException: com.ntu.common.model.po.DataSync
	at java.io.ObjectOutputStream.writeObject0(ObjectOutputStream.java:1184)
	at java.io.ObjectOutputStream.defaultWriteFields(ObjectOutputStream.java:1548)
	at java.io.ObjectOutputStream.writeSerialData(ObjectOutputStream.java:1509)
	at java.io.ObjectOutputStream.writeOrdinaryObject(ObjectOutputStream.java:1432)
	at java.io.ObjectOutputStream.writeObject0(ObjectOutputStream.java:1178)
	at java.io.ObjectOutputStream.writeObject(ObjectOutputStream.java:348)
	at com.ntu.common.config.MsgSerializer.encode(MsgSerializer.java:19)
	... 2 common frames omitted
23:32:11.201 [node1] ERROR com.ntu.node.sync.SendThread - java.io.NotSerializableException: com.ntu.common.model.po.DataSync
java.lang.RuntimeException: java.io.NotSerializableException: com.ntu.common.model.po.DataSync
	at com.ntu.common.config.MsgSerializer.encode(MsgSerializer.java:24)
	at com.ntu.node.sync.SendThread.run(SendThread.java:106)
	at java.lang.Thread.run(Thread.java:748)
Caused by: java.io.NotSerializableException: com.ntu.common.model.po.DataSync
	at java.io.ObjectOutputStream.writeObject0(ObjectOutputStream.java:1184)
	at java.io.ObjectOutputStream.defaultWriteFields(ObjectOutputStream.java:1548)
	at java.io.ObjectOutputStream.writeSerialData(ObjectOutputStream.java:1509)
	at java.io.ObjectOutputStream.writeOrdinaryObject(ObjectOutputStream.java:1432)
	at java.io.ObjectOutputStream.writeObject0(ObjectOutputStream.java:1178)
	at java.io.ObjectOutputStream.writeObject(ObjectOutputStream.java:348)
	at com.ntu.common.config.MsgSerializer.encode(MsgSerializer.java:19)
	... 2 common frames omitted
23:32:21.205 [node1] ERROR com.ntu.node.sync.SendThread - java.io.NotSerializableException: com.ntu.common.model.po.DataSync
java.lang.RuntimeException: java.io.NotSerializableException: com.ntu.common.model.po.DataSync
	at com.ntu.common.config.MsgSerializer.encode(MsgSerializer.java:24)
	at com.ntu.node.sync.SendThread.run(SendThread.java:106)
	at java.lang.Thread.run(Thread.java:748)
Caused by: java.io.NotSerializableException: com.ntu.common.model.po.DataSync
	at java.io.ObjectOutputStream.writeObject0(ObjectOutputStream.java:1184)
	at java.io.ObjectOutputStream.defaultWriteFields(ObjectOutputStream.java:1548)
	at java.io.ObjectOutputStream.writeSerialData(ObjectOutputStream.java:1509)
	at java.io.ObjectOutputStream.writeOrdinaryObject(ObjectOutputStream.java:1432)
	at java.io.ObjectOutputStream.writeObject0(ObjectOutputStream.java:1178)
	at java.io.ObjectOutputStream.writeObject(ObjectOutputStream.java:348)
	at com.ntu.common.config.MsgSerializer.encode(MsgSerializer.java:19)
	... 2 common frames omitted
23:32:31.222 [node1] ERROR com.ntu.node.sync.SendThread - java.io.NotSerializableException: com.ntu.common.model.po.DataSync
java.lang.RuntimeException: java.io.NotSerializableException: com.ntu.common.model.po.DataSync
	at com.ntu.common.config.MsgSerializer.encode(MsgSerializer.java:24)
	at com.ntu.node.sync.SendThread.run(SendThread.java:106)
	at java.lang.Thread.run(Thread.java:748)
Caused by: java.io.NotSerializableException: com.ntu.common.model.po.DataSync
	at java.io.ObjectOutputStream.writeObject0(ObjectOutputStream.java:1184)
	at java.io.ObjectOutputStream.defaultWriteFields(ObjectOutputStream.java:1548)
	at java.io.ObjectOutputStream.writeSerialData(ObjectOutputStream.java:1509)
	at java.io.ObjectOutputStream.writeOrdinaryObject(ObjectOutputStream.java:1432)
	at java.io.ObjectOutputStream.writeObject0(ObjectOutputStream.java:1178)
	at java.io.ObjectOutputStream.writeObject(ObjectOutputStream.java:348)
	at com.ntu.common.config.MsgSerializer.encode(MsgSerializer.java:19)
	... 2 common frames omitted
23:32:41.231 [node1] ERROR com.ntu.node.sync.SendThread - java.io.NotSerializableException: com.ntu.common.model.po.DataSync
java.lang.RuntimeException: java.io.NotSerializableException: com.ntu.common.model.po.DataSync
	at com.ntu.common.config.MsgSerializer.encode(MsgSerializer.java:24)
	at com.ntu.node.sync.SendThread.run(SendThread.java:106)
	at java.lang.Thread.run(Thread.java:748)
Caused by: java.io.NotSerializableException: com.ntu.common.model.po.DataSync
	at java.io.ObjectOutputStream.writeObject0(ObjectOutputStream.java:1184)
	at java.io.ObjectOutputStream.defaultWriteFields(ObjectOutputStream.java:1548)
	at java.io.ObjectOutputStream.writeSerialData(ObjectOutputStream.java:1509)
	at java.io.ObjectOutputStream.writeOrdinaryObject(ObjectOutputStream.java:1432)
	at java.io.ObjectOutputStream.writeObject0(ObjectOutputStream.java:1178)
	at java.io.ObjectOutputStream.writeObject(ObjectOutputStream.java:348)
	at com.ntu.common.config.MsgSerializer.encode(MsgSerializer.java:19)
	... 2 common frames omitted
23:33:23.576 [node1] ERROR com.ntu.node.sync.SendThread - java.io.NotSerializableException: com.ntu.common.model.po.DataSync
java.lang.RuntimeException: java.io.NotSerializableException: com.ntu.common.model.po.DataSync
	at com.ntu.common.config.MsgSerializer.encode(MsgSerializer.java:24)
	at com.ntu.node.sync.SendThread.run(SendThread.java:106)
	at java.lang.Thread.run(Thread.java:748)
Caused by: java.io.NotSerializableException: com.ntu.common.model.po.DataSync
	at java.io.ObjectOutputStream.writeObject0(ObjectOutputStream.java:1184)
	at java.io.ObjectOutputStream.defaultWriteFields(ObjectOutputStream.java:1548)
	at java.io.ObjectOutputStream.writeSerialData(ObjectOutputStream.java:1509)
	at java.io.ObjectOutputStream.writeOrdinaryObject(ObjectOutputStream.java:1432)
	at java.io.ObjectOutputStream.writeObject0(ObjectOutputStream.java:1178)
	at java.io.ObjectOutputStream.writeObject(ObjectOutputStream.java:348)
	at com.ntu.common.config.MsgSerializer.encode(MsgSerializer.java:19)
	... 2 common frames omitted
23:33:33.584 [node1] ERROR com.ntu.node.sync.SendThread - java.io.NotSerializableException: com.ntu.common.model.po.DataSync
java.lang.RuntimeException: java.io.NotSerializableException: com.ntu.common.model.po.DataSync
	at com.ntu.common.config.MsgSerializer.encode(MsgSerializer.java:24)
	at com.ntu.node.sync.SendThread.run(SendThread.java:106)
	at java.lang.Thread.run(Thread.java:748)
Caused by: java.io.NotSerializableException: com.ntu.common.model.po.DataSync
	at java.io.ObjectOutputStream.writeObject0(ObjectOutputStream.java:1184)
	at java.io.ObjectOutputStream.defaultWriteFields(ObjectOutputStream.java:1548)
	at java.io.ObjectOutputStream.writeSerialData(ObjectOutputStream.java:1509)
	at java.io.ObjectOutputStream.writeOrdinaryObject(ObjectOutputStream.java:1432)
	at java.io.ObjectOutputStream.writeObject0(ObjectOutputStream.java:1178)
	at java.io.ObjectOutputStream.writeObject(ObjectOutputStream.java:348)
	at com.ntu.common.config.MsgSerializer.encode(MsgSerializer.java:19)
	... 2 common frames omitted
23:33:43.592 [node1] ERROR com.ntu.node.sync.SendThread - java.io.NotSerializableException: com.ntu.common.model.po.DataSync
java.lang.RuntimeException: java.io.NotSerializableException: com.ntu.common.model.po.DataSync
	at com.ntu.common.config.MsgSerializer.encode(MsgSerializer.java:24)
	at com.ntu.node.sync.SendThread.run(SendThread.java:106)
	at java.lang.Thread.run(Thread.java:748)
Caused by: java.io.NotSerializableException: com.ntu.common.model.po.DataSync
	at java.io.ObjectOutputStream.writeObject0(ObjectOutputStream.java:1184)
	at java.io.ObjectOutputStream.defaultWriteFields(ObjectOutputStream.java:1548)
	at java.io.ObjectOutputStream.writeSerialData(ObjectOutputStream.java:1509)
	at java.io.ObjectOutputStream.writeOrdinaryObject(ObjectOutputStream.java:1432)
	at java.io.ObjectOutputStream.writeObject0(ObjectOutputStream.java:1178)
	at java.io.ObjectOutputStream.writeObject(ObjectOutputStream.java:348)
	at com.ntu.common.config.MsgSerializer.encode(MsgSerializer.java:19)
	... 2 common frames omitted
23:33:53.603 [node1] ERROR com.ntu.node.sync.SendThread - java.io.NotSerializableException: com.ntu.common.model.po.DataSync
java.lang.RuntimeException: java.io.NotSerializableException: com.ntu.common.model.po.DataSync
	at com.ntu.common.config.MsgSerializer.encode(MsgSerializer.java:24)
	at com.ntu.node.sync.SendThread.run(SendThread.java:106)
	at java.lang.Thread.run(Thread.java:748)
Caused by: java.io.NotSerializableException: com.ntu.common.model.po.DataSync
	at java.io.ObjectOutputStream.writeObject0(ObjectOutputStream.java:1184)
	at java.io.ObjectOutputStream.defaultWriteFields(ObjectOutputStream.java:1548)
	at java.io.ObjectOutputStream.writeSerialData(ObjectOutputStream.java:1509)
	at java.io.ObjectOutputStream.writeOrdinaryObject(ObjectOutputStream.java:1432)
	at java.io.ObjectOutputStream.writeObject0(ObjectOutputStream.java:1178)
	at java.io.ObjectOutputStream.writeObject(ObjectOutputStream.java:348)
	at com.ntu.common.config.MsgSerializer.encode(MsgSerializer.java:19)
	... 2 common frames omitted
23:34:03.611 [node1] ERROR com.ntu.node.sync.SendThread - java.io.NotSerializableException: com.ntu.common.model.po.DataSync
java.lang.RuntimeException: java.io.NotSerializableException: com.ntu.common.model.po.DataSync
	at com.ntu.common.config.MsgSerializer.encode(MsgSerializer.java:24)
	at com.ntu.node.sync.SendThread.run(SendThread.java:106)
	at java.lang.Thread.run(Thread.java:748)
Caused by: java.io.NotSerializableException: com.ntu.common.model.po.DataSync
	at java.io.ObjectOutputStream.writeObject0(ObjectOutputStream.java:1184)
	at java.io.ObjectOutputStream.defaultWriteFields(ObjectOutputStream.java:1548)
	at java.io.ObjectOutputStream.writeSerialData(ObjectOutputStream.java:1509)
	at java.io.ObjectOutputStream.writeOrdinaryObject(ObjectOutputStream.java:1432)
	at java.io.ObjectOutputStream.writeObject0(ObjectOutputStream.java:1178)
	at java.io.ObjectOutputStream.writeObject(ObjectOutputStream.java:348)
	at com.ntu.common.config.MsgSerializer.encode(MsgSerializer.java:19)
	... 2 common frames omitted
23:34:13.621 [node1] ERROR com.ntu.node.sync.SendThread - java.io.NotSerializableException: com.ntu.common.model.po.DataSync
java.lang.RuntimeException: java.io.NotSerializableException: com.ntu.common.model.po.DataSync
	at com.ntu.common.config.MsgSerializer.encode(MsgSerializer.java:24)
	at com.ntu.node.sync.SendThread.run(SendThread.java:106)
	at java.lang.Thread.run(Thread.java:748)
Caused by: java.io.NotSerializableException: com.ntu.common.model.po.DataSync
	at java.io.ObjectOutputStream.writeObject0(ObjectOutputStream.java:1184)
	at java.io.ObjectOutputStream.defaultWriteFields(ObjectOutputStream.java:1548)
	at java.io.ObjectOutputStream.writeSerialData(ObjectOutputStream.java:1509)
	at java.io.ObjectOutputStream.writeOrdinaryObject(ObjectOutputStream.java:1432)
	at java.io.ObjectOutputStream.writeObject0(ObjectOutputStream.java:1178)
	at java.io.ObjectOutputStream.writeObject(ObjectOutputStream.java:348)
	at com.ntu.common.config.MsgSerializer.encode(MsgSerializer.java:19)
	... 2 common frames omitted
23:34:23.627 [node1] ERROR com.ntu.node.sync.SendThread - java.io.NotSerializableException: com.ntu.common.model.po.DataSync
java.lang.RuntimeException: java.io.NotSerializableException: com.ntu.common.model.po.DataSync
	at com.ntu.common.config.MsgSerializer.encode(MsgSerializer.java:24)
	at com.ntu.node.sync.SendThread.run(SendThread.java:106)
	at java.lang.Thread.run(Thread.java:748)
Caused by: java.io.NotSerializableException: com.ntu.common.model.po.DataSync
	at java.io.ObjectOutputStream.writeObject0(ObjectOutputStream.java:1184)
	at java.io.ObjectOutputStream.defaultWriteFields(ObjectOutputStream.java:1548)
	at java.io.ObjectOutputStream.writeSerialData(ObjectOutputStream.java:1509)
	at java.io.ObjectOutputStream.writeOrdinaryObject(ObjectOutputStream.java:1432)
	at java.io.ObjectOutputStream.writeObject0(ObjectOutputStream.java:1178)
	at java.io.ObjectOutputStream.writeObject(ObjectOutputStream.java:348)
	at com.ntu.common.config.MsgSerializer.encode(MsgSerializer.java:19)
	... 2 common frames omitted
